#! /usr/bin/vvp
:ivl_version "10.1 (stable)";
:ivl_delay_selection "TYPICAL";
:vpi_time_precision - 9;
:vpi_module "system";
:vpi_module "vhdl_sys";
:vpi_module "v2005_math";
:vpi_module "va_math";
S_0x55583cc81560 .scope module, "thunder_tb" "thunder_tb" 2 2;
 .timescale -9 -9;
v0x55583cca43c0_0 .var "clk", 0 0;
v0x55583cca4480_0 .net "la", 0 0, L_0x55583cc68d20;  1 drivers
v0x55583cca4520_0 .net "lb", 0 0, L_0x55583cc68f40;  1 drivers
v0x55583cca45c0_0 .net "lc", 0 0, L_0x55583cc69050;  1 drivers
v0x55583cca4660_0 .var "left", 0 0;
v0x55583cca4700_0 .net "ra", 0 0, L_0x55583cca6010;  1 drivers
v0x55583cca47d0_0 .net "rb", 0 0, L_0x55583cca6810;  1 drivers
v0x55583cca48a0_0 .net "rc", 0 0, L_0x55583cca6bf0;  1 drivers
v0x55583cca4970_0 .var "reset", 0 0;
v0x55583cca4a40_0 .var "right", 0 0;
S_0x55583cc816e0 .scope module, "g" "thunder" 2 5, 3 1 0, S_0x55583cc81560;
 .timescale -9 -9;
    .port_info 0 /INPUT 1 "left"
    .port_info 1 /INPUT 1 "right"
    .port_info 2 /INPUT 1 "reset"
    .port_info 3 /INPUT 1 "clk"
    .port_info 4 /OUTPUT 1 "la"
    .port_info 5 /OUTPUT 1 "lb"
    .port_info 6 /OUTPUT 1 "lc"
    .port_info 7 /OUTPUT 1 "ra"
    .port_info 8 /OUTPUT 1 "rb"
    .port_info 9 /OUTPUT 1 "rc"
P_0x55583cc2ae40 .param/l "S0" 0 3 7, C4<000>;
P_0x55583cc2ae80 .param/l "S1" 0 3 8, C4<001>;
P_0x55583cc2aec0 .param/l "S2" 0 3 9, C4<010>;
P_0x55583cc2af00 .param/l "S3" 0 3 10, C4<011>;
P_0x55583cc2af40 .param/l "S4" 0 3 11, C4<100>;
P_0x55583cc2af80 .param/l "S5" 0 3 12, C4<101>;
P_0x55583cc2afc0 .param/l "S6" 0 3 13, C4<110>;
P_0x55583cc2b000 .param/l "S7" 0 3 14, C4<111>;
L_0x55583cc68b00 .functor OR 1, L_0x55583cca4b40, L_0x55583cca4c40, C4<0>, C4<0>;
L_0x55583cc68c10 .functor OR 1, L_0x55583cc68b00, L_0x55583cca4e50, C4<0>, C4<0>;
L_0x55583cc68d20 .functor OR 1, L_0x55583cc68c10, L_0x55583cca4fe0, C4<0>, C4<0>;
L_0x55583cc68e30 .functor OR 1, L_0x55583cca51f0, L_0x55583cca52e0, C4<0>, C4<0>;
L_0x55583cc68f40 .functor OR 1, L_0x55583cc68e30, L_0x55583cca54e0, C4<0>, C4<0>;
L_0x55583cc69050 .functor OR 1, L_0x55583cca56c0, L_0x55583cca5800, C4<0>, C4<0>;
L_0x55583cc7eb60 .functor OR 1, L_0x55583cca59d0, L_0x55583cca5b20, C4<0>, C4<0>;
L_0x55583cca5dc0 .functor OR 1, L_0x55583cc7eb60, L_0x55583cca5c60, C4<0>, C4<0>;
L_0x55583cca6010 .functor OR 1, L_0x55583cca5dc0, L_0x55583cca5f20, C4<0>, C4<0>;
L_0x55583cca5d50 .functor OR 1, L_0x55583cca6170, L_0x55583cca62e0, C4<0>, C4<0>;
L_0x55583cca6810 .functor OR 1, L_0x55583cca5d50, L_0x55583cca64d0, C4<0>, C4<0>;
L_0x55583cca6bf0 .functor OR 1, L_0x55583cca6970, L_0x55583cca6a60, C4<0>, C4<0>;
L_0x7f23852c5018 .functor BUFT 1, C4<001>, C4<0>, C4<0>, C4<0>;
v0x55583cc81960_0 .net/2u *"_s0", 2 0, L_0x7f23852c5018;  1 drivers
L_0x7f23852c50a8 .functor BUFT 1, C4<011>, C4<0>, C4<0>, C4<0>;
v0x55583cca1500_0 .net/2u *"_s10", 2 0, L_0x7f23852c50a8;  1 drivers
v0x55583cca15e0_0 .net *"_s12", 0 0, L_0x55583cca4e50;  1 drivers
v0x55583cca1680_0 .net *"_s14", 0 0, L_0x55583cc68c10;  1 drivers
L_0x7f23852c50f0 .functor BUFT 1, C4<111>, C4<0>, C4<0>, C4<0>;
v0x55583cca1760_0 .net/2u *"_s16", 2 0, L_0x7f23852c50f0;  1 drivers
v0x55583cca1890_0 .net *"_s18", 0 0, L_0x55583cca4fe0;  1 drivers
v0x55583cca1950_0 .net *"_s2", 0 0, L_0x55583cca4b40;  1 drivers
L_0x7f23852c5138 .functor BUFT 1, C4<010>, C4<0>, C4<0>, C4<0>;
v0x55583cca1a10_0 .net/2u *"_s22", 2 0, L_0x7f23852c5138;  1 drivers
v0x55583cca1af0_0 .net *"_s24", 0 0, L_0x55583cca51f0;  1 drivers
L_0x7f23852c5180 .functor BUFT 1, C4<011>, C4<0>, C4<0>, C4<0>;
v0x55583cca1bb0_0 .net/2u *"_s26", 2 0, L_0x7f23852c5180;  1 drivers
v0x55583cca1c90_0 .net *"_s28", 0 0, L_0x55583cca52e0;  1 drivers
v0x55583cca1d50_0 .net *"_s30", 0 0, L_0x55583cc68e30;  1 drivers
L_0x7f23852c51c8 .functor BUFT 1, C4<111>, C4<0>, C4<0>, C4<0>;
v0x55583cca1e30_0 .net/2u *"_s32", 2 0, L_0x7f23852c51c8;  1 drivers
v0x55583cca1f10_0 .net *"_s34", 0 0, L_0x55583cca54e0;  1 drivers
L_0x7f23852c5210 .functor BUFT 1, C4<011>, C4<0>, C4<0>, C4<0>;
v0x55583cca1fd0_0 .net/2u *"_s38", 2 0, L_0x7f23852c5210;  1 drivers
L_0x7f23852c5060 .functor BUFT 1, C4<010>, C4<0>, C4<0>, C4<0>;
v0x55583cca20b0_0 .net/2u *"_s4", 2 0, L_0x7f23852c5060;  1 drivers
v0x55583cca2190_0 .net *"_s40", 0 0, L_0x55583cca56c0;  1 drivers
L_0x7f23852c5258 .functor BUFT 1, C4<111>, C4<0>, C4<0>, C4<0>;
v0x55583cca2250_0 .net/2u *"_s42", 2 0, L_0x7f23852c5258;  1 drivers
v0x55583cca2330_0 .net *"_s44", 0 0, L_0x55583cca5800;  1 drivers
L_0x7f23852c52a0 .functor BUFT 1, C4<100>, C4<0>, C4<0>, C4<0>;
v0x55583cca23f0_0 .net/2u *"_s48", 2 0, L_0x7f23852c52a0;  1 drivers
v0x55583cca24d0_0 .net *"_s50", 0 0, L_0x55583cca59d0;  1 drivers
L_0x7f23852c52e8 .functor BUFT 1, C4<101>, C4<0>, C4<0>, C4<0>;
v0x55583cca2590_0 .net/2u *"_s52", 2 0, L_0x7f23852c52e8;  1 drivers
v0x55583cca2670_0 .net *"_s54", 0 0, L_0x55583cca5b20;  1 drivers
v0x55583cca2730_0 .net *"_s56", 0 0, L_0x55583cc7eb60;  1 drivers
L_0x7f23852c5330 .functor BUFT 1, C4<110>, C4<0>, C4<0>, C4<0>;
v0x55583cca2810_0 .net/2u *"_s58", 2 0, L_0x7f23852c5330;  1 drivers
v0x55583cca28f0_0 .net *"_s6", 0 0, L_0x55583cca4c40;  1 drivers
v0x55583cca29b0_0 .net *"_s60", 0 0, L_0x55583cca5c60;  1 drivers
v0x55583cca2a70_0 .net *"_s62", 0 0, L_0x55583cca5dc0;  1 drivers
L_0x7f23852c5378 .functor BUFT 1, C4<111>, C4<0>, C4<0>, C4<0>;
v0x55583cca2b50_0 .net/2u *"_s64", 2 0, L_0x7f23852c5378;  1 drivers
v0x55583cca2c30_0 .net *"_s66", 0 0, L_0x55583cca5f20;  1 drivers
L_0x7f23852c53c0 .functor BUFT 1, C4<101>, C4<0>, C4<0>, C4<0>;
v0x55583cca2cf0_0 .net/2u *"_s70", 2 0, L_0x7f23852c53c0;  1 drivers
v0x55583cca2dd0_0 .net *"_s72", 0 0, L_0x55583cca6170;  1 drivers
L_0x7f23852c5408 .functor BUFT 1, C4<110>, C4<0>, C4<0>, C4<0>;
v0x55583cca2e90_0 .net/2u *"_s74", 2 0, L_0x7f23852c5408;  1 drivers
v0x55583cca3180_0 .net *"_s76", 0 0, L_0x55583cca62e0;  1 drivers
v0x55583cca3240_0 .net *"_s78", 0 0, L_0x55583cca5d50;  1 drivers
v0x55583cca3320_0 .net *"_s8", 0 0, L_0x55583cc68b00;  1 drivers
L_0x7f23852c5450 .functor BUFT 1, C4<111>, C4<0>, C4<0>, C4<0>;
v0x55583cca3400_0 .net/2u *"_s80", 2 0, L_0x7f23852c5450;  1 drivers
v0x55583cca34e0_0 .net *"_s82", 0 0, L_0x55583cca64d0;  1 drivers
L_0x7f23852c5498 .functor BUFT 1, C4<110>, C4<0>, C4<0>, C4<0>;
v0x55583cca35a0_0 .net/2u *"_s86", 2 0, L_0x7f23852c5498;  1 drivers
v0x55583cca3680_0 .net *"_s88", 0 0, L_0x55583cca6970;  1 drivers
L_0x7f23852c54e0 .functor BUFT 1, C4<111>, C4<0>, C4<0>, C4<0>;
v0x55583cca3740_0 .net/2u *"_s90", 2 0, L_0x7f23852c54e0;  1 drivers
v0x55583cca3820_0 .net *"_s92", 0 0, L_0x55583cca6a60;  1 drivers
v0x55583cca38e0_0 .net "clk", 0 0, v0x55583cca43c0_0;  1 drivers
v0x55583cca39a0_0 .net "la", 0 0, L_0x55583cc68d20;  alias, 1 drivers
v0x55583cca3a60_0 .net "lb", 0 0, L_0x55583cc68f40;  alias, 1 drivers
v0x55583cca3b20_0 .net "lc", 0 0, L_0x55583cc69050;  alias, 1 drivers
v0x55583cca3be0_0 .net "left", 0 0, v0x55583cca4660_0;  1 drivers
v0x55583cca3ca0_0 .var "nextstate", 2 0;
v0x55583cca3d80_0 .net "ra", 0 0, L_0x55583cca6010;  alias, 1 drivers
v0x55583cca3e40_0 .net "rb", 0 0, L_0x55583cca6810;  alias, 1 drivers
v0x55583cca3f00_0 .net "rc", 0 0, L_0x55583cca6bf0;  alias, 1 drivers
v0x55583cca3fc0_0 .net "reset", 0 0, v0x55583cca4970_0;  1 drivers
v0x55583cca4080_0 .net "right", 0 0, v0x55583cca4a40_0;  1 drivers
v0x55583cca4140_0 .var "state", 2 0;
E_0x55583cc68340 .event posedge, v0x55583cca3fc0_0, v0x55583cca38e0_0;
L_0x55583cca4b40 .cmp/eq 3, v0x55583cca4140_0, L_0x7f23852c5018;
L_0x55583cca4c40 .cmp/eq 3, v0x55583cca4140_0, L_0x7f23852c5060;
L_0x55583cca4e50 .cmp/eq 3, v0x55583cca4140_0, L_0x7f23852c50a8;
L_0x55583cca4fe0 .cmp/eq 3, v0x55583cca4140_0, L_0x7f23852c50f0;
L_0x55583cca51f0 .cmp/eq 3, v0x55583cca4140_0, L_0x7f23852c5138;
L_0x55583cca52e0 .cmp/eq 3, v0x55583cca4140_0, L_0x7f23852c5180;
L_0x55583cca54e0 .cmp/eq 3, v0x55583cca4140_0, L_0x7f23852c51c8;
L_0x55583cca56c0 .cmp/eq 3, v0x55583cca4140_0, L_0x7f23852c5210;
L_0x55583cca5800 .cmp/eq 3, v0x55583cca4140_0, L_0x7f23852c5258;
L_0x55583cca59d0 .cmp/eq 3, v0x55583cca4140_0, L_0x7f23852c52a0;
L_0x55583cca5b20 .cmp/eq 3, v0x55583cca4140_0, L_0x7f23852c52e8;
L_0x55583cca5c60 .cmp/eq 3, v0x55583cca4140_0, L_0x7f23852c5330;
L_0x55583cca5f20 .cmp/eq 3, v0x55583cca4140_0, L_0x7f23852c5378;
L_0x55583cca6170 .cmp/eq 3, v0x55583cca4140_0, L_0x7f23852c53c0;
L_0x55583cca62e0 .cmp/eq 3, v0x55583cca4140_0, L_0x7f23852c5408;
L_0x55583cca64d0 .cmp/eq 3, v0x55583cca4140_0, L_0x7f23852c5450;
L_0x55583cca6970 .cmp/eq 3, v0x55583cca4140_0, L_0x7f23852c5498;
L_0x55583cca6a60 .cmp/eq 3, v0x55583cca4140_0, L_0x7f23852c54e0;
    .scope S_0x55583cc816e0;
T_0 ;
    %wait E_0x55583cc68340;
    %load/vec4 v0x55583cca3fc0_0;
    %flag_set/vec4 8;
    %jmp/0xz  T_0.0, 8;
    %pushi/vec4 0, 0, 3;
    %assign/vec4 v0x55583cca4140_0, 0;
    %jmp T_0.1;
T_0.0 ;
    %load/vec4 v0x55583cca4140_0;
    %dup/vec4;
    %pushi/vec4 0, 0, 3;
    %cmp/u;
    %jmp/1 T_0.2, 6;
    %dup/vec4;
    %pushi/vec4 1, 0, 3;
    %cmp/u;
    %jmp/1 T_0.3, 6;
    %dup/vec4;
    %pushi/vec4 2, 0, 3;
    %cmp/u;
    %jmp/1 T_0.4, 6;
    %dup/vec4;
    %pushi/vec4 3, 0, 3;
    %cmp/u;
    %jmp/1 T_0.5, 6;
    %dup/vec4;
    %pushi/vec4 4, 0, 3;
    %cmp/u;
    %jmp/1 T_0.6, 6;
    %dup/vec4;
    %pushi/vec4 5, 0, 3;
    %cmp/u;
    %jmp/1 T_0.7, 6;
    %dup/vec4;
    %pushi/vec4 6, 0, 3;
    %cmp/u;
    %jmp/1 T_0.8, 6;
    %dup/vec4;
    %pushi/vec4 7, 0, 3;
    %cmp/u;
    %jmp/1 T_0.9, 6;
    %jmp T_0.10;
T_0.2 ;
    %load/vec4 v0x55583cca3be0_0;
    %load/vec4 v0x55583cca4080_0;
    %and;
    %flag_set/vec4 8;
    %jmp/0xz  T_0.11, 8;
    %pushi/vec4 7, 0, 3;
    %store/vec4 v0x55583cca3ca0_0, 0, 3;
    %jmp T_0.12;
T_0.11 ;
    %load/vec4 v0x55583cca3be0_0;
    %flag_set/vec4 8;
    %jmp/0xz  T_0.13, 8;
    %pushi/vec4 1, 0, 3;
    %store/vec4 v0x55583cca3ca0_0, 0, 3;
    %jmp T_0.14;
T_0.13 ;
    %load/vec4 v0x55583cca4080_0;
    %flag_set/vec4 8;
    %jmp/0xz  T_0.15, 8;
    %pushi/vec4 4, 0, 3;
    %store/vec4 v0x55583cca3ca0_0, 0, 3;
    %jmp T_0.16;
T_0.15 ;
    %pushi/vec4 0, 0, 3;
    %store/vec4 v0x55583cca3ca0_0, 0, 3;
T_0.16 ;
T_0.14 ;
T_0.12 ;
    %jmp T_0.10;
T_0.3 ;
    %pushi/vec4 2, 0, 3;
    %store/vec4 v0x55583cca3ca0_0, 0, 3;
    %jmp T_0.10;
T_0.4 ;
    %pushi/vec4 3, 0, 3;
    %store/vec4 v0x55583cca3ca0_0, 0, 3;
    %jmp T_0.10;
T_0.5 ;
    %pushi/vec4 0, 0, 3;
    %store/vec4 v0x55583cca3ca0_0, 0, 3;
    %jmp T_0.10;
T_0.6 ;
    %pushi/vec4 5, 0, 3;
    %store/vec4 v0x55583cca3ca0_0, 0, 3;
    %jmp T_0.10;
T_0.7 ;
    %pushi/vec4 6, 0, 3;
    %store/vec4 v0x55583cca3ca0_0, 0, 3;
    %jmp T_0.10;
T_0.8 ;
    %pushi/vec4 0, 0, 3;
    %store/vec4 v0x55583cca3ca0_0, 0, 3;
    %jmp T_0.10;
T_0.9 ;
    %pushi/vec4 0, 0, 3;
    %store/vec4 v0x55583cca3ca0_0, 0, 3;
    %jmp T_0.10;
T_0.10 ;
    %pop/vec4 1;
T_0.1 ;
    %jmp T_0;
    .thread T_0;
    .scope S_0x55583cc81560;
T_1 ;
    %vpi_call 2 7 "$display", "time\011clk\011reset\011left\011right\011lc\011lb\011la\011ra\011rb\011rc" {0 0 0};
    %pushi/vec4 1, 0, 1;
    %assign/vec4 v0x55583cca43c0_0, 0;
    %pushi/vec4 0, 0, 1;
    %assign/vec4 v0x55583cca4970_0, 0;
    %pushi/vec4 0, 0, 1;
    %assign/vec4 v0x55583cca4660_0, 0;
    %pushi/vec4 0, 0, 1;
    %assign/vec4 v0x55583cca4a40_0, 0;
    %delay 30, 0;
    %vpi_call 2 12 "$finish" {0 0 0};
    %end;
    .thread T_1;
    .scope S_0x55583cc81560;
T_2 ;
    %vpi_call 2 15 "$monitor", "%2d\011%b\011%b\011%b\011%b\011%b\011%b\011%b\011%b\011%b\011%b", $time, v0x55583cca43c0_0, v0x55583cca4970_0, v0x55583cca4660_0, v0x55583cca4a40_0, v0x55583cca45c0_0, v0x55583cca4520_0, v0x55583cca4480_0, v0x55583cca4700_0, v0x55583cca47d0_0, v0x55583cca48a0_0 {0 0 0};
    %end;
    .thread T_2;
    .scope S_0x55583cc81560;
T_3 ;
    %delay 1, 0;
    %load/vec4 v0x55583cca43c0_0;
    %inv;
    %assign/vec4 v0x55583cca43c0_0, 0;
    %jmp T_3;
    .thread T_3;
    .scope S_0x55583cc81560;
T_4 ;
    %delay 2, 0;
    %pushi/vec4 1, 0, 1;
    %assign/vec4 v0x55583cca4660_0, 0;
    %delay 6, 0;
    %pushi/vec4 0, 0, 1;
    %assign/vec4 v0x55583cca4660_0, 0;
    %end;
    .thread T_4;
    .scope S_0x55583cc81560;
T_5 ;
    %delay 8, 0;
    %pushi/vec4 1, 0, 1;
    %assign/vec4 v0x55583cca4a40_0, 0;
    %delay 12, 0;
    %pushi/vec4 0, 0, 1;
    %assign/vec4 v0x55583cca4a40_0, 0;
    %end;
    .thread T_5;
    .scope S_0x55583cc81560;
T_6 ;
    %delay 14, 0;
    %pushi/vec4 1, 0, 1;
    %assign/vec4 v0x55583cca4660_0, 0;
    %delay 14, 0;
    %pushi/vec4 1, 0, 1;
    %assign/vec4 v0x55583cca4a40_0, 0;
    %end;
    .thread T_6;
    .scope S_0x55583cc81560;
T_7 ;
    %vpi_call 2 37 "$dumpfile", "thunder.vcd" {0 0 0};
    %vpi_call 2 38 "$dumpvars" {0 0 0};
    %end;
    .thread T_7;
# The file index is used to find the file name in the following table.
:file_names 4;
    "N/A";
    "<interactive>";
    "thunder_tb.v";
    "thunder.v";
