#! /usr/bin/vvp
:ivl_version "10.1 (stable)";
:ivl_delay_selection "TYPICAL";
:vpi_time_precision - 9;
:vpi_module "system";
:vpi_module "vhdl_sys";
:vpi_module "v2005_math";
:vpi_module "va_math";
S_0x55ab03c4e670 .scope module, "thunder_tb" "thunder_tb" 2 2;
 .timescale -9 -9;
v0x55ab03c714b0_0 .var "clk", 0 0;
v0x55ab03c71570_0 .net "la", 0 0, L_0x55ab03c349c0;  1 drivers
v0x55ab03c71610_0 .net "lb", 0 0, L_0x55ab03c34be0;  1 drivers
v0x55ab03c716b0_0 .net "lc", 0 0, L_0x55ab03c34cf0;  1 drivers
v0x55ab03c71750_0 .var "left", 0 0;
v0x55ab03c717f0_0 .net "ra", 0 0, L_0x55ab03c73100;  1 drivers
v0x55ab03c718c0_0 .net "rb", 0 0, L_0x55ab03c73900;  1 drivers
v0x55ab03c71990_0 .net "rc", 0 0, L_0x55ab03c73ce0;  1 drivers
v0x55ab03c71a60_0 .var "reset", 0 0;
v0x55ab03c71b30_0 .var "right", 0 0;
S_0x55ab03c4e7f0 .scope module, "g" "thunder" 2 5, 3 1 0, S_0x55ab03c4e670;
 .timescale -9 -9;
    .port_info 0 /INPUT 1 "left"
    .port_info 1 /INPUT 1 "right"
    .port_info 2 /INPUT 1 "reset"
    .port_info 3 /INPUT 1 "clk"
    .port_info 4 /OUTPUT 1 "la"
    .port_info 5 /OUTPUT 1 "lb"
    .port_info 6 /OUTPUT 1 "lc"
    .port_info 7 /OUTPUT 1 "ra"
    .port_info 8 /OUTPUT 1 "rb"
    .port_info 9 /OUTPUT 1 "rc"
P_0x55ab03bf5e40 .param/l "S0" 0 3 7, C4<000>;
P_0x55ab03bf5e80 .param/l "S1" 0 3 8, C4<001>;
P_0x55ab03bf5ec0 .param/l "S2" 0 3 9, C4<010>;
P_0x55ab03bf5f00 .param/l "S3" 0 3 10, C4<011>;
P_0x55ab03bf5f40 .param/l "S4" 0 3 11, C4<100>;
P_0x55ab03bf5f80 .param/l "S5" 0 3 12, C4<101>;
P_0x55ab03bf5fc0 .param/l "S6" 0 3 13, C4<110>;
P_0x55ab03bf6000 .param/l "S7" 0 3 14, C4<111>;
L_0x55ab03c347a0 .functor OR 1, L_0x55ab03c71c30, L_0x55ab03c71d30, C4<0>, C4<0>;
L_0x55ab03c348b0 .functor OR 1, L_0x55ab03c347a0, L_0x55ab03c71f40, C4<0>, C4<0>;
L_0x55ab03c349c0 .functor OR 1, L_0x55ab03c348b0, L_0x55ab03c720d0, C4<0>, C4<0>;
L_0x55ab03c34ad0 .functor OR 1, L_0x55ab03c722e0, L_0x55ab03c723d0, C4<0>, C4<0>;
L_0x55ab03c34be0 .functor OR 1, L_0x55ab03c34ad0, L_0x55ab03c725d0, C4<0>, C4<0>;
L_0x55ab03c34cf0 .functor OR 1, L_0x55ab03c727b0, L_0x55ab03c728f0, C4<0>, C4<0>;
L_0x55ab03c4b5b0 .functor OR 1, L_0x55ab03c72ac0, L_0x55ab03c72c10, C4<0>, C4<0>;
L_0x55ab03c72eb0 .functor OR 1, L_0x55ab03c4b5b0, L_0x55ab03c72d50, C4<0>, C4<0>;
L_0x55ab03c73100 .functor OR 1, L_0x55ab03c72eb0, L_0x55ab03c73010, C4<0>, C4<0>;
L_0x55ab03c72e40 .functor OR 1, L_0x55ab03c73260, L_0x55ab03c733d0, C4<0>, C4<0>;
L_0x55ab03c73900 .functor OR 1, L_0x55ab03c72e40, L_0x55ab03c735c0, C4<0>, C4<0>;
L_0x55ab03c73ce0 .functor OR 1, L_0x55ab03c73a60, L_0x55ab03c73b50, C4<0>, C4<0>;
L_0x7f54f2ae7018 .functor BUFT 1, C4<001>, C4<0>, C4<0>, C4<0>;
v0x55ab03c4ea70_0 .net/2u *"_s0", 2 0, L_0x7f54f2ae7018;  1 drivers
L_0x7f54f2ae70a8 .functor BUFT 1, C4<011>, C4<0>, C4<0>, C4<0>;
v0x55ab03c6e5f0_0 .net/2u *"_s10", 2 0, L_0x7f54f2ae70a8;  1 drivers
v0x55ab03c6e6d0_0 .net *"_s12", 0 0, L_0x55ab03c71f40;  1 drivers
v0x55ab03c6e770_0 .net *"_s14", 0 0, L_0x55ab03c348b0;  1 drivers
L_0x7f54f2ae70f0 .functor BUFT 1, C4<111>, C4<0>, C4<0>, C4<0>;
v0x55ab03c6e850_0 .net/2u *"_s16", 2 0, L_0x7f54f2ae70f0;  1 drivers
v0x55ab03c6e980_0 .net *"_s18", 0 0, L_0x55ab03c720d0;  1 drivers
v0x55ab03c6ea40_0 .net *"_s2", 0 0, L_0x55ab03c71c30;  1 drivers
L_0x7f54f2ae7138 .functor BUFT 1, C4<010>, C4<0>, C4<0>, C4<0>;
v0x55ab03c6eb00_0 .net/2u *"_s22", 2 0, L_0x7f54f2ae7138;  1 drivers
v0x55ab03c6ebe0_0 .net *"_s24", 0 0, L_0x55ab03c722e0;  1 drivers
L_0x7f54f2ae7180 .functor BUFT 1, C4<011>, C4<0>, C4<0>, C4<0>;
v0x55ab03c6eca0_0 .net/2u *"_s26", 2 0, L_0x7f54f2ae7180;  1 drivers
v0x55ab03c6ed80_0 .net *"_s28", 0 0, L_0x55ab03c723d0;  1 drivers
v0x55ab03c6ee40_0 .net *"_s30", 0 0, L_0x55ab03c34ad0;  1 drivers
L_0x7f54f2ae71c8 .functor BUFT 1, C4<111>, C4<0>, C4<0>, C4<0>;
v0x55ab03c6ef20_0 .net/2u *"_s32", 2 0, L_0x7f54f2ae71c8;  1 drivers
v0x55ab03c6f000_0 .net *"_s34", 0 0, L_0x55ab03c725d0;  1 drivers
L_0x7f54f2ae7210 .functor BUFT 1, C4<011>, C4<0>, C4<0>, C4<0>;
v0x55ab03c6f0c0_0 .net/2u *"_s38", 2 0, L_0x7f54f2ae7210;  1 drivers
L_0x7f54f2ae7060 .functor BUFT 1, C4<010>, C4<0>, C4<0>, C4<0>;
v0x55ab03c6f1a0_0 .net/2u *"_s4", 2 0, L_0x7f54f2ae7060;  1 drivers
v0x55ab03c6f280_0 .net *"_s40", 0 0, L_0x55ab03c727b0;  1 drivers
L_0x7f54f2ae7258 .functor BUFT 1, C4<111>, C4<0>, C4<0>, C4<0>;
v0x55ab03c6f340_0 .net/2u *"_s42", 2 0, L_0x7f54f2ae7258;  1 drivers
v0x55ab03c6f420_0 .net *"_s44", 0 0, L_0x55ab03c728f0;  1 drivers
L_0x7f54f2ae72a0 .functor BUFT 1, C4<100>, C4<0>, C4<0>, C4<0>;
v0x55ab03c6f4e0_0 .net/2u *"_s48", 2 0, L_0x7f54f2ae72a0;  1 drivers
v0x55ab03c6f5c0_0 .net *"_s50", 0 0, L_0x55ab03c72ac0;  1 drivers
L_0x7f54f2ae72e8 .functor BUFT 1, C4<101>, C4<0>, C4<0>, C4<0>;
v0x55ab03c6f680_0 .net/2u *"_s52", 2 0, L_0x7f54f2ae72e8;  1 drivers
v0x55ab03c6f760_0 .net *"_s54", 0 0, L_0x55ab03c72c10;  1 drivers
v0x55ab03c6f820_0 .net *"_s56", 0 0, L_0x55ab03c4b5b0;  1 drivers
L_0x7f54f2ae7330 .functor BUFT 1, C4<110>, C4<0>, C4<0>, C4<0>;
v0x55ab03c6f900_0 .net/2u *"_s58", 2 0, L_0x7f54f2ae7330;  1 drivers
v0x55ab03c6f9e0_0 .net *"_s6", 0 0, L_0x55ab03c71d30;  1 drivers
v0x55ab03c6faa0_0 .net *"_s60", 0 0, L_0x55ab03c72d50;  1 drivers
v0x55ab03c6fb60_0 .net *"_s62", 0 0, L_0x55ab03c72eb0;  1 drivers
L_0x7f54f2ae7378 .functor BUFT 1, C4<111>, C4<0>, C4<0>, C4<0>;
v0x55ab03c6fc40_0 .net/2u *"_s64", 2 0, L_0x7f54f2ae7378;  1 drivers
v0x55ab03c6fd20_0 .net *"_s66", 0 0, L_0x55ab03c73010;  1 drivers
L_0x7f54f2ae73c0 .functor BUFT 1, C4<101>, C4<0>, C4<0>, C4<0>;
v0x55ab03c6fde0_0 .net/2u *"_s70", 2 0, L_0x7f54f2ae73c0;  1 drivers
v0x55ab03c6fec0_0 .net *"_s72", 0 0, L_0x55ab03c73260;  1 drivers
L_0x7f54f2ae7408 .functor BUFT 1, C4<110>, C4<0>, C4<0>, C4<0>;
v0x55ab03c6ff80_0 .net/2u *"_s74", 2 0, L_0x7f54f2ae7408;  1 drivers
v0x55ab03c70270_0 .net *"_s76", 0 0, L_0x55ab03c733d0;  1 drivers
v0x55ab03c70330_0 .net *"_s78", 0 0, L_0x55ab03c72e40;  1 drivers
v0x55ab03c70410_0 .net *"_s8", 0 0, L_0x55ab03c347a0;  1 drivers
L_0x7f54f2ae7450 .functor BUFT 1, C4<111>, C4<0>, C4<0>, C4<0>;
v0x55ab03c704f0_0 .net/2u *"_s80", 2 0, L_0x7f54f2ae7450;  1 drivers
v0x55ab03c705d0_0 .net *"_s82", 0 0, L_0x55ab03c735c0;  1 drivers
L_0x7f54f2ae7498 .functor BUFT 1, C4<110>, C4<0>, C4<0>, C4<0>;
v0x55ab03c70690_0 .net/2u *"_s86", 2 0, L_0x7f54f2ae7498;  1 drivers
v0x55ab03c70770_0 .net *"_s88", 0 0, L_0x55ab03c73a60;  1 drivers
L_0x7f54f2ae74e0 .functor BUFT 1, C4<111>, C4<0>, C4<0>, C4<0>;
v0x55ab03c70830_0 .net/2u *"_s90", 2 0, L_0x7f54f2ae74e0;  1 drivers
v0x55ab03c70910_0 .net *"_s92", 0 0, L_0x55ab03c73b50;  1 drivers
v0x55ab03c709d0_0 .net "clk", 0 0, v0x55ab03c714b0_0;  1 drivers
v0x55ab03c70a90_0 .net "la", 0 0, L_0x55ab03c349c0;  alias, 1 drivers
v0x55ab03c70b50_0 .net "lb", 0 0, L_0x55ab03c34be0;  alias, 1 drivers
v0x55ab03c70c10_0 .net "lc", 0 0, L_0x55ab03c34cf0;  alias, 1 drivers
v0x55ab03c70cd0_0 .net "left", 0 0, v0x55ab03c71750_0;  1 drivers
v0x55ab03c70d90_0 .var "nextstate", 2 0;
v0x55ab03c70e70_0 .net "ra", 0 0, L_0x55ab03c73100;  alias, 1 drivers
v0x55ab03c70f30_0 .net "rb", 0 0, L_0x55ab03c73900;  alias, 1 drivers
v0x55ab03c70ff0_0 .net "rc", 0 0, L_0x55ab03c73ce0;  alias, 1 drivers
v0x55ab03c710b0_0 .net "reset", 0 0, v0x55ab03c71a60_0;  1 drivers
v0x55ab03c71170_0 .net "right", 0 0, v0x55ab03c71b30_0;  1 drivers
v0x55ab03c71230_0 .var "state", 2 0;
E_0x55ab03c33fe0 .event edge, v0x55ab03c71230_0, v0x55ab03c70cd0_0, v0x55ab03c71170_0;
E_0x55ab03c340f0 .event posedge, v0x55ab03c710b0_0, v0x55ab03c709d0_0;
L_0x55ab03c71c30 .cmp/eq 3, v0x55ab03c71230_0, L_0x7f54f2ae7018;
L_0x55ab03c71d30 .cmp/eq 3, v0x55ab03c71230_0, L_0x7f54f2ae7060;
L_0x55ab03c71f40 .cmp/eq 3, v0x55ab03c71230_0, L_0x7f54f2ae70a8;
L_0x55ab03c720d0 .cmp/eq 3, v0x55ab03c71230_0, L_0x7f54f2ae70f0;
L_0x55ab03c722e0 .cmp/eq 3, v0x55ab03c71230_0, L_0x7f54f2ae7138;
L_0x55ab03c723d0 .cmp/eq 3, v0x55ab03c71230_0, L_0x7f54f2ae7180;
L_0x55ab03c725d0 .cmp/eq 3, v0x55ab03c71230_0, L_0x7f54f2ae71c8;
L_0x55ab03c727b0 .cmp/eq 3, v0x55ab03c71230_0, L_0x7f54f2ae7210;
L_0x55ab03c728f0 .cmp/eq 3, v0x55ab03c71230_0, L_0x7f54f2ae7258;
L_0x55ab03c72ac0 .cmp/eq 3, v0x55ab03c71230_0, L_0x7f54f2ae72a0;
L_0x55ab03c72c10 .cmp/eq 3, v0x55ab03c71230_0, L_0x7f54f2ae72e8;
L_0x55ab03c72d50 .cmp/eq 3, v0x55ab03c71230_0, L_0x7f54f2ae7330;
L_0x55ab03c73010 .cmp/eq 3, v0x55ab03c71230_0, L_0x7f54f2ae7378;
L_0x55ab03c73260 .cmp/eq 3, v0x55ab03c71230_0, L_0x7f54f2ae73c0;
L_0x55ab03c733d0 .cmp/eq 3, v0x55ab03c71230_0, L_0x7f54f2ae7408;
L_0x55ab03c735c0 .cmp/eq 3, v0x55ab03c71230_0, L_0x7f54f2ae7450;
L_0x55ab03c73a60 .cmp/eq 3, v0x55ab03c71230_0, L_0x7f54f2ae7498;
L_0x55ab03c73b50 .cmp/eq 3, v0x55ab03c71230_0, L_0x7f54f2ae74e0;
    .scope S_0x55ab03c4e7f0;
T_0 ;
    %wait E_0x55ab03c340f0;
    %load/vec4 v0x55ab03c710b0_0;
    %flag_set/vec4 8;
    %jmp/0xz  T_0.0, 8;
    %pushi/vec4 0, 0, 3;
    %assign/vec4 v0x55ab03c71230_0, 0;
    %jmp T_0.1;
T_0.0 ;
    %load/vec4 v0x55ab03c70d90_0;
    %assign/vec4 v0x55ab03c71230_0, 0;
T_0.1 ;
    %jmp T_0;
    .thread T_0;
    .scope S_0x55ab03c4e7f0;
T_1 ;
    %wait E_0x55ab03c33fe0;
    %load/vec4 v0x55ab03c71230_0;
    %dup/vec4;
    %pushi/vec4 0, 0, 3;
    %cmp/u;
    %jmp/1 T_1.0, 6;
    %dup/vec4;
    %pushi/vec4 1, 0, 3;
    %cmp/u;
    %jmp/1 T_1.1, 6;
    %dup/vec4;
    %pushi/vec4 2, 0, 3;
    %cmp/u;
    %jmp/1 T_1.2, 6;
    %dup/vec4;
    %pushi/vec4 3, 0, 3;
    %cmp/u;
    %jmp/1 T_1.3, 6;
    %dup/vec4;
    %pushi/vec4 4, 0, 3;
    %cmp/u;
    %jmp/1 T_1.4, 6;
    %dup/vec4;
    %pushi/vec4 5, 0, 3;
    %cmp/u;
    %jmp/1 T_1.5, 6;
    %dup/vec4;
    %pushi/vec4 6, 0, 3;
    %cmp/u;
    %jmp/1 T_1.6, 6;
    %dup/vec4;
    %pushi/vec4 7, 0, 3;
    %cmp/u;
    %jmp/1 T_1.7, 6;
    %pushi/vec4 0, 0, 3;
    %store/vec4 v0x55ab03c70d90_0, 0, 3;
    %jmp T_1.9;
T_1.0 ;
    %load/vec4 v0x55ab03c70cd0_0;
    %load/vec4 v0x55ab03c71170_0;
    %and;
    %flag_set/vec4 8;
    %jmp/0xz  T_1.10, 8;
    %pushi/vec4 7, 0, 3;
    %store/vec4 v0x55ab03c70d90_0, 0, 3;
    %jmp T_1.11;
T_1.10 ;
    %load/vec4 v0x55ab03c70cd0_0;
    %load/vec4 v0x55ab03c71170_0;
    %inv;
    %and;
    %flag_set/vec4 8;
    %jmp/0xz  T_1.12, 8;
    %pushi/vec4 1, 0, 3;
    %store/vec4 v0x55ab03c70d90_0, 0, 3;
    %jmp T_1.13;
T_1.12 ;
    %load/vec4 v0x55ab03c71170_0;
    %load/vec4 v0x55ab03c70cd0_0;
    %inv;
    %and;
    %flag_set/vec4 8;
    %jmp/0xz  T_1.14, 8;
    %pushi/vec4 4, 0, 3;
    %store/vec4 v0x55ab03c70d90_0, 0, 3;
    %jmp T_1.15;
T_1.14 ;
    %pushi/vec4 0, 0, 3;
    %store/vec4 v0x55ab03c70d90_0, 0, 3;
T_1.15 ;
T_1.13 ;
T_1.11 ;
    %jmp T_1.9;
T_1.1 ;
    %pushi/vec4 2, 0, 3;
    %store/vec4 v0x55ab03c70d90_0, 0, 3;
    %jmp T_1.9;
T_1.2 ;
    %pushi/vec4 3, 0, 3;
    %store/vec4 v0x55ab03c70d90_0, 0, 3;
    %jmp T_1.9;
T_1.3 ;
    %pushi/vec4 0, 0, 3;
    %store/vec4 v0x55ab03c70d90_0, 0, 3;
    %jmp T_1.9;
T_1.4 ;
    %pushi/vec4 5, 0, 3;
    %store/vec4 v0x55ab03c70d90_0, 0, 3;
    %jmp T_1.9;
T_1.5 ;
    %pushi/vec4 6, 0, 3;
    %store/vec4 v0x55ab03c70d90_0, 0, 3;
    %jmp T_1.9;
T_1.6 ;
    %pushi/vec4 0, 0, 3;
    %store/vec4 v0x55ab03c70d90_0, 0, 3;
    %jmp T_1.9;
T_1.7 ;
    %pushi/vec4 0, 0, 3;
    %store/vec4 v0x55ab03c70d90_0, 0, 3;
    %jmp T_1.9;
T_1.9 ;
    %pop/vec4 1;
    %jmp T_1;
    .thread T_1, $push;
    .scope S_0x55ab03c4e670;
T_2 ;
    %vpi_call 2 7 "$display", "time\011clk\011reset\011left\011right\011lc\011lb\011la\011ra\011rb\011rc" {0 0 0};
    %pushi/vec4 0, 0, 1;
    %assign/vec4 v0x55ab03c714b0_0, 0;
    %pushi/vec4 0, 0, 1;
    %assign/vec4 v0x55ab03c71a60_0, 0;
    %pushi/vec4 0, 0, 1;
    %assign/vec4 v0x55ab03c71750_0, 0;
    %pushi/vec4 0, 0, 1;
    %assign/vec4 v0x55ab03c71b30_0, 0;
    %delay 22, 0;
    %vpi_call 2 12 "$finish" {0 0 0};
    %end;
    .thread T_2;
    .scope S_0x55ab03c4e670;
T_3 ;
    %vpi_call 2 15 "$monitor", "%2d\011%b\011%b\011%b\011%b\011%b\011%b\011%b\011%b\011%b\011%b", $time, v0x55ab03c714b0_0, v0x55ab03c71a60_0, v0x55ab03c71750_0, v0x55ab03c71b30_0, v0x55ab03c716b0_0, v0x55ab03c71610_0, v0x55ab03c71570_0, v0x55ab03c717f0_0, v0x55ab03c718c0_0, v0x55ab03c71990_0 {0 0 0};
    %end;
    .thread T_3;
    .scope S_0x55ab03c4e670;
T_4 ;
    %delay 1, 0;
    %load/vec4 v0x55ab03c714b0_0;
    %inv;
    %assign/vec4 v0x55ab03c714b0_0, 0;
    %jmp T_4;
    .thread T_4;
    .scope S_0x55ab03c4e670;
T_5 ;
    %delay 3, 0;
    %pushi/vec4 1, 0, 1;
    %assign/vec4 v0x55ab03c71750_0, 0;
    %delay 1, 0;
    %pushi/vec4 0, 0, 1;
    %assign/vec4 v0x55ab03c71750_0, 0;
    %delay 6, 0;
    %pushi/vec4 0, 0, 1;
    %assign/vec4 v0x55ab03c71750_0, 0;
    %end;
    .thread T_5;
    .scope S_0x55ab03c4e670;
T_6 ;
    %delay 11, 0;
    %pushi/vec4 1, 0, 1;
    %assign/vec4 v0x55ab03c71b30_0, 0;
    %delay 1, 0;
    %pushi/vec4 0, 0, 1;
    %assign/vec4 v0x55ab03c71b30_0, 0;
    %end;
    .thread T_6;
    .scope S_0x55ab03c4e670;
T_7 ;
    %delay 19, 0;
    %pushi/vec4 1, 0, 1;
    %assign/vec4 v0x55ab03c71750_0, 0;
    %delay 0, 0;
    %pushi/vec4 1, 0, 1;
    %assign/vec4 v0x55ab03c71b30_0, 0;
    %delay 2, 0;
    %pushi/vec4 1, 0, 1;
    %assign/vec4 v0x55ab03c71a60_0, 0;
    %delay 0, 0;
    %pushi/vec4 0, 0, 1;
    %assign/vec4 v0x55ab03c71750_0, 0;
    %delay 0, 0;
    %pushi/vec4 0, 0, 1;
    %assign/vec4 v0x55ab03c71b30_0, 0;
    %delay 1, 0;
    %pushi/vec4 0, 0, 1;
    %assign/vec4 v0x55ab03c71a60_0, 0;
    %end;
    .thread T_7;
    .scope S_0x55ab03c4e670;
T_8 ;
    %vpi_call 2 43 "$dumpfile", "thunder.vcd" {0 0 0};
    %vpi_call 2 44 "$dumpvars" {0 0 0};
    %end;
    .thread T_8;
# The file index is used to find the file name in the following table.
:file_names 4;
    "N/A";
    "<interactive>";
    "thunder_tb.v";
    "thunder.v";
