#! /usr/bin/vvp
:ivl_version "10.1 (stable)";
:ivl_delay_selection "TYPICAL";
:vpi_time_precision - 9;
:vpi_module "system";
:vpi_module "vhdl_sys";
:vpi_module "v2005_math";
:vpi_module "va_math";
S_0x5654792c57e0 .scope module, "snail_tb" "snail_tb" 2 2;
 .timescale -9 -9;
v0x5654792e61c0_0 .var "clk", 0 0;
v0x5654792e6280_0 .var "number", 0 0;
v0x5654792e6350_0 .var "reset", 0 0;
v0x5654792e6450_0 .net "smile", 0 0, L_0x5654792bc770;  1 drivers
S_0x5654792c5960 .scope module, "g" "snail" 2 5, 3 1 0, S_0x5654792c57e0;
 .timescale -9 -9;
    .port_info 0 /INPUT 1 "clk"
    .port_info 1 /INPUT 1 "reset"
    .port_info 2 /INPUT 1 "number"
    .port_info 3 /OUTPUT 1 "smile"
P_0x5654792c2e50 .param/l "S0" 0 3 7, C4<00>;
P_0x5654792c2e90 .param/l "S1" 0 3 8, C4<01>;
P_0x5654792c2ed0 .param/l "S2" 0 3 9, C4<10>;
P_0x5654792c2f10 .param/l "S3" 0 3 10, C4<11>;
L_0x5654792bc770 .functor AND 1, v0x5654792e6280_0, L_0x5654792e6550, C4<1>, C4<1>;
L_0x7f4c3a4da018 .functor BUFT 1, C4<11>, C4<0>, C4<0>, C4<0>;
v0x5654792c5bd0_0 .net/2u *"_s0", 1 0, L_0x7f4c3a4da018;  1 drivers
v0x5654792e5b90_0 .net *"_s2", 0 0, L_0x5654792e6550;  1 drivers
v0x5654792e5c50_0 .net "clk", 0 0, v0x5654792e61c0_0;  1 drivers
v0x5654792e5cf0_0 .var "nextstate", 1 0;
v0x5654792e5dd0_0 .net "number", 0 0, v0x5654792e6280_0;  1 drivers
v0x5654792e5ee0_0 .net "reset", 0 0, v0x5654792e6350_0;  1 drivers
v0x5654792e5fa0_0 .net "smile", 0 0, L_0x5654792bc770;  alias, 1 drivers
v0x5654792e6060_0 .var "state", 1 0;
E_0x5654792bc500 .event edge, v0x5654792e6060_0, v0x5654792e5dd0_0;
E_0x5654792bc090 .event posedge, v0x5654792e5ee0_0, v0x5654792e5c50_0;
L_0x5654792e6550 .cmp/eq 2, v0x5654792e6060_0, L_0x7f4c3a4da018;
    .scope S_0x5654792c5960;
T_0 ;
    %wait E_0x5654792bc090;
    %load/vec4 v0x5654792e5ee0_0;
    %flag_set/vec4 8;
    %jmp/0xz  T_0.0, 8;
    %pushi/vec4 0, 0, 2;
    %assign/vec4 v0x5654792e6060_0, 0;
    %jmp T_0.1;
T_0.0 ;
    %load/vec4 v0x5654792e5cf0_0;
    %assign/vec4 v0x5654792e6060_0, 0;
T_0.1 ;
    %jmp T_0;
    .thread T_0;
    .scope S_0x5654792c5960;
T_1 ;
    %wait E_0x5654792bc500;
    %load/vec4 v0x5654792e6060_0;
    %dup/vec4;
    %pushi/vec4 0, 0, 2;
    %cmp/u;
    %jmp/1 T_1.0, 6;
    %dup/vec4;
    %pushi/vec4 1, 0, 2;
    %cmp/u;
    %jmp/1 T_1.1, 6;
    %dup/vec4;
    %pushi/vec4 2, 0, 2;
    %cmp/u;
    %jmp/1 T_1.2, 6;
    %dup/vec4;
    %pushi/vec4 3, 0, 2;
    %cmp/u;
    %jmp/1 T_1.3, 6;
    %pushi/vec4 0, 0, 2;
    %store/vec4 v0x5654792e5cf0_0, 0, 2;
    %jmp T_1.5;
T_1.0 ;
    %load/vec4 v0x5654792e5dd0_0;
    %flag_set/vec4 8;
    %jmp/0xz  T_1.6, 8;
    %pushi/vec4 1, 0, 2;
    %store/vec4 v0x5654792e5cf0_0, 0, 2;
    %jmp T_1.7;
T_1.6 ;
    %pushi/vec4 0, 0, 2;
    %store/vec4 v0x5654792e5cf0_0, 0, 2;
T_1.7 ;
    %jmp T_1.5;
T_1.1 ;
    %load/vec4 v0x5654792e5dd0_0;
    %flag_set/vec4 8;
    %jmp/0xz  T_1.8, 8;
    %pushi/vec4 2, 0, 2;
    %store/vec4 v0x5654792e5cf0_0, 0, 2;
    %jmp T_1.9;
T_1.8 ;
    %pushi/vec4 0, 0, 2;
    %store/vec4 v0x5654792e5cf0_0, 0, 2;
T_1.9 ;
    %jmp T_1.5;
T_1.2 ;
    %load/vec4 v0x5654792e5dd0_0;
    %flag_set/vec4 8;
    %jmp/0xz  T_1.10, 8;
    %pushi/vec4 2, 0, 2;
    %store/vec4 v0x5654792e5cf0_0, 0, 2;
    %jmp T_1.11;
T_1.10 ;
    %pushi/vec4 3, 0, 2;
    %store/vec4 v0x5654792e5cf0_0, 0, 2;
T_1.11 ;
    %jmp T_1.5;
T_1.3 ;
    %load/vec4 v0x5654792e5dd0_0;
    %flag_set/vec4 8;
    %jmp/0xz  T_1.12, 8;
    %pushi/vec4 1, 0, 2;
    %store/vec4 v0x5654792e5cf0_0, 0, 2;
    %jmp T_1.13;
T_1.12 ;
    %pushi/vec4 0, 0, 2;
    %store/vec4 v0x5654792e5cf0_0, 0, 2;
T_1.13 ;
    %jmp T_1.5;
T_1.5 ;
    %pop/vec4 1;
    %jmp T_1;
    .thread T_1, $push;
    .scope S_0x5654792c57e0;
T_2 ;
    %vpi_call 2 7 "$display", "time\011clk\011reset\011number\011smile" {0 0 0};
    %pushi/vec4 1, 0, 1;
    %assign/vec4 v0x5654792e61c0_0, 0;
    %pushi/vec4 0, 0, 1;
    %assign/vec4 v0x5654792e6350_0, 0;
    %pushi/vec4 0, 0, 1;
    %assign/vec4 v0x5654792e6280_0, 0;
    %delay 22, 0;
    %vpi_call 2 12 "$finish" {0 0 0};
    %end;
    .thread T_2;
    .scope S_0x5654792c57e0;
T_3 ;
    %vpi_call 2 15 "$monitor", "%2d\011%b\011%b\011%b\011%b", $time, v0x5654792e61c0_0, v0x5654792e6350_0, v0x5654792e6280_0, v0x5654792e6450_0 {0 0 0};
    %end;
    .thread T_3;
    .scope S_0x5654792c57e0;
T_4 ;
    %delay 1, 0;
    %load/vec4 v0x5654792e61c0_0;
    %inv;
    %store/vec4 v0x5654792e61c0_0, 0, 1;
    %jmp T_4;
    .thread T_4;
    .scope S_0x5654792c57e0;
T_5 ;
    %delay 4, 0;
    %pushi/vec4 0, 0, 1;
    %assign/vec4 v0x5654792e6280_0, 0;
    %delay 2, 0;
    %pushi/vec4 1, 0, 1;
    %assign/vec4 v0x5654792e6280_0, 0;
    %delay 4, 0;
    %pushi/vec4 0, 0, 1;
    %assign/vec4 v0x5654792e6280_0, 0;
    %delay 2, 0;
    %pushi/vec4 1, 0, 1;
    %assign/vec4 v0x5654792e6280_0, 0;
    %delay 4, 0;
    %pushi/vec4 0, 0, 1;
    %assign/vec4 v0x5654792e6280_0, 0;
    %delay 2, 0;
    %pushi/vec4 1, 0, 1;
    %assign/vec4 v0x5654792e6280_0, 0;
    %end;
    .thread T_5;
    .scope S_0x5654792c57e0;
T_6 ;
    %vpi_call 2 34 "$dumpfile", "snail.vcd" {0 0 0};
    %vpi_call 2 35 "$dumpvars" {0 0 0};
    %end;
    .thread T_6;
# The file index is used to find the file name in the following table.
:file_names 4;
    "N/A";
    "<interactive>";
    "snail_tb.v";
    "snail.v";
