#! /usr/bin/vvp
:ivl_version "10.1 (stable)";
:ivl_delay_selection "TYPICAL";
:vpi_time_precision - 9;
:vpi_module "system";
:vpi_module "vhdl_sys";
:vpi_module "v2005_math";
:vpi_module "va_math";
S_0x5581a0827c60 .scope module, "seven_tb" "seven_tb" 2 2;
 .timescale -9 -9;
v0x5581a0848b90_0 .var "clk", 0 0;
v0x5581a0848c50_0 .var "reset", 0 0;
v0x5581a0848cf0_0 .var "x1", 0 0;
v0x5581a0848d90_0 .var "x2", 0 0;
v0x5581a0848e30_0 .var "x3", 0 0;
v0x5581a0848ed0_0 .net "z1", 0 0, L_0x5581a0849110;  1 drivers
v0x5581a0848f70_0 .net "z2", 0 0, L_0x5581a0849250;  1 drivers
v0x5581a0849010_0 .net "z3", 0 0, L_0x5581a08493e0;  1 drivers
S_0x5581a0827de0 .scope module, "g" "seven" 2 6, 3 1 0, S_0x5581a0827c60;
 .timescale -9 -9;
    .port_info 0 /INPUT 1 "clk"
    .port_info 1 /INPUT 1 "reset"
    .port_info 2 /INPUT 1 "x1"
    .port_info 3 /INPUT 1 "x2"
    .port_info 4 /INPUT 1 "x3"
    .port_info 5 /OUTPUT 1 "z1"
    .port_info 6 /OUTPUT 1 "z2"
    .port_info 7 /OUTPUT 1 "z3"
P_0x5581a0827f60 .param/l "a" 0 3 9, C4<000>;
P_0x5581a0827fa0 .param/l "b" 0 3 10, C4<001>;
P_0x5581a0827fe0 .param/l "c" 0 3 11, C4<101>;
P_0x5581a0828020 .param/l "d" 0 3 12, C4<010>;
P_0x5581a0828060 .param/l "e" 0 3 13, C4<100>;
P_0x5581a08280a0 .param/l "f" 0 3 14, C4<110>;
P_0x5581a08280e0 .param/l "g" 0 3 15, C4<111>;
L_0x7f0e5216c018 .functor BUFT 1, C4<010>, C4<0>, C4<0>, C4<0>;
v0x5581a0828340_0 .net/2u *"_s0", 2 0, L_0x7f0e5216c018;  1 drivers
L_0x7f0e5216c060 .functor BUFT 1, C4<100>, C4<0>, C4<0>, C4<0>;
v0x5581a08480e0_0 .net/2u *"_s4", 2 0, L_0x7f0e5216c060;  1 drivers
L_0x7f0e5216c0a8 .functor BUFT 1, C4<111>, C4<0>, C4<0>, C4<0>;
v0x5581a08481c0_0 .net/2u *"_s8", 2 0, L_0x7f0e5216c0a8;  1 drivers
v0x5581a0848280_0 .net "clk", 0 0, v0x5581a0848b90_0;  1 drivers
v0x5581a0848340_0 .var "nextstate", 2 0;
v0x5581a0848470_0 .net "reset", 0 0, v0x5581a0848c50_0;  1 drivers
v0x5581a0848530_0 .var "state", 2 0;
v0x5581a0848610_0 .net "x1", 0 0, v0x5581a0848cf0_0;  1 drivers
v0x5581a08486d0_0 .net "x2", 0 0, v0x5581a0848d90_0;  1 drivers
v0x5581a0848790_0 .net "x3", 0 0, v0x5581a0848e30_0;  1 drivers
v0x5581a0848850_0 .net "z1", 0 0, L_0x5581a0849110;  alias, 1 drivers
v0x5581a0848910_0 .net "z2", 0 0, L_0x5581a0849250;  alias, 1 drivers
v0x5581a08489d0_0 .net "z3", 0 0, L_0x5581a08493e0;  alias, 1 drivers
E_0x5581a0818d90 .event edge, v0x5581a0848530_0, v0x5581a0848610_0, v0x5581a08486d0_0, v0x5581a0848790_0;
E_0x5581a0818ea0 .event posedge, v0x5581a0848470_0, v0x5581a0848280_0;
L_0x5581a0849110 .cmp/eq 3, v0x5581a0848530_0, L_0x7f0e5216c018;
L_0x5581a0849250 .cmp/eq 3, v0x5581a0848530_0, L_0x7f0e5216c060;
L_0x5581a08493e0 .cmp/eq 3, v0x5581a0848530_0, L_0x7f0e5216c0a8;
    .scope S_0x5581a0827de0;
T_0 ;
    %wait E_0x5581a0818ea0;
    %load/vec4 v0x5581a0848470_0;
    %flag_set/vec4 8;
    %jmp/0xz  T_0.0, 8;
    %pushi/vec4 0, 0, 3;
    %assign/vec4 v0x5581a0848530_0, 0;
    %jmp T_0.1;
T_0.0 ;
    %load/vec4 v0x5581a0848340_0;
    %assign/vec4 v0x5581a0848530_0, 0;
T_0.1 ;
    %jmp T_0;
    .thread T_0;
    .scope S_0x5581a0827de0;
T_1 ;
    %wait E_0x5581a0818d90;
    %load/vec4 v0x5581a0848530_0;
    %dup/vec4;
    %pushi/vec4 0, 0, 3;
    %cmp/u;
    %jmp/1 T_1.0, 6;
    %dup/vec4;
    %pushi/vec4 1, 0, 3;
    %cmp/u;
    %jmp/1 T_1.1, 6;
    %dup/vec4;
    %pushi/vec4 5, 0, 3;
    %cmp/u;
    %jmp/1 T_1.2, 6;
    %dup/vec4;
    %pushi/vec4 2, 0, 3;
    %cmp/u;
    %jmp/1 T_1.3, 6;
    %dup/vec4;
    %pushi/vec4 4, 0, 3;
    %cmp/u;
    %jmp/1 T_1.4, 6;
    %dup/vec4;
    %pushi/vec4 6, 0, 3;
    %cmp/u;
    %jmp/1 T_1.5, 6;
    %dup/vec4;
    %pushi/vec4 7, 0, 3;
    %cmp/u;
    %jmp/1 T_1.6, 6;
    %pushi/vec4 0, 0, 3;
    %store/vec4 v0x5581a0848340_0, 0, 3;
    %jmp T_1.8;
T_1.0 ;
    %load/vec4 v0x5581a0848610_0;
    %flag_set/vec4 8;
    %jmp/0xz  T_1.9, 8;
    %pushi/vec4 1, 0, 3;
    %store/vec4 v0x5581a0848340_0, 0, 3;
    %jmp T_1.10;
T_1.9 ;
    %load/vec4 v0x5581a0848610_0;
    %inv;
    %flag_set/vec4 8;
    %jmp/0xz  T_1.11, 8;
    %pushi/vec4 5, 0, 3;
    %store/vec4 v0x5581a0848340_0, 0, 3;
T_1.11 ;
T_1.10 ;
    %jmp T_1.8;
T_1.1 ;
    %load/vec4 v0x5581a08486d0_0;
    %flag_set/vec4 8;
    %jmp/0xz  T_1.13, 8;
    %pushi/vec4 2, 0, 3;
    %store/vec4 v0x5581a0848340_0, 0, 3;
    %jmp T_1.14;
T_1.13 ;
    %load/vec4 v0x5581a08486d0_0;
    %inv;
    %flag_set/vec4 8;
    %jmp/0xz  T_1.15, 8;
    %pushi/vec4 0, 0, 3;
    %store/vec4 v0x5581a0848340_0, 0, 3;
T_1.15 ;
T_1.14 ;
    %jmp T_1.8;
T_1.2 ;
    %load/vec4 v0x5581a08486d0_0;
    %load/vec4 v0x5581a0848790_0;
    %and;
    %flag_set/vec4 8;
    %jmp/0xz  T_1.17, 8;
    %pushi/vec4 4, 0, 3;
    %store/vec4 v0x5581a0848340_0, 0, 3;
    %jmp T_1.18;
T_1.17 ;
    %load/vec4 v0x5581a08486d0_0;
    %load/vec4 v0x5581a0848790_0;
    %inv;
    %and;
    %flag_set/vec4 8;
    %jmp/0xz  T_1.19, 8;
    %pushi/vec4 0, 0, 3;
    %store/vec4 v0x5581a0848340_0, 0, 3;
    %jmp T_1.20;
T_1.19 ;
    %load/vec4 v0x5581a08486d0_0;
    %inv;
    %load/vec4 v0x5581a0848790_0;
    %and;
    %flag_set/vec4 8;
    %jmp/0xz  T_1.21, 8;
    %pushi/vec4 6, 0, 3;
    %store/vec4 v0x5581a0848340_0, 0, 3;
    %jmp T_1.22;
T_1.21 ;
    %load/vec4 v0x5581a08486d0_0;
    %inv;
    %load/vec4 v0x5581a0848790_0;
    %inv;
    %and;
    %flag_set/vec4 8;
    %jmp/0xz  T_1.23, 8;
    %pushi/vec4 7, 0, 3;
    %store/vec4 v0x5581a0848340_0, 0, 3;
T_1.23 ;
T_1.22 ;
T_1.20 ;
T_1.18 ;
    %jmp T_1.8;
T_1.3 ;
    %pushi/vec4 0, 0, 3;
    %store/vec4 v0x5581a0848340_0, 0, 3;
    %jmp T_1.8;
T_1.4 ;
    %pushi/vec4 0, 0, 3;
    %store/vec4 v0x5581a0848340_0, 0, 3;
    %jmp T_1.8;
T_1.5 ;
    %pushi/vec4 0, 0, 3;
    %store/vec4 v0x5581a0848340_0, 0, 3;
    %jmp T_1.8;
T_1.6 ;
    %pushi/vec4 0, 0, 3;
    %store/vec4 v0x5581a0848340_0, 0, 3;
    %jmp T_1.8;
T_1.8 ;
    %pop/vec4 1;
    %jmp T_1;
    .thread T_1, $push;
    .scope S_0x5581a0827c60;
T_2 ;
    %vpi_call 2 8 "$display", "time\011clk\011reset\011x1\011x2\011x3\011state\011z1\011z2\011z3" {0 0 0};
    %pushi/vec4 1, 0, 1;
    %assign/vec4 v0x5581a0848b90_0, 0;
    %pushi/vec4 0, 0, 1;
    %assign/vec4 v0x5581a0848c50_0, 0;
    %pushi/vec4 0, 0, 1;
    %assign/vec4 v0x5581a0848cf0_0, 0;
    %pushi/vec4 0, 0, 1;
    %assign/vec4 v0x5581a0848d90_0, 0;
    %pushi/vec4 0, 0, 1;
    %assign/vec4 v0x5581a0848e30_0, 0;
    %delay 20, 0;
    %vpi_call 2 17 "$finish" {0 0 0};
    %end;
    .thread T_2;
    .scope S_0x5581a0827c60;
T_3 ;
    %vpi_call 2 20 "$monitor", "%2d\011%b\011%b\011%b\011%b\011%b\011%b\011%b\011%b\011%b", $time, v0x5581a0848b90_0, v0x5581a0848c50_0, v0x5581a0848cf0_0, v0x5581a0848d90_0, v0x5581a0848e30_0, v0x5581a0848530_0, v0x5581a0848ed0_0, v0x5581a0848f70_0, v0x5581a0849010_0 {0 0 0};
    %end;
    .thread T_3;
    .scope S_0x5581a0827c60;
T_4 ;
    %delay 1, 0;
    %load/vec4 v0x5581a0848b90_0;
    %inv;
    %store/vec4 v0x5581a0848b90_0, 0, 1;
    %jmp T_4;
    .thread T_4;
    .scope S_0x5581a0827c60;
T_5 ;
    %delay 2, 0;
    %pushi/vec4 1, 0, 1;
    %assign/vec4 v0x5581a0848cf0_0, 0;
    %delay 2, 0;
    %pushi/vec4 1, 0, 1;
    %assign/vec4 v0x5581a0848d90_0, 0;
    %delay 0, 0;
    %pushi/vec4 0, 0, 1;
    %assign/vec4 v0x5581a0848cf0_0, 0;
    %delay 2, 0;
    %pushi/vec4 0, 0, 1;
    %assign/vec4 v0x5581a0848cf0_0, 0;
    %delay 0, 0;
    %pushi/vec4 0, 0, 1;
    %assign/vec4 v0x5581a0848d90_0, 0;
    %delay 4, 0;
    %pushi/vec4 1, 0, 1;
    %assign/vec4 v0x5581a0848d90_0, 0;
    %delay 0, 0;
    %pushi/vec4 1, 0, 1;
    %assign/vec4 v0x5581a0848e30_0, 0;
    %delay 2, 0;
    %pushi/vec4 0, 0, 1;
    %assign/vec4 v0x5581a0848cf0_0, 0;
    %delay 2, 0;
    %pushi/vec4 0, 0, 1;
    %assign/vec4 v0x5581a0848d90_0, 0;
    %delay 2, 0;
    %pushi/vec4 0, 0, 1;
    %assign/vec4 v0x5581a0848e30_0, 0;
    %end;
    .thread T_5;
    .scope S_0x5581a0827c60;
T_6 ;
    %vpi_call 2 43 "$dumpfile", "seven.vcd" {0 0 0};
    %vpi_call 2 44 "$dumpvars" {0 0 0};
    %end;
    .thread T_6;
# The file index is used to find the file name in the following table.
:file_names 4;
    "N/A";
    "<interactive>";
    "seven_tb.v";
    "seven.v";
