#! /usr/bin/vvp
:ivl_version "10.1 (stable)";
:ivl_delay_selection "TYPICAL";
:vpi_time_precision - 9;
:vpi_module "system";
:vpi_module "vhdl_sys";
:vpi_module "v2005_math";
:vpi_module "va_math";
S_0x5622c2f516a0 .scope module, "mux16_16x1_tb" "mux16_16x1_tb" 2 2;
 .timescale -9 -9;
v0x5622c2f92b50_0 .var "D0", 15 0;
v0x5622c2f92c80_0 .var "D1", 15 0;
v0x5622c2f92d90_0 .var "D10", 15 0;
v0x5622c2f92e80_0 .var "D11", 15 0;
v0x5622c2f92f90_0 .var "D12", 15 0;
v0x5622c2f930d0_0 .var "D13", 15 0;
v0x5622c2f931c0_0 .var "D14", 15 0;
v0x5622c2f932b0_0 .var "D15", 15 0;
v0x5622c2f933a0_0 .var "D2", 15 0;
v0x5622c2f93440_0 .var "D3", 15 0;
v0x5622c2f93530_0 .var "D4", 15 0;
v0x5622c2f93620_0 .var "D5", 15 0;
v0x5622c2f93710_0 .var "D6", 15 0;
v0x5622c2f93800_0 .var "D7", 15 0;
v0x5622c2f938f0_0 .var "D8", 15 0;
v0x5622c2f939e0_0 .var "D9", 15 0;
v0x5622c2f93af0_0 .var "S0", 0 0;
v0x5622c2f93b90_0 .var "S1", 0 0;
v0x5622c2f93c30_0 .var "S2", 0 0;
v0x5622c2f93cd0_0 .var "S3", 0 0;
v0x5622c2f93d70_0 .net "out", 15 0, L_0x5622c2fa8ff0;  1 drivers
S_0x5622c2f50970 .scope module, "g" "mux16_16x1" 2 7, 3 1 0, S_0x5622c2f516a0;
 .timescale -9 -9;
    .port_info 0 /INPUT 16 "D0"
    .port_info 1 /INPUT 16 "D1"
    .port_info 2 /INPUT 16 "D2"
    .port_info 3 /INPUT 16 "D3"
    .port_info 4 /INPUT 16 "D4"
    .port_info 5 /INPUT 16 "D5"
    .port_info 6 /INPUT 16 "D6"
    .port_info 7 /INPUT 16 "D7"
    .port_info 8 /INPUT 16 "D8"
    .port_info 9 /INPUT 16 "D9"
    .port_info 10 /INPUT 16 "D10"
    .port_info 11 /INPUT 16 "D11"
    .port_info 12 /INPUT 16 "D12"
    .port_info 13 /INPUT 16 "D13"
    .port_info 14 /INPUT 16 "D14"
    .port_info 15 /INPUT 16 "D15"
    .port_info 16 /INPUT 1 "S0"
    .port_info 17 /INPUT 1 "S1"
    .port_info 18 /INPUT 1 "S2"
    .port_info 19 /INPUT 1 "S3"
    .port_info 20 /OUTPUT 16 "out"
v0x5622c2f90480_0 .net "D0", 15 0, v0x5622c2f92b50_0;  1 drivers
v0x5622c2f90560_0 .net "D1", 15 0, v0x5622c2f92c80_0;  1 drivers
v0x5622c2f90630_0 .net "D10", 15 0, v0x5622c2f92d90_0;  1 drivers
v0x5622c2f90730_0 .net "D11", 15 0, v0x5622c2f92e80_0;  1 drivers
v0x5622c2f90800_0 .net "D12", 15 0, v0x5622c2f92f90_0;  1 drivers
v0x5622c2f908a0_0 .net "D13", 15 0, v0x5622c2f930d0_0;  1 drivers
v0x5622c2f90970_0 .net "D14", 15 0, v0x5622c2f931c0_0;  1 drivers
v0x5622c2f90a40_0 .net "D15", 15 0, v0x5622c2f932b0_0;  1 drivers
v0x5622c2f90b10_0 .net "D2", 15 0, v0x5622c2f933a0_0;  1 drivers
v0x5622c2f90be0_0 .net "D3", 15 0, v0x5622c2f93440_0;  1 drivers
v0x5622c2f90cb0_0 .net "D4", 15 0, v0x5622c2f93530_0;  1 drivers
v0x5622c2f90d80_0 .net "D5", 15 0, v0x5622c2f93620_0;  1 drivers
v0x5622c2f90e50_0 .net "D6", 15 0, v0x5622c2f93710_0;  1 drivers
v0x5622c2f90f20_0 .net "D7", 15 0, v0x5622c2f93800_0;  1 drivers
v0x5622c2f90ff0_0 .net "D8", 15 0, v0x5622c2f938f0_0;  1 drivers
v0x5622c2f910c0_0 .net "D9", 15 0, v0x5622c2f939e0_0;  1 drivers
v0x5622c2f91190_0 .net "NS0", 0 0, L_0x5622c2f618c0;  1 drivers
v0x5622c2f91340_0 .net "NS1", 0 0, L_0x5622c2f61930;  1 drivers
v0x5622c2f913e0_0 .net "NS2", 0 0, L_0x5622c2f622c0;  1 drivers
v0x5622c2f91480_0 .net "NS3", 0 0, L_0x5622c2f93f40;  1 drivers
v0x5622c2f91520_0 .net "S0", 0 0, v0x5622c2f93af0_0;  1 drivers
v0x5622c2f915c0_0 .net "S1", 0 0, v0x5622c2f93b90_0;  1 drivers
v0x5622c2f91660_0 .net "S2", 0 0, v0x5622c2f93c30_0;  1 drivers
v0x5622c2f91700_0 .net "S3", 0 0, v0x5622c2f93cd0_0;  1 drivers
v0x5622c2f917a0_0 .net "T1", 15 0, L_0x5622c2fa4230;  1 drivers
v0x5622c2f91840_0 .net "T10", 15 0, L_0x5622c2fa67c0;  1 drivers
v0x5622c2f91930_0 .net "T11", 15 0, L_0x5622c2fa6f50;  1 drivers
v0x5622c2f91a40_0 .net "T12", 15 0, L_0x5622c2fa72c0;  1 drivers
v0x5622c2f91b50_0 .net "T13", 15 0, L_0x5622c2f90270;  1 drivers
v0x5622c2f91c60_0 .net "T14", 15 0, L_0x5622c2fa7cb0;  1 drivers
v0x5622c2f91d70_0 .net "T15", 15 0, L_0x5622c2fa8020;  1 drivers
v0x5622c2f91e80_0 .net "T16", 15 0, L_0x5622c2fa8390;  1 drivers
v0x5622c2f91f90_0 .net "T2", 15 0, L_0x5622c2fa4560;  1 drivers
v0x5622c2f920a0_0 .net "T3", 15 0, L_0x5622c2fa4890;  1 drivers
v0x5622c2f921b0_0 .net "T4", 15 0, L_0x5622c2fa4bc0;  1 drivers
v0x5622c2f922c0_0 .net "T5", 15 0, L_0x5622c2fa4f40;  1 drivers
v0x5622c2f923d0_0 .net "T6", 15 0, L_0x5622c2fa5480;  1 drivers
v0x5622c2f924e0_0 .net "T7", 15 0, L_0x5622c2fa57b0;  1 drivers
v0x5622c2f925f0_0 .net "T8", 15 0, L_0x5622c2fa5b00;  1 drivers
v0x5622c2f92700_0 .net "T9", 15 0, L_0x5622c2fa5e70;  1 drivers
v0x5622c2f92810_0 .net "out", 15 0, L_0x5622c2fa8ff0;  alias, 1 drivers
S_0x5622c2f500f0 .scope module, "a1" "mux16_16x1_not" 3 8, 4 1 0, S_0x5622c2f50970;
 .timescale -9 -9;
    .port_info 0 /OUTPUT 1 "f"
    .port_info 1 /INPUT 1 "h"
L_0x5622c2f618c0 .functor NOT 1, v0x5622c2f93af0_0, C4<0>, C4<0>, C4<0>;
v0x5622c2f61aa0_0 .net "f", 0 0, L_0x5622c2f618c0;  alias, 1 drivers
v0x5622c2f61b40_0 .net "h", 0 0, v0x5622c2f93af0_0;  alias, 1 drivers
S_0x5622c2f81690 .scope module, "a2" "mux16_16x1_not" 3 9, 4 1 0, S_0x5622c2f50970;
 .timescale -9 -9;
    .port_info 0 /OUTPUT 1 "f"
    .port_info 1 /INPUT 1 "h"
L_0x5622c2f61930 .functor NOT 1, v0x5622c2f93b90_0, C4<0>, C4<0>, C4<0>;
v0x5622c2f81860_0 .net "f", 0 0, L_0x5622c2f61930;  alias, 1 drivers
v0x5622c2f81940_0 .net "h", 0 0, v0x5622c2f93b90_0;  alias, 1 drivers
S_0x5622c2f81a60 .scope module, "a3" "mux16_16x1_not" 3 10, 4 1 0, S_0x5622c2f50970;
 .timescale -9 -9;
    .port_info 0 /OUTPUT 1 "f"
    .port_info 1 /INPUT 1 "h"
L_0x5622c2f622c0 .functor NOT 1, v0x5622c2f93c30_0, C4<0>, C4<0>, C4<0>;
v0x5622c2f81c30_0 .net "f", 0 0, L_0x5622c2f622c0;  alias, 1 drivers
v0x5622c2f81cf0_0 .net "h", 0 0, v0x5622c2f93c30_0;  alias, 1 drivers
S_0x5622c2f81e10 .scope module, "a4" "mux16_16x1_not" 3 11, 4 1 0, S_0x5622c2f50970;
 .timescale -9 -9;
    .port_info 0 /OUTPUT 1 "f"
    .port_info 1 /INPUT 1 "h"
L_0x5622c2f93f40 .functor NOT 1, v0x5622c2f93cd0_0, C4<0>, C4<0>, C4<0>;
v0x5622c2f81fe0_0 .net "f", 0 0, L_0x5622c2f93f40;  alias, 1 drivers
v0x5622c2f820c0_0 .net "h", 0 0, v0x5622c2f93cd0_0;  alias, 1 drivers
S_0x5622c2f821e0 .scope module, "u1" "mux16_16x1_and" 3 13, 5 1 0, S_0x5622c2f50970;
 .timescale -9 -9;
    .port_info 0 /OUTPUT 16 "a"
    .port_info 1 /INPUT 16 "b"
    .port_info 2 /INPUT 1 "c"
    .port_info 3 /INPUT 1 "d"
    .port_info 4 /INPUT 1 "e"
    .port_info 5 /INPUT 1 "w"
L_0x5622c2f93ff0 .functor AND 1, L_0x5622c2f618c0, L_0x5622c2f61930, C4<1>, C4<1>;
L_0x5622c2f94080 .functor AND 1, L_0x5622c2f93ff0, L_0x5622c2f622c0, C4<1>, C4<1>;
L_0x5622c2f94160 .functor AND 1, L_0x5622c2f94080, L_0x5622c2f93f40, C4<1>, C4<1>;
v0x5622c2f824a0_0 .net *"_s0", 0 0, L_0x5622c2f93ff0;  1 drivers
v0x5622c2f82580_0 .net *"_s2", 0 0, L_0x5622c2f94080;  1 drivers
L_0x7fa51d405018 .functor BUFT 1, C4<0000000000000000>, C4<0>, C4<0>, C4<0>;
v0x5622c2f82660_0 .net/2u *"_s6", 15 0, L_0x7fa51d405018;  1 drivers
v0x5622c2f82720_0 .net "a", 15 0, L_0x5622c2fa4230;  alias, 1 drivers
v0x5622c2f82800_0 .net "b", 15 0, v0x5622c2f92b50_0;  alias, 1 drivers
v0x5622c2f82930_0 .net "c", 0 0, L_0x5622c2f618c0;  alias, 1 drivers
v0x5622c2f829d0_0 .net "d", 0 0, L_0x5622c2f61930;  alias, 1 drivers
v0x5622c2f82a70_0 .net "e", 0 0, L_0x5622c2f622c0;  alias, 1 drivers
v0x5622c2f82b10_0 .net "validacion", 0 0, L_0x5622c2f94160;  1 drivers
v0x5622c2f82bb0_0 .net "w", 0 0, L_0x5622c2f93f40;  alias, 1 drivers
L_0x5622c2fa4230 .functor MUXZ 16, L_0x7fa51d405018, v0x5622c2f92b50_0, L_0x5622c2f94160, C4<>;
S_0x5622c2f82cb0 .scope module, "u10" "mux16_16x1_and" 3 22, 5 1 0, S_0x5622c2f50970;
 .timescale -9 -9;
    .port_info 0 /OUTPUT 16 "a"
    .port_info 1 /INPUT 16 "b"
    .port_info 2 /INPUT 1 "c"
    .port_info 3 /INPUT 1 "d"
    .port_info 4 /INPUT 1 "e"
    .port_info 5 /INPUT 1 "w"
L_0x5622c2fa5f60 .functor AND 1, v0x5622c2f93af0_0, L_0x5622c2f61930, C4<1>, C4<1>;
L_0x5622c2fa6410 .functor AND 1, L_0x5622c2fa5f60, L_0x5622c2f622c0, C4<1>, C4<1>;
L_0x5622c2fa6700 .functor AND 1, L_0x5622c2fa6410, v0x5622c2f93cd0_0, C4<1>, C4<1>;
v0x5622c2f82ed0_0 .net *"_s0", 0 0, L_0x5622c2fa5f60;  1 drivers
v0x5622c2f82fd0_0 .net *"_s2", 0 0, L_0x5622c2fa6410;  1 drivers
L_0x7fa51d4052a0 .functor BUFT 1, C4<0000000000000000>, C4<0>, C4<0>, C4<0>;
v0x5622c2f830b0_0 .net/2u *"_s6", 15 0, L_0x7fa51d4052a0;  1 drivers
v0x5622c2f83170_0 .net "a", 15 0, L_0x5622c2fa67c0;  alias, 1 drivers
v0x5622c2f83250_0 .net "b", 15 0, v0x5622c2f939e0_0;  alias, 1 drivers
v0x5622c2f83380_0 .net "c", 0 0, v0x5622c2f93af0_0;  alias, 1 drivers
v0x5622c2f83420_0 .net "d", 0 0, L_0x5622c2f61930;  alias, 1 drivers
v0x5622c2f83510_0 .net "e", 0 0, L_0x5622c2f622c0;  alias, 1 drivers
v0x5622c2f83600_0 .net "validacion", 0 0, L_0x5622c2fa6700;  1 drivers
v0x5622c2f836a0_0 .net "w", 0 0, v0x5622c2f93cd0_0;  alias, 1 drivers
L_0x5622c2fa67c0 .functor MUXZ 16, L_0x7fa51d4052a0, v0x5622c2f939e0_0, L_0x5622c2fa6700, C4<>;
S_0x5622c2f83820 .scope module, "u11" "mux16_16x1_and" 3 23, 5 1 0, S_0x5622c2f50970;
 .timescale -9 -9;
    .port_info 0 /OUTPUT 16 "a"
    .port_info 1 /INPUT 16 "b"
    .port_info 2 /INPUT 1 "c"
    .port_info 3 /INPUT 1 "d"
    .port_info 4 /INPUT 1 "e"
    .port_info 5 /INPUT 1 "w"
L_0x5622c2fa6900 .functor AND 1, L_0x5622c2f618c0, v0x5622c2f93b90_0, C4<1>, C4<1>;
L_0x5622c2fa6db0 .functor AND 1, L_0x5622c2fa6900, L_0x5622c2f622c0, C4<1>, C4<1>;
L_0x5622c2fa6e90 .functor AND 1, L_0x5622c2fa6db0, v0x5622c2f93cd0_0, C4<1>, C4<1>;
v0x5622c2f83a40_0 .net *"_s0", 0 0, L_0x5622c2fa6900;  1 drivers
v0x5622c2f83b40_0 .net *"_s2", 0 0, L_0x5622c2fa6db0;  1 drivers
L_0x7fa51d4052e8 .functor BUFT 1, C4<0000000000000000>, C4<0>, C4<0>, C4<0>;
v0x5622c2f83c20_0 .net/2u *"_s6", 15 0, L_0x7fa51d4052e8;  1 drivers
v0x5622c2f83ce0_0 .net "a", 15 0, L_0x5622c2fa6f50;  alias, 1 drivers
v0x5622c2f83dc0_0 .net "b", 15 0, v0x5622c2f92d90_0;  alias, 1 drivers
v0x5622c2f83ef0_0 .net "c", 0 0, L_0x5622c2f618c0;  alias, 1 drivers
v0x5622c2f83fe0_0 .net "d", 0 0, v0x5622c2f93b90_0;  alias, 1 drivers
v0x5622c2f84080_0 .net "e", 0 0, L_0x5622c2f622c0;  alias, 1 drivers
v0x5622c2f84120_0 .net "validacion", 0 0, L_0x5622c2fa6e90;  1 drivers
v0x5622c2f841c0_0 .net "w", 0 0, v0x5622c2f93cd0_0;  alias, 1 drivers
L_0x5622c2fa6f50 .functor MUXZ 16, L_0x7fa51d4052e8, v0x5622c2f92d90_0, L_0x5622c2fa6e90, C4<>;
S_0x5622c2f84360 .scope module, "u12" "mux16_16x1_and" 3 24, 5 1 0, S_0x5622c2f50970;
 .timescale -9 -9;
    .port_info 0 /OUTPUT 16 "a"
    .port_info 1 /INPUT 16 "b"
    .port_info 2 /INPUT 1 "c"
    .port_info 3 /INPUT 1 "d"
    .port_info 4 /INPUT 1 "e"
    .port_info 5 /INPUT 1 "w"
L_0x5622c2fa7090 .functor AND 1, v0x5622c2f93af0_0, v0x5622c2f93b90_0, C4<1>, C4<1>;
L_0x5622c2fa7120 .functor AND 1, L_0x5622c2fa7090, L_0x5622c2f622c0, C4<1>, C4<1>;
L_0x5622c2fa7200 .functor AND 1, L_0x5622c2fa7120, v0x5622c2f93cd0_0, C4<1>, C4<1>;
v0x5622c2f845d0_0 .net *"_s0", 0 0, L_0x5622c2fa7090;  1 drivers
v0x5622c2f846d0_0 .net *"_s2", 0 0, L_0x5622c2fa7120;  1 drivers
L_0x7fa51d405330 .functor BUFT 1, C4<0000000000000000>, C4<0>, C4<0>, C4<0>;
v0x5622c2f847b0_0 .net/2u *"_s6", 15 0, L_0x7fa51d405330;  1 drivers
v0x5622c2f84870_0 .net "a", 15 0, L_0x5622c2fa72c0;  alias, 1 drivers
v0x5622c2f84950_0 .net "b", 15 0, v0x5622c2f92e80_0;  alias, 1 drivers
v0x5622c2f84a80_0 .net "c", 0 0, v0x5622c2f93af0_0;  alias, 1 drivers
v0x5622c2f84b70_0 .net "d", 0 0, v0x5622c2f93b90_0;  alias, 1 drivers
v0x5622c2f84c60_0 .net "e", 0 0, L_0x5622c2f622c0;  alias, 1 drivers
v0x5622c2f84d90_0 .net "validacion", 0 0, L_0x5622c2fa7200;  1 drivers
v0x5622c2f84ee0_0 .net "w", 0 0, v0x5622c2f93cd0_0;  alias, 1 drivers
L_0x5622c2fa72c0 .functor MUXZ 16, L_0x7fa51d405330, v0x5622c2f92e80_0, L_0x5622c2fa7200, C4<>;
S_0x5622c2f85080 .scope module, "u13" "mux16_16x1_and" 3 25, 5 1 0, S_0x5622c2f50970;
 .timescale -9 -9;
    .port_info 0 /OUTPUT 16 "a"
    .port_info 1 /INPUT 16 "b"
    .port_info 2 /INPUT 1 "c"
    .port_info 3 /INPUT 1 "d"
    .port_info 4 /INPUT 1 "e"
    .port_info 5 /INPUT 1 "w"
L_0x5622c2fa7400 .functor AND 1, L_0x5622c2f618c0, L_0x5622c2f61930, C4<1>, C4<1>;
L_0x5622c2fa7490 .functor AND 1, L_0x5622c2fa7400, v0x5622c2f93c30_0, C4<1>, C4<1>;
L_0x5622c2fa7780 .functor AND 1, L_0x5622c2fa7490, v0x5622c2f93cd0_0, C4<1>, C4<1>;
v0x5622c2f85330_0 .net *"_s0", 0 0, L_0x5622c2fa7400;  1 drivers
v0x5622c2f85430_0 .net *"_s2", 0 0, L_0x5622c2fa7490;  1 drivers
L_0x7fa51d405378 .functor BUFT 1, C4<0000000000000000>, C4<0>, C4<0>, C4<0>;
v0x5622c2f85510_0 .net/2u *"_s6", 15 0, L_0x7fa51d405378;  1 drivers
v0x5622c2f855d0_0 .net "a", 15 0, L_0x5622c2f90270;  alias, 1 drivers
v0x5622c2f856b0_0 .net "b", 15 0, v0x5622c2f92f90_0;  alias, 1 drivers
v0x5622c2f85790_0 .net "c", 0 0, L_0x5622c2f618c0;  alias, 1 drivers
v0x5622c2f85830_0 .net "d", 0 0, L_0x5622c2f61930;  alias, 1 drivers
v0x5622c2f858d0_0 .net "e", 0 0, v0x5622c2f93c30_0;  alias, 1 drivers
v0x5622c2f85970_0 .net "validacion", 0 0, L_0x5622c2fa7780;  1 drivers
v0x5622c2f85aa0_0 .net "w", 0 0, v0x5622c2f93cd0_0;  alias, 1 drivers
L_0x5622c2f90270 .functor MUXZ 16, L_0x7fa51d405378, v0x5622c2f92f90_0, L_0x5622c2fa7780, C4<>;
S_0x5622c2f85cd0 .scope module, "u14" "mux16_16x1_and" 3 26, 5 1 0, S_0x5622c2f50970;
 .timescale -9 -9;
    .port_info 0 /OUTPUT 16 "a"
    .port_info 1 /INPUT 16 "b"
    .port_info 2 /INPUT 1 "c"
    .port_info 3 /INPUT 1 "d"
    .port_info 4 /INPUT 1 "e"
    .port_info 5 /INPUT 1 "w"
L_0x5622c2fa7aa0 .functor AND 1, v0x5622c2f93af0_0, L_0x5622c2f61930, C4<1>, C4<1>;
L_0x5622c2fa7b10 .functor AND 1, L_0x5622c2fa7aa0, v0x5622c2f93c30_0, C4<1>, C4<1>;
L_0x5622c2fa7bf0 .functor AND 1, L_0x5622c2fa7b10, v0x5622c2f93cd0_0, C4<1>, C4<1>;
v0x5622c2f85ef0_0 .net *"_s0", 0 0, L_0x5622c2fa7aa0;  1 drivers
v0x5622c2f85ff0_0 .net *"_s2", 0 0, L_0x5622c2fa7b10;  1 drivers
L_0x7fa51d4053c0 .functor BUFT 1, C4<0000000000000000>, C4<0>, C4<0>, C4<0>;
v0x5622c2f860d0_0 .net/2u *"_s6", 15 0, L_0x7fa51d4053c0;  1 drivers
v0x5622c2f86190_0 .net "a", 15 0, L_0x5622c2fa7cb0;  alias, 1 drivers
v0x5622c2f86270_0 .net "b", 15 0, v0x5622c2f930d0_0;  alias, 1 drivers
v0x5622c2f86350_0 .net "c", 0 0, v0x5622c2f93af0_0;  alias, 1 drivers
v0x5622c2f863f0_0 .net "d", 0 0, L_0x5622c2f61930;  alias, 1 drivers
v0x5622c2f86520_0 .net "e", 0 0, v0x5622c2f93c30_0;  alias, 1 drivers
v0x5622c2f865c0_0 .net "validacion", 0 0, L_0x5622c2fa7bf0;  1 drivers
v0x5622c2f86710_0 .net "w", 0 0, v0x5622c2f93cd0_0;  alias, 1 drivers
L_0x5622c2fa7cb0 .functor MUXZ 16, L_0x7fa51d4053c0, v0x5622c2f930d0_0, L_0x5622c2fa7bf0, C4<>;
S_0x5622c2f868b0 .scope module, "u15" "mux16_16x1_and" 3 27, 5 1 0, S_0x5622c2f50970;
 .timescale -9 -9;
    .port_info 0 /OUTPUT 16 "a"
    .port_info 1 /INPUT 16 "b"
    .port_info 2 /INPUT 1 "c"
    .port_info 3 /INPUT 1 "d"
    .port_info 4 /INPUT 1 "e"
    .port_info 5 /INPUT 1 "w"
L_0x5622c2fa7df0 .functor AND 1, L_0x5622c2f618c0, v0x5622c2f93b90_0, C4<1>, C4<1>;
L_0x5622c2fa7e80 .functor AND 1, L_0x5622c2fa7df0, v0x5622c2f93c30_0, C4<1>, C4<1>;
L_0x5622c2fa7f60 .functor AND 1, L_0x5622c2fa7e80, v0x5622c2f93cd0_0, C4<1>, C4<1>;
v0x5622c2f86ad0_0 .net *"_s0", 0 0, L_0x5622c2fa7df0;  1 drivers
v0x5622c2f86bd0_0 .net *"_s2", 0 0, L_0x5622c2fa7e80;  1 drivers
L_0x7fa51d405408 .functor BUFT 1, C4<0000000000000000>, C4<0>, C4<0>, C4<0>;
v0x5622c2f86cb0_0 .net/2u *"_s6", 15 0, L_0x7fa51d405408;  1 drivers
v0x5622c2f86d70_0 .net "a", 15 0, L_0x5622c2fa8020;  alias, 1 drivers
v0x5622c2f86e50_0 .net "b", 15 0, v0x5622c2f931c0_0;  alias, 1 drivers
v0x5622c2f86f30_0 .net "c", 0 0, L_0x5622c2f618c0;  alias, 1 drivers
v0x5622c2f87060_0 .net "d", 0 0, v0x5622c2f93b90_0;  alias, 1 drivers
v0x5622c2f87100_0 .net "e", 0 0, v0x5622c2f93c30_0;  alias, 1 drivers
v0x5622c2f871a0_0 .net "validacion", 0 0, L_0x5622c2fa7f60;  1 drivers
v0x5622c2f872f0_0 .net "w", 0 0, v0x5622c2f93cd0_0;  alias, 1 drivers
L_0x5622c2fa8020 .functor MUXZ 16, L_0x7fa51d405408, v0x5622c2f931c0_0, L_0x5622c2fa7f60, C4<>;
S_0x5622c2f87490 .scope module, "u16" "mux16_16x1_and" 3 28, 5 1 0, S_0x5622c2f50970;
 .timescale -9 -9;
    .port_info 0 /OUTPUT 16 "a"
    .port_info 1 /INPUT 16 "b"
    .port_info 2 /INPUT 1 "c"
    .port_info 3 /INPUT 1 "d"
    .port_info 4 /INPUT 1 "e"
    .port_info 5 /INPUT 1 "w"
L_0x5622c2fa8160 .functor AND 1, v0x5622c2f93af0_0, v0x5622c2f93b90_0, C4<1>, C4<1>;
L_0x5622c2fa81f0 .functor AND 1, L_0x5622c2fa8160, v0x5622c2f93c30_0, C4<1>, C4<1>;
L_0x5622c2fa82d0 .functor AND 1, L_0x5622c2fa81f0, v0x5622c2f93cd0_0, C4<1>, C4<1>;
v0x5622c2f876b0_0 .net *"_s0", 0 0, L_0x5622c2fa8160;  1 drivers
v0x5622c2f877b0_0 .net *"_s2", 0 0, L_0x5622c2fa81f0;  1 drivers
L_0x7fa51d405450 .functor BUFT 1, C4<0000000000000000>, C4<0>, C4<0>, C4<0>;
v0x5622c2f87890_0 .net/2u *"_s6", 15 0, L_0x7fa51d405450;  1 drivers
v0x5622c2f87950_0 .net "a", 15 0, L_0x5622c2fa8390;  alias, 1 drivers
v0x5622c2f87a30_0 .net "b", 15 0, v0x5622c2f932b0_0;  alias, 1 drivers
v0x5622c2f87b10_0 .net "c", 0 0, v0x5622c2f93af0_0;  alias, 1 drivers
v0x5622c2f87c40_0 .net "d", 0 0, v0x5622c2f93b90_0;  alias, 1 drivers
v0x5622c2f87d70_0 .net "e", 0 0, v0x5622c2f93c30_0;  alias, 1 drivers
v0x5622c2f87ea0_0 .net "validacion", 0 0, L_0x5622c2fa82d0;  1 drivers
v0x5622c2f87ff0_0 .net "w", 0 0, v0x5622c2f93cd0_0;  alias, 1 drivers
L_0x5622c2fa8390 .functor MUXZ 16, L_0x7fa51d405450, v0x5622c2f932b0_0, L_0x5622c2fa82d0, C4<>;
S_0x5622c2f88190 .scope module, "u17" "mux16_16x1_or" 3 29, 6 1 0, S_0x5622c2f50970;
 .timescale -9 -9;
    .port_info 0 /OUTPUT 16 "l"
    .port_info 1 /INPUT 16 "m"
    .port_info 2 /INPUT 16 "n"
    .port_info 3 /INPUT 16 "o"
    .port_info 4 /INPUT 16 "p"
    .port_info 5 /INPUT 16 "q"
    .port_info 6 /INPUT 16 "r"
    .port_info 7 /INPUT 16 "s"
    .port_info 8 /INPUT 16 "t"
    .port_info 9 /INPUT 16 "a"
    .port_info 10 /INPUT 16 "b"
    .port_info 11 /INPUT 16 "c"
    .port_info 12 /INPUT 16 "d"
    .port_info 13 /INPUT 16 "e"
    .port_info 14 /INPUT 16 "f"
    .port_info 15 /INPUT 16 "g"
    .port_info 16 /INPUT 16 "h"
L_0x5622c2fa84d0 .functor OR 16, L_0x5622c2fa4230, L_0x5622c2fa4560, C4<0000000000000000>, C4<0000000000000000>;
L_0x5622c2fa8560 .functor OR 16, L_0x5622c2fa84d0, L_0x5622c2fa4890, C4<0000000000000000>, C4<0000000000000000>;
L_0x5622c2fa85f0 .functor OR 16, L_0x5622c2fa8560, L_0x5622c2fa4bc0, C4<0000000000000000>, C4<0000000000000000>;
L_0x5622c2fa8660 .functor OR 16, L_0x5622c2fa85f0, L_0x5622c2fa4f40, C4<0000000000000000>, C4<0000000000000000>;
L_0x5622c2fa8700 .functor OR 16, L_0x5622c2fa8660, L_0x5622c2fa5480, C4<0000000000000000>, C4<0000000000000000>;
L_0x5622c2fa8800 .functor OR 16, L_0x5622c2fa8700, L_0x5622c2fa57b0, C4<0000000000000000>, C4<0000000000000000>;
L_0x5622c2fa8940 .functor OR 16, L_0x5622c2fa8800, L_0x5622c2fa5b00, C4<0000000000000000>, C4<0000000000000000>;
L_0x5622c2fa8a40 .functor OR 16, L_0x5622c2fa8940, L_0x5622c2fa5e70, C4<0000000000000000>, C4<0000000000000000>;
L_0x5622c2fa8b90 .functor OR 16, L_0x5622c2fa8a40, L_0x5622c2fa67c0, C4<0000000000000000>, C4<0000000000000000>;
L_0x5622c2fa8c90 .functor OR 16, L_0x5622c2fa8b90, L_0x5622c2fa6f50, C4<0000000000000000>, C4<0000000000000000>;
L_0x5622c2fa8df0 .functor OR 16, L_0x5622c2fa8c90, L_0x5622c2fa72c0, C4<0000000000000000>, C4<0000000000000000>;
L_0x5622c2fa8ef0 .functor OR 16, L_0x5622c2fa8df0, L_0x5622c2f90270, C4<0000000000000000>, C4<0000000000000000>;
L_0x5622c2fa9060 .functor OR 16, L_0x5622c2fa8ef0, L_0x5622c2fa7cb0, C4<0000000000000000>, C4<0000000000000000>;
L_0x5622c2fa9160 .functor OR 16, L_0x5622c2fa9060, L_0x5622c2fa8020, C4<0000000000000000>, C4<0000000000000000>;
L_0x5622c2fa8ff0 .functor OR 16, L_0x5622c2fa9160, L_0x5622c2fa8390, C4<0000000000000000>, C4<0000000000000000>;
v0x5622c2f88540_0 .net *"_s0", 15 0, L_0x5622c2fa84d0;  1 drivers
v0x5622c2f88640_0 .net *"_s10", 15 0, L_0x5622c2fa8800;  1 drivers
v0x5622c2f88720_0 .net *"_s12", 15 0, L_0x5622c2fa8940;  1 drivers
v0x5622c2f887e0_0 .net *"_s14", 15 0, L_0x5622c2fa8a40;  1 drivers
v0x5622c2f888c0_0 .net *"_s16", 15 0, L_0x5622c2fa8b90;  1 drivers
v0x5622c2f889a0_0 .net *"_s18", 15 0, L_0x5622c2fa8c90;  1 drivers
v0x5622c2f88a80_0 .net *"_s2", 15 0, L_0x5622c2fa8560;  1 drivers
v0x5622c2f88b60_0 .net *"_s20", 15 0, L_0x5622c2fa8df0;  1 drivers
v0x5622c2f88c40_0 .net *"_s22", 15 0, L_0x5622c2fa8ef0;  1 drivers
v0x5622c2f88db0_0 .net *"_s24", 15 0, L_0x5622c2fa9060;  1 drivers
v0x5622c2f88e90_0 .net *"_s26", 15 0, L_0x5622c2fa9160;  1 drivers
v0x5622c2f88f70_0 .net *"_s4", 15 0, L_0x5622c2fa85f0;  1 drivers
v0x5622c2f89050_0 .net *"_s6", 15 0, L_0x5622c2fa8660;  1 drivers
v0x5622c2f89130_0 .net *"_s8", 15 0, L_0x5622c2fa8700;  1 drivers
v0x5622c2f89210_0 .net "a", 15 0, L_0x5622c2fa5e70;  alias, 1 drivers
v0x5622c2f892f0_0 .net "b", 15 0, L_0x5622c2fa67c0;  alias, 1 drivers
v0x5622c2f893b0_0 .net "c", 15 0, L_0x5622c2fa6f50;  alias, 1 drivers
v0x5622c2f89450_0 .net "d", 15 0, L_0x5622c2fa72c0;  alias, 1 drivers
v0x5622c2f894f0_0 .net "e", 15 0, L_0x5622c2f90270;  alias, 1 drivers
v0x5622c2f89590_0 .net "f", 15 0, L_0x5622c2fa7cb0;  alias, 1 drivers
v0x5622c2f89660_0 .net "g", 15 0, L_0x5622c2fa8020;  alias, 1 drivers
v0x5622c2f89730_0 .net "h", 15 0, L_0x5622c2fa8390;  alias, 1 drivers
v0x5622c2f89800_0 .net "l", 15 0, L_0x5622c2fa8ff0;  alias, 1 drivers
v0x5622c2f898c0_0 .net "m", 15 0, L_0x5622c2fa4230;  alias, 1 drivers
v0x5622c2f899b0_0 .net "n", 15 0, L_0x5622c2fa4560;  alias, 1 drivers
v0x5622c2f89a70_0 .net "o", 15 0, L_0x5622c2fa4890;  alias, 1 drivers
v0x5622c2f89b50_0 .net "p", 15 0, L_0x5622c2fa4bc0;  alias, 1 drivers
v0x5622c2f89c30_0 .net "q", 15 0, L_0x5622c2fa4f40;  alias, 1 drivers
v0x5622c2f89d10_0 .net "r", 15 0, L_0x5622c2fa5480;  alias, 1 drivers
v0x5622c2f89df0_0 .net "s", 15 0, L_0x5622c2fa57b0;  alias, 1 drivers
v0x5622c2f89ed0_0 .net "t", 15 0, L_0x5622c2fa5b00;  alias, 1 drivers
S_0x5622c2f8a1d0 .scope module, "u2" "mux16_16x1_and" 3 14, 5 1 0, S_0x5622c2f50970;
 .timescale -9 -9;
    .port_info 0 /OUTPUT 16 "a"
    .port_info 1 /INPUT 16 "b"
    .port_info 2 /INPUT 1 "c"
    .port_info 3 /INPUT 1 "d"
    .port_info 4 /INPUT 1 "e"
    .port_info 5 /INPUT 1 "w"
L_0x5622c2fa4370 .functor AND 1, v0x5622c2f93af0_0, L_0x5622c2f61930, C4<1>, C4<1>;
L_0x5622c2fa43e0 .functor AND 1, L_0x5622c2fa4370, L_0x5622c2f622c0, C4<1>, C4<1>;
L_0x5622c2fa44a0 .functor AND 1, L_0x5622c2fa43e0, L_0x5622c2f93f40, C4<1>, C4<1>;
v0x5622c2f8a3f0_0 .net *"_s0", 0 0, L_0x5622c2fa4370;  1 drivers
v0x5622c2f8a4f0_0 .net *"_s2", 0 0, L_0x5622c2fa43e0;  1 drivers
L_0x7fa51d405060 .functor BUFT 1, C4<0000000000000000>, C4<0>, C4<0>, C4<0>;
v0x5622c2f8a5d0_0 .net/2u *"_s6", 15 0, L_0x7fa51d405060;  1 drivers
v0x5622c2f8a6c0_0 .net "a", 15 0, L_0x5622c2fa4560;  alias, 1 drivers
v0x5622c2f8a7b0_0 .net "b", 15 0, v0x5622c2f92c80_0;  alias, 1 drivers
v0x5622c2f8a870_0 .net "c", 0 0, v0x5622c2f93af0_0;  alias, 1 drivers
v0x5622c2f8a910_0 .net "d", 0 0, L_0x5622c2f61930;  alias, 1 drivers
v0x5622c2f8a9b0_0 .net "e", 0 0, L_0x5622c2f622c0;  alias, 1 drivers
v0x5622c2f8aa50_0 .net "validacion", 0 0, L_0x5622c2fa44a0;  1 drivers
v0x5622c2f8ab10_0 .net "w", 0 0, L_0x5622c2f93f40;  alias, 1 drivers
L_0x5622c2fa4560 .functor MUXZ 16, L_0x7fa51d405060, v0x5622c2f92c80_0, L_0x5622c2fa44a0, C4<>;
S_0x5622c2f8acb0 .scope module, "u3" "mux16_16x1_and" 3 15, 5 1 0, S_0x5622c2f50970;
 .timescale -9 -9;
    .port_info 0 /OUTPUT 16 "a"
    .port_info 1 /INPUT 16 "b"
    .port_info 2 /INPUT 1 "c"
    .port_info 3 /INPUT 1 "d"
    .port_info 4 /INPUT 1 "e"
    .port_info 5 /INPUT 1 "w"
L_0x5622c2fa46a0 .functor AND 1, L_0x5622c2f618c0, v0x5622c2f93b90_0, C4<1>, C4<1>;
L_0x5622c2fa4710 .functor AND 1, L_0x5622c2fa46a0, L_0x5622c2f622c0, C4<1>, C4<1>;
L_0x5622c2fa47d0 .functor AND 1, L_0x5622c2fa4710, L_0x5622c2f93f40, C4<1>, C4<1>;
v0x5622c2f8aed0_0 .net *"_s0", 0 0, L_0x5622c2fa46a0;  1 drivers
v0x5622c2f8afd0_0 .net *"_s2", 0 0, L_0x5622c2fa4710;  1 drivers
L_0x7fa51d4050a8 .functor BUFT 1, C4<0000000000000000>, C4<0>, C4<0>, C4<0>;
v0x5622c2f8b0b0_0 .net/2u *"_s6", 15 0, L_0x7fa51d4050a8;  1 drivers
v0x5622c2f8b170_0 .net "a", 15 0, L_0x5622c2fa4890;  alias, 1 drivers
v0x5622c2f8b230_0 .net "b", 15 0, v0x5622c2f933a0_0;  alias, 1 drivers
v0x5622c2f8b340_0 .net "c", 0 0, L_0x5622c2f618c0;  alias, 1 drivers
v0x5622c2f8b3e0_0 .net "d", 0 0, v0x5622c2f93b90_0;  alias, 1 drivers
v0x5622c2f8b480_0 .net "e", 0 0, L_0x5622c2f622c0;  alias, 1 drivers
v0x5622c2f8b520_0 .net "validacion", 0 0, L_0x5622c2fa47d0;  1 drivers
v0x5622c2f8b670_0 .net "w", 0 0, L_0x5622c2f93f40;  alias, 1 drivers
L_0x5622c2fa4890 .functor MUXZ 16, L_0x7fa51d4050a8, v0x5622c2f933a0_0, L_0x5622c2fa47d0, C4<>;
S_0x5622c2f8b810 .scope module, "u4" "mux16_16x1_and" 3 16, 5 1 0, S_0x5622c2f50970;
 .timescale -9 -9;
    .port_info 0 /OUTPUT 16 "a"
    .port_info 1 /INPUT 16 "b"
    .port_info 2 /INPUT 1 "c"
    .port_info 3 /INPUT 1 "d"
    .port_info 4 /INPUT 1 "e"
    .port_info 5 /INPUT 1 "w"
L_0x5622c2fa49d0 .functor AND 1, v0x5622c2f93af0_0, v0x5622c2f93b90_0, C4<1>, C4<1>;
L_0x5622c2fa4a40 .functor AND 1, L_0x5622c2fa49d0, L_0x5622c2f622c0, C4<1>, C4<1>;
L_0x5622c2fa4b00 .functor AND 1, L_0x5622c2fa4a40, L_0x5622c2f93f40, C4<1>, C4<1>;
v0x5622c2f8ba30_0 .net *"_s0", 0 0, L_0x5622c2fa49d0;  1 drivers
v0x5622c2f8bb30_0 .net *"_s2", 0 0, L_0x5622c2fa4a40;  1 drivers
L_0x7fa51d4050f0 .functor BUFT 1, C4<0000000000000000>, C4<0>, C4<0>, C4<0>;
v0x5622c2f8bc10_0 .net/2u *"_s6", 15 0, L_0x7fa51d4050f0;  1 drivers
v0x5622c2f8bcd0_0 .net "a", 15 0, L_0x5622c2fa4bc0;  alias, 1 drivers
v0x5622c2f8bdc0_0 .net "b", 15 0, v0x5622c2f93440_0;  alias, 1 drivers
v0x5622c2f8bed0_0 .net "c", 0 0, v0x5622c2f93af0_0;  alias, 1 drivers
v0x5622c2f8bf70_0 .net "d", 0 0, v0x5622c2f93b90_0;  alias, 1 drivers
v0x5622c2f8c010_0 .net "e", 0 0, L_0x5622c2f622c0;  alias, 1 drivers
v0x5622c2f8c0b0_0 .net "validacion", 0 0, L_0x5622c2fa4b00;  1 drivers
v0x5622c2f8c200_0 .net "w", 0 0, L_0x5622c2f93f40;  alias, 1 drivers
L_0x5622c2fa4bc0 .functor MUXZ 16, L_0x7fa51d4050f0, v0x5622c2f93440_0, L_0x5622c2fa4b00, C4<>;
S_0x5622c2f8c430 .scope module, "u5" "mux16_16x1_and" 3 17, 5 1 0, S_0x5622c2f50970;
 .timescale -9 -9;
    .port_info 0 /OUTPUT 16 "a"
    .port_info 1 /INPUT 16 "b"
    .port_info 2 /INPUT 1 "c"
    .port_info 3 /INPUT 1 "d"
    .port_info 4 /INPUT 1 "e"
    .port_info 5 /INPUT 1 "w"
L_0x5622c2fa4d00 .functor AND 1, L_0x5622c2f618c0, L_0x5622c2f61930, C4<1>, C4<1>;
L_0x5622c2fa4d70 .functor AND 1, L_0x5622c2fa4d00, v0x5622c2f93c30_0, C4<1>, C4<1>;
L_0x5622c2fa4e30 .functor AND 1, L_0x5622c2fa4d70, L_0x5622c2f93f40, C4<1>, C4<1>;
v0x5622c2f8c650_0 .net *"_s0", 0 0, L_0x5622c2fa4d00;  1 drivers
v0x5622c2f8c750_0 .net *"_s2", 0 0, L_0x5622c2fa4d70;  1 drivers
L_0x7fa51d405138 .functor BUFT 1, C4<0000000000000000>, C4<0>, C4<0>, C4<0>;
v0x5622c2f8c830_0 .net/2u *"_s6", 15 0, L_0x7fa51d405138;  1 drivers
v0x5622c2f8c8f0_0 .net "a", 15 0, L_0x5622c2fa4f40;  alias, 1 drivers
v0x5622c2f8c9e0_0 .net "b", 15 0, v0x5622c2f93530_0;  alias, 1 drivers
v0x5622c2f8caa0_0 .net "c", 0 0, L_0x5622c2f618c0;  alias, 1 drivers
v0x5622c2f8cb40_0 .net "d", 0 0, L_0x5622c2f61930;  alias, 1 drivers
v0x5622c2f8cbe0_0 .net "e", 0 0, v0x5622c2f93c30_0;  alias, 1 drivers
v0x5622c2f8cc80_0 .net "validacion", 0 0, L_0x5622c2fa4e30;  1 drivers
v0x5622c2f8cd40_0 .net "w", 0 0, L_0x5622c2f93f40;  alias, 1 drivers
L_0x5622c2fa4f40 .functor MUXZ 16, L_0x7fa51d405138, v0x5622c2f93530_0, L_0x5622c2fa4e30, C4<>;
S_0x5622c2f8cee0 .scope module, "u6" "mux16_16x1_and" 3 18, 5 1 0, S_0x5622c2f50970;
 .timescale -9 -9;
    .port_info 0 /OUTPUT 16 "a"
    .port_info 1 /INPUT 16 "b"
    .port_info 2 /INPUT 1 "c"
    .port_info 3 /INPUT 1 "d"
    .port_info 4 /INPUT 1 "e"
    .port_info 5 /INPUT 1 "w"
L_0x5622c2fa5080 .functor AND 1, v0x5622c2f93af0_0, L_0x5622c2f61930, C4<1>, C4<1>;
L_0x5622c2fa50f0 .functor AND 1, L_0x5622c2fa5080, v0x5622c2f93c30_0, C4<1>, C4<1>;
L_0x5622c2fa51b0 .functor AND 1, L_0x5622c2fa50f0, L_0x5622c2f93f40, C4<1>, C4<1>;
v0x5622c2f8d100_0 .net *"_s0", 0 0, L_0x5622c2fa5080;  1 drivers
v0x5622c2f8d200_0 .net *"_s2", 0 0, L_0x5622c2fa50f0;  1 drivers
L_0x7fa51d405180 .functor BUFT 1, C4<0000000000000000>, C4<0>, C4<0>, C4<0>;
v0x5622c2f8d2e0_0 .net/2u *"_s6", 15 0, L_0x7fa51d405180;  1 drivers
v0x5622c2f8d3a0_0 .net "a", 15 0, L_0x5622c2fa5480;  alias, 1 drivers
v0x5622c2f8d490_0 .net "b", 15 0, v0x5622c2f93620_0;  alias, 1 drivers
v0x5622c2f8d5a0_0 .net "c", 0 0, v0x5622c2f93af0_0;  alias, 1 drivers
v0x5622c2f8d640_0 .net "d", 0 0, L_0x5622c2f61930;  alias, 1 drivers
v0x5622c2f8d6e0_0 .net "e", 0 0, v0x5622c2f93c30_0;  alias, 1 drivers
v0x5622c2f8d780_0 .net "validacion", 0 0, L_0x5622c2fa51b0;  1 drivers
v0x5622c2f8d8d0_0 .net "w", 0 0, L_0x5622c2f93f40;  alias, 1 drivers
L_0x5622c2fa5480 .functor MUXZ 16, L_0x7fa51d405180, v0x5622c2f93620_0, L_0x5622c2fa51b0, C4<>;
S_0x5622c2f8da70 .scope module, "u7" "mux16_16x1_and" 3 19, 5 1 0, S_0x5622c2f50970;
 .timescale -9 -9;
    .port_info 0 /OUTPUT 16 "a"
    .port_info 1 /INPUT 16 "b"
    .port_info 2 /INPUT 1 "c"
    .port_info 3 /INPUT 1 "d"
    .port_info 4 /INPUT 1 "e"
    .port_info 5 /INPUT 1 "w"
L_0x5622c2fa55c0 .functor AND 1, L_0x5622c2f618c0, v0x5622c2f93b90_0, C4<1>, C4<1>;
L_0x5622c2fa5630 .functor AND 1, L_0x5622c2fa55c0, v0x5622c2f93c30_0, C4<1>, C4<1>;
L_0x5622c2fa56f0 .functor AND 1, L_0x5622c2fa5630, L_0x5622c2f93f40, C4<1>, C4<1>;
v0x5622c2f8dc90_0 .net *"_s0", 0 0, L_0x5622c2fa55c0;  1 drivers
v0x5622c2f8dd90_0 .net *"_s2", 0 0, L_0x5622c2fa5630;  1 drivers
L_0x7fa51d4051c8 .functor BUFT 1, C4<0000000000000000>, C4<0>, C4<0>, C4<0>;
v0x5622c2f8de70_0 .net/2u *"_s6", 15 0, L_0x7fa51d4051c8;  1 drivers
v0x5622c2f8df30_0 .net "a", 15 0, L_0x5622c2fa57b0;  alias, 1 drivers
v0x5622c2f8e020_0 .net "b", 15 0, v0x5622c2f93710_0;  alias, 1 drivers
v0x5622c2f8e130_0 .net "c", 0 0, L_0x5622c2f618c0;  alias, 1 drivers
v0x5622c2f8e1d0_0 .net "d", 0 0, v0x5622c2f93b90_0;  alias, 1 drivers
v0x5622c2f8e270_0 .net "e", 0 0, v0x5622c2f93c30_0;  alias, 1 drivers
v0x5622c2f8e310_0 .net "validacion", 0 0, L_0x5622c2fa56f0;  1 drivers
v0x5622c2f8e460_0 .net "w", 0 0, L_0x5622c2f93f40;  alias, 1 drivers
L_0x5622c2fa57b0 .functor MUXZ 16, L_0x7fa51d4051c8, v0x5622c2f93710_0, L_0x5622c2fa56f0, C4<>;
S_0x5622c2f8e600 .scope module, "u8" "mux16_16x1_and" 3 20, 5 1 0, S_0x5622c2f50970;
 .timescale -9 -9;
    .port_info 0 /OUTPUT 16 "a"
    .port_info 1 /INPUT 16 "b"
    .port_info 2 /INPUT 1 "c"
    .port_info 3 /INPUT 1 "d"
    .port_info 4 /INPUT 1 "e"
    .port_info 5 /INPUT 1 "w"
L_0x5622c2fa58f0 .functor AND 1, v0x5622c2f93af0_0, v0x5622c2f93b90_0, C4<1>, C4<1>;
L_0x5622c2fa5960 .functor AND 1, L_0x5622c2fa58f0, v0x5622c2f93c30_0, C4<1>, C4<1>;
L_0x5622c2fa5a40 .functor AND 1, L_0x5622c2fa5960, L_0x5622c2f93f40, C4<1>, C4<1>;
v0x5622c2f8e820_0 .net *"_s0", 0 0, L_0x5622c2fa58f0;  1 drivers
v0x5622c2f8e920_0 .net *"_s2", 0 0, L_0x5622c2fa5960;  1 drivers
L_0x7fa51d405210 .functor BUFT 1, C4<0000000000000000>, C4<0>, C4<0>, C4<0>;
v0x5622c2f8ea00_0 .net/2u *"_s6", 15 0, L_0x7fa51d405210;  1 drivers
v0x5622c2f8eac0_0 .net "a", 15 0, L_0x5622c2fa5b00;  alias, 1 drivers
v0x5622c2f8ebb0_0 .net "b", 15 0, v0x5622c2f93800_0;  alias, 1 drivers
v0x5622c2f8ecc0_0 .net "c", 0 0, v0x5622c2f93af0_0;  alias, 1 drivers
v0x5622c2f8ee70_0 .net "d", 0 0, v0x5622c2f93b90_0;  alias, 1 drivers
v0x5622c2f8f020_0 .net "e", 0 0, v0x5622c2f93c30_0;  alias, 1 drivers
v0x5622c2f8f1d0_0 .net "validacion", 0 0, L_0x5622c2fa5a40;  1 drivers
v0x5622c2f8f290_0 .net "w", 0 0, L_0x5622c2f93f40;  alias, 1 drivers
L_0x5622c2fa5b00 .functor MUXZ 16, L_0x7fa51d405210, v0x5622c2f93800_0, L_0x5622c2fa5a40, C4<>;
S_0x5622c2f8f540 .scope module, "u9" "mux16_16x1_and" 3 21, 5 1 0, S_0x5622c2f50970;
 .timescale -9 -9;
    .port_info 0 /OUTPUT 16 "a"
    .port_info 1 /INPUT 16 "b"
    .port_info 2 /INPUT 1 "c"
    .port_info 3 /INPUT 1 "d"
    .port_info 4 /INPUT 1 "e"
    .port_info 5 /INPUT 1 "w"
L_0x5622c2fa5c40 .functor AND 1, L_0x5622c2f618c0, L_0x5622c2f61930, C4<1>, C4<1>;
L_0x5622c2fa5cd0 .functor AND 1, L_0x5622c2fa5c40, L_0x5622c2f622c0, C4<1>, C4<1>;
L_0x5622c2fa5db0 .functor AND 1, L_0x5622c2fa5cd0, v0x5622c2f93cd0_0, C4<1>, C4<1>;
v0x5622c2f8f760_0 .net *"_s0", 0 0, L_0x5622c2fa5c40;  1 drivers
v0x5622c2f8f860_0 .net *"_s2", 0 0, L_0x5622c2fa5cd0;  1 drivers
L_0x7fa51d405258 .functor BUFT 1, C4<0000000000000000>, C4<0>, C4<0>, C4<0>;
v0x5622c2f8f940_0 .net/2u *"_s6", 15 0, L_0x7fa51d405258;  1 drivers
v0x5622c2f8fa00_0 .net "a", 15 0, L_0x5622c2fa5e70;  alias, 1 drivers
v0x5622c2f8faf0_0 .net "b", 15 0, v0x5622c2f938f0_0;  alias, 1 drivers
v0x5622c2f8fc00_0 .net "c", 0 0, L_0x5622c2f618c0;  alias, 1 drivers
v0x5622c2f8fdb0_0 .net "d", 0 0, L_0x5622c2f61930;  alias, 1 drivers
v0x5622c2f8ff60_0 .net "e", 0 0, L_0x5622c2f622c0;  alias, 1 drivers
v0x5622c2f90110_0 .net "validacion", 0 0, L_0x5622c2fa5db0;  1 drivers
v0x5622c2f901d0_0 .net "w", 0 0, v0x5622c2f93cd0_0;  alias, 1 drivers
L_0x5622c2fa5e70 .functor MUXZ 16, L_0x7fa51d405258, v0x5622c2f938f0_0, L_0x5622c2fa5db0, C4<>;
    .scope S_0x5622c2f516a0;
T_0 ;
    %pushi/vec4 0, 0, 16;
    %store/vec4 v0x5622c2f92b50_0, 0, 16;
    %pushi/vec4 1, 0, 16;
    %store/vec4 v0x5622c2f92c80_0, 0, 16;
    %pushi/vec4 2, 0, 16;
    %store/vec4 v0x5622c2f933a0_0, 0, 16;
    %pushi/vec4 3, 0, 16;
    %store/vec4 v0x5622c2f93440_0, 0, 16;
    %pushi/vec4 4, 0, 16;
    %store/vec4 v0x5622c2f93530_0, 0, 16;
    %pushi/vec4 5, 0, 16;
    %store/vec4 v0x5622c2f93620_0, 0, 16;
    %pushi/vec4 6, 0, 16;
    %store/vec4 v0x5622c2f93710_0, 0, 16;
    %pushi/vec4 7, 0, 16;
    %store/vec4 v0x5622c2f93800_0, 0, 16;
    %pushi/vec4 8, 0, 16;
    %store/vec4 v0x5622c2f938f0_0, 0, 16;
    %pushi/vec4 9, 0, 16;
    %store/vec4 v0x5622c2f939e0_0, 0, 16;
    %pushi/vec4 10, 0, 16;
    %store/vec4 v0x5622c2f92d90_0, 0, 16;
    %pushi/vec4 11, 0, 16;
    %store/vec4 v0x5622c2f92e80_0, 0, 16;
    %pushi/vec4 12, 0, 16;
    %store/vec4 v0x5622c2f92f90_0, 0, 16;
    %pushi/vec4 13, 0, 16;
    %store/vec4 v0x5622c2f930d0_0, 0, 16;
    %pushi/vec4 14, 0, 16;
    %store/vec4 v0x5622c2f931c0_0, 0, 16;
    %pushi/vec4 15, 0, 16;
    %store/vec4 v0x5622c2f932b0_0, 0, 16;
    %pushi/vec4 0, 0, 1;
    %store/vec4 v0x5622c2f93af0_0, 0, 1;
    %pushi/vec4 0, 0, 1;
    %store/vec4 v0x5622c2f93b90_0, 0, 1;
    %pushi/vec4 0, 0, 1;
    %store/vec4 v0x5622c2f93c30_0, 0, 1;
    %pushi/vec4 0, 0, 1;
    %store/vec4 v0x5622c2f93cd0_0, 0, 1;
    %vpi_call 2 30 "$display", "time\011\011D0\011\011\011D1\011\011\011D2\011\011\011D3\011\011\011D4\011\011\011D5\011\011\011D6\011\011\011D7\011\011\011D8\011\011\011D9\011\011\011D10\011\011\011D11\011\011\011D12\011\011\011D13\011\011\011D14\011\011\011D15\011\011S3\011S2\011S1\011S0\011\011Y" {0 0 0};
    %vpi_call 2 31 "$monitor", "%2d:\011%b\011%b\011%b\011%b\011%b\011%b\011%b\011%b\011%b\011%b\011%b\011%b\011%b\011%b\011%b\011%b\011%b\011%b\011%b\011%b\011%b", $time, v0x5622c2f92b50_0, v0x5622c2f92c80_0, v0x5622c2f933a0_0, v0x5622c2f93440_0, v0x5622c2f93530_0, v0x5622c2f93620_0, v0x5622c2f93710_0, v0x5622c2f93800_0, v0x5622c2f938f0_0, v0x5622c2f939e0_0, v0x5622c2f92d90_0, v0x5622c2f92e80_0, v0x5622c2f92f90_0, v0x5622c2f930d0_0, v0x5622c2f931c0_0, v0x5622c2f932b0_0, v0x5622c2f93cd0_0, v0x5622c2f93c30_0, v0x5622c2f93b90_0, v0x5622c2f93af0_0, v0x5622c2f93d70_0 {0 0 0};
    %delay 16, 0;
    %vpi_call 2 32 "$finish" {0 0 0};
    %end;
    .thread T_0;
    .scope S_0x5622c2f516a0;
T_1 ;
    %delay 1, 0;
    %load/vec4 v0x5622c2f93af0_0;
    %nor/r;
    %store/vec4 v0x5622c2f93af0_0, 0, 1;
    %jmp T_1;
    .thread T_1;
    .scope S_0x5622c2f516a0;
T_2 ;
    %delay 2, 0;
    %load/vec4 v0x5622c2f93b90_0;
    %nor/r;
    %store/vec4 v0x5622c2f93b90_0, 0, 1;
    %jmp T_2;
    .thread T_2;
    .scope S_0x5622c2f516a0;
T_3 ;
    %delay 4, 0;
    %load/vec4 v0x5622c2f93c30_0;
    %nor/r;
    %store/vec4 v0x5622c2f93c30_0, 0, 1;
    %jmp T_3;
    .thread T_3;
    .scope S_0x5622c2f516a0;
T_4 ;
    %delay 8, 0;
    %load/vec4 v0x5622c2f93cd0_0;
    %nor/r;
    %store/vec4 v0x5622c2f93cd0_0, 0, 1;
    %jmp T_4;
    .thread T_4;
    .scope S_0x5622c2f516a0;
T_5 ;
    %vpi_call 2 39 "$dumpfile", "mux16_16x1.vcd" {0 0 0};
    %vpi_call 2 40 "$dumpvars" {0 0 0};
    %end;
    .thread T_5;
# The file index is used to find the file name in the following table.
:file_names 7;
    "N/A";
    "<interactive>";
    "mux16_16x1_tb.v";
    "mux16_16x1.v";
    "mux16_16x1_not.v";
    "mux16_16x1_and.v";
    "mux16_16x1_or.v";
