#! /usr/bin/vvp
:ivl_version "10.1 (stable)";
:ivl_delay_selection "TYPICAL";
:vpi_time_precision - 9;
:vpi_module "system";
:vpi_module "vhdl_sys";
:vpi_module "v2005_math";
:vpi_module "va_math";
S_0x560b4fc1b670 .scope module, "demux16_1x2_tv" "demux16_1x2_tv" 2 2;
 .timescale -9 -9;
v0x560b4fc3c4e0_0 .var "D0", 15 0;
v0x560b4fc3c5c0_0 .var "s", 0 0;
v0x560b4fc3c660_0 .net "y0", 15 0, L_0x560b4fc4cb00;  1 drivers
v0x560b4fc3c760_0 .net "y1", 15 0, L_0x560b4fc4cf90;  1 drivers
S_0x560b4fc1b7f0 .scope module, "g" "demux16_1x2" 2 6, 3 1 0, S_0x560b4fc1b670;
 .timescale -9 -9;
    .port_info 0 /INPUT 16 "D0"
    .port_info 1 /INPUT 1 "s"
    .port_info 2 /OUTPUT 16 "y0"
    .port_info 3 /OUTPUT 16 "y1"
v0x560b4fc1b970_0 .net "D0", 15 0, v0x560b4fc3c4e0_0;  1 drivers
v0x560b4fc3b930_0 .net *"_s0", 31 0, L_0x560b4fc3c830;  1 drivers
v0x560b4fc3ba10_0 .net *"_s12", 31 0, L_0x560b4fc4cce0;  1 drivers
L_0x7fbd40f6d0f0 .functor BUFT 1, C4<0000000000000000000000000000000>, C4<0>, C4<0>, C4<0>;
v0x560b4fc3bad0_0 .net *"_s15", 30 0, L_0x7fbd40f6d0f0;  1 drivers
L_0x7fbd40f6d138 .functor BUFT 1, C4<00000000000000000000000000000001>, C4<0>, C4<0>, C4<0>;
v0x560b4fc3bbb0_0 .net/2u *"_s16", 31 0, L_0x7fbd40f6d138;  1 drivers
v0x560b4fc3bce0_0 .net *"_s18", 0 0, L_0x560b4fc4ce50;  1 drivers
L_0x7fbd40f6d180 .functor BUFT 1, C4<0000000000000000>, C4<0>, C4<0>, C4<0>;
v0x560b4fc3bda0_0 .net/2u *"_s20", 15 0, L_0x7fbd40f6d180;  1 drivers
L_0x7fbd40f6d018 .functor BUFT 1, C4<0000000000000000000000000000000>, C4<0>, C4<0>, C4<0>;
v0x560b4fc3be80_0 .net *"_s3", 30 0, L_0x7fbd40f6d018;  1 drivers
L_0x7fbd40f6d060 .functor BUFT 1, C4<00000000000000000000000000000000>, C4<0>, C4<0>, C4<0>;
v0x560b4fc3bf60_0 .net/2u *"_s4", 31 0, L_0x7fbd40f6d060;  1 drivers
v0x560b4fc3c040_0 .net *"_s6", 0 0, L_0x560b4fc4c990;  1 drivers
L_0x7fbd40f6d0a8 .functor BUFT 1, C4<0000000000000000>, C4<0>, C4<0>, C4<0>;
v0x560b4fc3c100_0 .net/2u *"_s8", 15 0, L_0x7fbd40f6d0a8;  1 drivers
v0x560b4fc3c1e0_0 .net "s", 0 0, v0x560b4fc3c5c0_0;  1 drivers
v0x560b4fc3c2a0_0 .net "y0", 15 0, L_0x560b4fc4cb00;  alias, 1 drivers
v0x560b4fc3c380_0 .net "y1", 15 0, L_0x560b4fc4cf90;  alias, 1 drivers
L_0x560b4fc3c830 .concat [ 1 31 0 0], v0x560b4fc3c5c0_0, L_0x7fbd40f6d018;
L_0x560b4fc4c990 .cmp/eq 32, L_0x560b4fc3c830, L_0x7fbd40f6d060;
L_0x560b4fc4cb00 .functor MUXZ 16, L_0x7fbd40f6d0a8, v0x560b4fc3c4e0_0, L_0x560b4fc4c990, C4<>;
L_0x560b4fc4cce0 .concat [ 1 31 0 0], v0x560b4fc3c5c0_0, L_0x7fbd40f6d0f0;
L_0x560b4fc4ce50 .cmp/eq 32, L_0x560b4fc4cce0, L_0x7fbd40f6d138;
L_0x560b4fc4cf90 .functor MUXZ 16, L_0x7fbd40f6d180, v0x560b4fc3c4e0_0, L_0x560b4fc4ce50, C4<>;
    .scope S_0x560b4fc1b670;
T_0 ;
    %vpi_call 2 8 "$display", "time\011\011D0\011\011s\011\011y0\011\011\011y1" {0 0 0};
    %pushi/vec4 1, 0, 16;
    %store/vec4 v0x560b4fc3c4e0_0, 0, 16;
    %pushi/vec4 0, 0, 1;
    %store/vec4 v0x560b4fc3c5c0_0, 0, 1;
    %delay 6, 0;
    %vpi_call 2 11 "$finish" {0 0 0};
    %end;
    .thread T_0;
    .scope S_0x560b4fc1b670;
T_1 ;
    %vpi_call 2 14 "$monitor", "%2d:\011%b\011%b\011%b\011%b", $time, v0x560b4fc3c4e0_0, v0x560b4fc3c5c0_0, v0x560b4fc3c660_0, v0x560b4fc3c760_0 {0 0 0};
    %end;
    .thread T_1;
    .scope S_0x560b4fc1b670;
T_2 ;
    %delay 1, 0;
    %load/vec4 v0x560b4fc3c5c0_0;
    %nor/r;
    %store/vec4 v0x560b4fc3c5c0_0, 0, 1;
    %jmp T_2;
    .thread T_2;
    .scope S_0x560b4fc1b670;
T_3 ;
    %delay 1, 0;
    %load/vec4 v0x560b4fc3c4e0_0;
    %addi 1, 0, 16;
    %store/vec4 v0x560b4fc3c4e0_0, 0, 16;
    %jmp T_3;
    .thread T_3;
    .scope S_0x560b4fc1b670;
T_4 ;
    %vpi_call 2 20 "$dumpfile", "demux16_1x2.vcd" {0 0 0};
    %vpi_call 2 21 "$dumpvars" {0 0 0};
    %end;
    .thread T_4;
# The file index is used to find the file name in the following table.
:file_names 4;
    "N/A";
    "<interactive>";
    "demux16_1x2_tb.v";
    "demux16_1x2.v";
