#! /usr/bin/vvp
:ivl_version "10.1 (stable)";
:ivl_delay_selection "TYPICAL";
:vpi_time_precision - 9;
:vpi_module "system";
:vpi_module "vhdl_sys";
:vpi_module "v2005_math";
:vpi_module "va_math";
S_0x5582ea495350 .scope module, "decoder3x8_tb" "decoder3x8_tb" 2 2;
 .timescale -9 -9;
v0x5582ea4bae70_0 .net "d", 7 0, L_0x5582ea4cf400;  1 drivers
v0x5582ea4baf30_0 .var "ena", 0 0;
v0x5582ea4bb000_0 .var "n", 2 0;
S_0x5582ea4954d0 .scope module, "g" "decoder3x8" 2 6, 3 1 0, S_0x5582ea495350;
 .timescale -9 -9;
    .port_info 0 /INPUT 3 "n"
    .port_info 1 /INPUT 1 "ena"
    .port_info 2 /OUTPUT 8 "d"
L_0x7f0a2b5700a8 .functor BUFT 1, C4<000>, C4<0>, C4<0>, C4<0>;
v0x5582ea4956f0_0 .net/2u *"_s10", 2 0, L_0x7f0a2b5700a8;  1 drivers
v0x5582ea4b5610_0 .net *"_s100", 1 0, L_0x5582ea4cd070;  1 drivers
v0x5582ea4b56f0_0 .net *"_s103", 0 0, L_0x5582ea4cd200;  1 drivers
v0x5582ea4b57b0_0 .net *"_s106", 31 0, L_0x5582ea4cd3c0;  1 drivers
L_0x7f0a2b5706d8 .functor BUFT 1, C4<0000000000000000000000000000000>, C4<0>, C4<0>, C4<0>;
v0x5582ea4b5890_0 .net *"_s109", 30 0, L_0x7f0a2b5706d8;  1 drivers
L_0x7f0a2b570720 .functor BUFT 1, C4<00000000000000000000000000000001>, C4<0>, C4<0>, C4<0>;
v0x5582ea4b59c0_0 .net/2u *"_s110", 31 0, L_0x7f0a2b570720;  1 drivers
v0x5582ea4b5aa0_0 .net *"_s112", 0 0, L_0x5582ea4cd4b0;  1 drivers
L_0x7f0a2b570768 .functor BUFT 1, C4<100>, C4<0>, C4<0>, C4<0>;
v0x5582ea4b5b60_0 .net/2u *"_s114", 2 0, L_0x7f0a2b570768;  1 drivers
v0x5582ea4b5c40_0 .net *"_s116", 0 0, L_0x5582ea4cd6d0;  1 drivers
L_0x7f0a2b5707b0 .functor BUFT 1, C4<01>, C4<0>, C4<0>, C4<0>;
v0x5582ea4b5d00_0 .net/2s *"_s118", 1 0, L_0x7f0a2b5707b0;  1 drivers
v0x5582ea4b5de0_0 .net *"_s12", 0 0, L_0x5582ea4cb3d0;  1 drivers
L_0x7f0a2b5707f8 .functor BUFT 1, C4<00>, C4<0>, C4<0>, C4<0>;
v0x5582ea4b5ea0_0 .net/2s *"_s120", 1 0, L_0x7f0a2b5707f8;  1 drivers
v0x5582ea4b5f80_0 .net *"_s122", 1 0, L_0x5582ea4cd7c0;  1 drivers
L_0x7f0a2b570840 .functor BUFT 1, C4<00>, C4<0>, C4<0>, C4<0>;
v0x5582ea4b6060_0 .net/2s *"_s124", 1 0, L_0x7f0a2b570840;  1 drivers
v0x5582ea4b6140_0 .net *"_s126", 1 0, L_0x5582ea4cda70;  1 drivers
v0x5582ea4b6220_0 .net *"_s129", 0 0, L_0x5582ea4cdc00;  1 drivers
v0x5582ea4b6300_0 .net *"_s132", 31 0, L_0x5582ea4cddf0;  1 drivers
L_0x7f0a2b570888 .functor BUFT 1, C4<0000000000000000000000000000000>, C4<0>, C4<0>, C4<0>;
v0x5582ea4b63e0_0 .net *"_s135", 30 0, L_0x7f0a2b570888;  1 drivers
L_0x7f0a2b5708d0 .functor BUFT 1, C4<00000000000000000000000000000001>, C4<0>, C4<0>, C4<0>;
v0x5582ea4b64c0_0 .net/2u *"_s136", 31 0, L_0x7f0a2b5708d0;  1 drivers
v0x5582ea4b65a0_0 .net *"_s138", 0 0, L_0x5582ea4cdee0;  1 drivers
L_0x7f0a2b5700f0 .functor BUFT 1, C4<01>, C4<0>, C4<0>, C4<0>;
v0x5582ea4b6660_0 .net/2s *"_s14", 1 0, L_0x7f0a2b5700f0;  1 drivers
L_0x7f0a2b570918 .functor BUFT 1, C4<101>, C4<0>, C4<0>, C4<0>;
v0x5582ea4b6740_0 .net/2u *"_s140", 2 0, L_0x7f0a2b570918;  1 drivers
v0x5582ea4b6820_0 .net *"_s142", 0 0, L_0x5582ea4ce130;  1 drivers
L_0x7f0a2b570960 .functor BUFT 1, C4<01>, C4<0>, C4<0>, C4<0>;
v0x5582ea4b68e0_0 .net/2s *"_s144", 1 0, L_0x7f0a2b570960;  1 drivers
L_0x7f0a2b5709a8 .functor BUFT 1, C4<00>, C4<0>, C4<0>, C4<0>;
v0x5582ea4b69c0_0 .net/2s *"_s146", 1 0, L_0x7f0a2b5709a8;  1 drivers
v0x5582ea4b6aa0_0 .net *"_s148", 1 0, L_0x5582ea4ce220;  1 drivers
L_0x7f0a2b5709f0 .functor BUFT 1, C4<00>, C4<0>, C4<0>, C4<0>;
v0x5582ea4b6b80_0 .net/2s *"_s150", 1 0, L_0x7f0a2b5709f0;  1 drivers
v0x5582ea4b6c60_0 .net *"_s152", 1 0, L_0x5582ea4ce500;  1 drivers
v0x5582ea4b6d40_0 .net *"_s155", 0 0, L_0x5582ea4ce690;  1 drivers
v0x5582ea4b6e20_0 .net *"_s158", 31 0, L_0x5582ea4ce8b0;  1 drivers
L_0x7f0a2b570138 .functor BUFT 1, C4<00>, C4<0>, C4<0>, C4<0>;
v0x5582ea4b6f00_0 .net/2s *"_s16", 1 0, L_0x7f0a2b570138;  1 drivers
L_0x7f0a2b570a38 .functor BUFT 1, C4<0000000000000000000000000000000>, C4<0>, C4<0>, C4<0>;
v0x5582ea4b6fe0_0 .net *"_s161", 30 0, L_0x7f0a2b570a38;  1 drivers
L_0x7f0a2b570a80 .functor BUFT 1, C4<00000000000000000000000000000001>, C4<0>, C4<0>, C4<0>;
v0x5582ea4b70c0_0 .net/2u *"_s162", 31 0, L_0x7f0a2b570a80;  1 drivers
v0x5582ea4b71a0_0 .net *"_s164", 0 0, L_0x5582ea4ce9a0;  1 drivers
L_0x7f0a2b570ac8 .functor BUFT 1, C4<110>, C4<0>, C4<0>, C4<0>;
v0x5582ea4b7260_0 .net/2u *"_s166", 2 0, L_0x7f0a2b570ac8;  1 drivers
v0x5582ea4b7340_0 .net *"_s168", 0 0, L_0x5582ea4cec20;  1 drivers
L_0x7f0a2b570b10 .functor BUFT 1, C4<01>, C4<0>, C4<0>, C4<0>;
v0x5582ea4b7400_0 .net/2s *"_s170", 1 0, L_0x7f0a2b570b10;  1 drivers
L_0x7f0a2b570b58 .functor BUFT 1, C4<00>, C4<0>, C4<0>, C4<0>;
v0x5582ea4b74e0_0 .net/2s *"_s172", 1 0, L_0x7f0a2b570b58;  1 drivers
v0x5582ea4b75c0_0 .net *"_s174", 1 0, L_0x5582ea4ced10;  1 drivers
L_0x7f0a2b570ba0 .functor BUFT 1, C4<00>, C4<0>, C4<0>, C4<0>;
v0x5582ea4b76a0_0 .net/2s *"_s176", 1 0, L_0x7f0a2b570ba0;  1 drivers
v0x5582ea4b7780_0 .net *"_s178", 1 0, L_0x5582ea4cf020;  1 drivers
v0x5582ea4b7860_0 .net *"_s18", 1 0, L_0x5582ea4cb590;  1 drivers
v0x5582ea4b7940_0 .net *"_s181", 0 0, L_0x5582ea4cf1b0;  1 drivers
v0x5582ea4b7a20_0 .net *"_s185", 31 0, L_0x5582ea4cf770;  1 drivers
L_0x7f0a2b570be8 .functor BUFT 1, C4<0000000000000000000000000000000>, C4<0>, C4<0>, C4<0>;
v0x5582ea4b7b00_0 .net *"_s188", 30 0, L_0x7f0a2b570be8;  1 drivers
L_0x7f0a2b570c30 .functor BUFT 1, C4<00000000000000000000000000000001>, C4<0>, C4<0>, C4<0>;
v0x5582ea4b7be0_0 .net/2u *"_s189", 31 0, L_0x7f0a2b570c30;  1 drivers
v0x5582ea4b7cc0_0 .net *"_s191", 0 0, L_0x5582ea4cf9d0;  1 drivers
L_0x7f0a2b570c78 .functor BUFT 1, C4<111>, C4<0>, C4<0>, C4<0>;
v0x5582ea4b7d80_0 .net/2u *"_s193", 2 0, L_0x7f0a2b570c78;  1 drivers
v0x5582ea4b7e60_0 .net *"_s195", 0 0, L_0x5582ea4cfb10;  1 drivers
L_0x7f0a2b570cc0 .functor BUFT 1, C4<01>, C4<0>, C4<0>, C4<0>;
v0x5582ea4b7f20_0 .net/2s *"_s197", 1 0, L_0x7f0a2b570cc0;  1 drivers
L_0x7f0a2b570d08 .functor BUFT 1, C4<00>, C4<0>, C4<0>, C4<0>;
v0x5582ea4b8000_0 .net/2s *"_s199", 1 0, L_0x7f0a2b570d08;  1 drivers
v0x5582ea4b80e0_0 .net *"_s2", 31 0, L_0x5582ea4bb100;  1 drivers
L_0x7f0a2b570180 .functor BUFT 1, C4<00>, C4<0>, C4<0>, C4<0>;
v0x5582ea4b81c0_0 .net/2s *"_s20", 1 0, L_0x7f0a2b570180;  1 drivers
v0x5582ea4b82a0_0 .net *"_s201", 1 0, L_0x5582ea4cfd80;  1 drivers
L_0x7f0a2b570d50 .functor BUFT 1, C4<00>, C4<0>, C4<0>, C4<0>;
v0x5582ea4b8380_0 .net/2s *"_s203", 1 0, L_0x7f0a2b570d50;  1 drivers
v0x5582ea4b8460_0 .net *"_s205", 1 0, L_0x5582ea4cff10;  1 drivers
v0x5582ea4b8540_0 .net *"_s208", 0 0, L_0x5582ea4d0230;  1 drivers
v0x5582ea4b8620_0 .net *"_s22", 1 0, L_0x5582ea4cb750;  1 drivers
v0x5582ea4b8700_0 .net *"_s25", 0 0, L_0x5582ea4cb8e0;  1 drivers
v0x5582ea4b87e0_0 .net *"_s28", 31 0, L_0x5582ea4cba10;  1 drivers
L_0x7f0a2b5701c8 .functor BUFT 1, C4<0000000000000000000000000000000>, C4<0>, C4<0>, C4<0>;
v0x5582ea4b88c0_0 .net *"_s31", 30 0, L_0x7f0a2b5701c8;  1 drivers
L_0x7f0a2b570210 .functor BUFT 1, C4<00000000000000000000000000000001>, C4<0>, C4<0>, C4<0>;
v0x5582ea4b89a0_0 .net/2u *"_s32", 31 0, L_0x7f0a2b570210;  1 drivers
v0x5582ea4b8a80_0 .net *"_s34", 0 0, L_0x5582ea4cbb00;  1 drivers
L_0x7f0a2b570258 .functor BUFT 1, C4<001>, C4<0>, C4<0>, C4<0>;
v0x5582ea4b8b40_0 .net/2u *"_s36", 2 0, L_0x7f0a2b570258;  1 drivers
v0x5582ea4b8c20_0 .net *"_s38", 0 0, L_0x5582ea4cbc90;  1 drivers
L_0x7f0a2b5702a0 .functor BUFT 1, C4<01>, C4<0>, C4<0>, C4<0>;
v0x5582ea4b90f0_0 .net/2s *"_s40", 1 0, L_0x7f0a2b5702a0;  1 drivers
L_0x7f0a2b5702e8 .functor BUFT 1, C4<00>, C4<0>, C4<0>, C4<0>;
v0x5582ea4b91d0_0 .net/2s *"_s42", 1 0, L_0x7f0a2b5702e8;  1 drivers
v0x5582ea4b92b0_0 .net *"_s44", 1 0, L_0x5582ea4cbd30;  1 drivers
L_0x7f0a2b570330 .functor BUFT 1, C4<00>, C4<0>, C4<0>, C4<0>;
v0x5582ea4b9390_0 .net/2s *"_s46", 1 0, L_0x7f0a2b570330;  1 drivers
v0x5582ea4b9470_0 .net *"_s48", 1 0, L_0x5582ea4cbed0;  1 drivers
L_0x7f0a2b570018 .functor BUFT 1, C4<0000000000000000000000000000000>, C4<0>, C4<0>, C4<0>;
v0x5582ea4b9550_0 .net *"_s5", 30 0, L_0x7f0a2b570018;  1 drivers
v0x5582ea4b9630_0 .net *"_s51", 0 0, L_0x5582ea4cc060;  1 drivers
v0x5582ea4b9710_0 .net *"_s54", 31 0, L_0x5582ea4cc1c0;  1 drivers
L_0x7f0a2b570378 .functor BUFT 1, C4<0000000000000000000000000000000>, C4<0>, C4<0>, C4<0>;
v0x5582ea4b97f0_0 .net *"_s57", 30 0, L_0x7f0a2b570378;  1 drivers
L_0x7f0a2b5703c0 .functor BUFT 1, C4<00000000000000000000000000000001>, C4<0>, C4<0>, C4<0>;
v0x5582ea4b98d0_0 .net/2u *"_s58", 31 0, L_0x7f0a2b5703c0;  1 drivers
L_0x7f0a2b570060 .functor BUFT 1, C4<00000000000000000000000000000001>, C4<0>, C4<0>, C4<0>;
v0x5582ea4b99b0_0 .net/2u *"_s6", 31 0, L_0x7f0a2b570060;  1 drivers
v0x5582ea4b9a90_0 .net *"_s60", 0 0, L_0x5582ea4cc260;  1 drivers
L_0x7f0a2b570408 .functor BUFT 1, C4<010>, C4<0>, C4<0>, C4<0>;
v0x5582ea4b9b50_0 .net/2u *"_s62", 2 0, L_0x7f0a2b570408;  1 drivers
v0x5582ea4b9c30_0 .net *"_s64", 0 0, L_0x5582ea4cc420;  1 drivers
L_0x7f0a2b570450 .functor BUFT 1, C4<01>, C4<0>, C4<0>, C4<0>;
v0x5582ea4b9cf0_0 .net/2s *"_s66", 1 0, L_0x7f0a2b570450;  1 drivers
L_0x7f0a2b570498 .functor BUFT 1, C4<00>, C4<0>, C4<0>, C4<0>;
v0x5582ea4b9dd0_0 .net/2s *"_s68", 1 0, L_0x7f0a2b570498;  1 drivers
v0x5582ea4b9eb0_0 .net *"_s70", 1 0, L_0x5582ea4cc550;  1 drivers
L_0x7f0a2b5704e0 .functor BUFT 1, C4<00>, C4<0>, C4<0>, C4<0>;
v0x5582ea4b9f90_0 .net/2s *"_s72", 1 0, L_0x7f0a2b5704e0;  1 drivers
v0x5582ea4ba070_0 .net *"_s74", 1 0, L_0x5582ea4cc7a0;  1 drivers
v0x5582ea4ba150_0 .net *"_s77", 0 0, L_0x5582ea4cc930;  1 drivers
v0x5582ea4ba230_0 .net *"_s8", 0 0, L_0x5582ea4cb260;  1 drivers
v0x5582ea4ba2f0_0 .net *"_s80", 31 0, L_0x5582ea4ccac0;  1 drivers
L_0x7f0a2b570528 .functor BUFT 1, C4<0000000000000000000000000000000>, C4<0>, C4<0>, C4<0>;
v0x5582ea4ba3d0_0 .net *"_s83", 30 0, L_0x7f0a2b570528;  1 drivers
L_0x7f0a2b570570 .functor BUFT 1, C4<00000000000000000000000000000001>, C4<0>, C4<0>, C4<0>;
v0x5582ea4ba4b0_0 .net/2u *"_s84", 31 0, L_0x7f0a2b570570;  1 drivers
v0x5582ea4ba590_0 .net *"_s86", 0 0, L_0x5582ea4ccbb0;  1 drivers
L_0x7f0a2b5705b8 .functor BUFT 1, C4<011>, C4<0>, C4<0>, C4<0>;
v0x5582ea4ba650_0 .net/2u *"_s88", 2 0, L_0x7f0a2b5705b8;  1 drivers
v0x5582ea4ba730_0 .net *"_s90", 0 0, L_0x5582ea4cca20;  1 drivers
L_0x7f0a2b570600 .functor BUFT 1, C4<01>, C4<0>, C4<0>, C4<0>;
v0x5582ea4ba7f0_0 .net/2s *"_s92", 1 0, L_0x7f0a2b570600;  1 drivers
L_0x7f0a2b570648 .functor BUFT 1, C4<00>, C4<0>, C4<0>, C4<0>;
v0x5582ea4ba8d0_0 .net/2s *"_s94", 1 0, L_0x7f0a2b570648;  1 drivers
v0x5582ea4ba9b0_0 .net *"_s96", 1 0, L_0x5582ea4ccdf0;  1 drivers
L_0x7f0a2b570690 .functor BUFT 1, C4<00>, C4<0>, C4<0>, C4<0>;
v0x5582ea4baa90_0 .net/2s *"_s98", 1 0, L_0x7f0a2b570690;  1 drivers
v0x5582ea4bab70_0 .net "d", 7 0, L_0x5582ea4cf400;  alias, 1 drivers
v0x5582ea4bac50_0 .net "ena", 0 0, v0x5582ea4baf30_0;  1 drivers
v0x5582ea4bad10_0 .net "n", 2 0, v0x5582ea4bb000_0;  1 drivers
L_0x5582ea4bb100 .concat [ 1 31 0 0], v0x5582ea4baf30_0, L_0x7f0a2b570018;
L_0x5582ea4cb260 .cmp/eq 32, L_0x5582ea4bb100, L_0x7f0a2b570060;
L_0x5582ea4cb3d0 .cmp/eq 3, v0x5582ea4bb000_0, L_0x7f0a2b5700a8;
L_0x5582ea4cb590 .functor MUXZ 2, L_0x7f0a2b570138, L_0x7f0a2b5700f0, L_0x5582ea4cb3d0, C4<>;
L_0x5582ea4cb750 .functor MUXZ 2, L_0x7f0a2b570180, L_0x5582ea4cb590, L_0x5582ea4cb260, C4<>;
L_0x5582ea4cb8e0 .part L_0x5582ea4cb750, 0, 1;
L_0x5582ea4cba10 .concat [ 1 31 0 0], v0x5582ea4baf30_0, L_0x7f0a2b5701c8;
L_0x5582ea4cbb00 .cmp/eq 32, L_0x5582ea4cba10, L_0x7f0a2b570210;
L_0x5582ea4cbc90 .cmp/eq 3, v0x5582ea4bb000_0, L_0x7f0a2b570258;
L_0x5582ea4cbd30 .functor MUXZ 2, L_0x7f0a2b5702e8, L_0x7f0a2b5702a0, L_0x5582ea4cbc90, C4<>;
L_0x5582ea4cbed0 .functor MUXZ 2, L_0x7f0a2b570330, L_0x5582ea4cbd30, L_0x5582ea4cbb00, C4<>;
L_0x5582ea4cc060 .part L_0x5582ea4cbed0, 0, 1;
L_0x5582ea4cc1c0 .concat [ 1 31 0 0], v0x5582ea4baf30_0, L_0x7f0a2b570378;
L_0x5582ea4cc260 .cmp/eq 32, L_0x5582ea4cc1c0, L_0x7f0a2b5703c0;
L_0x5582ea4cc420 .cmp/eq 3, v0x5582ea4bb000_0, L_0x7f0a2b570408;
L_0x5582ea4cc550 .functor MUXZ 2, L_0x7f0a2b570498, L_0x7f0a2b570450, L_0x5582ea4cc420, C4<>;
L_0x5582ea4cc7a0 .functor MUXZ 2, L_0x7f0a2b5704e0, L_0x5582ea4cc550, L_0x5582ea4cc260, C4<>;
L_0x5582ea4cc930 .part L_0x5582ea4cc7a0, 0, 1;
L_0x5582ea4ccac0 .concat [ 1 31 0 0], v0x5582ea4baf30_0, L_0x7f0a2b570528;
L_0x5582ea4ccbb0 .cmp/eq 32, L_0x5582ea4ccac0, L_0x7f0a2b570570;
L_0x5582ea4cca20 .cmp/eq 3, v0x5582ea4bb000_0, L_0x7f0a2b5705b8;
L_0x5582ea4ccdf0 .functor MUXZ 2, L_0x7f0a2b570648, L_0x7f0a2b570600, L_0x5582ea4cca20, C4<>;
L_0x5582ea4cd070 .functor MUXZ 2, L_0x7f0a2b570690, L_0x5582ea4ccdf0, L_0x5582ea4ccbb0, C4<>;
L_0x5582ea4cd200 .part L_0x5582ea4cd070, 0, 1;
L_0x5582ea4cd3c0 .concat [ 1 31 0 0], v0x5582ea4baf30_0, L_0x7f0a2b5706d8;
L_0x5582ea4cd4b0 .cmp/eq 32, L_0x5582ea4cd3c0, L_0x7f0a2b570720;
L_0x5582ea4cd6d0 .cmp/eq 3, v0x5582ea4bb000_0, L_0x7f0a2b570768;
L_0x5582ea4cd7c0 .functor MUXZ 2, L_0x7f0a2b5707f8, L_0x7f0a2b5707b0, L_0x5582ea4cd6d0, C4<>;
L_0x5582ea4cda70 .functor MUXZ 2, L_0x7f0a2b570840, L_0x5582ea4cd7c0, L_0x5582ea4cd4b0, C4<>;
L_0x5582ea4cdc00 .part L_0x5582ea4cda70, 0, 1;
L_0x5582ea4cddf0 .concat [ 1 31 0 0], v0x5582ea4baf30_0, L_0x7f0a2b570888;
L_0x5582ea4cdee0 .cmp/eq 32, L_0x5582ea4cddf0, L_0x7f0a2b5708d0;
L_0x5582ea4ce130 .cmp/eq 3, v0x5582ea4bb000_0, L_0x7f0a2b570918;
L_0x5582ea4ce220 .functor MUXZ 2, L_0x7f0a2b5709a8, L_0x7f0a2b570960, L_0x5582ea4ce130, C4<>;
L_0x5582ea4ce500 .functor MUXZ 2, L_0x7f0a2b5709f0, L_0x5582ea4ce220, L_0x5582ea4cdee0, C4<>;
L_0x5582ea4ce690 .part L_0x5582ea4ce500, 0, 1;
L_0x5582ea4ce8b0 .concat [ 1 31 0 0], v0x5582ea4baf30_0, L_0x7f0a2b570a38;
L_0x5582ea4ce9a0 .cmp/eq 32, L_0x5582ea4ce8b0, L_0x7f0a2b570a80;
L_0x5582ea4cec20 .cmp/eq 3, v0x5582ea4bb000_0, L_0x7f0a2b570ac8;
L_0x5582ea4ced10 .functor MUXZ 2, L_0x7f0a2b570b58, L_0x7f0a2b570b10, L_0x5582ea4cec20, C4<>;
L_0x5582ea4cf020 .functor MUXZ 2, L_0x7f0a2b570ba0, L_0x5582ea4ced10, L_0x5582ea4ce9a0, C4<>;
L_0x5582ea4cf1b0 .part L_0x5582ea4cf020, 0, 1;
LS_0x5582ea4cf400_0_0 .concat8 [ 1 1 1 1], L_0x5582ea4cb8e0, L_0x5582ea4cc060, L_0x5582ea4cc930, L_0x5582ea4cd200;
LS_0x5582ea4cf400_0_4 .concat8 [ 1 1 1 1], L_0x5582ea4cdc00, L_0x5582ea4ce690, L_0x5582ea4cf1b0, L_0x5582ea4d0230;
L_0x5582ea4cf400 .concat8 [ 4 4 0 0], LS_0x5582ea4cf400_0_0, LS_0x5582ea4cf400_0_4;
L_0x5582ea4cf770 .concat [ 1 31 0 0], v0x5582ea4baf30_0, L_0x7f0a2b570be8;
L_0x5582ea4cf9d0 .cmp/eq 32, L_0x5582ea4cf770, L_0x7f0a2b570c30;
L_0x5582ea4cfb10 .cmp/eq 3, v0x5582ea4bb000_0, L_0x7f0a2b570c78;
L_0x5582ea4cfd80 .functor MUXZ 2, L_0x7f0a2b570d08, L_0x7f0a2b570cc0, L_0x5582ea4cfb10, C4<>;
L_0x5582ea4cff10 .functor MUXZ 2, L_0x7f0a2b570d50, L_0x5582ea4cfd80, L_0x5582ea4cf9d0, C4<>;
L_0x5582ea4d0230 .part L_0x5582ea4cff10, 0, 1;
    .scope S_0x5582ea495350;
T_0 ;
    %vpi_call 2 8 "$display", "time\011ena\011n[2]\011n[1]\011n[0]\011d[7]\011d[6]\011d[5]\011d[4]\011d[3]\011d[2]\011d[1]\011d[0]" {0 0 0};
    %pushi/vec4 0, 0, 3;
    %store/vec4 v0x5582ea4bb000_0, 0, 3;
    %pushi/vec4 1, 0, 1;
    %store/vec4 v0x5582ea4baf30_0, 0, 1;
    %delay 8, 0;
    %vpi_call 2 12 "$finish" {0 0 0};
    %end;
    .thread T_0;
    .scope S_0x5582ea495350;
T_1 ;
    %vpi_call 2 15 "$monitor", "%2d:\011%b\011%b\011%b\011%b\011%b\011%b\011%b\011%b\011%b\011%b\011%b\011%b", $time, v0x5582ea4baf30_0, &PV<v0x5582ea4bb000_0, 2, 1>, &PV<v0x5582ea4bb000_0, 1, 1>, &PV<v0x5582ea4bb000_0, 0, 1>, &PV<v0x5582ea4bae70_0, 7, 1>, &PV<v0x5582ea4bae70_0, 6, 1>, &PV<v0x5582ea4bae70_0, 5, 1>, &PV<v0x5582ea4bae70_0, 4, 1>, &PV<v0x5582ea4bae70_0, 3, 1>, &PV<v0x5582ea4bae70_0, 2, 1>, &PV<v0x5582ea4bae70_0, 1, 1>, &PV<v0x5582ea4bae70_0, 0, 1> {0 0 0};
    %end;
    .thread T_1;
    .scope S_0x5582ea495350;
T_2 ;
    %delay 1, 0;
    %load/vec4 v0x5582ea4bb000_0;
    %parti/s 1, 0, 2;
    %nor/r;
    %ix/load 4, 0, 0;
    %flag_set/imm 4, 0;
    %store/vec4 v0x5582ea4bb000_0, 4, 1;
    %jmp T_2;
    .thread T_2;
    .scope S_0x5582ea495350;
T_3 ;
    %delay 2, 0;
    %load/vec4 v0x5582ea4bb000_0;
    %parti/s 1, 1, 2;
    %nor/r;
    %ix/load 4, 1, 0;
    %flag_set/imm 4, 0;
    %store/vec4 v0x5582ea4bb000_0, 4, 1;
    %jmp T_3;
    .thread T_3;
    .scope S_0x5582ea495350;
T_4 ;
    %delay 4, 0;
    %load/vec4 v0x5582ea4bb000_0;
    %parti/s 1, 2, 3;
    %nor/r;
    %ix/load 4, 2, 0;
    %flag_set/imm 4, 0;
    %store/vec4 v0x5582ea4bb000_0, 4, 1;
    %jmp T_4;
    .thread T_4;
    .scope S_0x5582ea495350;
T_5 ;
    %delay 8, 0;
    %load/vec4 v0x5582ea4baf30_0;
    %nor/r;
    %store/vec4 v0x5582ea4baf30_0, 0, 1;
    %jmp T_5;
    .thread T_5;
    .scope S_0x5582ea495350;
T_6 ;
    %delay 8, 0;
    %pushi/vec4 0, 7, 3;
    %store/vec4 v0x5582ea4bb000_0, 0, 3;
    %jmp T_6;
    .thread T_6;
    .scope S_0x5582ea495350;
T_7 ;
    %vpi_call 2 24 "$dumpfile", "decoder3x8.vcd" {0 0 0};
    %vpi_call 2 25 "$dumpvars" {0 0 0};
    %end;
    .thread T_7;
# The file index is used to find the file name in the following table.
:file_names 4;
    "N/A";
    "<interactive>";
    "decoder3x8_tb.v";
    "decoder3x8.v";
