#! /usr/bin/vvp
:ivl_version "10.1 (stable)";
:ivl_delay_selection "TYPICAL";
:vpi_time_precision - 9;
:vpi_module "system";
:vpi_module "vhdl_sys";
:vpi_module "v2005_math";
:vpi_module "va_math";
S_0x5584a22b2d10 .scope module, "encoder8x3_tb" "encoder8x3_tb" 2 2;
 .timescale -9 -9;
v0x5584a22d3330_0 .var "d", 7 0;
v0x5584a22d3420_0 .var "ena", 0 0;
v0x5584a22d34f0_0 .net "n", 2 0, v0x5584a22d31f0_0;  1 drivers
S_0x5584a22b2e90 .scope module, "g" "encoder8x3" 2 6, 3 1 0, S_0x5584a22b2d10;
 .timescale -9 -9;
    .port_info 0 /INPUT 8 "d"
    .port_info 1 /INPUT 1 "ena"
    .port_info 2 /OUTPUT 3 "n"
v0x5584a22b30b0_0 .net "d", 7 0, v0x5584a22d3330_0;  1 drivers
v0x5584a22d3130_0 .net "ena", 0 0, v0x5584a22d3420_0;  1 drivers
v0x5584a22d31f0_0 .var "n", 2 0;
E_0x5584a226fb60 .event edge, v0x5584a22d3130_0, v0x5584a22b30b0_0;
    .scope S_0x5584a22b2e90;
T_0 ;
    %wait E_0x5584a226fb60;
    %load/vec4 v0x5584a22d3130_0;
    %pad/u 32;
    %cmpi/e 1, 0, 32;
    %jmp/0xz  T_0.0, 4;
    %load/vec4 v0x5584a22b30b0_0;
    %dup/vec4;
    %pushi/vec4 128, 127, 8;
    %cmp/x;
    %jmp/1 T_0.2, 4;
    %dup/vec4;
    %pushi/vec4 64, 63, 8;
    %cmp/x;
    %jmp/1 T_0.3, 4;
    %dup/vec4;
    %pushi/vec4 32, 31, 8;
    %cmp/x;
    %jmp/1 T_0.4, 4;
    %dup/vec4;
    %pushi/vec4 16, 15, 8;
    %cmp/x;
    %jmp/1 T_0.5, 4;
    %dup/vec4;
    %pushi/vec4 8, 7, 8;
    %cmp/x;
    %jmp/1 T_0.6, 4;
    %dup/vec4;
    %pushi/vec4 4, 3, 8;
    %cmp/x;
    %jmp/1 T_0.7, 4;
    %dup/vec4;
    %pushi/vec4 2, 1, 8;
    %cmp/x;
    %jmp/1 T_0.8, 4;
    %dup/vec4;
    %pushi/vec4 1, 0, 8;
    %cmp/x;
    %jmp/1 T_0.9, 4;
    %pushi/vec4 0, 0, 3;
    %store/vec4 v0x5584a22d31f0_0, 0, 3;
    %jmp T_0.11;
T_0.2 ;
    %pushi/vec4 7, 0, 3;
    %store/vec4 v0x5584a22d31f0_0, 0, 3;
    %jmp T_0.11;
T_0.3 ;
    %pushi/vec4 6, 0, 3;
    %store/vec4 v0x5584a22d31f0_0, 0, 3;
    %jmp T_0.11;
T_0.4 ;
    %pushi/vec4 5, 0, 3;
    %store/vec4 v0x5584a22d31f0_0, 0, 3;
    %jmp T_0.11;
T_0.5 ;
    %pushi/vec4 4, 0, 3;
    %store/vec4 v0x5584a22d31f0_0, 0, 3;
    %jmp T_0.11;
T_0.6 ;
    %pushi/vec4 3, 0, 3;
    %store/vec4 v0x5584a22d31f0_0, 0, 3;
    %jmp T_0.11;
T_0.7 ;
    %pushi/vec4 2, 0, 3;
    %store/vec4 v0x5584a22d31f0_0, 0, 3;
    %jmp T_0.11;
T_0.8 ;
    %pushi/vec4 1, 0, 3;
    %store/vec4 v0x5584a22d31f0_0, 0, 3;
    %jmp T_0.11;
T_0.9 ;
    %pushi/vec4 0, 0, 3;
    %store/vec4 v0x5584a22d31f0_0, 0, 3;
    %jmp T_0.11;
T_0.11 ;
    %pop/vec4 1;
    %jmp T_0.1;
T_0.0 ;
    %pushi/vec4 0, 0, 3;
    %store/vec4 v0x5584a22d31f0_0, 0, 3;
T_0.1 ;
    %jmp T_0;
    .thread T_0, $push;
    .scope S_0x5584a22b2d10;
T_1 ;
    %vpi_call 2 8 "$display", "time\011ena\011d[7]\011d[6]\011d[5]\011d[4]\011d[3]\011d[2]\011d[1]\011d[0]\011n[2]\011n[1]\011n[0]" {0 0 0};
    %pushi/vec4 0, 0, 8;
    %store/vec4 v0x5584a22d3330_0, 0, 8;
    %pushi/vec4 1, 0, 1;
    %store/vec4 v0x5584a22d3420_0, 0, 1;
    %delay 9, 0;
    %vpi_call 2 11 "$finish" {0 0 0};
    %end;
    .thread T_1;
    .scope S_0x5584a22b2d10;
T_2 ;
    %vpi_call 2 14 "$monitor", "%2d:\011%b\011%b\011%b\011%b\011%b\011%b\011%b\011%b\011%b\011%b\011%b\011%b", $time, v0x5584a22d3420_0, &PV<v0x5584a22d3330_0, 7, 1>, &PV<v0x5584a22d3330_0, 6, 1>, &PV<v0x5584a22d3330_0, 5, 1>, &PV<v0x5584a22d3330_0, 4, 1>, &PV<v0x5584a22d3330_0, 3, 1>, &PV<v0x5584a22d3330_0, 2, 1>, &PV<v0x5584a22d3330_0, 1, 1>, &PV<v0x5584a22d3330_0, 0, 1>, &PV<v0x5584a22d34f0_0, 2, 1>, &PV<v0x5584a22d34f0_0, 1, 1>, &PV<v0x5584a22d34f0_0, 0, 1> {0 0 0};
    %end;
    .thread T_2;
    .scope S_0x5584a22b2d10;
T_3 ;
    %delay 1, 0;
    %pushi/vec4 1, 0, 8;
    %store/vec4 v0x5584a22d3330_0, 0, 8;
    %delay 1, 0;
    %pushi/vec4 3, 1, 8;
    %store/vec4 v0x5584a22d3330_0, 0, 8;
    %delay 1, 0;
    %pushi/vec4 7, 3, 8;
    %store/vec4 v0x5584a22d3330_0, 0, 8;
    %delay 1, 0;
    %pushi/vec4 15, 7, 8;
    %store/vec4 v0x5584a22d3330_0, 0, 8;
    %delay 1, 0;
    %pushi/vec4 31, 15, 8;
    %store/vec4 v0x5584a22d3330_0, 0, 8;
    %delay 1, 0;
    %pushi/vec4 63, 31, 8;
    %store/vec4 v0x5584a22d3330_0, 0, 8;
    %delay 1, 0;
    %pushi/vec4 127, 63, 8;
    %store/vec4 v0x5584a22d3330_0, 0, 8;
    %delay 1, 0;
    %pushi/vec4 255, 127, 8;
    %store/vec4 v0x5584a22d3330_0, 0, 8;
    %delay 8, 0;
    %pushi/vec4 255, 255, 8;
    %store/vec4 v0x5584a22d3330_0, 0, 8;
    %end;
    .thread T_3;
    .scope S_0x5584a22b2d10;
T_4 ;
    %delay 9, 0;
    %load/vec4 v0x5584a22d3420_0;
    %nor/r;
    %store/vec4 v0x5584a22d3420_0, 0, 1;
    %jmp T_4;
    .thread T_4;
    .scope S_0x5584a22b2d10;
T_5 ;
    %delay 9, 0;
    %pushi/vec4 255, 255, 8;
    %store/vec4 v0x5584a22d3330_0, 0, 8;
    %jmp T_5;
    .thread T_5;
    .scope S_0x5584a22b2d10;
T_6 ;
    %vpi_call 2 30 "$dumpfile", "encoder8x3.vcd" {0 0 0};
    %vpi_call 2 31 "$dumpvars" {0 0 0};
    %end;
    .thread T_6;
# The file index is used to find the file name in the following table.
:file_names 4;
    "N/A";
    "<interactive>";
    "encoder8x3_tb.v";
    "encoder8x3.v";
