#! /usr/bin/vvp
:ivl_version "10.1 (stable)";
:ivl_delay_selection "TYPICAL";
:vpi_time_precision - 9;
:vpi_module "system";
:vpi_module "vhdl_sys";
:vpi_module "v2005_math";
:vpi_module "va_math";
S_0x55e063518290 .scope module, "btff_tb" "btff_tb" 2 2;
 .timescale -9 -9;
v0x55e063538a40_0 .var "clk", 0 0;
v0x55e063538b00_0 .var "clrn", 0 0;
v0x55e063538bd0_0 .var "prn", 0 0;
v0x55e063538cd0_0 .net "q", 0 0, v0x55e0635386f0_0;  1 drivers
v0x55e063538da0_0 .net "qn", 0 0, v0x55e0635387b0_0;  1 drivers
v0x55e063538e90_0 .var "t", 0 0;
S_0x55e063518410 .scope module, "g" "btff" 2 5, 3 1 0, S_0x55e063518290;
 .timescale -9 -9;
    .port_info 0 /INPUT 1 "prn"
    .port_info 1 /INPUT 1 "t"
    .port_info 2 /INPUT 1 "clk"
    .port_info 3 /INPUT 1 "clrn"
    .port_info 4 /OUTPUT 1 "q"
    .port_info 5 /OUTPUT 1 "qn"
v0x55e063518630_0 .net "clk", 0 0, v0x55e063538a40_0;  1 drivers
v0x55e063538590_0 .net "clrn", 0 0, v0x55e063538b00_0;  1 drivers
v0x55e063538650_0 .net "prn", 0 0, v0x55e063538bd0_0;  1 drivers
v0x55e0635386f0_0 .var "q", 0 0;
v0x55e0635387b0_0 .var "qn", 0 0;
v0x55e0635388c0_0 .net "t", 0 0, v0x55e063538e90_0;  1 drivers
E_0x55e06350fa00 .event posedge, v0x55e063518630_0;
    .scope S_0x55e063518410;
T_0 ;
    %wait E_0x55e06350fa00;
    %load/vec4 v0x55e063538590_0;
    %pad/u 32;
    %pushi/vec4 1, 0, 32;
    %cmp/e;
    %flag_get/vec4 4;
    %load/vec4 v0x55e063538650_0;
    %pad/u 32;
    %pushi/vec4 0, 0, 32;
    %cmp/e;
    %flag_get/vec4 4;
    %and;
    %flag_set/vec4 8;
    %jmp/0xz  T_0.0, 8;
    %pushi/vec4 1, 0, 1;
    %assign/vec4 v0x55e0635386f0_0, 0;
    %pushi/vec4 0, 0, 1;
    %assign/vec4 v0x55e0635387b0_0, 0;
    %jmp T_0.1;
T_0.0 ;
    %load/vec4 v0x55e063538590_0;
    %pad/u 32;
    %pushi/vec4 0, 0, 32;
    %cmp/e;
    %flag_get/vec4 4;
    %load/vec4 v0x55e063538650_0;
    %pad/u 32;
    %pushi/vec4 1, 0, 32;
    %cmp/e;
    %flag_get/vec4 4;
    %and;
    %flag_set/vec4 8;
    %jmp/0xz  T_0.2, 8;
    %pushi/vec4 0, 0, 1;
    %assign/vec4 v0x55e0635386f0_0, 0;
    %pushi/vec4 1, 0, 1;
    %assign/vec4 v0x55e0635387b0_0, 0;
    %jmp T_0.3;
T_0.2 ;
    %load/vec4 v0x55e063538590_0;
    %pad/u 32;
    %pushi/vec4 0, 0, 32;
    %cmp/e;
    %flag_get/vec4 4;
    %load/vec4 v0x55e063538650_0;
    %pad/u 32;
    %pushi/vec4 0, 0, 32;
    %cmp/e;
    %flag_get/vec4 4;
    %and;
    %flag_set/vec4 8;
    %jmp/0xz  T_0.4, 8;
    %pushi/vec4 1, 1, 1;
    %assign/vec4 v0x55e0635386f0_0, 0;
    %pushi/vec4 1, 1, 1;
    %assign/vec4 v0x55e0635387b0_0, 0;
    %jmp T_0.5;
T_0.4 ;
    %load/vec4 v0x55e0635388c0_0;
    %flag_set/vec4 8;
    %jmp/0xz  T_0.6, 8;
    %load/vec4 v0x55e0635386f0_0;
    %inv;
    %assign/vec4 v0x55e0635386f0_0, 0;
    %load/vec4 v0x55e0635387b0_0;
    %inv;
    %assign/vec4 v0x55e0635387b0_0, 0;
T_0.6 ;
T_0.5 ;
T_0.3 ;
T_0.1 ;
    %jmp T_0;
    .thread T_0;
    .scope S_0x55e063518290;
T_1 ;
    %vpi_call 2 7 "$display", "time\011prn\011t\011clk\011clrn\011q\011qn" {0 0 0};
    %pushi/vec4 1, 0, 1;
    %assign/vec4 v0x55e063538bd0_0, 0;
    %pushi/vec4 0, 0, 1;
    %assign/vec4 v0x55e063538b00_0, 0;
    %pushi/vec4 1, 0, 1;
    %assign/vec4 v0x55e063538a40_0, 0;
    %pushi/vec4 1, 0, 1;
    %assign/vec4 v0x55e063538e90_0, 0;
    %delay 23, 0;
    %vpi_call 2 12 "$finish" {0 0 0};
    %end;
    .thread T_1;
    .scope S_0x55e063518290;
T_2 ;
    %vpi_call 2 15 "$monitor", "%2d\011%b\011%b\011%b\011%b\011%b\011%b", $time, v0x55e063538bd0_0, v0x55e063538e90_0, v0x55e063538a40_0, v0x55e063538b00_0, v0x55e063538cd0_0, v0x55e063538da0_0 {0 0 0};
    %end;
    .thread T_2;
    .scope S_0x55e063518290;
T_3 ;
    %delay 1, 0;
    %pushi/vec4 1, 0, 1;
    %assign/vec4 v0x55e063538b00_0, 0;
    %delay 2, 0;
    %load/vec4 v0x55e063538e90_0;
    %inv;
    %assign/vec4 v0x55e063538e90_0, 0;
    %delay 2, 0;
    %load/vec4 v0x55e063538e90_0;
    %inv;
    %assign/vec4 v0x55e063538e90_0, 0;
    %delay 10, 0;
    %load/vec4 v0x55e063538e90_0;
    %inv;
    %assign/vec4 v0x55e063538e90_0, 0;
    %delay 2, 0;
    %load/vec4 v0x55e063538e90_0;
    %inv;
    %assign/vec4 v0x55e063538e90_0, 0;
    %end;
    .thread T_3;
    .scope S_0x55e063518290;
T_4 ;
    %delay 1, 0;
    %load/vec4 v0x55e063538a40_0;
    %inv;
    %assign/vec4 v0x55e063538a40_0, 0;
    %jmp T_4;
    .thread T_4;
    .scope S_0x55e063518290;
T_5 ;
    %vpi_call 2 30 "$dumpfile", "btff.vcd" {0 0 0};
    %vpi_call 2 31 "$dumpvars" {0 0 0};
    %end;
    .thread T_5;
# The file index is used to find the file name in the following table.
:file_names 4;
    "N/A";
    "<interactive>";
    "btff_tb.v";
    "btff.v";
