#! /usr/bin/vvp
:ivl_version "10.1 (stable)";
:ivl_delay_selection "TYPICAL";
:vpi_time_precision - 9;
:vpi_module "system";
:vpi_module "vhdl_sys";
:vpi_module "v2005_math";
:vpi_module "va_math";
S_0x55779aa81890 .scope module, "stff_tb" "stff_tb" 2 2;
 .timescale -9 -9;
v0x55779aaa6740_0 .var "clk", 0 0;
v0x55779aaa6890_0 .var "clrn", 0 0;
v0x55779aaa6950_0 .var "prn", 0 0;
v0x55779aaa69f0_0 .net "q", 0 0, L_0x55779aaa7960;  1 drivers
v0x55779aaa6a90_0 .net "qn", 0 0, L_0x55779aaa7ca0;  1 drivers
v0x55779aaa6b30_0 .var "t", 0 0;
S_0x55779aa81a10 .scope module, "g" "stff" 2 5, 3 39 0, S_0x55779aa81890;
 .timescale -9 -9;
    .port_info 0 /INPUT 1 "prn"
    .port_info 1 /INPUT 1 "t"
    .port_info 2 /INPUT 1 "clk"
    .port_info 3 /INPUT 1 "clrn"
    .port_info 4 /INOUT 1 "q"
    .port_info 5 /INOUT 1 "qn"
L_0x55779aaa6c60 .functor NOT 1, v0x55779aaa6740_0, C4<0>, C4<0>, C4<0>;
v0x55779aaa6050_0 .net "clk", 0 0, v0x55779aaa6740_0;  1 drivers
v0x55779aaa6110_0 .net "clrn", 0 0, v0x55779aaa6890_0;  1 drivers
v0x55779aaa61d0_0 .net "lna1", 0 0, L_0x55779aaa7220;  1 drivers
v0x55779aaa6270_0 .net "lna2", 0 0, L_0x55779aaa7340;  1 drivers
v0x55779aaa6310_0 .net "nclk", 0 0, L_0x55779aaa6c60;  1 drivers
v0x55779aaa63b0_0 .net "prn", 0 0, v0x55779aaa6950_0;  1 drivers
v0x55779aaa6450_0 .net "q", 0 0, L_0x55779aaa7960;  alias, 1 drivers
v0x55779aaa64f0_0 .net "qn", 0 0, L_0x55779aaa7ca0;  alias, 1 drivers
v0x55779aaa6590_0 .net "t", 0 0, v0x55779aaa6b30_0;  1 drivers
S_0x55779aa81c30 .scope module, "dl" "dlatch" 3 46, 3 29 0, S_0x55779aa81a10;
 .timescale -9 -9;
    .port_info 0 /INPUT 1 "lna1"
    .port_info 1 /INPUT 1 "lna2"
    .port_info 2 /INPUT 1 "prn"
    .port_info 3 /INPUT 1 "clk"
    .port_info 4 /INPUT 1 "clrn"
    .port_info 5 /OUTPUT 1 "q"
    .port_info 6 /OUTPUT 1 "qn"
v0x55779aaa2cf0_0 .net "c", 0 0, L_0x55779aaa75c0;  1 drivers
v0x55779aaa2e00_0 .net "clk", 0 0, v0x55779aaa6740_0;  alias, 1 drivers
v0x55779aaa2f10_0 .net "clrn", 0 0, v0x55779aaa6890_0;  alias, 1 drivers
v0x55779aaa3000_0 .net "d", 0 0, L_0x55779aaa77f0;  1 drivers
v0x55779aaa30f0_0 .net "lna1", 0 0, L_0x55779aaa7220;  alias, 1 drivers
v0x55779aaa31e0_0 .net "lna2", 0 0, L_0x55779aaa7340;  alias, 1 drivers
v0x55779aaa3280_0 .net "prn", 0 0, v0x55779aaa6950_0;  alias, 1 drivers
v0x55779aaa3370_0 .net "q", 0 0, L_0x55779aaa7960;  alias, 1 drivers
v0x55779aaa3460_0 .net "qn", 0 0, L_0x55779aaa7ca0;  alias, 1 drivers
S_0x55779aa81e60 .scope module, "first_three_nand" "three_nand" 3 33, 3 10 0, S_0x55779aa81c30;
 .timescale -9 -9;
    .port_info 0 /INPUT 1 "a"
    .port_info 1 /INPUT 1 "b"
    .port_info 2 /INPUT 1 "c"
    .port_info 3 /OUTPUT 1 "z"
L_0x55779aaa7420 .functor AND 1, L_0x55779aaa7220, v0x55779aaa6890_0, C4<1>, C4<1>;
L_0x55779aaa75c0 .functor NAND 1, L_0x55779aaa7420, v0x55779aaa6740_0, C4<1>, C4<1>;
v0x55779aa820a0_0 .net "a", 0 0, L_0x55779aaa7220;  alias, 1 drivers
v0x55779aaa14a0_0 .net "b", 0 0, v0x55779aaa6890_0;  alias, 1 drivers
v0x55779aaa1560_0 .net "c", 0 0, v0x55779aaa6740_0;  alias, 1 drivers
v0x55779aaa1600_0 .net "d", 0 0, L_0x55779aaa7420;  1 drivers
v0x55779aaa16c0_0 .net "z", 0 0, L_0x55779aaa75c0;  alias, 1 drivers
S_0x55779aaa1850 .scope module, "fourth_three_nand" "three_nand" 3 36, 3 10 0, S_0x55779aa81c30;
 .timescale -9 -9;
    .port_info 0 /INPUT 1 "a"
    .port_info 1 /INPUT 1 "b"
    .port_info 2 /INPUT 1 "c"
    .port_info 3 /OUTPUT 1 "z"
L_0x55779aaa7c10 .functor AND 1, L_0x55779aaa7960, v0x55779aaa6890_0, C4<1>, C4<1>;
L_0x55779aaa7ca0 .functor NAND 1, L_0x55779aaa7c10, L_0x55779aaa77f0, C4<1>, C4<1>;
v0x55779aaa1ab0_0 .net "a", 0 0, L_0x55779aaa7960;  alias, 1 drivers
v0x55779aaa1b70_0 .net "b", 0 0, v0x55779aaa6890_0;  alias, 1 drivers
v0x55779aaa1c60_0 .net "c", 0 0, L_0x55779aaa77f0;  alias, 1 drivers
v0x55779aaa1d30_0 .net "d", 0 0, L_0x55779aaa7c10;  1 drivers
v0x55779aaa1dd0_0 .net "z", 0 0, L_0x55779aaa7ca0;  alias, 1 drivers
S_0x55779aaa1f40 .scope module, "second_three_nand" "three_nand" 3 34, 3 10 0, S_0x55779aa81c30;
 .timescale -9 -9;
    .port_info 0 /INPUT 1 "a"
    .port_info 1 /INPUT 1 "b"
    .port_info 2 /INPUT 1 "c"
    .port_info 3 /OUTPUT 1 "z"
L_0x55779aaa7650 .functor AND 1, L_0x55779aaa7340, v0x55779aaa6950_0, C4<1>, C4<1>;
L_0x55779aaa77f0 .functor NAND 1, L_0x55779aaa7650, v0x55779aaa6740_0, C4<1>, C4<1>;
v0x55779aaa21b0_0 .net "a", 0 0, L_0x55779aaa7340;  alias, 1 drivers
v0x55779aaa2270_0 .net "b", 0 0, v0x55779aaa6950_0;  alias, 1 drivers
v0x55779aaa2330_0 .net "c", 0 0, v0x55779aaa6740_0;  alias, 1 drivers
v0x55779aaa2430_0 .net "d", 0 0, L_0x55779aaa7650;  1 drivers
v0x55779aaa24d0_0 .net "z", 0 0, L_0x55779aaa77f0;  alias, 1 drivers
S_0x55779aaa2630 .scope module, "third_three_nand" "three_nand" 3 35, 3 10 0, S_0x55779aa81c30;
 .timescale -9 -9;
    .port_info 0 /INPUT 1 "a"
    .port_info 1 /INPUT 1 "b"
    .port_info 2 /INPUT 1 "c"
    .port_info 3 /OUTPUT 1 "z"
L_0x55779aaa78d0 .functor AND 1, L_0x55779aaa75c0, v0x55779aaa6950_0, C4<1>, C4<1>;
L_0x55779aaa7960 .functor NAND 1, L_0x55779aaa78d0, L_0x55779aaa7ca0, C4<1>, C4<1>;
v0x55779aaa2870_0 .net "a", 0 0, L_0x55779aaa75c0;  alias, 1 drivers
v0x55779aaa2960_0 .net "b", 0 0, v0x55779aaa6950_0;  alias, 1 drivers
v0x55779aaa2a30_0 .net "c", 0 0, L_0x55779aaa7ca0;  alias, 1 drivers
v0x55779aaa2b30_0 .net "d", 0 0, L_0x55779aaa78d0;  1 drivers
v0x55779aaa2bd0_0 .net "z", 0 0, L_0x55779aaa7960;  alias, 1 drivers
S_0x55779aaa3560 .scope module, "tl" "tlatch" 3 45, 3 18 0, S_0x55779aa81a10;
 .timescale -9 -9;
    .port_info 0 /INPUT 1 "prn"
    .port_info 1 /INPUT 1 "t"
    .port_info 2 /INPUT 1 "nclk"
    .port_info 3 /INPUT 1 "clrn"
    .port_info 4 /INOUT 1 "q"
    .port_info 5 /INOUT 1 "qn"
    .port_info 6 /OUTPUT 1 "lna1"
    .port_info 7 /OUTPUT 1 "lna2"
v0x55779aaa55a0_0 .net "a", 0 0, L_0x55779aaa6e80;  1 drivers
v0x55779aaa56b0_0 .net "b", 0 0, L_0x55779aaa7120;  1 drivers
v0x55779aaa57c0_0 .net "clrn", 0 0, v0x55779aaa6890_0;  alias, 1 drivers
v0x55779aaa5860_0 .net "lna1", 0 0, L_0x55779aaa7220;  alias, 1 drivers
v0x55779aaa5990_0 .net "lna2", 0 0, L_0x55779aaa7340;  alias, 1 drivers
v0x55779aaa5ac0_0 .net "nclk", 0 0, L_0x55779aaa6c60;  alias, 1 drivers
v0x55779aaa5b60_0 .net "prn", 0 0, v0x55779aaa6950_0;  alias, 1 drivers
v0x55779aaa5c00_0 .net "q", 0 0, L_0x55779aaa7960;  alias, 1 drivers
v0x55779aaa5d30_0 .net "qn", 0 0, L_0x55779aaa7ca0;  alias, 1 drivers
v0x55779aaa5ef0_0 .net "t", 0 0, v0x55779aaa6b30_0;  alias, 1 drivers
S_0x55779aaa3870 .scope module, "first_four_nand" "four_nand" 3 23, 3 1 0, S_0x55779aaa3560;
 .timescale -9 -9;
    .port_info 0 /INPUT 1 "a"
    .port_info 1 /INPUT 1 "b"
    .port_info 2 /INPUT 1 "c"
    .port_info 3 /INPUT 1 "d"
    .port_info 4 /OUTPUT 1 "z"
L_0x55779aaa6d60 .functor AND 1, L_0x55779aaa7ca0, v0x55779aaa6b30_0, C4<1>, C4<1>;
L_0x55779aaa6df0 .functor AND 1, L_0x55779aaa6c60, v0x55779aaa6890_0, C4<1>, C4<1>;
L_0x55779aaa6e80 .functor NAND 1, L_0x55779aaa6d60, L_0x55779aaa6df0, C4<1>, C4<1>;
v0x55779aaa3ac0_0 .net "a", 0 0, L_0x55779aaa7ca0;  alias, 1 drivers
v0x55779aaa3b80_0 .net "b", 0 0, v0x55779aaa6b30_0;  alias, 1 drivers
v0x55779aaa3c40_0 .net "c", 0 0, L_0x55779aaa6c60;  alias, 1 drivers
v0x55779aaa3ce0_0 .net "d", 0 0, v0x55779aaa6890_0;  alias, 1 drivers
v0x55779aaa3d80_0 .net "e", 0 0, L_0x55779aaa6d60;  1 drivers
v0x55779aaa3e90_0 .net "f", 0 0, L_0x55779aaa6df0;  1 drivers
v0x55779aaa3f50_0 .net "z", 0 0, L_0x55779aaa6e80;  alias, 1 drivers
S_0x55779aaa40b0 .scope module, "first_three_nand" "three_nand" 3 25, 3 10 0, S_0x55779aaa3560;
 .timescale -9 -9;
    .port_info 0 /INPUT 1 "a"
    .port_info 1 /INPUT 1 "b"
    .port_info 2 /INPUT 1 "c"
    .port_info 3 /OUTPUT 1 "z"
L_0x55779aaa7190 .functor AND 1, L_0x55779aaa6e80, v0x55779aaa6950_0, C4<1>, C4<1>;
L_0x55779aaa7220 .functor NAND 1, L_0x55779aaa7190, L_0x55779aaa7340, C4<1>, C4<1>;
v0x55779aaa4310_0 .net "a", 0 0, L_0x55779aaa6e80;  alias, 1 drivers
v0x55779aaa43b0_0 .net "b", 0 0, v0x55779aaa6950_0;  alias, 1 drivers
v0x55779aaa4450_0 .net "c", 0 0, L_0x55779aaa7340;  alias, 1 drivers
v0x55779aaa4540_0 .net "d", 0 0, L_0x55779aaa7190;  1 drivers
v0x55779aaa45e0_0 .net "z", 0 0, L_0x55779aaa7220;  alias, 1 drivers
S_0x55779aaa4780 .scope module, "second_four_nand" "four_nand" 3 24, 3 1 0, S_0x55779aaa3560;
 .timescale -9 -9;
    .port_info 0 /INPUT 1 "a"
    .port_info 1 /INPUT 1 "b"
    .port_info 2 /INPUT 1 "c"
    .port_info 3 /INPUT 1 "d"
    .port_info 4 /OUTPUT 1 "z"
L_0x55779aaa6ef0 .functor AND 1, v0x55779aaa6950_0, L_0x55779aaa6c60, C4<1>, C4<1>;
L_0x55779aaa7090 .functor AND 1, v0x55779aaa6b30_0, L_0x55779aaa7960, C4<1>, C4<1>;
L_0x55779aaa7120 .functor NAND 1, L_0x55779aaa6ef0, L_0x55779aaa7090, C4<1>, C4<1>;
v0x55779aaa49d0_0 .net "a", 0 0, v0x55779aaa6950_0;  alias, 1 drivers
v0x55779aaa4a70_0 .net "b", 0 0, L_0x55779aaa6c60;  alias, 1 drivers
v0x55779aaa4b30_0 .net "c", 0 0, v0x55779aaa6b30_0;  alias, 1 drivers
v0x55779aaa4bd0_0 .net "d", 0 0, L_0x55779aaa7960;  alias, 1 drivers
v0x55779aaa4c70_0 .net "e", 0 0, L_0x55779aaa6ef0;  1 drivers
v0x55779aaa4d10_0 .net "f", 0 0, L_0x55779aaa7090;  1 drivers
v0x55779aaa4db0_0 .net "z", 0 0, L_0x55779aaa7120;  alias, 1 drivers
S_0x55779aaa4ed0 .scope module, "second_three_nand" "three_nand" 3 26, 3 10 0, S_0x55779aaa3560;
 .timescale -9 -9;
    .port_info 0 /INPUT 1 "a"
    .port_info 1 /INPUT 1 "b"
    .port_info 2 /INPUT 1 "c"
    .port_info 3 /OUTPUT 1 "z"
L_0x55779aaa72b0 .functor AND 1, L_0x55779aaa7220, v0x55779aaa6890_0, C4<1>, C4<1>;
L_0x55779aaa7340 .functor NAND 1, L_0x55779aaa72b0, L_0x55779aaa7120, C4<1>, C4<1>;
v0x55779aaa5110_0 .net "a", 0 0, L_0x55779aaa7220;  alias, 1 drivers
v0x55779aaa51d0_0 .net "b", 0 0, v0x55779aaa6890_0;  alias, 1 drivers
v0x55779aaa5320_0 .net "c", 0 0, L_0x55779aaa7120;  alias, 1 drivers
v0x55779aaa5420_0 .net "d", 0 0, L_0x55779aaa72b0;  1 drivers
v0x55779aaa54c0_0 .net "z", 0 0, L_0x55779aaa7340;  alias, 1 drivers
    .scope S_0x55779aa81890;
T_0 ;
    %vpi_call 2 7 "$display", "time\011prn\011t\011clk\011clrn\011q\011qn" {0 0 0};
    %pushi/vec4 1, 0, 1;
    %assign/vec4 v0x55779aaa6950_0, 0;
    %pushi/vec4 0, 0, 1;
    %assign/vec4 v0x55779aaa6890_0, 0;
    %pushi/vec4 1, 0, 1;
    %assign/vec4 v0x55779aaa6740_0, 0;
    %pushi/vec4 1, 0, 1;
    %assign/vec4 v0x55779aaa6b30_0, 0;
    %delay 23, 0;
    %vpi_call 2 12 "$finish" {0 0 0};
    %end;
    .thread T_0;
    .scope S_0x55779aa81890;
T_1 ;
    %vpi_call 2 15 "$monitor", "%2d\011%b\011%b\011%b\011%b\011%b\011%b", $time, v0x55779aaa6950_0, v0x55779aaa6b30_0, v0x55779aaa6740_0, v0x55779aaa6890_0, v0x55779aaa69f0_0, v0x55779aaa6a90_0 {0 0 0};
    %end;
    .thread T_1;
    .scope S_0x55779aa81890;
T_2 ;
    %delay 1, 0;
    %pushi/vec4 1, 0, 1;
    %assign/vec4 v0x55779aaa6890_0, 0;
    %delay 2, 0;
    %load/vec4 v0x55779aaa6b30_0;
    %inv;
    %assign/vec4 v0x55779aaa6b30_0, 0;
    %delay 2, 0;
    %load/vec4 v0x55779aaa6b30_0;
    %inv;
    %assign/vec4 v0x55779aaa6b30_0, 0;
    %delay 10, 0;
    %load/vec4 v0x55779aaa6b30_0;
    %inv;
    %assign/vec4 v0x55779aaa6b30_0, 0;
    %delay 2, 0;
    %load/vec4 v0x55779aaa6b30_0;
    %inv;
    %assign/vec4 v0x55779aaa6b30_0, 0;
    %end;
    .thread T_2;
    .scope S_0x55779aa81890;
T_3 ;
    %delay 1, 0;
    %load/vec4 v0x55779aaa6740_0;
    %inv;
    %assign/vec4 v0x55779aaa6740_0, 0;
    %jmp T_3;
    .thread T_3;
    .scope S_0x55779aa81890;
T_4 ;
    %vpi_call 2 30 "$dumpfile", "stff.vcd" {0 0 0};
    %vpi_call 2 31 "$dumpvars" {0 0 0};
    %end;
    .thread T_4;
# The file index is used to find the file name in the following table.
:file_names 4;
    "N/A";
    "<interactive>";
    "stff_tb.v";
    "stff.v";
