#! /usr/bin/vvp
:ivl_version "10.1 (stable)";
:ivl_delay_selection "TYPICAL";
:vpi_time_precision - 9;
:vpi_module "system";
:vpi_module "vhdl_sys";
:vpi_module "v2005_math";
:vpi_module "va_math";
S_0x55a19b620bd0 .scope module, "bjkff_tb" "bjkff_tb" 2 2;
 .timescale -9 -9;
v0x55a19b6413d0_0 .var "clk", 0 0;
v0x55a19b641490_0 .var "clrn", 0 0;
v0x55a19b641560_0 .var "j", 0 0;
v0x55a19b641660_0 .var "k", 0 0;
v0x55a19b641730_0 .var "prn", 0 0;
v0x55a19b641820_0 .net "q", 0 0, v0x55a19b641170_0;  1 drivers
v0x55a19b6418f0_0 .net "qn", 0 0, v0x55a19b641230_0;  1 drivers
S_0x55a19b620d50 .scope module, "g" "bjkff" 2 5, 3 1 0, S_0x55a19b620bd0;
 .timescale -9 -9;
    .port_info 0 /INPUT 1 "prn"
    .port_info 1 /INPUT 1 "j"
    .port_info 2 /INPUT 1 "k"
    .port_info 3 /INPUT 1 "clk"
    .port_info 4 /INPUT 1 "clrn"
    .port_info 5 /OUTPUT 1 "q"
    .port_info 6 /OUTPUT 1 "qn"
v0x55a19b620f80_0 .net "clk", 0 0, v0x55a19b6413d0_0;  1 drivers
v0x55a19b640e40_0 .net "clrn", 0 0, v0x55a19b641490_0;  1 drivers
v0x55a19b640f00_0 .net "j", 0 0, v0x55a19b641560_0;  1 drivers
v0x55a19b640fa0_0 .net "k", 0 0, v0x55a19b641660_0;  1 drivers
v0x55a19b641060_0 .net "prn", 0 0, v0x55a19b641730_0;  1 drivers
v0x55a19b641170_0 .var "q", 0 0;
v0x55a19b641230_0 .var "qn", 0 0;
E_0x55a19b6148d0 .event posedge, v0x55a19b620f80_0;
    .scope S_0x55a19b620d50;
T_0 ;
    %wait E_0x55a19b6148d0;
    %load/vec4 v0x55a19b640e40_0;
    %pad/u 32;
    %pushi/vec4 1, 0, 32;
    %cmp/e;
    %flag_get/vec4 4;
    %load/vec4 v0x55a19b641060_0;
    %pad/u 32;
    %pushi/vec4 0, 0, 32;
    %cmp/e;
    %flag_get/vec4 4;
    %and;
    %flag_set/vec4 8;
    %jmp/0xz  T_0.0, 8;
    %pushi/vec4 1, 0, 1;
    %assign/vec4 v0x55a19b641170_0, 0;
    %pushi/vec4 0, 0, 1;
    %assign/vec4 v0x55a19b641230_0, 0;
    %jmp T_0.1;
T_0.0 ;
    %load/vec4 v0x55a19b640e40_0;
    %pad/u 32;
    %pushi/vec4 0, 0, 32;
    %cmp/e;
    %flag_get/vec4 4;
    %load/vec4 v0x55a19b641060_0;
    %pad/u 32;
    %pushi/vec4 1, 0, 32;
    %cmp/e;
    %flag_get/vec4 4;
    %and;
    %flag_set/vec4 8;
    %jmp/0xz  T_0.2, 8;
    %pushi/vec4 0, 0, 1;
    %assign/vec4 v0x55a19b641170_0, 0;
    %pushi/vec4 1, 0, 1;
    %assign/vec4 v0x55a19b641230_0, 0;
    %jmp T_0.3;
T_0.2 ;
    %load/vec4 v0x55a19b640e40_0;
    %pad/u 32;
    %pushi/vec4 0, 0, 32;
    %cmp/e;
    %flag_get/vec4 4;
    %load/vec4 v0x55a19b641060_0;
    %pad/u 32;
    %pushi/vec4 0, 0, 32;
    %cmp/e;
    %flag_get/vec4 4;
    %and;
    %flag_set/vec4 8;
    %jmp/0xz  T_0.4, 8;
    %pushi/vec4 1, 1, 1;
    %assign/vec4 v0x55a19b641170_0, 0;
    %pushi/vec4 1, 1, 1;
    %assign/vec4 v0x55a19b641230_0, 0;
    %jmp T_0.5;
T_0.4 ;
    %load/vec4 v0x55a19b640f00_0;
    %pad/u 32;
    %pushi/vec4 0, 0, 32;
    %cmp/e;
    %flag_get/vec4 4;
    %load/vec4 v0x55a19b640fa0_0;
    %pad/u 32;
    %pushi/vec4 1, 0, 32;
    %cmp/e;
    %flag_get/vec4 4;
    %and;
    %flag_set/vec4 8;
    %jmp/0xz  T_0.6, 8;
    %pushi/vec4 0, 0, 1;
    %assign/vec4 v0x55a19b641170_0, 0;
    %pushi/vec4 1, 0, 1;
    %assign/vec4 v0x55a19b641230_0, 0;
    %jmp T_0.7;
T_0.6 ;
    %load/vec4 v0x55a19b640f00_0;
    %pad/u 32;
    %pushi/vec4 1, 0, 32;
    %cmp/e;
    %flag_get/vec4 4;
    %load/vec4 v0x55a19b640fa0_0;
    %pad/u 32;
    %pushi/vec4 0, 0, 32;
    %cmp/e;
    %flag_get/vec4 4;
    %and;
    %flag_set/vec4 8;
    %jmp/0xz  T_0.8, 8;
    %pushi/vec4 1, 0, 1;
    %assign/vec4 v0x55a19b641170_0, 0;
    %pushi/vec4 0, 0, 1;
    %assign/vec4 v0x55a19b641230_0, 0;
    %jmp T_0.9;
T_0.8 ;
    %load/vec4 v0x55a19b640f00_0;
    %pad/u 32;
    %pushi/vec4 1, 0, 32;
    %cmp/e;
    %flag_get/vec4 4;
    %load/vec4 v0x55a19b640fa0_0;
    %pad/u 32;
    %pushi/vec4 1, 0, 32;
    %cmp/e;
    %flag_get/vec4 4;
    %and;
    %flag_set/vec4 8;
    %jmp/0xz  T_0.10, 8;
    %load/vec4 v0x55a19b641170_0;
    %inv;
    %assign/vec4 v0x55a19b641170_0, 0;
    %load/vec4 v0x55a19b641230_0;
    %inv;
    %assign/vec4 v0x55a19b641230_0, 0;
T_0.10 ;
T_0.9 ;
T_0.7 ;
T_0.5 ;
T_0.3 ;
T_0.1 ;
    %jmp T_0;
    .thread T_0;
    .scope S_0x55a19b620bd0;
T_1 ;
    %vpi_call 2 7 "$display", "time\011prn\011j\011k\011clk\011clrn\011q\011qn" {0 0 0};
    %pushi/vec4 1, 0, 1;
    %assign/vec4 v0x55a19b641730_0, 0;
    %pushi/vec4 0, 0, 1;
    %assign/vec4 v0x55a19b641490_0, 0;
    %pushi/vec4 1, 0, 1;
    %assign/vec4 v0x55a19b6413d0_0, 0;
    %pushi/vec4 0, 0, 1;
    %assign/vec4 v0x55a19b641560_0, 0;
    %pushi/vec4 0, 0, 1;
    %assign/vec4 v0x55a19b641660_0, 0;
    %delay 17, 0;
    %vpi_call 2 13 "$finish" {0 0 0};
    %end;
    .thread T_1;
    .scope S_0x55a19b620bd0;
T_2 ;
    %vpi_call 2 16 "$monitor", "%2d\011%b\011%b\011%b\011%b\011%b\011%b\011%b", $time, v0x55a19b641730_0, v0x55a19b641560_0, v0x55a19b641660_0, v0x55a19b6413d0_0, v0x55a19b641490_0, v0x55a19b641820_0, v0x55a19b6418f0_0 {0 0 0};
    %end;
    .thread T_2;
    .scope S_0x55a19b620bd0;
T_3 ;
    %delay 1, 0;
    %pushi/vec4 1, 0, 1;
    %assign/vec4 v0x55a19b641490_0, 0;
    %delay 2, 0;
    %load/vec4 v0x55a19b641560_0;
    %inv;
    %assign/vec4 v0x55a19b641560_0, 0;
    %delay 2, 0;
    %load/vec4 v0x55a19b641560_0;
    %inv;
    %assign/vec4 v0x55a19b641560_0, 0;
    %delay 2, 0;
    %load/vec4 v0x55a19b641560_0;
    %inv;
    %assign/vec4 v0x55a19b641560_0, 0;
    %delay 8, 0;
    %load/vec4 v0x55a19b641560_0;
    %inv;
    %assign/vec4 v0x55a19b641560_0, 0;
    %end;
    .thread T_3;
    .scope S_0x55a19b620bd0;
T_4 ;
    %delay 1, 0;
    %load/vec4 v0x55a19b641660_0;
    %inv;
    %assign/vec4 v0x55a19b641660_0, 0;
    %delay 2, 0;
    %load/vec4 v0x55a19b641660_0;
    %inv;
    %assign/vec4 v0x55a19b641660_0, 0;
    %delay 4, 0;
    %load/vec4 v0x55a19b641660_0;
    %inv;
    %assign/vec4 v0x55a19b641660_0, 0;
    %delay 8, 0;
    %load/vec4 v0x55a19b641660_0;
    %inv;
    %assign/vec4 v0x55a19b641660_0, 0;
    %end;
    .thread T_4;
    .scope S_0x55a19b620bd0;
T_5 ;
    %delay 1, 0;
    %load/vec4 v0x55a19b6413d0_0;
    %inv;
    %assign/vec4 v0x55a19b6413d0_0, 0;
    %jmp T_5;
    .thread T_5;
    .scope S_0x55a19b620bd0;
T_6 ;
    %vpi_call 2 37 "$dumpfile", "bjkff.vcd" {0 0 0};
    %vpi_call 2 38 "$dumpvars" {0 0 0};
    %end;
    .thread T_6;
# The file index is used to find the file name in the following table.
:file_names 4;
    "N/A";
    "<interactive>";
    "bjkff_tb.v";
    "bjkff.v";
