#! /usr/bin/vvp
:ivl_version "10.1 (stable)";
:ivl_delay_selection "TYPICAL";
:vpi_time_precision - 9;
:vpi_module "system";
:vpi_module "vhdl_sys";
:vpi_module "v2005_math";
:vpi_module "va_math";
S_0x55b62cb86130 .scope module, "sjkff_tb" "sjkff_tb" 2 2;
 .timescale -9 -9;
v0x55b62cbab0b0_0 .var "clk", 0 0;
v0x55b62cbab200_0 .var "clrn", 0 0;
v0x55b62cbab2c0_0 .var "j", 0 0;
v0x55b62cbab360_0 .var "k", 0 0;
v0x55b62cbab400_0 .var "prn", 0 0;
v0x55b62cbab4a0_0 .net "q", 0 0, L_0x55b62cbac2a0;  1 drivers
v0x55b62cbab540_0 .net "qn", 0 0, L_0x55b62cbac5e0;  1 drivers
S_0x55b62cb862b0 .scope module, "g" "sjkff" 2 5, 3 39 0, S_0x55b62cb86130;
 .timescale -9 -9;
    .port_info 0 /INPUT 1 "prn"
    .port_info 1 /INPUT 1 "j"
    .port_info 2 /INPUT 1 "k"
    .port_info 3 /INPUT 1 "clk"
    .port_info 4 /INPUT 1 "clrn"
    .port_info 5 /INOUT 1 "q"
    .port_info 6 /INOUT 1 "qn"
L_0x55b62cbab5e0 .functor NOT 1, v0x55b62cbab0b0_0, C4<0>, C4<0>, C4<0>;
v0x55b62cbaa900_0 .net "clk", 0 0, v0x55b62cbab0b0_0;  1 drivers
v0x55b62cbaa9c0_0 .net "clrn", 0 0, v0x55b62cbab200_0;  1 drivers
v0x55b62cbaaa80_0 .net "j", 0 0, v0x55b62cbab2c0_0;  1 drivers
v0x55b62cbaab20_0 .net "k", 0 0, v0x55b62cbab360_0;  1 drivers
v0x55b62cbaabc0_0 .net "lna1", 0 0, L_0x55b62cbabb20;  1 drivers
v0x55b62cbaac60_0 .net "lna2", 0 0, L_0x55b62cbabc40;  1 drivers
v0x55b62cbaad00_0 .net "nclk", 0 0, L_0x55b62cbab5e0;  1 drivers
v0x55b62cbaada0_0 .net "prn", 0 0, v0x55b62cbab400_0;  1 drivers
v0x55b62cbaae40_0 .net "q", 0 0, L_0x55b62cbac2a0;  alias, 1 drivers
v0x55b62cbaaf70_0 .net "qn", 0 0, L_0x55b62cbac5e0;  alias, 1 drivers
S_0x55b62cb864e0 .scope module, "dl" "dlatch" 3 46, 3 29 0, S_0x55b62cb862b0;
 .timescale -9 -9;
    .port_info 0 /INPUT 1 "lna1"
    .port_info 1 /INPUT 1 "lna2"
    .port_info 2 /INPUT 1 "prn"
    .port_info 3 /INPUT 1 "clk"
    .port_info 4 /INPUT 1 "clrn"
    .port_info 5 /OUTPUT 1 "q"
    .port_info 6 /OUTPUT 1 "qn"
v0x55b62cba74b0_0 .net "c", 0 0, L_0x55b62cbabf00;  1 drivers
v0x55b62cba75c0_0 .net "clk", 0 0, v0x55b62cbab0b0_0;  alias, 1 drivers
v0x55b62cba76d0_0 .net "clrn", 0 0, v0x55b62cbab200_0;  alias, 1 drivers
v0x55b62cba77c0_0 .net "d", 0 0, L_0x55b62cbac130;  1 drivers
v0x55b62cba78b0_0 .net "lna1", 0 0, L_0x55b62cbabb20;  alias, 1 drivers
v0x55b62cba79a0_0 .net "lna2", 0 0, L_0x55b62cbabc40;  alias, 1 drivers
v0x55b62cba7a40_0 .net "prn", 0 0, v0x55b62cbab400_0;  alias, 1 drivers
v0x55b62cba7b30_0 .net "q", 0 0, L_0x55b62cbac2a0;  alias, 1 drivers
v0x55b62cba7c20_0 .net "qn", 0 0, L_0x55b62cbac5e0;  alias, 1 drivers
S_0x55b62cb86710 .scope module, "first_three_nand" "three_nand" 3 33, 3 10 0, S_0x55b62cb864e0;
 .timescale -9 -9;
    .port_info 0 /INPUT 1 "a"
    .port_info 1 /INPUT 1 "b"
    .port_info 2 /INPUT 1 "c"
    .port_info 3 /OUTPUT 1 "z"
L_0x55b62cbabd60 .functor AND 1, L_0x55b62cbabb20, v0x55b62cbab200_0, C4<1>, C4<1>;
L_0x55b62cbabf00 .functor NAND 1, L_0x55b62cbabd60, v0x55b62cbab0b0_0, C4<1>, C4<1>;
v0x55b62cb86950_0 .net "a", 0 0, L_0x55b62cbabb20;  alias, 1 drivers
v0x55b62cba5cf0_0 .net "b", 0 0, v0x55b62cbab200_0;  alias, 1 drivers
v0x55b62cba5db0_0 .net "c", 0 0, v0x55b62cbab0b0_0;  alias, 1 drivers
v0x55b62cba5e50_0 .net "d", 0 0, L_0x55b62cbabd60;  1 drivers
v0x55b62cba5f10_0 .net "z", 0 0, L_0x55b62cbabf00;  alias, 1 drivers
S_0x55b62cba60a0 .scope module, "fourth_three_nand" "three_nand" 3 36, 3 10 0, S_0x55b62cb864e0;
 .timescale -9 -9;
    .port_info 0 /INPUT 1 "a"
    .port_info 1 /INPUT 1 "b"
    .port_info 2 /INPUT 1 "c"
    .port_info 3 /OUTPUT 1 "z"
L_0x55b62cbac550 .functor AND 1, L_0x55b62cbac2a0, v0x55b62cbab200_0, C4<1>, C4<1>;
L_0x55b62cbac5e0 .functor NAND 1, L_0x55b62cbac550, L_0x55b62cbac130, C4<1>, C4<1>;
v0x55b62cba6300_0 .net "a", 0 0, L_0x55b62cbac2a0;  alias, 1 drivers
v0x55b62cba63c0_0 .net "b", 0 0, v0x55b62cbab200_0;  alias, 1 drivers
v0x55b62cba6480_0 .net "c", 0 0, L_0x55b62cbac130;  alias, 1 drivers
v0x55b62cba6520_0 .net "d", 0 0, L_0x55b62cbac550;  1 drivers
v0x55b62cba65c0_0 .net "z", 0 0, L_0x55b62cbac5e0;  alias, 1 drivers
S_0x55b62cba6730 .scope module, "second_three_nand" "three_nand" 3 34, 3 10 0, S_0x55b62cb864e0;
 .timescale -9 -9;
    .port_info 0 /INPUT 1 "a"
    .port_info 1 /INPUT 1 "b"
    .port_info 2 /INPUT 1 "c"
    .port_info 3 /OUTPUT 1 "z"
L_0x55b62cbabf90 .functor AND 1, L_0x55b62cbabc40, v0x55b62cbab400_0, C4<1>, C4<1>;
L_0x55b62cbac130 .functor NAND 1, L_0x55b62cbabf90, v0x55b62cbab0b0_0, C4<1>, C4<1>;
v0x55b62cba6970_0 .net "a", 0 0, L_0x55b62cbabc40;  alias, 1 drivers
v0x55b62cba6a30_0 .net "b", 0 0, v0x55b62cbab400_0;  alias, 1 drivers
v0x55b62cba6af0_0 .net "c", 0 0, v0x55b62cbab0b0_0;  alias, 1 drivers
v0x55b62cba6bf0_0 .net "d", 0 0, L_0x55b62cbabf90;  1 drivers
v0x55b62cba6c90_0 .net "z", 0 0, L_0x55b62cbac130;  alias, 1 drivers
S_0x55b62cba6df0 .scope module, "third_three_nand" "three_nand" 3 35, 3 10 0, S_0x55b62cb864e0;
 .timescale -9 -9;
    .port_info 0 /INPUT 1 "a"
    .port_info 1 /INPUT 1 "b"
    .port_info 2 /INPUT 1 "c"
    .port_info 3 /OUTPUT 1 "z"
L_0x55b62cbac210 .functor AND 1, L_0x55b62cbabf00, v0x55b62cbab400_0, C4<1>, C4<1>;
L_0x55b62cbac2a0 .functor NAND 1, L_0x55b62cbac210, L_0x55b62cbac5e0, C4<1>, C4<1>;
v0x55b62cba7030_0 .net "a", 0 0, L_0x55b62cbabf00;  alias, 1 drivers
v0x55b62cba7120_0 .net "b", 0 0, v0x55b62cbab400_0;  alias, 1 drivers
v0x55b62cba71f0_0 .net "c", 0 0, L_0x55b62cbac5e0;  alias, 1 drivers
v0x55b62cba72f0_0 .net "d", 0 0, L_0x55b62cbac210;  1 drivers
v0x55b62cba7390_0 .net "z", 0 0, L_0x55b62cbac2a0;  alias, 1 drivers
S_0x55b62cba7d20 .scope module, "jkl" "jklatch" 3 45, 3 18 0, S_0x55b62cb862b0;
 .timescale -9 -9;
    .port_info 0 /INPUT 1 "prn"
    .port_info 1 /INPUT 1 "j"
    .port_info 2 /INPUT 1 "k"
    .port_info 3 /INPUT 1 "nclk"
    .port_info 4 /INPUT 1 "clrn"
    .port_info 5 /INOUT 1 "q"
    .port_info 6 /INOUT 1 "qn"
    .port_info 7 /OUTPUT 1 "lna1"
    .port_info 8 /OUTPUT 1 "lna2"
v0x55b62cba9d80_0 .net "a", 0 0, L_0x55b62cbab890;  1 drivers
v0x55b62cba9e90_0 .net "b", 0 0, L_0x55b62cbaba20;  1 drivers
v0x55b62cba9fa0_0 .net "clrn", 0 0, v0x55b62cbab200_0;  alias, 1 drivers
v0x55b62cbaa040_0 .net "j", 0 0, v0x55b62cbab2c0_0;  alias, 1 drivers
v0x55b62cbaa0e0_0 .net "k", 0 0, v0x55b62cbab360_0;  alias, 1 drivers
v0x55b62cbaa1d0_0 .net "lna1", 0 0, L_0x55b62cbabb20;  alias, 1 drivers
v0x55b62cbaa300_0 .net "lna2", 0 0, L_0x55b62cbabc40;  alias, 1 drivers
v0x55b62cbaa430_0 .net "nclk", 0 0, L_0x55b62cbab5e0;  alias, 1 drivers
v0x55b62cbaa4d0_0 .net "prn", 0 0, v0x55b62cbab400_0;  alias, 1 drivers
v0x55b62cbaa600_0 .net "q", 0 0, L_0x55b62cbac2a0;  alias, 1 drivers
v0x55b62cbaa730_0 .net "qn", 0 0, L_0x55b62cbac5e0;  alias, 1 drivers
S_0x55b62cba8040 .scope module, "first_four_nand" "four_nand" 3 23, 3 1 0, S_0x55b62cba7d20;
 .timescale -9 -9;
    .port_info 0 /INPUT 1 "a"
    .port_info 1 /INPUT 1 "b"
    .port_info 2 /INPUT 1 "c"
    .port_info 3 /INPUT 1 "d"
    .port_info 4 /OUTPUT 1 "z"
L_0x55b62cbab6e0 .functor AND 1, L_0x55b62cbac5e0, v0x55b62cbab2c0_0, C4<1>, C4<1>;
L_0x55b62cbab800 .functor AND 1, L_0x55b62cbab5e0, v0x55b62cbab200_0, C4<1>, C4<1>;
L_0x55b62cbab890 .functor NAND 1, L_0x55b62cbab6e0, L_0x55b62cbab800, C4<1>, C4<1>;
v0x55b62cba8290_0 .net "a", 0 0, L_0x55b62cbac5e0;  alias, 1 drivers
v0x55b62cba8350_0 .net "b", 0 0, v0x55b62cbab2c0_0;  alias, 1 drivers
v0x55b62cba8410_0 .net "c", 0 0, L_0x55b62cbab5e0;  alias, 1 drivers
v0x55b62cba84b0_0 .net "d", 0 0, v0x55b62cbab200_0;  alias, 1 drivers
v0x55b62cba8550_0 .net "e", 0 0, L_0x55b62cbab6e0;  1 drivers
v0x55b62cba8660_0 .net "f", 0 0, L_0x55b62cbab800;  1 drivers
v0x55b62cba8720_0 .net "z", 0 0, L_0x55b62cbab890;  alias, 1 drivers
S_0x55b62cba8880 .scope module, "first_three_nand" "three_nand" 3 25, 3 10 0, S_0x55b62cba7d20;
 .timescale -9 -9;
    .port_info 0 /INPUT 1 "a"
    .port_info 1 /INPUT 1 "b"
    .port_info 2 /INPUT 1 "c"
    .port_info 3 /OUTPUT 1 "z"
L_0x55b62cbaba90 .functor AND 1, L_0x55b62cbab890, v0x55b62cbab400_0, C4<1>, C4<1>;
L_0x55b62cbabb20 .functor NAND 1, L_0x55b62cbaba90, L_0x55b62cbabc40, C4<1>, C4<1>;
v0x55b62cba8ae0_0 .net "a", 0 0, L_0x55b62cbab890;  alias, 1 drivers
v0x55b62cba8b80_0 .net "b", 0 0, v0x55b62cbab400_0;  alias, 1 drivers
v0x55b62cba8c20_0 .net "c", 0 0, L_0x55b62cbabc40;  alias, 1 drivers
v0x55b62cba8d10_0 .net "d", 0 0, L_0x55b62cbaba90;  1 drivers
v0x55b62cba8db0_0 .net "z", 0 0, L_0x55b62cbabb20;  alias, 1 drivers
S_0x55b62cba8f50 .scope module, "second_four_nand" "four_nand" 3 24, 3 1 0, S_0x55b62cba7d20;
 .timescale -9 -9;
    .port_info 0 /INPUT 1 "a"
    .port_info 1 /INPUT 1 "b"
    .port_info 2 /INPUT 1 "c"
    .port_info 3 /INPUT 1 "d"
    .port_info 4 /OUTPUT 1 "z"
L_0x55b62cbab900 .functor AND 1, v0x55b62cbab400_0, L_0x55b62cbab5e0, C4<1>, C4<1>;
L_0x55b62cbab990 .functor AND 1, v0x55b62cbab360_0, L_0x55b62cbac2a0, C4<1>, C4<1>;
L_0x55b62cbaba20 .functor NAND 1, L_0x55b62cbab900, L_0x55b62cbab990, C4<1>, C4<1>;
v0x55b62cba91a0_0 .net "a", 0 0, v0x55b62cbab400_0;  alias, 1 drivers
v0x55b62cba9240_0 .net "b", 0 0, L_0x55b62cbab5e0;  alias, 1 drivers
v0x55b62cba9300_0 .net "c", 0 0, v0x55b62cbab360_0;  alias, 1 drivers
v0x55b62cba93a0_0 .net "d", 0 0, L_0x55b62cbac2a0;  alias, 1 drivers
v0x55b62cba9440_0 .net "e", 0 0, L_0x55b62cbab900;  1 drivers
v0x55b62cba94e0_0 .net "f", 0 0, L_0x55b62cbab990;  1 drivers
v0x55b62cba9580_0 .net "z", 0 0, L_0x55b62cbaba20;  alias, 1 drivers
S_0x55b62cba96e0 .scope module, "second_three_nand" "three_nand" 3 26, 3 10 0, S_0x55b62cba7d20;
 .timescale -9 -9;
    .port_info 0 /INPUT 1 "a"
    .port_info 1 /INPUT 1 "b"
    .port_info 2 /INPUT 1 "c"
    .port_info 3 /OUTPUT 1 "z"
L_0x55b62cbabbb0 .functor AND 1, L_0x55b62cbabb20, v0x55b62cbab200_0, C4<1>, C4<1>;
L_0x55b62cbabc40 .functor NAND 1, L_0x55b62cbabbb0, L_0x55b62cbaba20, C4<1>, C4<1>;
v0x55b62cba9920_0 .net "a", 0 0, L_0x55b62cbabb20;  alias, 1 drivers
v0x55b62cba99e0_0 .net "b", 0 0, v0x55b62cbab200_0;  alias, 1 drivers
v0x55b62cba9b30_0 .net "c", 0 0, L_0x55b62cbaba20;  alias, 1 drivers
v0x55b62cba9c00_0 .net "d", 0 0, L_0x55b62cbabbb0;  1 drivers
v0x55b62cba9ca0_0 .net "z", 0 0, L_0x55b62cbabc40;  alias, 1 drivers
    .scope S_0x55b62cb86130;
T_0 ;
    %vpi_call 2 7 "$display", "time\011prn\011j\011k\011clk\011clrn\011q\011qn" {0 0 0};
    %pushi/vec4 1, 0, 1;
    %assign/vec4 v0x55b62cbab400_0, 0;
    %pushi/vec4 0, 0, 1;
    %assign/vec4 v0x55b62cbab200_0, 0;
    %pushi/vec4 1, 0, 1;
    %assign/vec4 v0x55b62cbab0b0_0, 0;
    %pushi/vec4 0, 0, 1;
    %assign/vec4 v0x55b62cbab2c0_0, 0;
    %pushi/vec4 0, 0, 1;
    %assign/vec4 v0x55b62cbab360_0, 0;
    %delay 17, 0;
    %vpi_call 2 13 "$finish" {0 0 0};
    %end;
    .thread T_0;
    .scope S_0x55b62cb86130;
T_1 ;
    %vpi_call 2 16 "$monitor", "%2d\011%b\011%b\011%b\011%b\011%b\011%b\011%b", $time, v0x55b62cbab400_0, v0x55b62cbab2c0_0, v0x55b62cbab360_0, v0x55b62cbab0b0_0, v0x55b62cbab200_0, v0x55b62cbab4a0_0, v0x55b62cbab540_0 {0 0 0};
    %end;
    .thread T_1;
    .scope S_0x55b62cb86130;
T_2 ;
    %delay 1, 0;
    %pushi/vec4 1, 0, 1;
    %assign/vec4 v0x55b62cbab200_0, 0;
    %delay 2, 0;
    %load/vec4 v0x55b62cbab2c0_0;
    %inv;
    %assign/vec4 v0x55b62cbab2c0_0, 0;
    %delay 2, 0;
    %load/vec4 v0x55b62cbab2c0_0;
    %inv;
    %assign/vec4 v0x55b62cbab2c0_0, 0;
    %delay 2, 0;
    %load/vec4 v0x55b62cbab2c0_0;
    %inv;
    %assign/vec4 v0x55b62cbab2c0_0, 0;
    %delay 8, 0;
    %load/vec4 v0x55b62cbab2c0_0;
    %inv;
    %assign/vec4 v0x55b62cbab2c0_0, 0;
    %end;
    .thread T_2;
    .scope S_0x55b62cb86130;
T_3 ;
    %delay 1, 0;
    %load/vec4 v0x55b62cbab360_0;
    %inv;
    %assign/vec4 v0x55b62cbab360_0, 0;
    %delay 2, 0;
    %load/vec4 v0x55b62cbab360_0;
    %inv;
    %assign/vec4 v0x55b62cbab360_0, 0;
    %delay 4, 0;
    %load/vec4 v0x55b62cbab360_0;
    %inv;
    %assign/vec4 v0x55b62cbab360_0, 0;
    %delay 8, 0;
    %load/vec4 v0x55b62cbab360_0;
    %inv;
    %assign/vec4 v0x55b62cbab360_0, 0;
    %end;
    .thread T_3;
    .scope S_0x55b62cb86130;
T_4 ;
    %delay 1, 0;
    %load/vec4 v0x55b62cbab0b0_0;
    %inv;
    %assign/vec4 v0x55b62cbab0b0_0, 0;
    %jmp T_4;
    .thread T_4;
    .scope S_0x55b62cb86130;
T_5 ;
    %vpi_call 2 37 "$dumpfile", "bskff.vcd" {0 0 0};
    %vpi_call 2 38 "$dumpvars" {0 0 0};
    %end;
    .thread T_5;
# The file index is used to find the file name in the following table.
:file_names 4;
    "N/A";
    "<interactive>";
    "sjkff_tb.v";
    "sjkff.v";
