#! /usr/bin/vvp
:ivl_version "10.1 (stable)";
:ivl_delay_selection "TYPICAL";
:vpi_time_precision - 9;
:vpi_module "system";
:vpi_module "vhdl_sys";
:vpi_module "v2005_math";
:vpi_module "va_math";
S_0x55f6cc66b550 .scope module, "demux16_1x16_tb" "demux16_1x16_tb" 2 2;
 .timescale -9 -9;
v0x55f6cc656170_0 .var "D0", 15 0;
v0x55f6cc698110_0 .var "s", 3 0;
v0x55f6cc6981b0_0 .net "y0", 15 0, L_0x55f6cc6a8f80;  1 drivers
v0x55f6cc698250_0 .net "y1", 15 0, L_0x55f6cc6a9250;  1 drivers
v0x55f6cc6982f0_0 .net "y10", 15 0, L_0x55f6cc6aae70;  1 drivers
v0x55f6cc698390_0 .net "y11", 15 0, L_0x55f6cc6ab1b0;  1 drivers
v0x55f6cc698460_0 .net "y12", 15 0, L_0x55f6cc6ab500;  1 drivers
v0x55f6cc698530_0 .net "y13", 15 0, L_0x55f6cc6ab860;  1 drivers
v0x55f6cc698600_0 .net "y14", 15 0, L_0x55f6cc6abbd0;  1 drivers
v0x55f6cc6986d0_0 .net "y15", 15 0, L_0x55f6cc6ac160;  1 drivers
v0x55f6cc6987a0_0 .net "y2", 15 0, L_0x55f6cc6a9500;  1 drivers
v0x55f6cc698870_0 .net "y3", 15 0, L_0x55f6cc6a9800;  1 drivers
v0x55f6cc698940_0 .net "y4", 15 0, L_0x55f6cc6a9b10;  1 drivers
v0x55f6cc698a10_0 .net "y5", 15 0, L_0x55f6cc6a9da0;  1 drivers
v0x55f6cc698ae0_0 .net "y6", 15 0, L_0x55f6cc6aa090;  1 drivers
v0x55f6cc698bb0_0 .net "y7", 15 0, L_0x55f6cc6aa4a0;  1 drivers
v0x55f6cc698c80_0 .net "y8", 15 0, L_0x55f6cc6aa8c0;  1 drivers
v0x55f6cc698d50_0 .net "y9", 15 0, L_0x55f6cc6aabe0;  1 drivers
S_0x55f6cc66a550 .scope module, "g" "demux16_1x16" 2 6, 3 1 0, S_0x55f6cc66b550;
 .timescale -9 -9;
    .port_info 0 /INPUT 16 "D0"
    .port_info 1 /INPUT 4 "s"
    .port_info 2 /OUTPUT 16 "y0"
    .port_info 3 /OUTPUT 16 "y1"
    .port_info 4 /OUTPUT 16 "y2"
    .port_info 5 /OUTPUT 16 "y3"
    .port_info 6 /OUTPUT 16 "y4"
    .port_info 7 /OUTPUT 16 "y5"
    .port_info 8 /OUTPUT 16 "y6"
    .port_info 9 /OUTPUT 16 "y7"
    .port_info 10 /OUTPUT 16 "y8"
    .port_info 11 /OUTPUT 16 "y9"
    .port_info 12 /OUTPUT 16 "y10"
    .port_info 13 /OUTPUT 16 "y11"
    .port_info 14 /OUTPUT 16 "y12"
    .port_info 15 /OUTPUT 16 "y13"
    .port_info 16 /OUTPUT 16 "y14"
    .port_info 17 /OUTPUT 16 "y15"
v0x55f6cc6609d0_0 .net "D0", 15 0, v0x55f6cc656170_0;  1 drivers
L_0x7f53a9a69018 .functor BUFT 1, C4<0000>, C4<0>, C4<0>, C4<0>;
v0x55f6cc6711c0_0 .net/2u *"_s0", 3 0, L_0x7f53a9a69018;  1 drivers
v0x55f6cc671260_0 .net *"_s10", 0 0, L_0x55f6cc6a9160;  1 drivers
L_0x7f53a9a69720 .functor BUFT 1, C4<0000000000000000>, C4<0>, C4<0>, C4<0>;
v0x55f6cc694450_0 .net/2u *"_s100", 15 0, L_0x7f53a9a69720;  1 drivers
L_0x7f53a9a69768 .functor BUFT 1, C4<1101>, C4<0>, C4<0>, C4<0>;
v0x55f6cc694530_0 .net/2u *"_s104", 3 0, L_0x7f53a9a69768;  1 drivers
v0x55f6cc694660_0 .net *"_s106", 0 0, L_0x55f6cc6ab770;  1 drivers
L_0x7f53a9a697b0 .functor BUFT 1, C4<0000000000000000>, C4<0>, C4<0>, C4<0>;
v0x55f6cc694720_0 .net/2u *"_s108", 15 0, L_0x7f53a9a697b0;  1 drivers
L_0x7f53a9a697f8 .functor BUFT 1, C4<1110>, C4<0>, C4<0>, C4<0>;
v0x55f6cc694800_0 .net/2u *"_s112", 3 0, L_0x7f53a9a697f8;  1 drivers
v0x55f6cc6948e0_0 .net *"_s114", 0 0, L_0x55f6cc6abae0;  1 drivers
L_0x7f53a9a69840 .functor BUFT 1, C4<0000000000000000>, C4<0>, C4<0>, C4<0>;
v0x55f6cc6949a0_0 .net/2u *"_s116", 15 0, L_0x7f53a9a69840;  1 drivers
L_0x7f53a9a690f0 .functor BUFT 1, C4<0000000000000000>, C4<0>, C4<0>, C4<0>;
v0x55f6cc694a80_0 .net/2u *"_s12", 15 0, L_0x7f53a9a690f0;  1 drivers
L_0x7f53a9a69888 .functor BUFT 1, C4<1111>, C4<0>, C4<0>, C4<0>;
v0x55f6cc694b60_0 .net/2u *"_s120", 3 0, L_0x7f53a9a69888;  1 drivers
v0x55f6cc694c40_0 .net *"_s122", 0 0, L_0x55f6cc6ac070;  1 drivers
L_0x7f53a9a698d0 .functor BUFT 1, C4<0000000000000000>, C4<0>, C4<0>, C4<0>;
v0x55f6cc694d00_0 .net/2u *"_s124", 15 0, L_0x7f53a9a698d0;  1 drivers
L_0x7f53a9a69138 .functor BUFT 1, C4<0010>, C4<0>, C4<0>, C4<0>;
v0x55f6cc694de0_0 .net/2u *"_s16", 3 0, L_0x7f53a9a69138;  1 drivers
v0x55f6cc694ec0_0 .net *"_s18", 0 0, L_0x55f6cc6a9460;  1 drivers
v0x55f6cc694f80_0 .net *"_s2", 0 0, L_0x55f6cc698e50;  1 drivers
L_0x7f53a9a69180 .functor BUFT 1, C4<0000000000000000>, C4<0>, C4<0>, C4<0>;
v0x55f6cc695040_0 .net/2u *"_s20", 15 0, L_0x7f53a9a69180;  1 drivers
L_0x7f53a9a691c8 .functor BUFT 1, C4<0011>, C4<0>, C4<0>, C4<0>;
v0x55f6cc695120_0 .net/2u *"_s24", 3 0, L_0x7f53a9a691c8;  1 drivers
v0x55f6cc695200_0 .net *"_s26", 0 0, L_0x55f6cc6a9760;  1 drivers
L_0x7f53a9a69210 .functor BUFT 1, C4<0000000000000000>, C4<0>, C4<0>, C4<0>;
v0x55f6cc6952c0_0 .net/2u *"_s28", 15 0, L_0x7f53a9a69210;  1 drivers
L_0x7f53a9a69258 .functor BUFT 1, C4<0100>, C4<0>, C4<0>, C4<0>;
v0x55f6cc6953a0_0 .net/2u *"_s32", 3 0, L_0x7f53a9a69258;  1 drivers
v0x55f6cc695480_0 .net *"_s34", 0 0, L_0x55f6cc6a9a70;  1 drivers
L_0x7f53a9a692a0 .functor BUFT 1, C4<0000000000000000>, C4<0>, C4<0>, C4<0>;
v0x55f6cc695540_0 .net/2u *"_s36", 15 0, L_0x7f53a9a692a0;  1 drivers
L_0x7f53a9a69060 .functor BUFT 1, C4<0000000000000000>, C4<0>, C4<0>, C4<0>;
v0x55f6cc695620_0 .net/2u *"_s4", 15 0, L_0x7f53a9a69060;  1 drivers
L_0x7f53a9a692e8 .functor BUFT 1, C4<0101>, C4<0>, C4<0>, C4<0>;
v0x55f6cc695700_0 .net/2u *"_s40", 3 0, L_0x7f53a9a692e8;  1 drivers
v0x55f6cc6957e0_0 .net *"_s42", 0 0, L_0x55f6cc6a9cb0;  1 drivers
L_0x7f53a9a69330 .functor BUFT 1, C4<0000000000000000>, C4<0>, C4<0>, C4<0>;
v0x55f6cc6958a0_0 .net/2u *"_s44", 15 0, L_0x7f53a9a69330;  1 drivers
L_0x7f53a9a69378 .functor BUFT 1, C4<0110>, C4<0>, C4<0>, C4<0>;
v0x55f6cc695980_0 .net/2u *"_s48", 3 0, L_0x7f53a9a69378;  1 drivers
v0x55f6cc695a60_0 .net *"_s50", 0 0, L_0x55f6cc6a9fa0;  1 drivers
L_0x7f53a9a693c0 .functor BUFT 1, C4<0000000000000000>, C4<0>, C4<0>, C4<0>;
v0x55f6cc695b20_0 .net/2u *"_s52", 15 0, L_0x7f53a9a693c0;  1 drivers
L_0x7f53a9a69408 .functor BUFT 1, C4<0111>, C4<0>, C4<0>, C4<0>;
v0x55f6cc695c00_0 .net/2u *"_s56", 3 0, L_0x7f53a9a69408;  1 drivers
v0x55f6cc695ce0_0 .net *"_s58", 0 0, L_0x55f6cc6aa3b0;  1 drivers
L_0x7f53a9a69450 .functor BUFT 1, C4<0000000000000000>, C4<0>, C4<0>, C4<0>;
v0x55f6cc695da0_0 .net/2u *"_s60", 15 0, L_0x7f53a9a69450;  1 drivers
L_0x7f53a9a69498 .functor BUFT 1, C4<1000>, C4<0>, C4<0>, C4<0>;
v0x55f6cc695e80_0 .net/2u *"_s64", 3 0, L_0x7f53a9a69498;  1 drivers
v0x55f6cc695f60_0 .net *"_s66", 0 0, L_0x55f6cc6aa7d0;  1 drivers
L_0x7f53a9a694e0 .functor BUFT 1, C4<0000000000000000>, C4<0>, C4<0>, C4<0>;
v0x55f6cc696020_0 .net/2u *"_s68", 15 0, L_0x7f53a9a694e0;  1 drivers
L_0x7f53a9a69528 .functor BUFT 1, C4<1001>, C4<0>, C4<0>, C4<0>;
v0x55f6cc696100_0 .net/2u *"_s72", 3 0, L_0x7f53a9a69528;  1 drivers
v0x55f6cc6961e0_0 .net *"_s74", 0 0, L_0x55f6cc6aaaf0;  1 drivers
L_0x7f53a9a69570 .functor BUFT 1, C4<0000000000000000>, C4<0>, C4<0>, C4<0>;
v0x55f6cc6962a0_0 .net/2u *"_s76", 15 0, L_0x7f53a9a69570;  1 drivers
L_0x7f53a9a690a8 .functor BUFT 1, C4<0001>, C4<0>, C4<0>, C4<0>;
v0x55f6cc696380_0 .net/2u *"_s8", 3 0, L_0x7f53a9a690a8;  1 drivers
L_0x7f53a9a695b8 .functor BUFT 1, C4<1010>, C4<0>, C4<0>, C4<0>;
v0x55f6cc696460_0 .net/2u *"_s80", 3 0, L_0x7f53a9a695b8;  1 drivers
v0x55f6cc696540_0 .net *"_s82", 0 0, L_0x55f6cc6aa960;  1 drivers
L_0x7f53a9a69600 .functor BUFT 1, C4<0000000000000000>, C4<0>, C4<0>, C4<0>;
v0x55f6cc696600_0 .net/2u *"_s84", 15 0, L_0x7f53a9a69600;  1 drivers
L_0x7f53a9a69648 .functor BUFT 1, C4<1011>, C4<0>, C4<0>, C4<0>;
v0x55f6cc6966e0_0 .net/2u *"_s88", 3 0, L_0x7f53a9a69648;  1 drivers
v0x55f6cc6967c0_0 .net *"_s90", 0 0, L_0x55f6cc6ab0c0;  1 drivers
L_0x7f53a9a69690 .functor BUFT 1, C4<0000000000000000>, C4<0>, C4<0>, C4<0>;
v0x55f6cc696880_0 .net/2u *"_s92", 15 0, L_0x7f53a9a69690;  1 drivers
L_0x7f53a9a696d8 .functor BUFT 1, C4<1100>, C4<0>, C4<0>, C4<0>;
v0x55f6cc696960_0 .net/2u *"_s96", 3 0, L_0x7f53a9a696d8;  1 drivers
v0x55f6cc696a40_0 .net *"_s98", 0 0, L_0x55f6cc6ab410;  1 drivers
v0x55f6cc696b00_0 .net "s", 3 0, v0x55f6cc698110_0;  1 drivers
v0x55f6cc696be0_0 .net "y0", 15 0, L_0x55f6cc6a8f80;  alias, 1 drivers
v0x55f6cc696cc0_0 .net "y1", 15 0, L_0x55f6cc6a9250;  alias, 1 drivers
v0x55f6cc696da0_0 .net "y10", 15 0, L_0x55f6cc6aae70;  alias, 1 drivers
v0x55f6cc696e80_0 .net "y11", 15 0, L_0x55f6cc6ab1b0;  alias, 1 drivers
v0x55f6cc696f60_0 .net "y12", 15 0, L_0x55f6cc6ab500;  alias, 1 drivers
v0x55f6cc697040_0 .net "y13", 15 0, L_0x55f6cc6ab860;  alias, 1 drivers
v0x55f6cc697120_0 .net "y14", 15 0, L_0x55f6cc6abbd0;  alias, 1 drivers
v0x55f6cc697200_0 .net "y15", 15 0, L_0x55f6cc6ac160;  alias, 1 drivers
v0x55f6cc6972e0_0 .net "y2", 15 0, L_0x55f6cc6a9500;  alias, 1 drivers
v0x55f6cc6973c0_0 .net "y3", 15 0, L_0x55f6cc6a9800;  alias, 1 drivers
v0x55f6cc6974a0_0 .net "y4", 15 0, L_0x55f6cc6a9b10;  alias, 1 drivers
v0x55f6cc697580_0 .net "y5", 15 0, L_0x55f6cc6a9da0;  alias, 1 drivers
v0x55f6cc697660_0 .net "y6", 15 0, L_0x55f6cc6aa090;  alias, 1 drivers
v0x55f6cc697740_0 .net "y7", 15 0, L_0x55f6cc6aa4a0;  alias, 1 drivers
v0x55f6cc697820_0 .net "y8", 15 0, L_0x55f6cc6aa8c0;  alias, 1 drivers
v0x55f6cc697d10_0 .net "y9", 15 0, L_0x55f6cc6aabe0;  alias, 1 drivers
L_0x55f6cc698e50 .cmp/eq 4, v0x55f6cc698110_0, L_0x7f53a9a69018;
L_0x55f6cc6a8f80 .functor MUXZ 16, L_0x7f53a9a69060, v0x55f6cc656170_0, L_0x55f6cc698e50, C4<>;
L_0x55f6cc6a9160 .cmp/eq 4, v0x55f6cc698110_0, L_0x7f53a9a690a8;
L_0x55f6cc6a9250 .functor MUXZ 16, L_0x7f53a9a690f0, v0x55f6cc656170_0, L_0x55f6cc6a9160, C4<>;
L_0x55f6cc6a9460 .cmp/eq 4, v0x55f6cc698110_0, L_0x7f53a9a69138;
L_0x55f6cc6a9500 .functor MUXZ 16, L_0x7f53a9a69180, v0x55f6cc656170_0, L_0x55f6cc6a9460, C4<>;
L_0x55f6cc6a9760 .cmp/eq 4, v0x55f6cc698110_0, L_0x7f53a9a691c8;
L_0x55f6cc6a9800 .functor MUXZ 16, L_0x7f53a9a69210, v0x55f6cc656170_0, L_0x55f6cc6a9760, C4<>;
L_0x55f6cc6a9a70 .cmp/eq 4, v0x55f6cc698110_0, L_0x7f53a9a69258;
L_0x55f6cc6a9b10 .functor MUXZ 16, L_0x7f53a9a692a0, v0x55f6cc656170_0, L_0x55f6cc6a9a70, C4<>;
L_0x55f6cc6a9cb0 .cmp/eq 4, v0x55f6cc698110_0, L_0x7f53a9a692e8;
L_0x55f6cc6a9da0 .functor MUXZ 16, L_0x7f53a9a69330, v0x55f6cc656170_0, L_0x55f6cc6a9cb0, C4<>;
L_0x55f6cc6a9fa0 .cmp/eq 4, v0x55f6cc698110_0, L_0x7f53a9a69378;
L_0x55f6cc6aa090 .functor MUXZ 16, L_0x7f53a9a693c0, v0x55f6cc656170_0, L_0x55f6cc6a9fa0, C4<>;
L_0x55f6cc6aa3b0 .cmp/eq 4, v0x55f6cc698110_0, L_0x7f53a9a69408;
L_0x55f6cc6aa4a0 .functor MUXZ 16, L_0x7f53a9a69450, v0x55f6cc656170_0, L_0x55f6cc6aa3b0, C4<>;
L_0x55f6cc6aa7d0 .cmp/eq 4, v0x55f6cc698110_0, L_0x7f53a9a69498;
L_0x55f6cc6aa8c0 .functor MUXZ 16, L_0x7f53a9a694e0, v0x55f6cc656170_0, L_0x55f6cc6aa7d0, C4<>;
L_0x55f6cc6aaaf0 .cmp/eq 4, v0x55f6cc698110_0, L_0x7f53a9a69528;
L_0x55f6cc6aabe0 .functor MUXZ 16, L_0x7f53a9a69570, v0x55f6cc656170_0, L_0x55f6cc6aaaf0, C4<>;
L_0x55f6cc6aa960 .cmp/eq 4, v0x55f6cc698110_0, L_0x7f53a9a695b8;
L_0x55f6cc6aae70 .functor MUXZ 16, L_0x7f53a9a69600, v0x55f6cc656170_0, L_0x55f6cc6aa960, C4<>;
L_0x55f6cc6ab0c0 .cmp/eq 4, v0x55f6cc698110_0, L_0x7f53a9a69648;
L_0x55f6cc6ab1b0 .functor MUXZ 16, L_0x7f53a9a69690, v0x55f6cc656170_0, L_0x55f6cc6ab0c0, C4<>;
L_0x55f6cc6ab410 .cmp/eq 4, v0x55f6cc698110_0, L_0x7f53a9a696d8;
L_0x55f6cc6ab500 .functor MUXZ 16, L_0x7f53a9a69720, v0x55f6cc656170_0, L_0x55f6cc6ab410, C4<>;
L_0x55f6cc6ab770 .cmp/eq 4, v0x55f6cc698110_0, L_0x7f53a9a69768;
L_0x55f6cc6ab860 .functor MUXZ 16, L_0x7f53a9a697b0, v0x55f6cc656170_0, L_0x55f6cc6ab770, C4<>;
L_0x55f6cc6abae0 .cmp/eq 4, v0x55f6cc698110_0, L_0x7f53a9a697f8;
L_0x55f6cc6abbd0 .functor MUXZ 16, L_0x7f53a9a69840, v0x55f6cc656170_0, L_0x55f6cc6abae0, C4<>;
L_0x55f6cc6ac070 .cmp/eq 4, v0x55f6cc698110_0, L_0x7f53a9a69888;
L_0x55f6cc6ac160 .functor MUXZ 16, L_0x7f53a9a698d0, v0x55f6cc656170_0, L_0x55f6cc6ac070, C4<>;
    .scope S_0x55f6cc66b550;
T_0 ;
    %vpi_call 2 8 "$display", "time\011\011D0\011\011s\011\011y0\011\011\011y1\011\011\011y2\011\011\011y3\011\011\011y4\011\011\011y5\011\011\011y6\011\011\011y7\011\011\011y8\011\011\011y9\011\011\011y10\011\011\011y11\011\011\011y12\011\011\011y13\011\011\011y14\011\011\011y15" {0 0 0};
    %pushi/vec4 1, 0, 16;
    %store/vec4 v0x55f6cc656170_0, 0, 16;
    %pushi/vec4 0, 0, 4;
    %store/vec4 v0x55f6cc698110_0, 0, 4;
    %delay 16, 0;
    %vpi_call 2 11 "$finish" {0 0 0};
    %end;
    .thread T_0;
    .scope S_0x55f6cc66b550;
T_1 ;
    %vpi_call 2 14 "$monitor", "%2d:\011%b\011%b\011%b\011%b\011%b\011%b\011%b\011%b\011%b\011%b\011%b\011%b\011%b\011%b\011%b\011%b\011%b\011%b", $time, v0x55f6cc656170_0, v0x55f6cc698110_0, v0x55f6cc6981b0_0, v0x55f6cc698250_0, v0x55f6cc6987a0_0, v0x55f6cc698870_0, v0x55f6cc698940_0, v0x55f6cc698a10_0, v0x55f6cc698ae0_0, v0x55f6cc698bb0_0, v0x55f6cc698c80_0, v0x55f6cc698d50_0, v0x55f6cc6982f0_0, v0x55f6cc698390_0, v0x55f6cc698460_0, v0x55f6cc698530_0, v0x55f6cc698600_0, v0x55f6cc6986d0_0 {0 0 0};
    %end;
    .thread T_1;
    .scope S_0x55f6cc66b550;
T_2 ;
    %delay 1, 0;
    %load/vec4 v0x55f6cc698110_0;
    %parti/s 1, 0, 2;
    %nor/r;
    %ix/load 4, 0, 0;
    %flag_set/imm 4, 0;
    %store/vec4 v0x55f6cc698110_0, 4, 1;
    %jmp T_2;
    .thread T_2;
    .scope S_0x55f6cc66b550;
T_3 ;
    %delay 2, 0;
    %load/vec4 v0x55f6cc698110_0;
    %parti/s 1, 1, 2;
    %nor/r;
    %ix/load 4, 1, 0;
    %flag_set/imm 4, 0;
    %store/vec4 v0x55f6cc698110_0, 4, 1;
    %jmp T_3;
    .thread T_3;
    .scope S_0x55f6cc66b550;
T_4 ;
    %delay 4, 0;
    %load/vec4 v0x55f6cc698110_0;
    %parti/s 1, 2, 3;
    %nor/r;
    %ix/load 4, 2, 0;
    %flag_set/imm 4, 0;
    %store/vec4 v0x55f6cc698110_0, 4, 1;
    %jmp T_4;
    .thread T_4;
    .scope S_0x55f6cc66b550;
T_5 ;
    %delay 8, 0;
    %load/vec4 v0x55f6cc698110_0;
    %parti/s 1, 3, 3;
    %nor/r;
    %ix/load 4, 3, 0;
    %flag_set/imm 4, 0;
    %store/vec4 v0x55f6cc698110_0, 4, 1;
    %jmp T_5;
    .thread T_5;
    .scope S_0x55f6cc66b550;
T_6 ;
    %vpi_call 2 22 "$dumpfile", "demux16_1x16.vcd" {0 0 0};
    %vpi_call 2 23 "$dumpvars" {0 0 0};
    %end;
    .thread T_6;
# The file index is used to find the file name in the following table.
:file_names 4;
    "N/A";
    "<interactive>";
    "demux16_1x16_tb.v";
    "demux16_1x16.v";
