#! /usr/bin/vvp
:ivl_version "10.1 (stable)";
:ivl_delay_selection "TYPICAL";
:vpi_time_precision + 0;
:vpi_module "system";
:vpi_module "vhdl_sys";
:vpi_module "v2005_math";
:vpi_module "va_math";
S_0x55f9a85d0e90 .scope module, "flopenr" "flopenr" 2 58;
 .timescale 0 0;
    .port_info 0 /INPUT 1 "clk"
    .port_info 1 /INPUT 1 "reset"
    .port_info 2 /INPUT 1 "en"
    .port_info 3 /INPUT 8 "d"
    .port_info 4 /OUTPUT 8 "q"
P_0x55f9a8582110 .param/l "WIDTH" 0 2 58, +C4<00000000000000000000000000001000>;
o0x7f5cf995e018 .functor BUFZ 1, C4<z>; HiZ drive
v0x55f9a85ceaf0_0 .net "clk", 0 0, o0x7f5cf995e018;  0 drivers
o0x7f5cf995e048 .functor BUFZ 8, C4<zzzzzzzz>; HiZ drive
v0x55f9a85f1770_0 .net "d", 7 0, o0x7f5cf995e048;  0 drivers
o0x7f5cf995e078 .functor BUFZ 1, C4<z>; HiZ drive
v0x55f9a85f1850_0 .net "en", 0 0, o0x7f5cf995e078;  0 drivers
v0x55f9a85f18f0_0 .var "q", 7 0;
o0x7f5cf995e0d8 .functor BUFZ 1, C4<z>; HiZ drive
v0x55f9a85f19d0_0 .net "reset", 0 0, o0x7f5cf995e0d8;  0 drivers
E_0x55f9a859cc50 .event posedge, v0x55f9a85f19d0_0, v0x55f9a85ceaf0_0;
S_0x55f9a85ce330 .scope module, "testbench" "testbench" 3 7;
 .timescale 0 0;
v0x55f9a8602d70_0 .var "clk", 0 0;
v0x55f9a8602e30_0 .net "dataadr", 31 0, L_0x55f9a86164d0;  1 drivers
v0x55f9a8603000_0 .net "memwrite", 0 0, L_0x55f9a86034f0;  1 drivers
v0x55f9a86030a0_0 .var "reset", 0 0;
v0x55f9a8603140_0 .net "writedata", 31 0, L_0x55f9a8615260;  1 drivers
E_0x55f9a8596390 .event negedge, v0x55f9a85f22f0_0;
S_0x55f9a85f1b70 .scope module, "dut" "top" 3 17, 4 7 0, S_0x55f9a85ce330;
 .timescale 0 0;
    .port_info 0 /INPUT 1 "clk"
    .port_info 1 /INPUT 1 "reset"
    .port_info 2 /OUTPUT 32 "writedata"
    .port_info 3 /OUTPUT 32 "dataadr"
    .port_info 4 /OUTPUT 1 "memwrite"
v0x55f9a8602580_0 .net "clk", 0 0, v0x55f9a8602d70_0;  1 drivers
v0x55f9a8602640_0 .net "dataadr", 31 0, L_0x55f9a86164d0;  alias, 1 drivers
v0x55f9a8602700_0 .net "instr", 31 0, L_0x55f9a8616840;  1 drivers
v0x55f9a86027a0_0 .net "memwrite", 0 0, L_0x55f9a86034f0;  alias, 1 drivers
v0x55f9a86028d0_0 .net "pc", 31 0, v0x55f9a85fc210_0;  1 drivers
v0x55f9a8602a20_0 .net "readdata", 31 0, L_0x55f9a8616b80;  1 drivers
v0x55f9a8602b70_0 .net "reset", 0 0, v0x55f9a86030a0_0;  1 drivers
v0x55f9a8602c10_0 .net "writedata", 31 0, L_0x55f9a8615260;  alias, 1 drivers
L_0x55f9a8616900 .part v0x55f9a85fc210_0, 2, 6;
S_0x55f9a85f1d60 .scope module, "dmem" "dmem" 4 16, 5 8 0, S_0x55f9a85f1b70;
 .timescale 0 0;
    .port_info 0 /INPUT 1 "clk"
    .port_info 1 /INPUT 1 "we"
    .port_info 2 /INPUT 32 "a"
    .port_info 3 /INPUT 32 "wd"
    .port_info 4 /OUTPUT 32 "rd"
L_0x55f9a8616b80 .functor BUFZ 32, L_0x55f9a86169f0, C4<00000000000000000000000000000000>, C4<00000000000000000000000000000000>, C4<00000000000000000000000000000000>;
v0x55f9a85f1f90 .array "RAM", 0 63, 31 0;
v0x55f9a85f2070_0 .net *"_s0", 31 0, L_0x55f9a86169f0;  1 drivers
v0x55f9a85f2150_0 .net *"_s3", 29 0, L_0x55f9a8616a90;  1 drivers
v0x55f9a85f2210_0 .net "a", 31 0, L_0x55f9a86164d0;  alias, 1 drivers
v0x55f9a85f22f0_0 .net "clk", 0 0, v0x55f9a8602d70_0;  alias, 1 drivers
v0x55f9a85f2400_0 .net "rd", 31 0, L_0x55f9a8616b80;  alias, 1 drivers
v0x55f9a85f24e0_0 .net "wd", 31 0, L_0x55f9a8615260;  alias, 1 drivers
v0x55f9a85f25c0_0 .net "we", 0 0, L_0x55f9a86034f0;  alias, 1 drivers
E_0x55f9a85964d0 .event posedge, v0x55f9a85f22f0_0;
L_0x55f9a86169f0 .array/port v0x55f9a85f1f90, L_0x55f9a8616a90;
L_0x55f9a8616a90 .part L_0x55f9a86164d0, 2, 30;
S_0x55f9a85f2720 .scope module, "imem" "imem" 4 15, 5 21 0, S_0x55f9a85f1b70;
 .timescale 0 0;
    .port_info 0 /INPUT 6 "a"
    .port_info 1 /OUTPUT 32 "rd"
L_0x55f9a8616840 .functor BUFZ 32, L_0x55f9a8616660, C4<00000000000000000000000000000000>, C4<00000000000000000000000000000000>, C4<00000000000000000000000000000000>;
v0x55f9a85f2910 .array "RAM", 0 63, 31 0;
v0x55f9a85f29f0_0 .net *"_s0", 31 0, L_0x55f9a8616660;  1 drivers
v0x55f9a85f2ad0_0 .net *"_s2", 7 0, L_0x55f9a8616700;  1 drivers
L_0x7f5cf9915330 .functor BUFT 1, C4<00>, C4<0>, C4<0>, C4<0>;
v0x55f9a85f2b90_0 .net *"_s5", 1 0, L_0x7f5cf9915330;  1 drivers
v0x55f9a85f2c70_0 .net "a", 5 0, L_0x55f9a8616900;  1 drivers
v0x55f9a85f2da0_0 .net "rd", 31 0, L_0x55f9a8616840;  alias, 1 drivers
L_0x55f9a8616660 .array/port v0x55f9a85f2910, L_0x55f9a8616700;
L_0x55f9a8616700 .concat [ 6 2 0 0], L_0x55f9a8616900, L_0x7f5cf9915330;
S_0x55f9a85f2ee0 .scope module, "mips" "mips" 4 14, 6 15 0, S_0x55f9a85f1b70;
 .timescale 0 0;
    .port_info 0 /INPUT 1 "clk"
    .port_info 1 /INPUT 1 "reset"
    .port_info 2 /OUTPUT 32 "pc"
    .port_info 3 /INPUT 32 "instr"
    .port_info 4 /OUTPUT 1 "memwrite"
    .port_info 5 /OUTPUT 32 "aluout"
    .port_info 6 /OUTPUT 32 "writedata"
    .port_info 7 /INPUT 32 "readdata"
v0x55f9a8601420_0 .net "alucontrol", 2 0, v0x55f9a85f3620_0;  1 drivers
v0x55f9a8601500_0 .net "aluout", 31 0, L_0x55f9a86164d0;  alias, 1 drivers
v0x55f9a86015c0_0 .net "alusrc", 0 0, L_0x55f9a8603320;  1 drivers
v0x55f9a8601660_0 .net "bne", 0 0, L_0x55f9a86038c0;  1 drivers
v0x55f9a8601700_0 .net "clk", 0 0, v0x55f9a8602d70_0;  alias, 1 drivers
v0x55f9a8601830_0 .net "instr", 31 0, L_0x55f9a8616840;  alias, 1 drivers
v0x55f9a86018d0_0 .net "jump", 0 0, L_0x55f9a8603670;  1 drivers
v0x55f9a8601a00_0 .net "memtoreg", 0 0, L_0x55f9a8603590;  1 drivers
v0x55f9a8601b30_0 .net "memwrite", 0 0, L_0x55f9a86034f0;  alias, 1 drivers
v0x55f9a8601c60_0 .net "pc", 31 0, v0x55f9a85fc210_0;  alias, 1 drivers
v0x55f9a8601d20_0 .net "pcsrc", 0 0, L_0x55f9a8603b60;  1 drivers
v0x55f9a8601dc0_0 .net "readdata", 31 0, L_0x55f9a8616b80;  alias, 1 drivers
v0x55f9a8601e80_0 .net "regdst", 0 0, L_0x55f9a8603280;  1 drivers
v0x55f9a8601fb0_0 .net "regwrite", 0 0, L_0x55f9a86031e0;  1 drivers
v0x55f9a86020e0_0 .net "reset", 0 0, v0x55f9a86030a0_0;  alias, 1 drivers
v0x55f9a8602180_0 .net "writedata", 31 0, L_0x55f9a8615260;  alias, 1 drivers
v0x55f9a86022d0_0 .net "zero", 0 0, v0x55f9a85f94a0_0;  1 drivers
L_0x55f9a8603c60 .part L_0x55f9a8616840, 26, 6;
L_0x55f9a8603d90 .part L_0x55f9a8616840, 0, 6;
S_0x55f9a85f31d0 .scope module, "c" "controller" 6 27, 6 38 0, S_0x55f9a85f2ee0;
 .timescale 0 0;
    .port_info 0 /INPUT 6 "op"
    .port_info 1 /INPUT 6 "funct"
    .port_info 2 /INPUT 1 "zero"
    .port_info 3 /OUTPUT 1 "memtoreg"
    .port_info 4 /OUTPUT 1 "memwrite"
    .port_info 5 /OUTPUT 1 "pcsrc"
    .port_info 6 /OUTPUT 1 "alusrc"
    .port_info 7 /OUTPUT 1 "regdst"
    .port_info 8 /OUTPUT 1 "regwrite"
    .port_info 9 /OUTPUT 1 "jump"
    .port_info 10 /OUTPUT 1 "bne"
    .port_info 11 /OUTPUT 3 "alucontrol"
L_0x55f9a86039d0 .functor NOT 1, v0x55f9a85f94a0_0, C4<0>, C4<0>, C4<0>;
L_0x55f9a8603a60 .functor AND 1, L_0x55f9a86039d0, L_0x55f9a86038c0, C4<1>, C4<1>;
L_0x55f9a8603af0 .functor AND 1, v0x55f9a85f94a0_0, L_0x55f9a86033c0, C4<1>, C4<1>;
L_0x55f9a8603b60 .functor OR 1, L_0x55f9a8603a60, L_0x55f9a8603af0, C4<0>, C4<0>;
v0x55f9a85f4750_0 .net *"_s0", 0 0, L_0x55f9a86039d0;  1 drivers
v0x55f9a85f4850_0 .net *"_s2", 0 0, L_0x55f9a8603a60;  1 drivers
v0x55f9a85f4930_0 .net *"_s4", 0 0, L_0x55f9a8603af0;  1 drivers
v0x55f9a85f4a20_0 .net "alucontrol", 2 0, v0x55f9a85f3620_0;  alias, 1 drivers
v0x55f9a85f4b10_0 .net "aluop", 1 0, L_0x55f9a8603710;  1 drivers
v0x55f9a85f4c00_0 .net "alusrc", 0 0, L_0x55f9a8603320;  alias, 1 drivers
v0x55f9a85f4ca0_0 .net "bne", 0 0, L_0x55f9a86038c0;  alias, 1 drivers
v0x55f9a85f4d40_0 .net "branch", 0 0, L_0x55f9a86033c0;  1 drivers
v0x55f9a85f4e10_0 .net "funct", 5 0, L_0x55f9a8603d90;  1 drivers
v0x55f9a85f4ee0_0 .net "jump", 0 0, L_0x55f9a8603670;  alias, 1 drivers
v0x55f9a85f4fb0_0 .net "memtoreg", 0 0, L_0x55f9a8603590;  alias, 1 drivers
v0x55f9a85f5080_0 .net "memwrite", 0 0, L_0x55f9a86034f0;  alias, 1 drivers
v0x55f9a85f5120_0 .net "op", 5 0, L_0x55f9a8603c60;  1 drivers
v0x55f9a85f51c0_0 .net "pcsrc", 0 0, L_0x55f9a8603b60;  alias, 1 drivers
v0x55f9a85f5260_0 .net "regdst", 0 0, L_0x55f9a8603280;  alias, 1 drivers
v0x55f9a85f5330_0 .net "regwrite", 0 0, L_0x55f9a86031e0;  alias, 1 drivers
v0x55f9a85f5400_0 .net "zero", 0 0, v0x55f9a85f94a0_0;  alias, 1 drivers
S_0x55f9a85f33a0 .scope module, "ad" "aludec" 6 52, 6 86 0, S_0x55f9a85f31d0;
 .timescale 0 0;
    .port_info 0 /INPUT 6 "funct"
    .port_info 1 /INPUT 2 "aluop"
    .port_info 2 /OUTPUT 3 "alucontrol"
v0x55f9a85f3620_0 .var "alucontrol", 2 0;
v0x55f9a85f3720_0 .net "aluop", 1 0, L_0x55f9a8603710;  alias, 1 drivers
v0x55f9a85f3800_0 .net "funct", 5 0, L_0x55f9a8603d90;  alias, 1 drivers
E_0x55f9a8596830 .event edge, v0x55f9a85f3720_0, v0x55f9a85f3800_0;
S_0x55f9a85f3970 .scope module, "md" "maindec" 6 49, 6 58 0, S_0x55f9a85f31d0;
 .timescale 0 0;
    .port_info 0 /INPUT 6 "op"
    .port_info 1 /OUTPUT 1 "memtoreg"
    .port_info 2 /OUTPUT 1 "memwrite"
    .port_info 3 /OUTPUT 1 "branch"
    .port_info 4 /OUTPUT 1 "alusrc"
    .port_info 5 /OUTPUT 1 "regdst"
    .port_info 6 /OUTPUT 1 "regwrite"
    .port_info 7 /OUTPUT 1 "jump"
    .port_info 8 /OUTPUT 1 "bne"
    .port_info 9 /OUTPUT 2 "aluop"
v0x55f9a85f3c60_0 .net *"_s11", 9 0, v0x55f9a85f40d0_0;  1 drivers
v0x55f9a85f3d60_0 .net "aluop", 1 0, L_0x55f9a8603710;  alias, 1 drivers
v0x55f9a85f3e50_0 .net "alusrc", 0 0, L_0x55f9a8603320;  alias, 1 drivers
v0x55f9a85f3f20_0 .net "bne", 0 0, L_0x55f9a86038c0;  alias, 1 drivers
v0x55f9a85f3fc0_0 .net "branch", 0 0, L_0x55f9a86033c0;  alias, 1 drivers
v0x55f9a85f40d0_0 .var "controls", 9 0;
v0x55f9a85f41b0_0 .net "jump", 0 0, L_0x55f9a8603670;  alias, 1 drivers
v0x55f9a85f4270_0 .net "memtoreg", 0 0, L_0x55f9a8603590;  alias, 1 drivers
v0x55f9a85f4330_0 .net "memwrite", 0 0, L_0x55f9a86034f0;  alias, 1 drivers
v0x55f9a85f43d0_0 .net "op", 5 0, L_0x55f9a8603c60;  alias, 1 drivers
v0x55f9a85f4490_0 .net "regdst", 0 0, L_0x55f9a8603280;  alias, 1 drivers
v0x55f9a85f4550_0 .net "regwrite", 0 0, L_0x55f9a86031e0;  alias, 1 drivers
E_0x55f9a85da780 .event edge, v0x55f9a85f43d0_0;
L_0x55f9a86031e0 .part v0x55f9a85f40d0_0, 9, 1;
L_0x55f9a8603280 .part v0x55f9a85f40d0_0, 8, 1;
L_0x55f9a8603320 .part v0x55f9a85f40d0_0, 7, 1;
L_0x55f9a86033c0 .part v0x55f9a85f40d0_0, 6, 1;
L_0x55f9a86034f0 .part v0x55f9a85f40d0_0, 5, 1;
L_0x55f9a8603590 .part v0x55f9a85f40d0_0, 4, 1;
L_0x55f9a8603670 .part v0x55f9a85f40d0_0, 3, 1;
L_0x55f9a8603710 .part v0x55f9a85f40d0_0, 1, 2;
L_0x55f9a86038c0 .part v0x55f9a85f40d0_0, 0, 1;
S_0x55f9a85f5580 .scope module, "dp" "datapath" 6 31, 6 106 0, S_0x55f9a85f2ee0;
 .timescale 0 0;
    .port_info 0 /INPUT 1 "clk"
    .port_info 1 /INPUT 1 "reset"
    .port_info 2 /INPUT 1 "memtoreg"
    .port_info 3 /INPUT 1 "pcsrc"
    .port_info 4 /INPUT 1 "alusrc"
    .port_info 5 /INPUT 1 "regdst"
    .port_info 6 /INPUT 1 "regwrite"
    .port_info 7 /INPUT 1 "jump"
    .port_info 8 /INPUT 1 "bne"
    .port_info 9 /INPUT 3 "alucontrol"
    .port_info 10 /OUTPUT 1 "zero"
    .port_info 11 /OUTPUT 32 "pc"
    .port_info 12 /INPUT 32 "instr"
    .port_info 13 /OUTPUT 32 "aluout"
    .port_info 14 /OUTPUT 32 "writedata"
    .port_info 15 /INPUT 32 "readdata"
v0x55f9a85ff950_0 .net *"_s3", 3 0, L_0x55f9a8614580;  1 drivers
v0x55f9a85ffa50_0 .net *"_s5", 25 0, L_0x55f9a8614620;  1 drivers
L_0x7f5cf99150a8 .functor BUFT 1, C4<00>, C4<0>, C4<0>, C4<0>;
v0x55f9a85ffb30_0 .net/2u *"_s6", 1 0, L_0x7f5cf99150a8;  1 drivers
v0x55f9a85ffbf0_0 .net "alucontrol", 2 0, v0x55f9a85f3620_0;  alias, 1 drivers
v0x55f9a85ffcb0_0 .net "aluout", 31 0, L_0x55f9a86164d0;  alias, 1 drivers
v0x55f9a85ffdc0_0 .net "alusrc", 0 0, L_0x55f9a8603320;  alias, 1 drivers
v0x55f9a85ffe60_0 .net "bne", 0 0, L_0x55f9a86038c0;  alias, 1 drivers
v0x55f9a85fff50_0 .net "clk", 0 0, v0x55f9a8602d70_0;  alias, 1 drivers
v0x55f9a85ffff0_0 .net "instr", 31 0, L_0x55f9a8616840;  alias, 1 drivers
v0x55f9a86000b0_0 .net "jump", 0 0, L_0x55f9a8603670;  alias, 1 drivers
v0x55f9a8600150_0 .net "memtoreg", 0 0, L_0x55f9a8603590;  alias, 1 drivers
v0x55f9a86001f0_0 .net "pc", 31 0, v0x55f9a85fc210_0;  alias, 1 drivers
v0x55f9a8600290_0 .net "pcbranch", 31 0, L_0x55f9a86141b0;  1 drivers
v0x55f9a86003a0_0 .net "pcnext", 31 0, L_0x55f9a8614410;  1 drivers
v0x55f9a86004b0_0 .net "pcnextbr", 31 0, L_0x55f9a86142e0;  1 drivers
v0x55f9a86005c0_0 .net "pcplus4", 31 0, L_0x55f9a8603e30;  1 drivers
v0x55f9a8600680_0 .net "pcsrc", 0 0, L_0x55f9a8603b60;  alias, 1 drivers
v0x55f9a8600880_0 .net "readdata", 31 0, L_0x55f9a8616b80;  alias, 1 drivers
v0x55f9a8600990_0 .net "regdst", 0 0, L_0x55f9a8603280;  alias, 1 drivers
v0x55f9a8600a30_0 .net "regwrite", 0 0, L_0x55f9a86031e0;  alias, 1 drivers
v0x55f9a8600ad0_0 .net "reset", 0 0, v0x55f9a86030a0_0;  alias, 1 drivers
v0x55f9a8600b70_0 .net "result", 31 0, L_0x55f9a8615940;  1 drivers
v0x55f9a8600c60_0 .net "signimm", 31 0, L_0x55f9a8615d10;  1 drivers
v0x55f9a8600d20_0 .net "signimmsh", 31 0, L_0x55f9a8614110;  1 drivers
v0x55f9a8600e30_0 .net "srca", 31 0, L_0x55f9a8614ba0;  1 drivers
v0x55f9a8600ef0_0 .net "srcb", 31 0, L_0x55f9a8615ef0;  1 drivers
v0x55f9a8600fb0_0 .net "writedata", 31 0, L_0x55f9a8615260;  alias, 1 drivers
v0x55f9a8601070_0 .net "writereg", 4 0, L_0x55f9a8615680;  1 drivers
v0x55f9a8601180_0 .net "zero", 0 0, v0x55f9a85f94a0_0;  alias, 1 drivers
L_0x55f9a8614580 .part L_0x55f9a8603e30, 28, 4;
L_0x55f9a8614620 .part L_0x55f9a8616840, 0, 26;
L_0x55f9a86146c0 .concat [ 2 26 4 0], L_0x7f5cf99150a8, L_0x55f9a8614620, L_0x55f9a8614580;
L_0x55f9a8615400 .part L_0x55f9a8616840, 21, 5;
L_0x55f9a86154d0 .part L_0x55f9a8616840, 16, 5;
L_0x55f9a8615720 .part L_0x55f9a8616840, 16, 5;
L_0x55f9a8615850 .part L_0x55f9a8616840, 11, 5;
L_0x55f9a8615e00 .part L_0x55f9a8616840, 0, 16;
S_0x55f9a85f5900 .scope module, "alu" "alu" 6 148, 7 109 0, S_0x55f9a85f5580;
 .timescale 0 0;
    .port_info 0 /INPUT 32 "a"
    .port_info 1 /INPUT 32 "b"
    .port_info 2 /INPUT 3 "op"
    .port_info 3 /OUTPUT 32 "result"
    .port_info 4 /OUTPUT 1 "cero"
v0x55f9a85f9580_0 .net "a", 31 0, L_0x55f9a8614ba0;  alias, 1 drivers
v0x55f9a85f96d0_0 .net "arithout", 31 0, L_0x55f9a8616230;  1 drivers
v0x55f9a85f9820_0 .net "b", 31 0, L_0x55f9a8615ef0;  alias, 1 drivers
v0x55f9a85f9950_0 .net "cero", 0 0, v0x55f9a85f94a0_0;  alias, 1 drivers
v0x55f9a85f99f0_0 .net "logicout", 31 0, v0x55f9a85f8e70_0;  1 drivers
v0x55f9a85f9ab0_0 .net "op", 2 0, v0x55f9a85f3620_0;  alias, 1 drivers
v0x55f9a85f9c00_0 .net "result", 31 0, L_0x55f9a86164d0;  alias, 1 drivers
L_0x55f9a8616570 .part v0x55f9a85f3620_0, 1, 1;
S_0x55f9a85f5b00 .scope module, "a_block" "a_part" 7 123, 7 58 0, S_0x55f9a85f5900;
 .timescale 0 0;
    .port_info 0 /INPUT 32 "a"
    .port_info 1 /INPUT 32 "b"
    .port_info 2 /INPUT 3 "op"
    .port_info 3 /OUTPUT 32 "arithout"
v0x55f9a85f7e50_0 .net "a", 31 0, L_0x55f9a8614ba0;  alias, 1 drivers
v0x55f9a85f7f60_0 .net "addout", 31 0, v0x55f9a85f6490_0;  1 drivers
v0x55f9a85f80b0_0 .net "arithout", 31 0, L_0x55f9a8616230;  alias, 1 drivers
v0x55f9a85f8150_0 .net "b", 31 0, L_0x55f9a8615ef0;  alias, 1 drivers
v0x55f9a85f8260_0 .net "op", 2 0, v0x55f9a85f3620_0;  alias, 1 drivers
L_0x55f9a8616190 .part v0x55f9a85f3620_0, 2, 1;
L_0x55f9a8616320 .part v0x55f9a85f3620_0, 0, 1;
S_0x55f9a85f5d20 .scope module, "first_adder_substractor" "adder_substractor" 7 69, 7 25 0, S_0x55f9a85f5b00;
 .timescale 0 0;
    .port_info 0 /INPUT 32 "a"
    .port_info 1 /INPUT 32 "b"
    .port_info 2 /INPUT 1 "s"
    .port_info 3 /OUTPUT 32 "y"
L_0x55f9a8603ed0 .functor NOT 32, L_0x55f9a8615ef0, C4<00000000000000000000000000000000>, C4<00000000000000000000000000000000>, C4<00000000000000000000000000000000>;
v0x55f9a85f6c80_0 .net "a", 31 0, L_0x55f9a8614ba0;  alias, 1 drivers
v0x55f9a85f6d60_0 .net "b", 31 0, L_0x55f9a8615ef0;  alias, 1 drivers
v0x55f9a85f6e30_0 .net "con", 31 0, L_0x55f9a8615f90;  1 drivers
v0x55f9a85f6f50_0 .net "s", 0 0, L_0x55f9a8616190;  1 drivers
v0x55f9a85f7040_0 .net "y", 31 0, v0x55f9a85f6490_0;  alias, 1 drivers
S_0x55f9a85f5f40 .scope module, "first_adder" "Adder" 7 36, 7 1 0, S_0x55f9a85f5d20;
 .timescale 0 0;
    .port_info 0 /INPUT 32 "a"
    .port_info 1 /INPUT 32 "b"
    .port_info 2 /INPUT 1 "s"
    .port_info 3 /OUTPUT 32 "y"
v0x55f9a85f61e0_0 .net "a", 31 0, L_0x55f9a8614ba0;  alias, 1 drivers
v0x55f9a85f62e0_0 .net "b", 31 0, L_0x55f9a8615f90;  alias, 1 drivers
v0x55f9a85f63c0_0 .net "s", 0 0, L_0x55f9a8616190;  alias, 1 drivers
v0x55f9a85f6490_0 .var "y", 31 0;
E_0x55f9a85f6160 .event edge, v0x55f9a85f63c0_0, v0x55f9a85f61e0_0, v0x55f9a85f62e0_0;
S_0x55f9a85f6620 .scope module, "first_mux" "mux2x1" 7 35, 7 17 0, S_0x55f9a85f5d20;
 .timescale 0 0;
    .port_info 0 /INPUT 32 "a"
    .port_info 1 /INPUT 32 "b"
    .port_info 2 /INPUT 1 "s"
    .port_info 3 /OUTPUT 32 "y"
v0x55f9a85f6880_0 .net "a", 31 0, L_0x55f9a8615ef0;  alias, 1 drivers
v0x55f9a85f6960_0 .net "b", 31 0, L_0x55f9a8603ed0;  1 drivers
v0x55f9a85f6a40_0 .net "s", 0 0, L_0x55f9a8616190;  alias, 1 drivers
v0x55f9a85f6b40_0 .net "y", 31 0, L_0x55f9a8615f90;  alias, 1 drivers
L_0x55f9a8615f90 .functor MUXZ 32, L_0x55f9a8615ef0, L_0x55f9a8603ed0, L_0x55f9a8616190, C4<>;
S_0x55f9a85f7190 .scope module, "first_stl" "stl" 7 70, 7 40 0, S_0x55f9a85f5b00;
 .timescale 0 0;
    .port_info 0 /INPUT 32 "a"
    .port_info 1 /INPUT 1 "s"
    .port_info 2 /OUTPUT 32 "y"
v0x55f9a85f7ac0_0 .net "a", 31 0, v0x55f9a85f6490_0;  alias, 1 drivers
v0x55f9a85f7ba0_0 .var "extend", 31 0;
v0x55f9a85f7c60_0 .net "s", 0 0, L_0x55f9a8616320;  1 drivers
v0x55f9a85f7d60_0 .net "y", 31 0, L_0x55f9a8616230;  alias, 1 drivers
E_0x55f9a85f73d0 .event edge, v0x55f9a85f6490_0;
S_0x55f9a85f7450 .scope module, "first_mux" "mux2x1" 7 54, 7 17 0, S_0x55f9a85f7190;
 .timescale 0 0;
    .port_info 0 /INPUT 32 "a"
    .port_info 1 /INPUT 32 "b"
    .port_info 2 /INPUT 1 "s"
    .port_info 3 /OUTPUT 32 "y"
v0x55f9a85f76b0_0 .net "a", 31 0, v0x55f9a85f6490_0;  alias, 1 drivers
v0x55f9a85f77e0_0 .net "b", 31 0, v0x55f9a85f7ba0_0;  1 drivers
v0x55f9a85f78c0_0 .net "s", 0 0, L_0x55f9a8616320;  alias, 1 drivers
v0x55f9a85f7960_0 .net "y", 31 0, L_0x55f9a8616230;  alias, 1 drivers
L_0x55f9a8616230 .functor MUXZ 32, v0x55f9a85f6490_0, v0x55f9a85f7ba0_0, L_0x55f9a8616320, C4<>;
S_0x55f9a85f8440 .scope module, "answer" "mux2x1" 7 127, 7 17 0, S_0x55f9a85f5900;
 .timescale 0 0;
    .port_info 0 /INPUT 32 "a"
    .port_info 1 /INPUT 32 "b"
    .port_info 2 /INPUT 1 "s"
    .port_info 3 /OUTPUT 32 "y"
v0x55f9a85f86a0_0 .net "a", 31 0, v0x55f9a85f8e70_0;  alias, 1 drivers
v0x55f9a85f8780_0 .net "b", 31 0, L_0x55f9a8616230;  alias, 1 drivers
v0x55f9a85f8840_0 .net "s", 0 0, L_0x55f9a8616570;  1 drivers
v0x55f9a85f88e0_0 .net "y", 31 0, L_0x55f9a86164d0;  alias, 1 drivers
L_0x55f9a86164d0 .functor MUXZ 32, v0x55f9a85f8e70_0, L_0x55f9a8616230, L_0x55f9a8616570, C4<>;
S_0x55f9a85f8a00 .scope module, "l_block" "l_part" 7 125, 7 73 0, S_0x55f9a85f5900;
 .timescale 0 0;
    .port_info 0 /INPUT 32 "a"
    .port_info 1 /INPUT 32 "b"
    .port_info 2 /INPUT 3 "op"
    .port_info 3 /OUTPUT 32 "logicout"
v0x55f9a85f8cd0_0 .net "a", 31 0, L_0x55f9a8614ba0;  alias, 1 drivers
v0x55f9a85f8db0_0 .net "b", 31 0, L_0x55f9a8615ef0;  alias, 1 drivers
v0x55f9a85f8e70_0 .var "logicout", 31 0;
v0x55f9a85f8f70_0 .net "op", 2 0, v0x55f9a85f3620_0;  alias, 1 drivers
E_0x55f9a85f8c70 .event edge, v0x55f9a85f3620_0, v0x55f9a85f61e0_0, v0x55f9a85f6880_0;
S_0x55f9a85f90c0 .scope module, "z_block" "cero" 7 128, 7 93 0, S_0x55f9a85f5900;
 .timescale 0 0;
    .port_info 0 /INPUT 32 "a"
    .port_info 1 /OUTPUT 1 "y"
v0x55f9a85f9370_0 .net "a", 31 0, L_0x55f9a86164d0;  alias, 1 drivers
v0x55f9a85f94a0_0 .var "y", 0 0;
E_0x55f9a85f92f0 .event edge, v0x55f9a85f2210_0;
S_0x55f9a85f9d60 .scope module, "immsh" "sl2" 6 127, 2 33 0, S_0x55f9a85f5580;
 .timescale 0 0;
    .port_info 0 /INPUT 32 "a"
    .port_info 1 /OUTPUT 32 "y"
v0x55f9a85f9f40_0 .net *"_s1", 29 0, L_0x55f9a8613fe0;  1 drivers
L_0x7f5cf9915060 .functor BUFT 1, C4<00>, C4<0>, C4<0>, C4<0>;
v0x55f9a85fa040_0 .net/2u *"_s2", 1 0, L_0x7f5cf9915060;  1 drivers
v0x55f9a85fa120_0 .net "a", 31 0, L_0x55f9a8615d10;  alias, 1 drivers
v0x55f9a85fa1e0_0 .net "y", 31 0, L_0x55f9a8614110;  alias, 1 drivers
L_0x55f9a8613fe0 .part L_0x55f9a8615d10, 0, 30;
L_0x55f9a8614110 .concat [ 2 30 0 0], L_0x7f5cf9915060, L_0x55f9a8613fe0;
S_0x55f9a85fa320 .scope module, "pcadd1" "adder" 6 126, 2 27 0, S_0x55f9a85f5580;
 .timescale 0 0;
    .port_info 0 /INPUT 32 "a"
    .port_info 1 /INPUT 32 "b"
    .port_info 2 /OUTPUT 32 "y"
v0x55f9a85fa540_0 .net "a", 31 0, v0x55f9a85fc210_0;  alias, 1 drivers
L_0x7f5cf9915018 .functor BUFT 1, C4<00000000000000000000000000000100>, C4<0>, C4<0>, C4<0>;
v0x55f9a85fa620_0 .net "b", 31 0, L_0x7f5cf9915018;  1 drivers
v0x55f9a85fa700_0 .net "y", 31 0, L_0x55f9a8603e30;  alias, 1 drivers
L_0x55f9a8603e30 .arith/sum 32, v0x55f9a85fc210_0, L_0x7f5cf9915018;
S_0x55f9a85fa840 .scope module, "pcadd2" "adder" 6 128, 2 27 0, S_0x55f9a85f5580;
 .timescale 0 0;
    .port_info 0 /INPUT 32 "a"
    .port_info 1 /INPUT 32 "b"
    .port_info 2 /OUTPUT 32 "y"
v0x55f9a85faa60_0 .net "a", 31 0, L_0x55f9a8603e30;  alias, 1 drivers
v0x55f9a85fab70_0 .net "b", 31 0, L_0x55f9a8614110;  alias, 1 drivers
v0x55f9a85fac40_0 .net "y", 31 0, L_0x55f9a86141b0;  alias, 1 drivers
L_0x55f9a86141b0 .arith/sum 32, L_0x55f9a8603e30, L_0x55f9a8614110;
S_0x55f9a85fad90 .scope module, "pcbrmux" "mux2" 6 129, 2 71 0, S_0x55f9a85f5580;
 .timescale 0 0;
    .port_info 0 /INPUT 32 "d0"
    .port_info 1 /INPUT 32 "d1"
    .port_info 2 /INPUT 1 "s"
    .port_info 3 /OUTPUT 32 "y"
P_0x55f9a85fafb0 .param/l "WIDTH" 0 2 71, +C4<00000000000000000000000000100000>;
v0x55f9a85fb180_0 .net "d0", 31 0, L_0x55f9a8603e30;  alias, 1 drivers
v0x55f9a85fb290_0 .net "d1", 31 0, L_0x55f9a86141b0;  alias, 1 drivers
v0x55f9a85fb350_0 .net "s", 0 0, L_0x55f9a8603b60;  alias, 1 drivers
v0x55f9a85fb450_0 .net "y", 31 0, L_0x55f9a86142e0;  alias, 1 drivers
L_0x55f9a86142e0 .functor MUXZ 32, L_0x55f9a8603e30, L_0x55f9a86141b0, L_0x55f9a8603b60, C4<>;
S_0x55f9a85fb580 .scope module, "pcmux" "mux2" 6 131, 2 71 0, S_0x55f9a85f5580;
 .timescale 0 0;
    .port_info 0 /INPUT 32 "d0"
    .port_info 1 /INPUT 32 "d1"
    .port_info 2 /INPUT 1 "s"
    .port_info 3 /OUTPUT 32 "y"
P_0x55f9a85fb750 .param/l "WIDTH" 0 2 71, +C4<00000000000000000000000000100000>;
v0x55f9a85fb890_0 .net "d0", 31 0, L_0x55f9a86142e0;  alias, 1 drivers
v0x55f9a85fb9a0_0 .net "d1", 31 0, L_0x55f9a86146c0;  1 drivers
v0x55f9a85fba60_0 .net "s", 0 0, L_0x55f9a8603670;  alias, 1 drivers
v0x55f9a85fbb80_0 .net "y", 31 0, L_0x55f9a8614410;  alias, 1 drivers
L_0x55f9a8614410 .functor MUXZ 32, L_0x55f9a86142e0, L_0x55f9a86146c0, L_0x55f9a8603670, C4<>;
S_0x55f9a85fbcc0 .scope module, "pcreg" "flopr" 6 124, 2 46 0, S_0x55f9a85f5580;
 .timescale 0 0;
    .port_info 0 /INPUT 1 "clk"
    .port_info 1 /INPUT 1 "reset"
    .port_info 2 /INPUT 32 "d"
    .port_info 3 /OUTPUT 32 "q"
P_0x55f9a85fbe90 .param/l "WIDTH" 0 2 46, +C4<00000000000000000000000000100000>;
v0x55f9a85fc050_0 .net "clk", 0 0, v0x55f9a8602d70_0;  alias, 1 drivers
v0x55f9a85fc140_0 .net "d", 31 0, L_0x55f9a8614410;  alias, 1 drivers
v0x55f9a85fc210_0 .var "q", 31 0;
v0x55f9a85fc310_0 .net "reset", 0 0, v0x55f9a86030a0_0;  alias, 1 drivers
E_0x55f9a85fbfd0 .event posedge, v0x55f9a85fc310_0, v0x55f9a85f22f0_0;
S_0x55f9a85fc440 .scope module, "resmux" "mux2" 6 141, 2 71 0, S_0x55f9a85f5580;
 .timescale 0 0;
    .port_info 0 /INPUT 32 "d0"
    .port_info 1 /INPUT 32 "d1"
    .port_info 2 /INPUT 1 "s"
    .port_info 3 /OUTPUT 32 "y"
P_0x55f9a85fc610 .param/l "WIDTH" 0 2 71, +C4<00000000000000000000000000100000>;
v0x55f9a85fc750_0 .net "d0", 31 0, L_0x55f9a86164d0;  alias, 1 drivers
v0x55f9a85fc830_0 .net "d1", 31 0, L_0x55f9a8616b80;  alias, 1 drivers
v0x55f9a85fc920_0 .net "s", 0 0, L_0x55f9a8603590;  alias, 1 drivers
v0x55f9a85fc9f0_0 .net "y", 31 0, L_0x55f9a8615940;  alias, 1 drivers
L_0x55f9a8615940 .functor MUXZ 32, L_0x55f9a86164d0, L_0x55f9a8616b80, L_0x55f9a8603590, C4<>;
S_0x55f9a85fcb10 .scope module, "rf" "regfile" 6 136, 2 7 0, S_0x55f9a85f5580;
 .timescale 0 0;
    .port_info 0 /INPUT 1 "clk"
    .port_info 1 /INPUT 1 "we3"
    .port_info 2 /INPUT 5 "ra1"
    .port_info 3 /INPUT 5 "ra2"
    .port_info 4 /INPUT 5 "wa3"
    .port_info 5 /INPUT 32 "wd3"
    .port_info 6 /OUTPUT 32 "rd1"
    .port_info 7 /OUTPUT 32 "rd2"
v0x55f9a85fce40_0 .net *"_s0", 31 0, L_0x55f9a8614760;  1 drivers
v0x55f9a85fcf40_0 .net *"_s10", 6 0, L_0x55f9a86149e0;  1 drivers
L_0x7f5cf9915180 .functor BUFT 1, C4<00>, C4<0>, C4<0>, C4<0>;
v0x55f9a85fd020_0 .net *"_s13", 1 0, L_0x7f5cf9915180;  1 drivers
L_0x7f5cf99151c8 .functor BUFT 1, C4<00000000000000000000000000000000>, C4<0>, C4<0>, C4<0>;
v0x55f9a85fd0e0_0 .net/2u *"_s14", 31 0, L_0x7f5cf99151c8;  1 drivers
v0x55f9a85fd1c0_0 .net *"_s18", 31 0, L_0x55f9a8614d30;  1 drivers
L_0x7f5cf9915210 .functor BUFT 1, C4<000000000000000000000000000>, C4<0>, C4<0>, C4<0>;
v0x55f9a85fd2f0_0 .net *"_s21", 26 0, L_0x7f5cf9915210;  1 drivers
L_0x7f5cf9915258 .functor BUFT 1, C4<00000000000000000000000000000000>, C4<0>, C4<0>, C4<0>;
v0x55f9a85fd3d0_0 .net/2u *"_s22", 31 0, L_0x7f5cf9915258;  1 drivers
v0x55f9a85fd4b0_0 .net *"_s24", 0 0, L_0x55f9a8614ef0;  1 drivers
v0x55f9a85fd570_0 .net *"_s26", 31 0, L_0x55f9a8614fe0;  1 drivers
v0x55f9a85fd6e0_0 .net *"_s28", 6 0, L_0x55f9a86150d0;  1 drivers
L_0x7f5cf99150f0 .functor BUFT 1, C4<000000000000000000000000000>, C4<0>, C4<0>, C4<0>;
v0x55f9a85fd7c0_0 .net *"_s3", 26 0, L_0x7f5cf99150f0;  1 drivers
L_0x7f5cf99152a0 .functor BUFT 1, C4<00>, C4<0>, C4<0>, C4<0>;
v0x55f9a85fd8a0_0 .net *"_s31", 1 0, L_0x7f5cf99152a0;  1 drivers
L_0x7f5cf99152e8 .functor BUFT 1, C4<00000000000000000000000000000000>, C4<0>, C4<0>, C4<0>;
v0x55f9a85fd980_0 .net/2u *"_s32", 31 0, L_0x7f5cf99152e8;  1 drivers
L_0x7f5cf9915138 .functor BUFT 1, C4<00000000000000000000000000000000>, C4<0>, C4<0>, C4<0>;
v0x55f9a85fda60_0 .net/2u *"_s4", 31 0, L_0x7f5cf9915138;  1 drivers
v0x55f9a85fdb40_0 .net *"_s6", 0 0, L_0x55f9a8614800;  1 drivers
v0x55f9a85fdc00_0 .net *"_s8", 31 0, L_0x55f9a8614940;  1 drivers
v0x55f9a85fdce0_0 .net "clk", 0 0, v0x55f9a8602d70_0;  alias, 1 drivers
v0x55f9a85fdd80_0 .net "ra1", 4 0, L_0x55f9a8615400;  1 drivers
v0x55f9a85fde60_0 .net "ra2", 4 0, L_0x55f9a86154d0;  1 drivers
v0x55f9a85fdf40_0 .net "rd1", 31 0, L_0x55f9a8614ba0;  alias, 1 drivers
v0x55f9a85fe000_0 .net "rd2", 31 0, L_0x55f9a8615260;  alias, 1 drivers
v0x55f9a85fe0c0 .array "rf", 0 31, 31 0;
v0x55f9a85fe160_0 .net "wa3", 4 0, L_0x55f9a8615680;  alias, 1 drivers
v0x55f9a85fe240_0 .net "wd3", 31 0, L_0x55f9a8615940;  alias, 1 drivers
v0x55f9a85fe300_0 .net "we3", 0 0, L_0x55f9a86031e0;  alias, 1 drivers
L_0x55f9a8614760 .concat [ 5 27 0 0], L_0x55f9a8615400, L_0x7f5cf99150f0;
L_0x55f9a8614800 .cmp/ne 32, L_0x55f9a8614760, L_0x7f5cf9915138;
L_0x55f9a8614940 .array/port v0x55f9a85fe0c0, L_0x55f9a86149e0;
L_0x55f9a86149e0 .concat [ 5 2 0 0], L_0x55f9a8615400, L_0x7f5cf9915180;
L_0x55f9a8614ba0 .functor MUXZ 32, L_0x7f5cf99151c8, L_0x55f9a8614940, L_0x55f9a8614800, C4<>;
L_0x55f9a8614d30 .concat [ 5 27 0 0], L_0x55f9a86154d0, L_0x7f5cf9915210;
L_0x55f9a8614ef0 .cmp/ne 32, L_0x55f9a8614d30, L_0x7f5cf9915258;
L_0x55f9a8614fe0 .array/port v0x55f9a85fe0c0, L_0x55f9a86150d0;
L_0x55f9a86150d0 .concat [ 5 2 0 0], L_0x55f9a86154d0, L_0x7f5cf99152a0;
L_0x55f9a8615260 .functor MUXZ 32, L_0x7f5cf99152e8, L_0x55f9a8614fe0, L_0x55f9a8614ef0, C4<>;
S_0x55f9a85fe520 .scope module, "se" "signext" 6 143, 2 40 0, S_0x55f9a85f5580;
 .timescale 0 0;
    .port_info 0 /INPUT 16 "a"
    .port_info 1 /OUTPUT 32 "y"
v0x55f9a85fe700_0 .net *"_s1", 0 0, L_0x55f9a86159e0;  1 drivers
v0x55f9a85fe800_0 .net *"_s2", 15 0, L_0x55f9a8615a80;  1 drivers
v0x55f9a85fe8e0_0 .net "a", 15 0, L_0x55f9a8615e00;  1 drivers
v0x55f9a85fe9a0_0 .net "y", 31 0, L_0x55f9a8615d10;  alias, 1 drivers
L_0x55f9a86159e0 .part L_0x55f9a8615e00, 15, 1;
LS_0x55f9a8615a80_0_0 .concat [ 1 1 1 1], L_0x55f9a86159e0, L_0x55f9a86159e0, L_0x55f9a86159e0, L_0x55f9a86159e0;
LS_0x55f9a8615a80_0_4 .concat [ 1 1 1 1], L_0x55f9a86159e0, L_0x55f9a86159e0, L_0x55f9a86159e0, L_0x55f9a86159e0;
LS_0x55f9a8615a80_0_8 .concat [ 1 1 1 1], L_0x55f9a86159e0, L_0x55f9a86159e0, L_0x55f9a86159e0, L_0x55f9a86159e0;
LS_0x55f9a8615a80_0_12 .concat [ 1 1 1 1], L_0x55f9a86159e0, L_0x55f9a86159e0, L_0x55f9a86159e0, L_0x55f9a86159e0;
L_0x55f9a8615a80 .concat [ 4 4 4 4], LS_0x55f9a8615a80_0_0, LS_0x55f9a8615a80_0_4, LS_0x55f9a8615a80_0_8, LS_0x55f9a8615a80_0_12;
L_0x55f9a8615d10 .concat [ 16 16 0 0], L_0x55f9a8615e00, L_0x55f9a8615a80;
S_0x55f9a85fead0 .scope module, "srcbmux" "mux2" 6 146, 2 71 0, S_0x55f9a85f5580;
 .timescale 0 0;
    .port_info 0 /INPUT 32 "d0"
    .port_info 1 /INPUT 32 "d1"
    .port_info 2 /INPUT 1 "s"
    .port_info 3 /OUTPUT 32 "y"
P_0x55f9a85feca0 .param/l "WIDTH" 0 2 71, +C4<00000000000000000000000000100000>;
v0x55f9a85fee10_0 .net "d0", 31 0, L_0x55f9a8615260;  alias, 1 drivers
v0x55f9a85fef20_0 .net "d1", 31 0, L_0x55f9a8615d10;  alias, 1 drivers
v0x55f9a85ff030_0 .net "s", 0 0, L_0x55f9a8603320;  alias, 1 drivers
v0x55f9a85ff120_0 .net "y", 31 0, L_0x55f9a8615ef0;  alias, 1 drivers
L_0x55f9a8615ef0 .functor MUXZ 32, L_0x55f9a8615260, L_0x55f9a8615d10, L_0x55f9a8603320, C4<>;
S_0x55f9a85ff240 .scope module, "wrmux" "mux2" 6 139, 2 71 0, S_0x55f9a85f5580;
 .timescale 0 0;
    .port_info 0 /INPUT 5 "d0"
    .port_info 1 /INPUT 5 "d1"
    .port_info 2 /INPUT 1 "s"
    .port_info 3 /OUTPUT 5 "y"
P_0x55f9a85ff410 .param/l "WIDTH" 0 2 71, +C4<00000000000000000000000000000101>;
v0x55f9a85ff520_0 .net "d0", 4 0, L_0x55f9a8615720;  1 drivers
v0x55f9a85ff620_0 .net "d1", 4 0, L_0x55f9a8615850;  1 drivers
v0x55f9a85ff700_0 .net "s", 0 0, L_0x55f9a8603280;  alias, 1 drivers
v0x55f9a85ff820_0 .net "y", 4 0, L_0x55f9a8615680;  alias, 1 drivers
L_0x55f9a8615680 .functor MUXZ 5, L_0x55f9a8615720, L_0x55f9a8615850, L_0x55f9a8603280, C4<>;
    .scope S_0x55f9a85d0e90;
T_0 ;
    %wait E_0x55f9a859cc50;
    %load/vec4 v0x55f9a85f19d0_0;
    %flag_set/vec4 8;
    %jmp/0xz  T_0.0, 8;
    %pushi/vec4 0, 0, 8;
    %assign/vec4 v0x55f9a85f18f0_0, 0;
    %jmp T_0.1;
T_0.0 ;
    %load/vec4 v0x55f9a85f1850_0;
    %flag_set/vec4 8;
    %jmp/0xz  T_0.2, 8;
    %load/vec4 v0x55f9a85f1770_0;
    %assign/vec4 v0x55f9a85f18f0_0, 0;
T_0.2 ;
T_0.1 ;
    %jmp T_0;
    .thread T_0;
    .scope S_0x55f9a85f3970;
T_1 ;
    %wait E_0x55f9a85da780;
    %load/vec4 v0x55f9a85f43d0_0;
    %dup/vec4;
    %pushi/vec4 0, 0, 6;
    %cmp/u;
    %jmp/1 T_1.0, 6;
    %dup/vec4;
    %pushi/vec4 35, 0, 6;
    %cmp/u;
    %jmp/1 T_1.1, 6;
    %dup/vec4;
    %pushi/vec4 43, 0, 6;
    %cmp/u;
    %jmp/1 T_1.2, 6;
    %dup/vec4;
    %pushi/vec4 4, 0, 6;
    %cmp/u;
    %jmp/1 T_1.3, 6;
    %dup/vec4;
    %pushi/vec4 8, 0, 6;
    %cmp/u;
    %jmp/1 T_1.4, 6;
    %dup/vec4;
    %pushi/vec4 2, 0, 6;
    %cmp/u;
    %jmp/1 T_1.5, 6;
    %dup/vec4;
    %pushi/vec4 13, 0, 6;
    %cmp/u;
    %jmp/1 T_1.6, 6;
    %dup/vec4;
    %pushi/vec4 5, 0, 6;
    %cmp/u;
    %jmp/1 T_1.7, 6;
    %pushi/vec4 1023, 1023, 10;
    %assign/vec4 v0x55f9a85f40d0_0, 0;
    %jmp T_1.9;
T_1.0 ;
    %pushi/vec4 772, 0, 10;
    %assign/vec4 v0x55f9a85f40d0_0, 0;
    %jmp T_1.9;
T_1.1 ;
    %pushi/vec4 656, 0, 10;
    %assign/vec4 v0x55f9a85f40d0_0, 0;
    %jmp T_1.9;
T_1.2 ;
    %pushi/vec4 160, 0, 10;
    %assign/vec4 v0x55f9a85f40d0_0, 0;
    %jmp T_1.9;
T_1.3 ;
    %pushi/vec4 66, 0, 10;
    %assign/vec4 v0x55f9a85f40d0_0, 0;
    %jmp T_1.9;
T_1.4 ;
    %pushi/vec4 640, 0, 10;
    %assign/vec4 v0x55f9a85f40d0_0, 0;
    %jmp T_1.9;
T_1.5 ;
    %pushi/vec4 8, 0, 10;
    %assign/vec4 v0x55f9a85f40d0_0, 0;
    %jmp T_1.9;
T_1.6 ;
    %pushi/vec4 644, 0, 10;
    %assign/vec4 v0x55f9a85f40d0_0, 0;
    %jmp T_1.9;
T_1.7 ;
    %pushi/vec4 3, 0, 10;
    %assign/vec4 v0x55f9a85f40d0_0, 0;
    %jmp T_1.9;
T_1.9 ;
    %pop/vec4 1;
    %jmp T_1;
    .thread T_1, $push;
    .scope S_0x55f9a85f33a0;
T_2 ;
    %wait E_0x55f9a8596830;
    %load/vec4 v0x55f9a85f3720_0;
    %dup/vec4;
    %pushi/vec4 0, 0, 2;
    %cmp/u;
    %jmp/1 T_2.0, 6;
    %dup/vec4;
    %pushi/vec4 1, 0, 2;
    %cmp/u;
    %jmp/1 T_2.1, 6;
    %load/vec4 v0x55f9a85f3800_0;
    %dup/vec4;
    %pushi/vec4 32, 0, 6;
    %cmp/u;
    %jmp/1 T_2.4, 6;
    %dup/vec4;
    %pushi/vec4 34, 0, 6;
    %cmp/u;
    %jmp/1 T_2.5, 6;
    %dup/vec4;
    %pushi/vec4 36, 0, 6;
    %cmp/u;
    %jmp/1 T_2.6, 6;
    %dup/vec4;
    %pushi/vec4 37, 0, 6;
    %cmp/u;
    %jmp/1 T_2.7, 6;
    %dup/vec4;
    %pushi/vec4 42, 0, 6;
    %cmp/u;
    %jmp/1 T_2.8, 6;
    %pushi/vec4 7, 7, 3;
    %assign/vec4 v0x55f9a85f3620_0, 0;
    %jmp T_2.10;
T_2.4 ;
    %pushi/vec4 2, 0, 3;
    %assign/vec4 v0x55f9a85f3620_0, 0;
    %jmp T_2.10;
T_2.5 ;
    %pushi/vec4 6, 0, 3;
    %assign/vec4 v0x55f9a85f3620_0, 0;
    %jmp T_2.10;
T_2.6 ;
    %pushi/vec4 0, 0, 3;
    %assign/vec4 v0x55f9a85f3620_0, 0;
    %jmp T_2.10;
T_2.7 ;
    %pushi/vec4 1, 0, 3;
    %assign/vec4 v0x55f9a85f3620_0, 0;
    %jmp T_2.10;
T_2.8 ;
    %pushi/vec4 7, 0, 3;
    %assign/vec4 v0x55f9a85f3620_0, 0;
    %jmp T_2.10;
T_2.10 ;
    %pop/vec4 1;
    %jmp T_2.3;
T_2.0 ;
    %pushi/vec4 2, 0, 3;
    %assign/vec4 v0x55f9a85f3620_0, 0;
    %jmp T_2.3;
T_2.1 ;
    %pushi/vec4 6, 0, 3;
    %assign/vec4 v0x55f9a85f3620_0, 0;
    %jmp T_2.3;
T_2.3 ;
    %pop/vec4 1;
    %jmp T_2;
    .thread T_2, $push;
    .scope S_0x55f9a85fbcc0;
T_3 ;
    %wait E_0x55f9a85fbfd0;
    %load/vec4 v0x55f9a85fc310_0;
    %flag_set/vec4 8;
    %jmp/0xz  T_3.0, 8;
    %pushi/vec4 0, 0, 32;
    %assign/vec4 v0x55f9a85fc210_0, 0;
    %jmp T_3.1;
T_3.0 ;
    %load/vec4 v0x55f9a85fc140_0;
    %assign/vec4 v0x55f9a85fc210_0, 0;
T_3.1 ;
    %jmp T_3;
    .thread T_3;
    .scope S_0x55f9a85fcb10;
T_4 ;
    %wait E_0x55f9a85964d0;
    %load/vec4 v0x55f9a85fe300_0;
    %flag_set/vec4 8;
    %jmp/0xz  T_4.0, 8;
    %load/vec4 v0x55f9a85fe240_0;
    %load/vec4 v0x55f9a85fe160_0;
    %pad/u 7;
    %ix/vec4 3;
    %ix/load 4, 0, 0; Constant delay
    %assign/vec4/a/d v0x55f9a85fe0c0, 0, 4;
T_4.0 ;
    %jmp T_4;
    .thread T_4;
    .scope S_0x55f9a85f5f40;
T_5 ;
    %wait E_0x55f9a85f6160;
    %load/vec4 v0x55f9a85f63c0_0;
    %dup/vec4;
    %pushi/vec4 0, 0, 1;
    %cmp/u;
    %jmp/1 T_5.0, 6;
    %dup/vec4;
    %pushi/vec4 1, 0, 1;
    %cmp/u;
    %jmp/1 T_5.1, 6;
    %load/vec4 v0x55f9a85f61e0_0;
    %load/vec4 v0x55f9a85f62e0_0;
    %add;
    %assign/vec4 v0x55f9a85f6490_0, 0;
    %jmp T_5.3;
T_5.0 ;
    %load/vec4 v0x55f9a85f61e0_0;
    %load/vec4 v0x55f9a85f62e0_0;
    %add;
    %assign/vec4 v0x55f9a85f6490_0, 0;
    %jmp T_5.3;
T_5.1 ;
    %load/vec4 v0x55f9a85f61e0_0;
    %load/vec4 v0x55f9a85f62e0_0;
    %add;
    %addi 1, 0, 32;
    %assign/vec4 v0x55f9a85f6490_0, 0;
    %jmp T_5.3;
T_5.3 ;
    %pop/vec4 1;
    %jmp T_5;
    .thread T_5, $push;
    .scope S_0x55f9a85f7190;
T_6 ;
    %wait E_0x55f9a85f73d0;
    %pushi/vec4 0, 0, 31;
    %load/vec4 v0x55f9a85f7ac0_0;
    %parti/s 1, 31, 6;
    %concat/vec4; draw_concat_vec4
    %store/vec4 v0x55f9a85f7ba0_0, 0, 32;
    %jmp T_6;
    .thread T_6, $push;
    .scope S_0x55f9a85f8a00;
T_7 ;
    %wait E_0x55f9a85f8c70;
    %load/vec4 v0x55f9a85f8f70_0;
    %dup/vec4;
    %pushi/vec4 0, 0, 3;
    %cmp/u;
    %jmp/1 T_7.0, 6;
    %dup/vec4;
    %pushi/vec4 1, 0, 3;
    %cmp/u;
    %jmp/1 T_7.1, 6;
    %pushi/vec4 4294967295, 4294967295, 32;
    %store/vec4 v0x55f9a85f8e70_0, 0, 32;
    %jmp T_7.3;
T_7.0 ;
    %load/vec4 v0x55f9a85f8cd0_0;
    %load/vec4 v0x55f9a85f8db0_0;
    %and;
    %store/vec4 v0x55f9a85f8e70_0, 0, 32;
    %jmp T_7.3;
T_7.1 ;
    %load/vec4 v0x55f9a85f8cd0_0;
    %load/vec4 v0x55f9a85f8db0_0;
    %or;
    %store/vec4 v0x55f9a85f8e70_0, 0, 32;
    %jmp T_7.3;
T_7.3 ;
    %pop/vec4 1;
    %jmp T_7;
    .thread T_7, $push;
    .scope S_0x55f9a85f90c0;
T_8 ;
    %wait E_0x55f9a85f92f0;
    %load/vec4 v0x55f9a85f9370_0;
    %cmpi/e 0, 0, 32;
    %jmp/0xz  T_8.0, 4;
    %pushi/vec4 1, 0, 1;
    %store/vec4 v0x55f9a85f94a0_0, 0, 1;
    %jmp T_8.1;
T_8.0 ;
    %pushi/vec4 0, 0, 1;
    %store/vec4 v0x55f9a85f94a0_0, 0, 1;
T_8.1 ;
    %jmp T_8;
    .thread T_8, $push;
    .scope S_0x55f9a85f2720;
T_9 ;
    %vpi_call 5 28 "$readmemh", "memfile.dat", v0x55f9a85f2910, 32'sb00000000000000000000000000000000, 32'sb00000000000000000000000000010001 {0 0 0};
    %end;
    .thread T_9;
    .scope S_0x55f9a85f1d60;
T_10 ;
    %wait E_0x55f9a85964d0;
    %load/vec4 v0x55f9a85f25c0_0;
    %flag_set/vec4 8;
    %jmp/0xz  T_10.0, 8;
    %load/vec4 v0x55f9a85f24e0_0;
    %load/vec4 v0x55f9a85f2210_0;
    %parti/s 30, 2, 3;
    %ix/vec4 3;
    %ix/load 4, 0, 0; Constant delay
    %assign/vec4/a/d v0x55f9a85f1f90, 0, 4;
T_10.0 ;
    %jmp T_10;
    .thread T_10;
    .scope S_0x55f9a85ce330;
T_11 ;
    %pushi/vec4 1, 0, 1;
    %assign/vec4 v0x55f9a86030a0_0, 0;
    %delay 22, 0;
    %pushi/vec4 0, 0, 1;
    %assign/vec4 v0x55f9a86030a0_0, 0;
    %end;
    .thread T_11;
    .scope S_0x55f9a85ce330;
T_12 ;
    %pushi/vec4 1, 0, 1;
    %assign/vec4 v0x55f9a8602d70_0, 0;
    %delay 5, 0;
    %pushi/vec4 0, 0, 1;
    %assign/vec4 v0x55f9a8602d70_0, 0;
    %delay 5, 0;
    %jmp T_12;
    .thread T_12;
    .scope S_0x55f9a85ce330;
T_13 ;
    %wait E_0x55f9a8596390;
    %load/vec4 v0x55f9a8603000_0;
    %flag_set/vec4 8;
    %jmp/0xz  T_13.0, 8;
    %load/vec4 v0x55f9a8602e30_0;
    %pushi/vec4 84, 0, 32;
    %cmp/e;
    %flag_get/vec4 6;
    %load/vec4 v0x55f9a8603140_0;
    %pushi/vec4 7, 0, 32;
    %cmp/e;
    %flag_get/vec4 6;
    %and;
    %flag_set/vec4 8;
    %jmp/0xz  T_13.2, 8;
    %vpi_call 3 37 "$display", "\012Simulation succeeded" {0 0 0};
    %vpi_call 3 38 "$stop" {0 0 0};
    %jmp T_13.3;
T_13.2 ;
    %load/vec4 v0x55f9a8602e30_0;
    %cmpi/ne 80, 0, 32;
    %jmp/0xz  T_13.4, 6;
    %vpi_call 3 40 "$display", "\012Simulation failed" {0 0 0};
    %vpi_call 3 41 "$stop" {0 0 0};
T_13.4 ;
T_13.3 ;
T_13.0 ;
    %jmp T_13;
    .thread T_13;
    .scope S_0x55f9a85ce330;
T_14 ;
    %vpi_call 3 46 "$dumpfile", "lab07.vcd" {0 0 0};
    %vpi_call 3 47 "$dumpvars" {0 0 0};
    %end;
    .thread T_14;
# The file index is used to find the file name in the following table.
:file_names 8;
    "N/A";
    "<interactive>";
    "mipsparts.v";
    "mipstest.v";
    "mipstop.v";
    "mipsmem.v";
    "mips2.v";
    "ALUnew.v";
