#! /usr/bin/vvp
:ivl_version "10.1 (stable)";
:ivl_delay_selection "TYPICAL";
:vpi_time_precision - 9;
:vpi_module "system";
:vpi_module "vhdl_sys";
:vpi_module "v2005_math";
:vpi_module "va_math";
S_0x55f094214c80 .scope module, "mux16_2x1_tb" "mux16_2x1_tb" 2 2;
 .timescale -9 -9;
v0x55f0942352b0_0 .var "a", 15 0;
v0x55f094235390_0 .var "b", 15 0;
v0x55f094235460_0 .var "s", 0 0;
v0x55f094235560_0 .net "y", 15 0, L_0x55f094235630;  1 drivers
S_0x55f094214e00 .scope module, "g" "mux16_2x1" 2 6, 3 1 0, S_0x55f094214c80;
 .timescale -9 -9;
    .port_info 0 /INPUT 16 "a"
    .port_info 1 /INPUT 16 "b"
    .port_info 2 /INPUT 1 "s"
    .port_info 3 /OUTPUT 16 "y"
v0x55f094215040_0 .net "a", 15 0, v0x55f0942352b0_0;  1 drivers
v0x55f094234fa0_0 .net "b", 15 0, v0x55f094235390_0;  1 drivers
v0x55f094235080_0 .net "s", 0 0, v0x55f094235460_0;  1 drivers
v0x55f094235120_0 .net "y", 15 0, L_0x55f094235630;  alias, 1 drivers
L_0x55f094235630 .functor MUXZ 16, v0x55f0942352b0_0, v0x55f094235390_0, v0x55f094235460_0, C4<>;
    .scope S_0x55f094214c80;
T_0 ;
    %vpi_call 2 8 "$display", "time\011\011a\011\011\011b\011\011s\011\011y" {0 0 0};
    %pushi/vec4 61680, 0, 16;
    %store/vec4 v0x55f0942352b0_0, 0, 16;
    %pushi/vec4 3855, 0, 16;
    %store/vec4 v0x55f094235390_0, 0, 16;
    %pushi/vec4 0, 0, 1;
    %store/vec4 v0x55f094235460_0, 0, 1;
    %delay 10, 0;
    %vpi_call 2 12 "$finish" {0 0 0};
    %end;
    .thread T_0;
    .scope S_0x55f094214c80;
T_1 ;
    %vpi_call 2 15 "$monitor", "%2d:\011%b\011%b\011%b\011%b", $time, v0x55f0942352b0_0, v0x55f094235390_0, v0x55f094235460_0, v0x55f094235560_0 {0 0 0};
    %end;
    .thread T_1;
    .scope S_0x55f094214c80;
T_2 ;
    %delay 1, 0;
    %load/vec4 v0x55f0942352b0_0;
    %subi 1, 0, 16;
    %store/vec4 v0x55f0942352b0_0, 0, 16;
    %jmp T_2;
    .thread T_2;
    .scope S_0x55f094214c80;
T_3 ;
    %delay 1, 0;
    %load/vec4 v0x55f094235460_0;
    %nor/r;
    %store/vec4 v0x55f094235460_0, 0, 1;
    %jmp T_3;
    .thread T_3;
    .scope S_0x55f094214c80;
T_4 ;
    %delay 2, 0;
    %load/vec4 v0x55f094235390_0;
    %addi 1, 0, 16;
    %store/vec4 v0x55f094235390_0, 0, 16;
    %jmp T_4;
    .thread T_4;
    .scope S_0x55f094214c80;
T_5 ;
    %vpi_call 2 22 "$dumpfile", "mux16_2x1.vcd" {0 0 0};
    %vpi_call 2 23 "$dumpvars" {0 0 0};
    %end;
    .thread T_5;
# The file index is used to find the file name in the following table.
:file_names 4;
    "N/A";
    "<interactive>";
    "mux16_2x1_tb.v";
    "mux16_2x1.v";
