#! /usr/bin/vvp
:ivl_version "10.1 (stable)";
:ivl_delay_selection "TYPICAL";
:vpi_time_precision - 9;
:vpi_module "system";
:vpi_module "vhdl_sys";
:vpi_module "v2005_math";
:vpi_module "va_math";
S_0x56006d756720 .scope module, "barrel_shifter_tb" "barrel_shifter_tb" 2 2;
 .timescale -9 -9;
v0x56006d77d6e0_0 .var "arith", 0 0;
v0x56006d77d7f0_0 .var "d", 31 0;
v0x56006d77d900_0 .var "right", 0 0;
v0x56006d77d9a0_0 .var "sa", 4 0;
v0x56006d77da40_0 .net "sh", 31 0, L_0x56006d790f00;  1 drivers
S_0x56006d755f00 .scope module, "ojalacorra" "barrel_shifter" 2 7, 3 1 0, S_0x56006d756720;
 .timescale -9 -9;
    .port_info 0 /INPUT 32 "d"
    .port_info 1 /INPUT 5 "sa"
    .port_info 2 /INPUT 1 "right"
    .port_info 3 /INPUT 1 "arith"
    .port_info 4 /OUTPUT 32 "sh"
v0x56006d77b790_0 .net *"_s15", 23 0, L_0x56006d78e890;  1 drivers
v0x56006d77b890_0 .net *"_s17", 7 0, L_0x56006d78e930;  1 drivers
v0x56006d77b970_0 .net *"_s21", 7 0, L_0x56006d78eb60;  1 drivers
v0x56006d77ba30_0 .net *"_s23", 23 0, L_0x56006d78ecf0;  1 drivers
v0x56006d77bb10_0 .net *"_s29", 27 0, L_0x56006d78f160;  1 drivers
v0x56006d77bbf0_0 .net *"_s31", 3 0, L_0x56006d78f310;  1 drivers
v0x56006d77bcd0_0 .net *"_s35", 3 0, L_0x56006d78f5c0;  1 drivers
v0x56006d77bdb0_0 .net *"_s37", 27 0, L_0x56006d78f660;  1 drivers
v0x56006d77be90_0 .net *"_s43", 29 0, L_0x56006d78fbb0;  1 drivers
v0x56006d77c000_0 .net *"_s45", 1 0, L_0x56006d78fce0;  1 drivers
v0x56006d77c0e0_0 .net *"_s49", 1 0, L_0x56006d78ff30;  1 drivers
v0x56006d77c1c0_0 .net *"_s5", 15 0, L_0x56006d78e1a0;  1 drivers
v0x56006d77c2a0_0 .net *"_s51", 29 0, L_0x56006d7900a0;  1 drivers
v0x56006d77c380_0 .net *"_s57", 30 0, L_0x56006d790620;  1 drivers
v0x56006d77c460_0 .net *"_s59", 0 0, L_0x56006d790840;  1 drivers
v0x56006d77c540_0 .net *"_s63", 0 0, L_0x56006d790b20;  1 drivers
v0x56006d77c620_0 .net *"_s65", 30 0, L_0x56006d790bc0;  1 drivers
v0x56006d77c700_0 .net *"_s9", 15 0, L_0x56006d78e380;  1 drivers
v0x56006d77c7e0_0 .net "arith", 0 0, v0x56006d77d6e0_0;  1 drivers
v0x56006d77c880_0 .net "d", 31 0, v0x56006d77d7f0_0;  1 drivers
v0x56006d77c950_0 .net "e", 15 0, L_0x56006d78df20;  1 drivers
v0x56006d77ca20_0 .net "green0", 31 0, L_0x56006d78e100;  1 drivers
v0x56006d77cac0_0 .net "green1", 31 0, L_0x56006d78e7f0;  1 drivers
v0x56006d77cbd0_0 .net "green2", 31 0, L_0x56006d78f0c0;  1 drivers
v0x56006d77cce0_0 .net "green3", 31 0, L_0x56006d78f700;  1 drivers
v0x56006d77cdf0_0 .net "green4", 31 0, L_0x56006d790580;  1 drivers
v0x56006d77cf00_0 .net "right", 0 0, v0x56006d77d900_0;  1 drivers
v0x56006d77cfa0_0 .net "s1", 31 0, L_0x56006d7903b0;  1 drivers
v0x56006d77d0b0_0 .net "s2", 31 0, L_0x56006d78f930;  1 drivers
v0x56006d77d1c0_0 .net "s3", 31 0, L_0x56006d78eef0;  1 drivers
v0x56006d77d2d0_0 .net "s4", 31 0, L_0x56006d78e590;  1 drivers
v0x56006d77d3e0_0 .net "sa", 4 0, v0x56006d77d9a0_0;  1 drivers
v0x56006d77d4c0_0 .net "sh", 31 0, L_0x56006d790f00;  alias, 1 drivers
L_0x7f86661d1018 .functor BUFT 1, C4<0000000000000000>, C4<0>, C4<0>, C4<0>;
v0x56006d77d580_0 .net "z", 15 0, L_0x7f86661d1018;  1 drivers
L_0x56006d78e060 .part v0x56006d77d7f0_0, 31, 1;
L_0x56006d78e1a0 .part v0x56006d77d7f0_0, 0, 16;
L_0x56006d78e240 .concat [ 16 16 0 0], L_0x7f86661d1018, L_0x56006d78e1a0;
L_0x56006d78e380 .part v0x56006d77d7f0_0, 16, 16;
L_0x56006d78e450 .concat [ 16 16 0 0], L_0x56006d78e380, L_0x56006d78df20;
L_0x56006d78e6c0 .part v0x56006d77d9a0_0, 4, 1;
L_0x56006d78e890 .part L_0x56006d78e590, 0, 24;
L_0x56006d78e930 .part L_0x7f86661d1018, 0, 8;
L_0x56006d78ea20 .concat [ 8 24 0 0], L_0x56006d78e930, L_0x56006d78e890;
L_0x56006d78eb60 .part L_0x56006d78df20, 0, 8;
L_0x56006d78ecf0 .part L_0x56006d78e590, 8, 24;
L_0x56006d78ed90 .concat [ 24 8 0 0], L_0x56006d78ecf0, L_0x56006d78eb60;
L_0x56006d78f020 .part v0x56006d77d9a0_0, 3, 1;
L_0x56006d78f160 .part L_0x56006d78eef0, 0, 28;
L_0x56006d78f310 .part L_0x7f86661d1018, 0, 4;
L_0x56006d78f440 .concat [ 4 28 0 0], L_0x56006d78f310, L_0x56006d78f160;
L_0x56006d78f5c0 .part L_0x56006d78df20, 0, 4;
L_0x56006d78f660 .part L_0x56006d78eef0, 4, 28;
L_0x56006d78f7a0 .concat [ 28 4 0 0], L_0x56006d78f660, L_0x56006d78f5c0;
L_0x56006d78f9d0 .part v0x56006d77d9a0_0, 2, 1;
L_0x56006d78fbb0 .part L_0x56006d78f930, 0, 30;
L_0x56006d78fce0 .part L_0x7f86661d1018, 0, 2;
L_0x56006d78fe40 .concat [ 2 30 0 0], L_0x56006d78fce0, L_0x56006d78fbb0;
L_0x56006d78ff30 .part L_0x56006d78df20, 0, 2;
L_0x56006d7900a0 .part L_0x56006d78f930, 2, 30;
L_0x56006d790140 .concat [ 30 2 0 0], L_0x56006d7900a0, L_0x56006d78ff30;
L_0x56006d7904e0 .part v0x56006d77d9a0_0, 1, 1;
L_0x56006d790620 .part L_0x56006d7903b0, 0, 31;
L_0x56006d790840 .part L_0x7f86661d1018, 0, 1;
L_0x56006d7908e0 .concat [ 1 31 0 0], L_0x56006d790840, L_0x56006d790620;
L_0x56006d790b20 .part L_0x56006d78df20, 0, 1;
L_0x56006d790bc0 .part L_0x56006d7903b0, 1, 31;
L_0x56006d790d70 .concat [ 31 1 0 0], L_0x56006d790bc0, L_0x56006d790b20;
L_0x56006d791030 .part v0x56006d77d9a0_0, 0, 1;
S_0x56006d755400 .scope module, "ande" "ANDE" 3 11, 4 1 0, S_0x56006d755f00;
 .timescale -9 -9;
    .port_info 0 /INPUT 1 "d"
    .port_info 1 /INPUT 1 "arith"
    .port_info 2 /OUTPUT 16 "e"
L_0x7f86661d1060 .functor BUFT 1, C4<0000000000000000>, C4<0>, C4<0>, C4<0>;
v0x56006d74f880_0 .net/2u *"_s2", 15 0, L_0x7f86661d1060;  1 drivers
v0x56006d777450_0 .net "arith", 0 0, v0x56006d77d6e0_0;  alias, 1 drivers
v0x56006d777510_0 .net "d", 0 0, L_0x56006d78e060;  1 drivers
v0x56006d7775b0_0 .net "e", 15 0, L_0x56006d78df20;  alias, 1 drivers
v0x56006d777690_0 .net "temp", 15 0, L_0x56006d78db90;  1 drivers
LS_0x56006d78db90_0_0 .concat [ 1 1 1 1], L_0x56006d78e060, L_0x56006d78e060, L_0x56006d78e060, L_0x56006d78e060;
LS_0x56006d78db90_0_4 .concat [ 1 1 1 1], L_0x56006d78e060, L_0x56006d78e060, L_0x56006d78e060, L_0x56006d78e060;
LS_0x56006d78db90_0_8 .concat [ 1 1 1 1], L_0x56006d78e060, L_0x56006d78e060, L_0x56006d78e060, L_0x56006d78e060;
LS_0x56006d78db90_0_12 .concat [ 1 1 1 1], L_0x56006d78e060, L_0x56006d78e060, L_0x56006d78e060, L_0x56006d78e060;
L_0x56006d78db90 .concat [ 4 4 4 4], LS_0x56006d78db90_0_0, LS_0x56006d78db90_0_4, LS_0x56006d78db90_0_8, LS_0x56006d78db90_0_12;
L_0x56006d78df20 .functor MUXZ 16, L_0x7f86661d1060, L_0x56006d78db90, v0x56006d77d6e0_0, C4<>;
S_0x56006d777840 .scope module, "fifthbluemux" "mux32_2x1" 3 22, 5 1 0, S_0x56006d755f00;
 .timescale -9 -9;
    .port_info 0 /INPUT 32 "a"
    .port_info 1 /INPUT 32 "b"
    .port_info 2 /INPUT 1 "s"
    .port_info 3 /OUTPUT 32 "y"
v0x56006d777a80_0 .net "a", 31 0, L_0x56006d7903b0;  alias, 1 drivers
v0x56006d777b60_0 .net "b", 31 0, L_0x56006d790580;  alias, 1 drivers
v0x56006d777c40_0 .net "s", 0 0, L_0x56006d791030;  1 drivers
v0x56006d777ce0_0 .net "y", 31 0, L_0x56006d790f00;  alias, 1 drivers
L_0x56006d790f00 .functor MUXZ 32, L_0x56006d7903b0, L_0x56006d790580, L_0x56006d791030, C4<>;
S_0x56006d777e40 .scope module, "fifthgreenmux" "mux32_2x1" 3 21, 5 1 0, S_0x56006d755f00;
 .timescale -9 -9;
    .port_info 0 /INPUT 32 "a"
    .port_info 1 /INPUT 32 "b"
    .port_info 2 /INPUT 1 "s"
    .port_info 3 /OUTPUT 32 "y"
v0x56006d778080_0 .net "a", 31 0, L_0x56006d7908e0;  1 drivers
v0x56006d778160_0 .net "b", 31 0, L_0x56006d790d70;  1 drivers
v0x56006d778240_0 .net "s", 0 0, v0x56006d77d900_0;  alias, 1 drivers
v0x56006d778310_0 .net "y", 31 0, L_0x56006d790580;  alias, 1 drivers
L_0x56006d790580 .functor MUXZ 32, L_0x56006d7908e0, L_0x56006d790d70, v0x56006d77d900_0, C4<>;
S_0x56006d778490 .scope module, "firstbluemux" "mux32_2x1" 3 14, 5 1 0, S_0x56006d755f00;
 .timescale -9 -9;
    .port_info 0 /INPUT 32 "a"
    .port_info 1 /INPUT 32 "b"
    .port_info 2 /INPUT 1 "s"
    .port_info 3 /OUTPUT 32 "y"
v0x56006d7786d0_0 .net "a", 31 0, v0x56006d77d7f0_0;  alias, 1 drivers
v0x56006d7787d0_0 .net "b", 31 0, L_0x56006d78e100;  alias, 1 drivers
v0x56006d7788b0_0 .net "s", 0 0, L_0x56006d78e6c0;  1 drivers
v0x56006d778980_0 .net "y", 31 0, L_0x56006d78e590;  alias, 1 drivers
L_0x56006d78e590 .functor MUXZ 32, v0x56006d77d7f0_0, L_0x56006d78e100, L_0x56006d78e6c0, C4<>;
S_0x56006d778b10 .scope module, "firstgreenmux" "mux32_2x1" 3 13, 5 1 0, S_0x56006d755f00;
 .timescale -9 -9;
    .port_info 0 /INPUT 32 "a"
    .port_info 1 /INPUT 32 "b"
    .port_info 2 /INPUT 1 "s"
    .port_info 3 /OUTPUT 32 "y"
v0x56006d778da0_0 .net "a", 31 0, L_0x56006d78e240;  1 drivers
v0x56006d778ea0_0 .net "b", 31 0, L_0x56006d78e450;  1 drivers
v0x56006d778f80_0 .net "s", 0 0, v0x56006d77d900_0;  alias, 1 drivers
v0x56006d779050_0 .net "y", 31 0, L_0x56006d78e100;  alias, 1 drivers
L_0x56006d78e100 .functor MUXZ 32, L_0x56006d78e240, L_0x56006d78e450, v0x56006d77d900_0, C4<>;
S_0x56006d779190 .scope module, "fourthbluemux" "mux32_2x1" 3 20, 5 1 0, S_0x56006d755f00;
 .timescale -9 -9;
    .port_info 0 /INPUT 32 "a"
    .port_info 1 /INPUT 32 "b"
    .port_info 2 /INPUT 1 "s"
    .port_info 3 /OUTPUT 32 "y"
v0x56006d7793d0_0 .net "a", 31 0, L_0x56006d78f930;  alias, 1 drivers
v0x56006d7794d0_0 .net "b", 31 0, L_0x56006d78f700;  alias, 1 drivers
v0x56006d7795b0_0 .net "s", 0 0, L_0x56006d7904e0;  1 drivers
v0x56006d779680_0 .net "y", 31 0, L_0x56006d7903b0;  alias, 1 drivers
L_0x56006d7903b0 .functor MUXZ 32, L_0x56006d78f930, L_0x56006d78f700, L_0x56006d7904e0, C4<>;
S_0x56006d779800 .scope module, "fourthgreenmux" "mux32_2x1" 3 19, 5 1 0, S_0x56006d755f00;
 .timescale -9 -9;
    .port_info 0 /INPUT 32 "a"
    .port_info 1 /INPUT 32 "b"
    .port_info 2 /INPUT 1 "s"
    .port_info 3 /OUTPUT 32 "y"
v0x56006d779a40_0 .net "a", 31 0, L_0x56006d78fe40;  1 drivers
v0x56006d779b40_0 .net "b", 31 0, L_0x56006d790140;  1 drivers
v0x56006d779c20_0 .net "s", 0 0, v0x56006d77d900_0;  alias, 1 drivers
v0x56006d779d40_0 .net "y", 31 0, L_0x56006d78f700;  alias, 1 drivers
L_0x56006d78f700 .functor MUXZ 32, L_0x56006d78fe40, L_0x56006d790140, v0x56006d77d900_0, C4<>;
S_0x56006d779e70 .scope module, "secondbluemux" "mux32_2x1" 3 16, 5 1 0, S_0x56006d755f00;
 .timescale -9 -9;
    .port_info 0 /INPUT 32 "a"
    .port_info 1 /INPUT 32 "b"
    .port_info 2 /INPUT 1 "s"
    .port_info 3 /OUTPUT 32 "y"
v0x56006d77a0b0_0 .net "a", 31 0, L_0x56006d78e590;  alias, 1 drivers
v0x56006d77a1c0_0 .net "b", 31 0, L_0x56006d78e7f0;  alias, 1 drivers
v0x56006d77a280_0 .net "s", 0 0, L_0x56006d78f020;  1 drivers
v0x56006d77a350_0 .net "y", 31 0, L_0x56006d78eef0;  alias, 1 drivers
L_0x56006d78eef0 .functor MUXZ 32, L_0x56006d78e590, L_0x56006d78e7f0, L_0x56006d78f020, C4<>;
S_0x56006d77a4e0 .scope module, "secondgreenmux" "mux32_2x1" 3 15, 5 1 0, S_0x56006d755f00;
 .timescale -9 -9;
    .port_info 0 /INPUT 32 "a"
    .port_info 1 /INPUT 32 "b"
    .port_info 2 /INPUT 1 "s"
    .port_info 3 /OUTPUT 32 "y"
v0x56006d77a720_0 .net "a", 31 0, L_0x56006d78ea20;  1 drivers
v0x56006d77a820_0 .net "b", 31 0, L_0x56006d78ed90;  1 drivers
v0x56006d77a900_0 .net "s", 0 0, v0x56006d77d900_0;  alias, 1 drivers
v0x56006d77a9d0_0 .net "y", 31 0, L_0x56006d78e7f0;  alias, 1 drivers
L_0x56006d78e7f0 .functor MUXZ 32, L_0x56006d78ea20, L_0x56006d78ed90, v0x56006d77d900_0, C4<>;
S_0x56006d77ab30 .scope module, "thirddbluemux" "mux32_2x1" 3 18, 5 1 0, S_0x56006d755f00;
 .timescale -9 -9;
    .port_info 0 /INPUT 32 "a"
    .port_info 1 /INPUT 32 "b"
    .port_info 2 /INPUT 1 "s"
    .port_info 3 /OUTPUT 32 "y"
v0x56006d77ad20_0 .net "a", 31 0, L_0x56006d78eef0;  alias, 1 drivers
v0x56006d77ae30_0 .net "b", 31 0, L_0x56006d78f0c0;  alias, 1 drivers
v0x56006d77aef0_0 .net "s", 0 0, L_0x56006d78f9d0;  1 drivers
v0x56006d77afc0_0 .net "y", 31 0, L_0x56006d78f930;  alias, 1 drivers
L_0x56006d78f930 .functor MUXZ 32, L_0x56006d78eef0, L_0x56006d78f0c0, L_0x56006d78f9d0, C4<>;
S_0x56006d77b140 .scope module, "thirdgreenmux" "mux32_2x1" 3 17, 5 1 0, S_0x56006d755f00;
 .timescale -9 -9;
    .port_info 0 /INPUT 32 "a"
    .port_info 1 /INPUT 32 "b"
    .port_info 2 /INPUT 1 "s"
    .port_info 3 /OUTPUT 32 "y"
v0x56006d77b380_0 .net "a", 31 0, L_0x56006d78f440;  1 drivers
v0x56006d77b480_0 .net "b", 31 0, L_0x56006d78f7a0;  1 drivers
v0x56006d77b560_0 .net "s", 0 0, v0x56006d77d900_0;  alias, 1 drivers
v0x56006d77b630_0 .net "y", 31 0, L_0x56006d78f0c0;  alias, 1 drivers
L_0x56006d78f0c0 .functor MUXZ 32, L_0x56006d78f440, L_0x56006d78f7a0, v0x56006d77d900_0, C4<>;
    .scope S_0x56006d756720;
T_0 ;
    %vpi_call 2 9 "$display", "time\011\011\011d\011\011\011sa\011right\011arith\011\011\011sh" {0 0 0};
    %pushi/vec4 4278190335, 0, 32;
    %store/vec4 v0x56006d77d7f0_0, 0, 32;
    %pushi/vec4 8, 0, 5;
    %store/vec4 v0x56006d77d9a0_0, 0, 5;
    %pushi/vec4 0, 0, 1;
    %store/vec4 v0x56006d77d900_0, 0, 1;
    %pushi/vec4 0, 0, 1;
    %store/vec4 v0x56006d77d6e0_0, 0, 1;
    %delay 3, 0;
    %vpi_call 2 14 "$finish" {0 0 0};
    %end;
    .thread T_0;
    .scope S_0x56006d756720;
T_1 ;
    %vpi_call 2 17 "$monitor", "%2d:\011%b\011%b\011%b\011%b\011%b", $time, v0x56006d77d7f0_0, v0x56006d77d9a0_0, v0x56006d77d900_0, v0x56006d77d6e0_0, v0x56006d77da40_0 {0 0 0};
    %end;
    .thread T_1;
    .scope S_0x56006d756720;
T_2 ;
    %delay 1, 0;
    %load/vec4 v0x56006d77d900_0;
    %nor/r;
    %store/vec4 v0x56006d77d900_0, 0, 1;
    %delay 1, 0;
    %load/vec4 v0x56006d77d6e0_0;
    %nor/r;
    %store/vec4 v0x56006d77d6e0_0, 0, 1;
    %delay 1, 0;
    %load/vec4 v0x56006d77d900_0;
    %nor/r;
    %store/vec4 v0x56006d77d900_0, 0, 1;
    %load/vec4 v0x56006d77d6e0_0;
    %nor/r;
    %store/vec4 v0x56006d77d6e0_0, 0, 1;
    %end;
    .thread T_2;
    .scope S_0x56006d756720;
T_3 ;
    %vpi_call 2 25 "$dumpfile", "barrel_shifter.vcd" {0 0 0};
    %vpi_call 2 26 "$dumpvars" {0 0 0};
    %end;
    .thread T_3;
# The file index is used to find the file name in the following table.
:file_names 6;
    "N/A";
    "<interactive>";
    "barrel_shifter_tb.v";
    "barrel_shifter.v";
    "ANDE.v";
    "mux32_2x1.v";
