#! /usr/bin/vvp
:ivl_version "10.1 (stable)";
:ivl_delay_selection "TYPICAL";
:vpi_time_precision - 9;
:vpi_module "system";
:vpi_module "vhdl_sys";
:vpi_module "v2005_math";
:vpi_module "va_math";
S_0x56217cafc350 .scope module, "decoder3x8_tb" "decoder3x8_tb" 2 2;
 .timescale -9 -9;
v0x56217cb21e70_0 .net "d", 7 0, L_0x56217cb36400;  1 drivers
v0x56217cb21f30_0 .var "ena", 0 0;
v0x56217cb22000_0 .var "n", 2 0;
S_0x56217cafc4d0 .scope module, "g" "decoder3x8" 2 6, 3 1 0, S_0x56217cafc350;
 .timescale -9 -9;
    .port_info 0 /INPUT 3 "n"
    .port_info 1 /INPUT 1 "ena"
    .port_info 2 /OUTPUT 8 "d"
L_0x7f6be0a6a0a8 .functor BUFT 1, C4<000>, C4<0>, C4<0>, C4<0>;
v0x56217cafc6f0_0 .net/2u *"_s10", 2 0, L_0x7f6be0a6a0a8;  1 drivers
v0x56217cb1c610_0 .net *"_s100", 1 0, L_0x56217cb34070;  1 drivers
v0x56217cb1c6f0_0 .net *"_s103", 0 0, L_0x56217cb34200;  1 drivers
v0x56217cb1c7b0_0 .net *"_s106", 31 0, L_0x56217cb343c0;  1 drivers
L_0x7f6be0a6a6d8 .functor BUFT 1, C4<0000000000000000000000000000000>, C4<0>, C4<0>, C4<0>;
v0x56217cb1c890_0 .net *"_s109", 30 0, L_0x7f6be0a6a6d8;  1 drivers
L_0x7f6be0a6a720 .functor BUFT 1, C4<00000000000000000000000000000001>, C4<0>, C4<0>, C4<0>;
v0x56217cb1c9c0_0 .net/2u *"_s110", 31 0, L_0x7f6be0a6a720;  1 drivers
v0x56217cb1caa0_0 .net *"_s112", 0 0, L_0x56217cb344b0;  1 drivers
L_0x7f6be0a6a768 .functor BUFT 1, C4<100>, C4<0>, C4<0>, C4<0>;
v0x56217cb1cb60_0 .net/2u *"_s114", 2 0, L_0x7f6be0a6a768;  1 drivers
v0x56217cb1cc40_0 .net *"_s116", 0 0, L_0x56217cb346d0;  1 drivers
L_0x7f6be0a6a7b0 .functor BUFT 1, C4<01>, C4<0>, C4<0>, C4<0>;
v0x56217cb1cd00_0 .net/2s *"_s118", 1 0, L_0x7f6be0a6a7b0;  1 drivers
v0x56217cb1cde0_0 .net *"_s12", 0 0, L_0x56217cb323d0;  1 drivers
L_0x7f6be0a6a7f8 .functor BUFT 1, C4<00>, C4<0>, C4<0>, C4<0>;
v0x56217cb1cea0_0 .net/2s *"_s120", 1 0, L_0x7f6be0a6a7f8;  1 drivers
v0x56217cb1cf80_0 .net *"_s122", 1 0, L_0x56217cb347c0;  1 drivers
L_0x7f6be0a6a840 .functor BUFT 1, C4<00>, C4<0>, C4<0>, C4<0>;
v0x56217cb1d060_0 .net/2s *"_s124", 1 0, L_0x7f6be0a6a840;  1 drivers
v0x56217cb1d140_0 .net *"_s126", 1 0, L_0x56217cb34a70;  1 drivers
v0x56217cb1d220_0 .net *"_s129", 0 0, L_0x56217cb34c00;  1 drivers
v0x56217cb1d300_0 .net *"_s132", 31 0, L_0x56217cb34df0;  1 drivers
L_0x7f6be0a6a888 .functor BUFT 1, C4<0000000000000000000000000000000>, C4<0>, C4<0>, C4<0>;
v0x56217cb1d3e0_0 .net *"_s135", 30 0, L_0x7f6be0a6a888;  1 drivers
L_0x7f6be0a6a8d0 .functor BUFT 1, C4<00000000000000000000000000000001>, C4<0>, C4<0>, C4<0>;
v0x56217cb1d4c0_0 .net/2u *"_s136", 31 0, L_0x7f6be0a6a8d0;  1 drivers
v0x56217cb1d5a0_0 .net *"_s138", 0 0, L_0x56217cb34ee0;  1 drivers
L_0x7f6be0a6a0f0 .functor BUFT 1, C4<01>, C4<0>, C4<0>, C4<0>;
v0x56217cb1d660_0 .net/2s *"_s14", 1 0, L_0x7f6be0a6a0f0;  1 drivers
L_0x7f6be0a6a918 .functor BUFT 1, C4<101>, C4<0>, C4<0>, C4<0>;
v0x56217cb1d740_0 .net/2u *"_s140", 2 0, L_0x7f6be0a6a918;  1 drivers
v0x56217cb1d820_0 .net *"_s142", 0 0, L_0x56217cb35130;  1 drivers
L_0x7f6be0a6a960 .functor BUFT 1, C4<01>, C4<0>, C4<0>, C4<0>;
v0x56217cb1d8e0_0 .net/2s *"_s144", 1 0, L_0x7f6be0a6a960;  1 drivers
L_0x7f6be0a6a9a8 .functor BUFT 1, C4<00>, C4<0>, C4<0>, C4<0>;
v0x56217cb1d9c0_0 .net/2s *"_s146", 1 0, L_0x7f6be0a6a9a8;  1 drivers
v0x56217cb1daa0_0 .net *"_s148", 1 0, L_0x56217cb35220;  1 drivers
L_0x7f6be0a6a9f0 .functor BUFT 1, C4<00>, C4<0>, C4<0>, C4<0>;
v0x56217cb1db80_0 .net/2s *"_s150", 1 0, L_0x7f6be0a6a9f0;  1 drivers
v0x56217cb1dc60_0 .net *"_s152", 1 0, L_0x56217cb35500;  1 drivers
v0x56217cb1dd40_0 .net *"_s155", 0 0, L_0x56217cb35690;  1 drivers
v0x56217cb1de20_0 .net *"_s158", 31 0, L_0x56217cb358b0;  1 drivers
L_0x7f6be0a6a138 .functor BUFT 1, C4<00>, C4<0>, C4<0>, C4<0>;
v0x56217cb1df00_0 .net/2s *"_s16", 1 0, L_0x7f6be0a6a138;  1 drivers
L_0x7f6be0a6aa38 .functor BUFT 1, C4<0000000000000000000000000000000>, C4<0>, C4<0>, C4<0>;
v0x56217cb1dfe0_0 .net *"_s161", 30 0, L_0x7f6be0a6aa38;  1 drivers
L_0x7f6be0a6aa80 .functor BUFT 1, C4<00000000000000000000000000000001>, C4<0>, C4<0>, C4<0>;
v0x56217cb1e0c0_0 .net/2u *"_s162", 31 0, L_0x7f6be0a6aa80;  1 drivers
v0x56217cb1e1a0_0 .net *"_s164", 0 0, L_0x56217cb359a0;  1 drivers
L_0x7f6be0a6aac8 .functor BUFT 1, C4<110>, C4<0>, C4<0>, C4<0>;
v0x56217cb1e260_0 .net/2u *"_s166", 2 0, L_0x7f6be0a6aac8;  1 drivers
v0x56217cb1e340_0 .net *"_s168", 0 0, L_0x56217cb35c20;  1 drivers
L_0x7f6be0a6ab10 .functor BUFT 1, C4<01>, C4<0>, C4<0>, C4<0>;
v0x56217cb1e400_0 .net/2s *"_s170", 1 0, L_0x7f6be0a6ab10;  1 drivers
L_0x7f6be0a6ab58 .functor BUFT 1, C4<00>, C4<0>, C4<0>, C4<0>;
v0x56217cb1e4e0_0 .net/2s *"_s172", 1 0, L_0x7f6be0a6ab58;  1 drivers
v0x56217cb1e5c0_0 .net *"_s174", 1 0, L_0x56217cb35d10;  1 drivers
L_0x7f6be0a6aba0 .functor BUFT 1, C4<00>, C4<0>, C4<0>, C4<0>;
v0x56217cb1e6a0_0 .net/2s *"_s176", 1 0, L_0x7f6be0a6aba0;  1 drivers
v0x56217cb1e780_0 .net *"_s178", 1 0, L_0x56217cb36020;  1 drivers
v0x56217cb1e860_0 .net *"_s18", 1 0, L_0x56217cb32590;  1 drivers
v0x56217cb1e940_0 .net *"_s181", 0 0, L_0x56217cb361b0;  1 drivers
v0x56217cb1ea20_0 .net *"_s185", 31 0, L_0x56217cb36770;  1 drivers
L_0x7f6be0a6abe8 .functor BUFT 1, C4<0000000000000000000000000000000>, C4<0>, C4<0>, C4<0>;
v0x56217cb1eb00_0 .net *"_s188", 30 0, L_0x7f6be0a6abe8;  1 drivers
L_0x7f6be0a6ac30 .functor BUFT 1, C4<00000000000000000000000000000001>, C4<0>, C4<0>, C4<0>;
v0x56217cb1ebe0_0 .net/2u *"_s189", 31 0, L_0x7f6be0a6ac30;  1 drivers
v0x56217cb1ecc0_0 .net *"_s191", 0 0, L_0x56217cb369d0;  1 drivers
L_0x7f6be0a6ac78 .functor BUFT 1, C4<111>, C4<0>, C4<0>, C4<0>;
v0x56217cb1ed80_0 .net/2u *"_s193", 2 0, L_0x7f6be0a6ac78;  1 drivers
v0x56217cb1ee60_0 .net *"_s195", 0 0, L_0x56217cb36b10;  1 drivers
L_0x7f6be0a6acc0 .functor BUFT 1, C4<01>, C4<0>, C4<0>, C4<0>;
v0x56217cb1ef20_0 .net/2s *"_s197", 1 0, L_0x7f6be0a6acc0;  1 drivers
L_0x7f6be0a6ad08 .functor BUFT 1, C4<00>, C4<0>, C4<0>, C4<0>;
v0x56217cb1f000_0 .net/2s *"_s199", 1 0, L_0x7f6be0a6ad08;  1 drivers
v0x56217cb1f0e0_0 .net *"_s2", 31 0, L_0x56217cb22100;  1 drivers
L_0x7f6be0a6a180 .functor BUFT 1, C4<00>, C4<0>, C4<0>, C4<0>;
v0x56217cb1f1c0_0 .net/2s *"_s20", 1 0, L_0x7f6be0a6a180;  1 drivers
v0x56217cb1f2a0_0 .net *"_s201", 1 0, L_0x56217cb36d80;  1 drivers
L_0x7f6be0a6ad50 .functor BUFT 1, C4<00>, C4<0>, C4<0>, C4<0>;
v0x56217cb1f380_0 .net/2s *"_s203", 1 0, L_0x7f6be0a6ad50;  1 drivers
v0x56217cb1f460_0 .net *"_s205", 1 0, L_0x56217cb36f10;  1 drivers
v0x56217cb1f540_0 .net *"_s208", 0 0, L_0x56217cb37230;  1 drivers
v0x56217cb1f620_0 .net *"_s22", 1 0, L_0x56217cb32750;  1 drivers
v0x56217cb1f700_0 .net *"_s25", 0 0, L_0x56217cb328e0;  1 drivers
v0x56217cb1f7e0_0 .net *"_s28", 31 0, L_0x56217cb32a10;  1 drivers
L_0x7f6be0a6a1c8 .functor BUFT 1, C4<0000000000000000000000000000000>, C4<0>, C4<0>, C4<0>;
v0x56217cb1f8c0_0 .net *"_s31", 30 0, L_0x7f6be0a6a1c8;  1 drivers
L_0x7f6be0a6a210 .functor BUFT 1, C4<00000000000000000000000000000001>, C4<0>, C4<0>, C4<0>;
v0x56217cb1f9a0_0 .net/2u *"_s32", 31 0, L_0x7f6be0a6a210;  1 drivers
v0x56217cb1fa80_0 .net *"_s34", 0 0, L_0x56217cb32b00;  1 drivers
L_0x7f6be0a6a258 .functor BUFT 1, C4<001>, C4<0>, C4<0>, C4<0>;
v0x56217cb1fb40_0 .net/2u *"_s36", 2 0, L_0x7f6be0a6a258;  1 drivers
v0x56217cb1fc20_0 .net *"_s38", 0 0, L_0x56217cb32c90;  1 drivers
L_0x7f6be0a6a2a0 .functor BUFT 1, C4<01>, C4<0>, C4<0>, C4<0>;
v0x56217cb200f0_0 .net/2s *"_s40", 1 0, L_0x7f6be0a6a2a0;  1 drivers
L_0x7f6be0a6a2e8 .functor BUFT 1, C4<00>, C4<0>, C4<0>, C4<0>;
v0x56217cb201d0_0 .net/2s *"_s42", 1 0, L_0x7f6be0a6a2e8;  1 drivers
v0x56217cb202b0_0 .net *"_s44", 1 0, L_0x56217cb32d30;  1 drivers
L_0x7f6be0a6a330 .functor BUFT 1, C4<00>, C4<0>, C4<0>, C4<0>;
v0x56217cb20390_0 .net/2s *"_s46", 1 0, L_0x7f6be0a6a330;  1 drivers
v0x56217cb20470_0 .net *"_s48", 1 0, L_0x56217cb32ed0;  1 drivers
L_0x7f6be0a6a018 .functor BUFT 1, C4<0000000000000000000000000000000>, C4<0>, C4<0>, C4<0>;
v0x56217cb20550_0 .net *"_s5", 30 0, L_0x7f6be0a6a018;  1 drivers
v0x56217cb20630_0 .net *"_s51", 0 0, L_0x56217cb33060;  1 drivers
v0x56217cb20710_0 .net *"_s54", 31 0, L_0x56217cb331c0;  1 drivers
L_0x7f6be0a6a378 .functor BUFT 1, C4<0000000000000000000000000000000>, C4<0>, C4<0>, C4<0>;
v0x56217cb207f0_0 .net *"_s57", 30 0, L_0x7f6be0a6a378;  1 drivers
L_0x7f6be0a6a3c0 .functor BUFT 1, C4<00000000000000000000000000000001>, C4<0>, C4<0>, C4<0>;
v0x56217cb208d0_0 .net/2u *"_s58", 31 0, L_0x7f6be0a6a3c0;  1 drivers
L_0x7f6be0a6a060 .functor BUFT 1, C4<00000000000000000000000000000001>, C4<0>, C4<0>, C4<0>;
v0x56217cb209b0_0 .net/2u *"_s6", 31 0, L_0x7f6be0a6a060;  1 drivers
v0x56217cb20a90_0 .net *"_s60", 0 0, L_0x56217cb33260;  1 drivers
L_0x7f6be0a6a408 .functor BUFT 1, C4<010>, C4<0>, C4<0>, C4<0>;
v0x56217cb20b50_0 .net/2u *"_s62", 2 0, L_0x7f6be0a6a408;  1 drivers
v0x56217cb20c30_0 .net *"_s64", 0 0, L_0x56217cb33420;  1 drivers
L_0x7f6be0a6a450 .functor BUFT 1, C4<01>, C4<0>, C4<0>, C4<0>;
v0x56217cb20cf0_0 .net/2s *"_s66", 1 0, L_0x7f6be0a6a450;  1 drivers
L_0x7f6be0a6a498 .functor BUFT 1, C4<00>, C4<0>, C4<0>, C4<0>;
v0x56217cb20dd0_0 .net/2s *"_s68", 1 0, L_0x7f6be0a6a498;  1 drivers
v0x56217cb20eb0_0 .net *"_s70", 1 0, L_0x56217cb33550;  1 drivers
L_0x7f6be0a6a4e0 .functor BUFT 1, C4<00>, C4<0>, C4<0>, C4<0>;
v0x56217cb20f90_0 .net/2s *"_s72", 1 0, L_0x7f6be0a6a4e0;  1 drivers
v0x56217cb21070_0 .net *"_s74", 1 0, L_0x56217cb337a0;  1 drivers
v0x56217cb21150_0 .net *"_s77", 0 0, L_0x56217cb33930;  1 drivers
v0x56217cb21230_0 .net *"_s8", 0 0, L_0x56217cb32260;  1 drivers
v0x56217cb212f0_0 .net *"_s80", 31 0, L_0x56217cb33ac0;  1 drivers
L_0x7f6be0a6a528 .functor BUFT 1, C4<0000000000000000000000000000000>, C4<0>, C4<0>, C4<0>;
v0x56217cb213d0_0 .net *"_s83", 30 0, L_0x7f6be0a6a528;  1 drivers
L_0x7f6be0a6a570 .functor BUFT 1, C4<00000000000000000000000000000001>, C4<0>, C4<0>, C4<0>;
v0x56217cb214b0_0 .net/2u *"_s84", 31 0, L_0x7f6be0a6a570;  1 drivers
v0x56217cb21590_0 .net *"_s86", 0 0, L_0x56217cb33bb0;  1 drivers
L_0x7f6be0a6a5b8 .functor BUFT 1, C4<011>, C4<0>, C4<0>, C4<0>;
v0x56217cb21650_0 .net/2u *"_s88", 2 0, L_0x7f6be0a6a5b8;  1 drivers
v0x56217cb21730_0 .net *"_s90", 0 0, L_0x56217cb33a20;  1 drivers
L_0x7f6be0a6a600 .functor BUFT 1, C4<01>, C4<0>, C4<0>, C4<0>;
v0x56217cb217f0_0 .net/2s *"_s92", 1 0, L_0x7f6be0a6a600;  1 drivers
L_0x7f6be0a6a648 .functor BUFT 1, C4<00>, C4<0>, C4<0>, C4<0>;
v0x56217cb218d0_0 .net/2s *"_s94", 1 0, L_0x7f6be0a6a648;  1 drivers
v0x56217cb219b0_0 .net *"_s96", 1 0, L_0x56217cb33df0;  1 drivers
L_0x7f6be0a6a690 .functor BUFT 1, C4<00>, C4<0>, C4<0>, C4<0>;
v0x56217cb21a90_0 .net/2s *"_s98", 1 0, L_0x7f6be0a6a690;  1 drivers
v0x56217cb21b70_0 .net "d", 7 0, L_0x56217cb36400;  alias, 1 drivers
v0x56217cb21c50_0 .net "ena", 0 0, v0x56217cb21f30_0;  1 drivers
v0x56217cb21d10_0 .net "n", 2 0, v0x56217cb22000_0;  1 drivers
L_0x56217cb22100 .concat [ 1 31 0 0], v0x56217cb21f30_0, L_0x7f6be0a6a018;
L_0x56217cb32260 .cmp/eq 32, L_0x56217cb22100, L_0x7f6be0a6a060;
L_0x56217cb323d0 .cmp/eq 3, v0x56217cb22000_0, L_0x7f6be0a6a0a8;
L_0x56217cb32590 .functor MUXZ 2, L_0x7f6be0a6a138, L_0x7f6be0a6a0f0, L_0x56217cb323d0, C4<>;
L_0x56217cb32750 .functor MUXZ 2, L_0x7f6be0a6a180, L_0x56217cb32590, L_0x56217cb32260, C4<>;
L_0x56217cb328e0 .part L_0x56217cb32750, 0, 1;
L_0x56217cb32a10 .concat [ 1 31 0 0], v0x56217cb21f30_0, L_0x7f6be0a6a1c8;
L_0x56217cb32b00 .cmp/eq 32, L_0x56217cb32a10, L_0x7f6be0a6a210;
L_0x56217cb32c90 .cmp/eq 3, v0x56217cb22000_0, L_0x7f6be0a6a258;
L_0x56217cb32d30 .functor MUXZ 2, L_0x7f6be0a6a2e8, L_0x7f6be0a6a2a0, L_0x56217cb32c90, C4<>;
L_0x56217cb32ed0 .functor MUXZ 2, L_0x7f6be0a6a330, L_0x56217cb32d30, L_0x56217cb32b00, C4<>;
L_0x56217cb33060 .part L_0x56217cb32ed0, 0, 1;
L_0x56217cb331c0 .concat [ 1 31 0 0], v0x56217cb21f30_0, L_0x7f6be0a6a378;
L_0x56217cb33260 .cmp/eq 32, L_0x56217cb331c0, L_0x7f6be0a6a3c0;
L_0x56217cb33420 .cmp/eq 3, v0x56217cb22000_0, L_0x7f6be0a6a408;
L_0x56217cb33550 .functor MUXZ 2, L_0x7f6be0a6a498, L_0x7f6be0a6a450, L_0x56217cb33420, C4<>;
L_0x56217cb337a0 .functor MUXZ 2, L_0x7f6be0a6a4e0, L_0x56217cb33550, L_0x56217cb33260, C4<>;
L_0x56217cb33930 .part L_0x56217cb337a0, 0, 1;
L_0x56217cb33ac0 .concat [ 1 31 0 0], v0x56217cb21f30_0, L_0x7f6be0a6a528;
L_0x56217cb33bb0 .cmp/eq 32, L_0x56217cb33ac0, L_0x7f6be0a6a570;
L_0x56217cb33a20 .cmp/eq 3, v0x56217cb22000_0, L_0x7f6be0a6a5b8;
L_0x56217cb33df0 .functor MUXZ 2, L_0x7f6be0a6a648, L_0x7f6be0a6a600, L_0x56217cb33a20, C4<>;
L_0x56217cb34070 .functor MUXZ 2, L_0x7f6be0a6a690, L_0x56217cb33df0, L_0x56217cb33bb0, C4<>;
L_0x56217cb34200 .part L_0x56217cb34070, 0, 1;
L_0x56217cb343c0 .concat [ 1 31 0 0], v0x56217cb21f30_0, L_0x7f6be0a6a6d8;
L_0x56217cb344b0 .cmp/eq 32, L_0x56217cb343c0, L_0x7f6be0a6a720;
L_0x56217cb346d0 .cmp/eq 3, v0x56217cb22000_0, L_0x7f6be0a6a768;
L_0x56217cb347c0 .functor MUXZ 2, L_0x7f6be0a6a7f8, L_0x7f6be0a6a7b0, L_0x56217cb346d0, C4<>;
L_0x56217cb34a70 .functor MUXZ 2, L_0x7f6be0a6a840, L_0x56217cb347c0, L_0x56217cb344b0, C4<>;
L_0x56217cb34c00 .part L_0x56217cb34a70, 0, 1;
L_0x56217cb34df0 .concat [ 1 31 0 0], v0x56217cb21f30_0, L_0x7f6be0a6a888;
L_0x56217cb34ee0 .cmp/eq 32, L_0x56217cb34df0, L_0x7f6be0a6a8d0;
L_0x56217cb35130 .cmp/eq 3, v0x56217cb22000_0, L_0x7f6be0a6a918;
L_0x56217cb35220 .functor MUXZ 2, L_0x7f6be0a6a9a8, L_0x7f6be0a6a960, L_0x56217cb35130, C4<>;
L_0x56217cb35500 .functor MUXZ 2, L_0x7f6be0a6a9f0, L_0x56217cb35220, L_0x56217cb34ee0, C4<>;
L_0x56217cb35690 .part L_0x56217cb35500, 0, 1;
L_0x56217cb358b0 .concat [ 1 31 0 0], v0x56217cb21f30_0, L_0x7f6be0a6aa38;
L_0x56217cb359a0 .cmp/eq 32, L_0x56217cb358b0, L_0x7f6be0a6aa80;
L_0x56217cb35c20 .cmp/eq 3, v0x56217cb22000_0, L_0x7f6be0a6aac8;
L_0x56217cb35d10 .functor MUXZ 2, L_0x7f6be0a6ab58, L_0x7f6be0a6ab10, L_0x56217cb35c20, C4<>;
L_0x56217cb36020 .functor MUXZ 2, L_0x7f6be0a6aba0, L_0x56217cb35d10, L_0x56217cb359a0, C4<>;
L_0x56217cb361b0 .part L_0x56217cb36020, 0, 1;
LS_0x56217cb36400_0_0 .concat8 [ 1 1 1 1], L_0x56217cb328e0, L_0x56217cb33060, L_0x56217cb33930, L_0x56217cb34200;
LS_0x56217cb36400_0_4 .concat8 [ 1 1 1 1], L_0x56217cb34c00, L_0x56217cb35690, L_0x56217cb361b0, L_0x56217cb37230;
L_0x56217cb36400 .concat8 [ 4 4 0 0], LS_0x56217cb36400_0_0, LS_0x56217cb36400_0_4;
L_0x56217cb36770 .concat [ 1 31 0 0], v0x56217cb21f30_0, L_0x7f6be0a6abe8;
L_0x56217cb369d0 .cmp/eq 32, L_0x56217cb36770, L_0x7f6be0a6ac30;
L_0x56217cb36b10 .cmp/eq 3, v0x56217cb22000_0, L_0x7f6be0a6ac78;
L_0x56217cb36d80 .functor MUXZ 2, L_0x7f6be0a6ad08, L_0x7f6be0a6acc0, L_0x56217cb36b10, C4<>;
L_0x56217cb36f10 .functor MUXZ 2, L_0x7f6be0a6ad50, L_0x56217cb36d80, L_0x56217cb369d0, C4<>;
L_0x56217cb37230 .part L_0x56217cb36f10, 0, 1;
    .scope S_0x56217cafc350;
T_0 ;
    %vpi_call 2 8 "$display", "time\011ena\011n[2]\011n[1]\011n[0]\011d[7]\011d[6]\011d[5]\011d[4]\011d[3]\011d[2]\011d[1]\011d[0]" {0 0 0};
    %pushi/vec4 0, 0, 3;
    %store/vec4 v0x56217cb22000_0, 0, 3;
    %pushi/vec4 1, 0, 1;
    %store/vec4 v0x56217cb21f30_0, 0, 1;
    %delay 8, 0;
    %vpi_call 2 12 "$finish" {0 0 0};
    %end;
    .thread T_0;
    .scope S_0x56217cafc350;
T_1 ;
    %vpi_call 2 15 "$monitor", "%2d:\011%b\011%b\011%b\011%b\011%b\011%b\011%b\011%b\011%b\011%b\011%b\011%b", $time, v0x56217cb21f30_0, &PV<v0x56217cb22000_0, 2, 1>, &PV<v0x56217cb22000_0, 1, 1>, &PV<v0x56217cb22000_0, 0, 1>, &PV<v0x56217cb21e70_0, 7, 1>, &PV<v0x56217cb21e70_0, 6, 1>, &PV<v0x56217cb21e70_0, 5, 1>, &PV<v0x56217cb21e70_0, 4, 1>, &PV<v0x56217cb21e70_0, 3, 1>, &PV<v0x56217cb21e70_0, 2, 1>, &PV<v0x56217cb21e70_0, 1, 1>, &PV<v0x56217cb21e70_0, 0, 1> {0 0 0};
    %end;
    .thread T_1;
    .scope S_0x56217cafc350;
T_2 ;
    %delay 1, 0;
    %load/vec4 v0x56217cb22000_0;
    %parti/s 1, 0, 2;
    %nor/r;
    %ix/load 4, 0, 0;
    %flag_set/imm 4, 0;
    %store/vec4 v0x56217cb22000_0, 4, 1;
    %jmp T_2;
    .thread T_2;
    .scope S_0x56217cafc350;
T_3 ;
    %delay 2, 0;
    %load/vec4 v0x56217cb22000_0;
    %parti/s 1, 1, 2;
    %nor/r;
    %ix/load 4, 1, 0;
    %flag_set/imm 4, 0;
    %store/vec4 v0x56217cb22000_0, 4, 1;
    %jmp T_3;
    .thread T_3;
    .scope S_0x56217cafc350;
T_4 ;
    %delay 4, 0;
    %load/vec4 v0x56217cb22000_0;
    %parti/s 1, 2, 3;
    %nor/r;
    %ix/load 4, 2, 0;
    %flag_set/imm 4, 0;
    %store/vec4 v0x56217cb22000_0, 4, 1;
    %jmp T_4;
    .thread T_4;
    .scope S_0x56217cafc350;
T_5 ;
    %delay 8, 0;
    %load/vec4 v0x56217cb21f30_0;
    %nor/r;
    %store/vec4 v0x56217cb21f30_0, 0, 1;
    %jmp T_5;
    .thread T_5;
    .scope S_0x56217cafc350;
T_6 ;
    %delay 8, 0;
    %pushi/vec4 7, 7, 3;
    %store/vec4 v0x56217cb22000_0, 0, 3;
    %jmp T_6;
    .thread T_6;
    .scope S_0x56217cafc350;
T_7 ;
    %vpi_call 2 25 "$dumpfile", "decoder3x8.vcd" {0 0 0};
    %vpi_call 2 26 "$dumpvars" {0 0 0};
    %end;
    .thread T_7;
# The file index is used to find the file name in the following table.
:file_names 4;
    "N/A";
    "<interactive>";
    "decoder3x8_tb.v";
    "decoder3x8.v";
