#! /usr/bin/vvp
:ivl_version "10.1 (stable)";
:ivl_delay_selection "TYPICAL";
:vpi_time_precision - 9;
:vpi_module "system";
:vpi_module "vhdl_sys";
:vpi_module "v2005_math";
:vpi_module "va_math";
S_0x563350aba820 .scope module, "mux16_8x1_tb" "mux16_8x1_tb" 2 2;
 .timescale -9 -9;
v0x563350ae6fe0_0 .var "D0", 15 0;
v0x563350ae7110_0 .var "D1", 15 0;
v0x563350ae7220_0 .var "D2", 15 0;
v0x563350ae7310_0 .var "D3", 15 0;
v0x563350ae7420_0 .var "D4", 15 0;
v0x563350ae7580_0 .var "D5", 15 0;
v0x563350ae7690_0 .var "D6", 15 0;
v0x563350ae77a0_0 .var "D7", 15 0;
v0x563350ae78b0_0 .var "S0", 0 0;
v0x563350ae7950_0 .var "S1", 0 0;
v0x563350ae79f0_0 .var "S2", 0 0;
v0x563350ae7a90_0 .net "out", 15 0, L_0x563350af9a90;  1 drivers
S_0x563350ab9f00 .scope module, "g" "mux16_8x1" 2 7, 3 1 0, S_0x563350aba820;
 .timescale -9 -9;
    .port_info 0 /INPUT 16 "D0"
    .port_info 1 /INPUT 16 "D1"
    .port_info 2 /INPUT 16 "D2"
    .port_info 3 /INPUT 16 "D3"
    .port_info 4 /INPUT 16 "D4"
    .port_info 5 /INPUT 16 "D5"
    .port_info 6 /INPUT 16 "D6"
    .port_info 7 /INPUT 16 "D7"
    .port_info 8 /INPUT 1 "S0"
    .port_info 9 /INPUT 1 "S1"
    .port_info 10 /INPUT 1 "S2"
    .port_info 11 /OUTPUT 16 "out"
v0x563350ae5b90_0 .net "D0", 15 0, v0x563350ae6fe0_0;  1 drivers
v0x563350ae5c70_0 .net "D1", 15 0, v0x563350ae7110_0;  1 drivers
v0x563350ae5d40_0 .net "D2", 15 0, v0x563350ae7220_0;  1 drivers
v0x563350ae5e40_0 .net "D3", 15 0, v0x563350ae7310_0;  1 drivers
v0x563350ae5f10_0 .net "D4", 15 0, v0x563350ae7420_0;  1 drivers
v0x563350ae5fb0_0 .net "D5", 15 0, v0x563350ae7580_0;  1 drivers
v0x563350ae6080_0 .net "D6", 15 0, v0x563350ae7690_0;  1 drivers
v0x563350ae6150_0 .net "D7", 15 0, v0x563350ae77a0_0;  1 drivers
v0x563350ae6220_0 .net "NS0", 0 0, L_0x563350a99db0;  1 drivers
v0x563350ae6350_0 .net "NS1", 0 0, L_0x563350abe4c0;  1 drivers
v0x563350ae63f0_0 .net "NS2", 0 0, L_0x563350ae7bd0;  1 drivers
v0x563350ae6490_0 .net "S0", 0 0, v0x563350ae78b0_0;  1 drivers
v0x563350ae6530_0 .net "S1", 0 0, v0x563350ae7950_0;  1 drivers
v0x563350ae65d0_0 .net "S2", 0 0, v0x563350ae79f0_0;  1 drivers
v0x563350ae6670_0 .net "T1", 15 0, L_0x563350af7e00;  1 drivers
v0x563350ae6710_0 .net "T2", 15 0, L_0x563350af8290;  1 drivers
v0x563350ae67b0_0 .net "T3", 15 0, L_0x563350af8720;  1 drivers
v0x563350ae6870_0 .net "T4", 15 0, L_0x563350af8990;  1 drivers
v0x563350ae6980_0 .net "T5", 15 0, L_0x563350af8d60;  1 drivers
v0x563350ae6a90_0 .net "T6", 15 0, L_0x563350af9010;  1 drivers
v0x563350ae6ba0_0 .net "T7", 15 0, L_0x563350af92c0;  1 drivers
v0x563350ae6cb0_0 .net "T8", 15 0, L_0x563350af9570;  1 drivers
v0x563350ae6dc0_0 .net "out", 15 0, L_0x563350af9a90;  alias, 1 drivers
S_0x563350ab8d60 .scope module, "a1" "mux16_8x1_not" 3 8, 4 1 0, S_0x563350ab9f00;
 .timescale -9 -9;
    .port_info 0 /OUTPUT 1 "f"
    .port_info 1 /INPUT 1 "h"
L_0x563350a99db0 .functor NOT 1, v0x563350ae78b0_0, C4<0>, C4<0>, C4<0>;
v0x563350abb140_0 .net "f", 0 0, L_0x563350a99db0;  alias, 1 drivers
v0x563350adf380_0 .net "h", 0 0, v0x563350ae78b0_0;  alias, 1 drivers
S_0x563350adf4a0 .scope module, "a2" "mux16_8x1_not" 3 9, 4 1 0, S_0x563350ab9f00;
 .timescale -9 -9;
    .port_info 0 /OUTPUT 1 "f"
    .port_info 1 /INPUT 1 "h"
L_0x563350abe4c0 .functor NOT 1, v0x563350ae7950_0, C4<0>, C4<0>, C4<0>;
v0x563350adf670_0 .net "f", 0 0, L_0x563350abe4c0;  alias, 1 drivers
v0x563350adf750_0 .net "h", 0 0, v0x563350ae7950_0;  alias, 1 drivers
S_0x563350adf870 .scope module, "a3" "mux16_8x1_not" 3 10, 4 1 0, S_0x563350ab9f00;
 .timescale -9 -9;
    .port_info 0 /OUTPUT 1 "f"
    .port_info 1 /INPUT 1 "h"
L_0x563350ae7bd0 .functor NOT 1, v0x563350ae79f0_0, C4<0>, C4<0>, C4<0>;
v0x563350adfa40_0 .net "f", 0 0, L_0x563350ae7bd0;  alias, 1 drivers
v0x563350adfb00_0 .net "h", 0 0, v0x563350ae79f0_0;  alias, 1 drivers
S_0x563350adfc20 .scope module, "u1" "mux16_8x1_and" 3 12, 5 1 0, S_0x563350ab9f00;
 .timescale -9 -9;
    .port_info 0 /OUTPUT 16 "a"
    .port_info 1 /INPUT 16 "b"
    .port_info 2 /INPUT 1 "c"
    .port_info 3 /INPUT 1 "d"
    .port_info 4 /INPUT 1 "e"
L_0x563350ae7c80 .functor AND 1, L_0x563350a99db0, L_0x563350abe4c0, C4<1>, C4<1>;
L_0x563350ae7d10 .functor AND 1, L_0x563350ae7c80, L_0x563350ae7bd0, C4<1>, C4<1>;
v0x563350adfdf0_0 .net *"_s0", 0 0, L_0x563350ae7c80;  1 drivers
L_0x7f3ac3517018 .functor BUFT 1, C4<0000000000000000>, C4<0>, C4<0>, C4<0>;
v0x563350adfed0_0 .net/2u *"_s4", 15 0, L_0x7f3ac3517018;  1 drivers
v0x563350adffb0_0 .net "a", 15 0, L_0x563350af7e00;  alias, 1 drivers
v0x563350ae0070_0 .net "b", 15 0, v0x563350ae6fe0_0;  alias, 1 drivers
v0x563350ae0150_0 .net "c", 0 0, L_0x563350a99db0;  alias, 1 drivers
v0x563350ae0240_0 .net "d", 0 0, L_0x563350abe4c0;  alias, 1 drivers
v0x563350ae02e0_0 .net "e", 0 0, L_0x563350ae7bd0;  alias, 1 drivers
v0x563350ae0380_0 .net "validacion", 0 0, L_0x563350ae7d10;  1 drivers
L_0x563350af7e00 .functor MUXZ 16, L_0x7f3ac3517018, v0x563350ae6fe0_0, L_0x563350ae7d10, C4<>;
S_0x563350ae04b0 .scope module, "u12" "mux16_8x1_or" 3 20, 6 1 0, S_0x563350ab9f00;
 .timescale -9 -9;
    .port_info 0 /OUTPUT 16 "l"
    .port_info 1 /INPUT 16 "m"
    .port_info 2 /INPUT 16 "n"
    .port_info 3 /INPUT 16 "o"
    .port_info 4 /INPUT 16 "p"
    .port_info 5 /INPUT 16 "q"
    .port_info 6 /INPUT 16 "r"
    .port_info 7 /INPUT 16 "s"
    .port_info 8 /INPUT 16 "t"
L_0x563350af96b0 .functor OR 16, L_0x563350af7e00, L_0x563350af8290, C4<0000000000000000>, C4<0000000000000000>;
L_0x563350af9740 .functor OR 16, L_0x563350af96b0, L_0x563350af8720, C4<0000000000000000>, C4<0000000000000000>;
L_0x563350af97d0 .functor OR 16, L_0x563350af9740, L_0x563350af8990, C4<0000000000000000>, C4<0000000000000000>;
L_0x563350af9840 .functor OR 16, L_0x563350af97d0, L_0x563350af8d60, C4<0000000000000000>, C4<0000000000000000>;
L_0x563350af98e0 .functor OR 16, L_0x563350af9840, L_0x563350af9010, C4<0000000000000000>, C4<0000000000000000>;
L_0x563350af9950 .functor OR 16, L_0x563350af98e0, L_0x563350af92c0, C4<0000000000000000>, C4<0000000000000000>;
L_0x563350af9a90 .functor OR 16, L_0x563350af9950, L_0x563350af9570, C4<0000000000000000>, C4<0000000000000000>;
v0x563350ae0800_0 .net *"_s0", 15 0, L_0x563350af96b0;  1 drivers
v0x563350ae0900_0 .net *"_s10", 15 0, L_0x563350af9950;  1 drivers
v0x563350ae09e0_0 .net *"_s2", 15 0, L_0x563350af9740;  1 drivers
v0x563350ae0aa0_0 .net *"_s4", 15 0, L_0x563350af97d0;  1 drivers
v0x563350ae0b80_0 .net *"_s6", 15 0, L_0x563350af9840;  1 drivers
v0x563350ae0cb0_0 .net *"_s8", 15 0, L_0x563350af98e0;  1 drivers
v0x563350ae0d90_0 .net "l", 15 0, L_0x563350af9a90;  alias, 1 drivers
v0x563350ae0e70_0 .net "m", 15 0, L_0x563350af7e00;  alias, 1 drivers
v0x563350ae0f30_0 .net "n", 15 0, L_0x563350af8290;  alias, 1 drivers
v0x563350ae0ff0_0 .net "o", 15 0, L_0x563350af8720;  alias, 1 drivers
v0x563350ae10d0_0 .net "p", 15 0, L_0x563350af8990;  alias, 1 drivers
v0x563350ae11b0_0 .net "q", 15 0, L_0x563350af8d60;  alias, 1 drivers
v0x563350ae1290_0 .net "r", 15 0, L_0x563350af9010;  alias, 1 drivers
v0x563350ae1370_0 .net "s", 15 0, L_0x563350af92c0;  alias, 1 drivers
v0x563350ae1450_0 .net "t", 15 0, L_0x563350af9570;  alias, 1 drivers
S_0x563350ae1650 .scope module, "u2" "mux16_8x1_and" 3 13, 5 1 0, S_0x563350ab9f00;
 .timescale -9 -9;
    .port_info 0 /OUTPUT 16 "a"
    .port_info 1 /INPUT 16 "b"
    .port_info 2 /INPUT 1 "c"
    .port_info 3 /INPUT 1 "d"
    .port_info 4 /INPUT 1 "e"
L_0x563350af7f40 .functor AND 1, v0x563350ae78b0_0, L_0x563350abe4c0, C4<1>, C4<1>;
L_0x563350af80c0 .functor AND 1, L_0x563350af7f40, L_0x563350ae7bd0, C4<1>, C4<1>;
v0x563350ae1850_0 .net *"_s0", 0 0, L_0x563350af7f40;  1 drivers
L_0x7f3ac3517060 .functor BUFT 1, C4<0000000000000000>, C4<0>, C4<0>, C4<0>;
v0x563350ae1950_0 .net/2u *"_s4", 15 0, L_0x7f3ac3517060;  1 drivers
v0x563350ae1a30_0 .net "a", 15 0, L_0x563350af8290;  alias, 1 drivers
v0x563350ae1b30_0 .net "b", 15 0, v0x563350ae7110_0;  alias, 1 drivers
v0x563350ae1bf0_0 .net "c", 0 0, v0x563350ae78b0_0;  alias, 1 drivers
v0x563350ae1ce0_0 .net "d", 0 0, L_0x563350abe4c0;  alias, 1 drivers
v0x563350ae1dd0_0 .net "e", 0 0, L_0x563350ae7bd0;  alias, 1 drivers
v0x563350ae1ec0_0 .net "validacion", 0 0, L_0x563350af80c0;  1 drivers
L_0x563350af8290 .functor MUXZ 16, L_0x7f3ac3517060, v0x563350ae7110_0, L_0x563350af80c0, C4<>;
S_0x563350ae2000 .scope module, "u3" "mux16_8x1_and" 3 14, 5 1 0, S_0x563350ab9f00;
 .timescale -9 -9;
    .port_info 0 /OUTPUT 16 "a"
    .port_info 1 /INPUT 16 "b"
    .port_info 2 /INPUT 1 "c"
    .port_info 3 /INPUT 1 "d"
    .port_info 4 /INPUT 1 "e"
L_0x563350af83d0 .functor AND 1, L_0x563350a99db0, v0x563350ae7950_0, C4<1>, C4<1>;
L_0x563350af8660 .functor AND 1, L_0x563350af83d0, L_0x563350ae7bd0, C4<1>, C4<1>;
v0x563350ae2250_0 .net *"_s0", 0 0, L_0x563350af83d0;  1 drivers
L_0x7f3ac35170a8 .functor BUFT 1, C4<0000000000000000>, C4<0>, C4<0>, C4<0>;
v0x563350ae2350_0 .net/2u *"_s4", 15 0, L_0x7f3ac35170a8;  1 drivers
v0x563350ae2430_0 .net "a", 15 0, L_0x563350af8720;  alias, 1 drivers
v0x563350ae2500_0 .net "b", 15 0, v0x563350ae7220_0;  alias, 1 drivers
v0x563350ae25c0_0 .net "c", 0 0, L_0x563350a99db0;  alias, 1 drivers
v0x563350ae2700_0 .net "d", 0 0, v0x563350ae7950_0;  alias, 1 drivers
v0x563350ae27a0_0 .net "e", 0 0, L_0x563350ae7bd0;  alias, 1 drivers
v0x563350ae2840_0 .net "validacion", 0 0, L_0x563350af8660;  1 drivers
L_0x563350af8720 .functor MUXZ 16, L_0x7f3ac35170a8, v0x563350ae7220_0, L_0x563350af8660, C4<>;
S_0x563350ae2980 .scope module, "u4" "mux16_8x1_and" 3 15, 5 1 0, S_0x563350ab9f00;
 .timescale -9 -9;
    .port_info 0 /OUTPUT 16 "a"
    .port_info 1 /INPUT 16 "b"
    .port_info 2 /INPUT 1 "c"
    .port_info 3 /INPUT 1 "d"
    .port_info 4 /INPUT 1 "e"
L_0x563350af8860 .functor AND 1, v0x563350ae78b0_0, v0x563350ae7950_0, C4<1>, C4<1>;
L_0x563350af88d0 .functor AND 1, L_0x563350af8860, L_0x563350ae7bd0, C4<1>, C4<1>;
v0x563350ae2bd0_0 .net *"_s0", 0 0, L_0x563350af8860;  1 drivers
L_0x7f3ac35170f0 .functor BUFT 1, C4<0000000000000000>, C4<0>, C4<0>, C4<0>;
v0x563350ae2cd0_0 .net/2u *"_s4", 15 0, L_0x7f3ac35170f0;  1 drivers
v0x563350ae2db0_0 .net "a", 15 0, L_0x563350af8990;  alias, 1 drivers
v0x563350ae2eb0_0 .net "b", 15 0, v0x563350ae7310_0;  alias, 1 drivers
v0x563350ae2f70_0 .net "c", 0 0, v0x563350ae78b0_0;  alias, 1 drivers
v0x563350ae30b0_0 .net "d", 0 0, v0x563350ae7950_0;  alias, 1 drivers
v0x563350ae31a0_0 .net "e", 0 0, L_0x563350ae7bd0;  alias, 1 drivers
v0x563350ae3240_0 .net "validacion", 0 0, L_0x563350af88d0;  1 drivers
L_0x563350af8990 .functor MUXZ 16, L_0x7f3ac35170f0, v0x563350ae7310_0, L_0x563350af88d0, C4<>;
S_0x563350ae33a0 .scope module, "u5" "mux16_8x1_and" 3 16, 5 1 0, S_0x563350ab9f00;
 .timescale -9 -9;
    .port_info 0 /OUTPUT 16 "a"
    .port_info 1 /INPUT 16 "b"
    .port_info 2 /INPUT 1 "c"
    .port_info 3 /INPUT 1 "d"
    .port_info 4 /INPUT 1 "e"
L_0x563350af8ad0 .functor AND 1, L_0x563350a99db0, L_0x563350abe4c0, C4<1>, C4<1>;
L_0x563350af8b40 .functor AND 1, L_0x563350af8ad0, v0x563350ae79f0_0, C4<1>, C4<1>;
v0x563350ae3630_0 .net *"_s0", 0 0, L_0x563350af8ad0;  1 drivers
L_0x7f3ac3517138 .functor BUFT 1, C4<0000000000000000>, C4<0>, C4<0>, C4<0>;
v0x563350ae3730_0 .net/2u *"_s4", 15 0, L_0x7f3ac3517138;  1 drivers
v0x563350ae3810_0 .net "a", 15 0, L_0x563350af8d60;  alias, 1 drivers
v0x563350ae38b0_0 .net "b", 15 0, v0x563350ae7420_0;  alias, 1 drivers
v0x563350ae3970_0 .net "c", 0 0, L_0x563350a99db0;  alias, 1 drivers
v0x563350ae3a10_0 .net "d", 0 0, L_0x563350abe4c0;  alias, 1 drivers
v0x563350ae3ab0_0 .net "e", 0 0, v0x563350ae79f0_0;  alias, 1 drivers
v0x563350ae3b50_0 .net "validacion", 0 0, L_0x563350af8b40;  1 drivers
L_0x563350af8d60 .functor MUXZ 16, L_0x7f3ac3517138, v0x563350ae7420_0, L_0x563350af8b40, C4<>;
S_0x563350ae3cc0 .scope module, "u6" "mux16_8x1_and" 3 17, 5 1 0, S_0x563350ab9f00;
 .timescale -9 -9;
    .port_info 0 /OUTPUT 16 "a"
    .port_info 1 /INPUT 16 "b"
    .port_info 2 /INPUT 1 "c"
    .port_info 3 /INPUT 1 "d"
    .port_info 4 /INPUT 1 "e"
L_0x563350af8ea0 .functor AND 1, v0x563350ae78b0_0, L_0x563350abe4c0, C4<1>, C4<1>;
L_0x563350af8f30 .functor AND 1, L_0x563350af8ea0, v0x563350ae79f0_0, C4<1>, C4<1>;
v0x563350ae3f10_0 .net *"_s0", 0 0, L_0x563350af8ea0;  1 drivers
L_0x7f3ac3517180 .functor BUFT 1, C4<0000000000000000>, C4<0>, C4<0>, C4<0>;
v0x563350ae4010_0 .net/2u *"_s4", 15 0, L_0x7f3ac3517180;  1 drivers
v0x563350ae40f0_0 .net "a", 15 0, L_0x563350af9010;  alias, 1 drivers
v0x563350ae41f0_0 .net "b", 15 0, v0x563350ae7580_0;  alias, 1 drivers
v0x563350ae42b0_0 .net "c", 0 0, v0x563350ae78b0_0;  alias, 1 drivers
v0x563350ae43a0_0 .net "d", 0 0, L_0x563350abe4c0;  alias, 1 drivers
v0x563350ae44d0_0 .net "e", 0 0, v0x563350ae79f0_0;  alias, 1 drivers
v0x563350ae4570_0 .net "validacion", 0 0, L_0x563350af8f30;  1 drivers
L_0x563350af9010 .functor MUXZ 16, L_0x7f3ac3517180, v0x563350ae7580_0, L_0x563350af8f30, C4<>;
S_0x563350ae46d0 .scope module, "u7" "mux16_8x1_and" 3 18, 5 1 0, S_0x563350ab9f00;
 .timescale -9 -9;
    .port_info 0 /OUTPUT 16 "a"
    .port_info 1 /INPUT 16 "b"
    .port_info 2 /INPUT 1 "c"
    .port_info 3 /INPUT 1 "d"
    .port_info 4 /INPUT 1 "e"
L_0x563350af9150 .functor AND 1, L_0x563350a99db0, v0x563350ae7950_0, C4<1>, C4<1>;
L_0x563350af91e0 .functor AND 1, L_0x563350af9150, v0x563350ae79f0_0, C4<1>, C4<1>;
v0x563350ae4920_0 .net *"_s0", 0 0, L_0x563350af9150;  1 drivers
L_0x7f3ac35171c8 .functor BUFT 1, C4<0000000000000000>, C4<0>, C4<0>, C4<0>;
v0x563350ae4a20_0 .net/2u *"_s4", 15 0, L_0x7f3ac35171c8;  1 drivers
v0x563350ae4b00_0 .net "a", 15 0, L_0x563350af92c0;  alias, 1 drivers
v0x563350ae4bd0_0 .net "b", 15 0, v0x563350ae7690_0;  alias, 1 drivers
v0x563350ae4c90_0 .net "c", 0 0, L_0x563350a99db0;  alias, 1 drivers
v0x563350ae4e10_0 .net "d", 0 0, v0x563350ae7950_0;  alias, 1 drivers
v0x563350ae4eb0_0 .net "e", 0 0, v0x563350ae79f0_0;  alias, 1 drivers
v0x563350ae4f50_0 .net "validacion", 0 0, L_0x563350af91e0;  1 drivers
L_0x563350af92c0 .functor MUXZ 16, L_0x7f3ac35171c8, v0x563350ae7690_0, L_0x563350af91e0, C4<>;
S_0x563350ae50b0 .scope module, "u8" "mux16_8x1_and" 3 19, 5 1 0, S_0x563350ab9f00;
 .timescale -9 -9;
    .port_info 0 /OUTPUT 16 "a"
    .port_info 1 /INPUT 16 "b"
    .port_info 2 /INPUT 1 "c"
    .port_info 3 /INPUT 1 "d"
    .port_info 4 /INPUT 1 "e"
L_0x563350af9400 .functor AND 1, v0x563350ae78b0_0, v0x563350ae7950_0, C4<1>, C4<1>;
L_0x563350af9490 .functor AND 1, L_0x563350af9400, v0x563350ae79f0_0, C4<1>, C4<1>;
v0x563350ae52b0_0 .net *"_s0", 0 0, L_0x563350af9400;  1 drivers
L_0x7f3ac3517210 .functor BUFT 1, C4<0000000000000000>, C4<0>, C4<0>, C4<0>;
v0x563350ae53b0_0 .net/2u *"_s4", 15 0, L_0x7f3ac3517210;  1 drivers
v0x563350ae5490_0 .net "a", 15 0, L_0x563350af9570;  alias, 1 drivers
v0x563350ae5590_0 .net "b", 15 0, v0x563350ae77a0_0;  alias, 1 drivers
v0x563350ae5650_0 .net "c", 0 0, v0x563350ae78b0_0;  alias, 1 drivers
v0x563350ae57d0_0 .net "d", 0 0, v0x563350ae7950_0;  alias, 1 drivers
v0x563350ae5900_0 .net "e", 0 0, v0x563350ae79f0_0;  alias, 1 drivers
v0x563350ae5a30_0 .net "validacion", 0 0, L_0x563350af9490;  1 drivers
L_0x563350af9570 .functor MUXZ 16, L_0x7f3ac3517210, v0x563350ae77a0_0, L_0x563350af9490, C4<>;
    .scope S_0x563350aba820;
T_0 ;
    %pushi/vec4 0, 0, 16;
    %store/vec4 v0x563350ae6fe0_0, 0, 16;
    %pushi/vec4 1, 0, 16;
    %store/vec4 v0x563350ae7110_0, 0, 16;
    %pushi/vec4 2, 0, 16;
    %store/vec4 v0x563350ae7220_0, 0, 16;
    %pushi/vec4 3, 0, 16;
    %store/vec4 v0x563350ae7310_0, 0, 16;
    %pushi/vec4 4, 0, 16;
    %store/vec4 v0x563350ae7420_0, 0, 16;
    %pushi/vec4 5, 0, 16;
    %store/vec4 v0x563350ae7580_0, 0, 16;
    %pushi/vec4 6, 0, 16;
    %store/vec4 v0x563350ae7690_0, 0, 16;
    %pushi/vec4 7, 0, 16;
    %store/vec4 v0x563350ae77a0_0, 0, 16;
    %pushi/vec4 0, 0, 1;
    %store/vec4 v0x563350ae78b0_0, 0, 1;
    %pushi/vec4 0, 0, 1;
    %store/vec4 v0x563350ae7950_0, 0, 1;
    %pushi/vec4 0, 0, 1;
    %store/vec4 v0x563350ae79f0_0, 0, 1;
    %vpi_call 2 20 "$display", "time\011\011D0\011\011\011D1\011\011\011D2\011\011\011D3\011\011\011D4\011\011\011D5\011\011\011D6\011\011\011D7\011\011S2\011S1\011S0\011\011Y" {0 0 0};
    %vpi_call 2 21 "$monitor", "%2d:\011%b\011%b\011%b\011%b\011%b\011%b\011%b\011%b\011%b\011%b\011%b\011%b", $time, v0x563350ae6fe0_0, v0x563350ae7110_0, v0x563350ae7220_0, v0x563350ae7310_0, v0x563350ae7420_0, v0x563350ae7580_0, v0x563350ae7690_0, v0x563350ae77a0_0, v0x563350ae79f0_0, v0x563350ae7950_0, v0x563350ae78b0_0, v0x563350ae7a90_0 {0 0 0};
    %delay 8, 0;
    %vpi_call 2 22 "$finish" {0 0 0};
    %end;
    .thread T_0;
    .scope S_0x563350aba820;
T_1 ;
    %delay 1, 0;
    %load/vec4 v0x563350ae78b0_0;
    %nor/r;
    %store/vec4 v0x563350ae78b0_0, 0, 1;
    %jmp T_1;
    .thread T_1;
    .scope S_0x563350aba820;
T_2 ;
    %delay 2, 0;
    %load/vec4 v0x563350ae7950_0;
    %nor/r;
    %store/vec4 v0x563350ae7950_0, 0, 1;
    %jmp T_2;
    .thread T_2;
    .scope S_0x563350aba820;
T_3 ;
    %delay 4, 0;
    %load/vec4 v0x563350ae79f0_0;
    %nor/r;
    %store/vec4 v0x563350ae79f0_0, 0, 1;
    %jmp T_3;
    .thread T_3;
    .scope S_0x563350aba820;
T_4 ;
    %vpi_call 2 28 "$dumpfile", "mux16_8x1.vcd" {0 0 0};
    %vpi_call 2 29 "$dumpvars" {0 0 0};
    %end;
    .thread T_4;
# The file index is used to find the file name in the following table.
:file_names 7;
    "N/A";
    "<interactive>";
    "mux16_8x1_tb.v";
    "mux16_8x1.v";
    "mux16_8x1_not.v";
    "mux16_8x1_and.v";
    "mux16_8x1_or.v";
