#! /usr/bin/vvp
:ivl_version "10.1 (stable)";
:ivl_delay_selection "TYPICAL";
:vpi_time_precision - 9;
:vpi_module "system";
:vpi_module "vhdl_sys";
:vpi_module "v2005_math";
:vpi_module "va_math";
S_0x563b3ebd2380 .scope module, "gates7_dataflow_tb" "gates7_dataflow_tb" 2 2;
 .timescale -9 -9;
v0x563b3ebf2a50_0 .var "a", 0 0;
v0x563b3ebf2b10_0 .var "b", 0 0;
v0x563b3ebf2bb0_0 .net "f_and", 0 0, L_0x563b3ebf3120;  1 drivers
v0x563b3ebf2c50_0 .net "f_nand", 0 0, L_0x563b3ebf3570;  1 drivers
v0x563b3ebf2cf0_0 .net "f_nor", 0 0, L_0x563b3ebf3690;  1 drivers
v0x563b3ebf2de0_0 .net "f_not", 0 0, L_0x563b3ebf32f0;  1 drivers
v0x563b3ebf2eb0_0 .net "f_or", 0 0, L_0x563b3ebf3230;  1 drivers
v0x563b3ebf2f80_0 .net "f_xnor", 0 0, L_0x563b3ebf3920;  1 drivers
v0x563b3ebf3050_0 .net "f_xor", 0 0, L_0x563b3ebf37a0;  1 drivers
S_0x563b3ebd2500 .scope module, "g7" "gates7_dataflow" 2 5, 3 1 0, S_0x563b3ebd2380;
 .timescale -9 -9;
    .port_info 0 /INPUT 1 "a"
    .port_info 1 /INPUT 1 "b"
    .port_info 2 /OUTPUT 1 "f_and"
    .port_info 3 /OUTPUT 1 "f_or"
    .port_info 4 /OUTPUT 1 "f_not"
    .port_info 5 /OUTPUT 1 "f_nand"
    .port_info 6 /OUTPUT 1 "f_nor"
    .port_info 7 /OUTPUT 1 "f_xor"
    .port_info 8 /OUTPUT 1 "f_xnor"
L_0x563b3ebf3120 .functor AND 1, v0x563b3ebf2a50_0, v0x563b3ebf2b10_0, C4<1>, C4<1>;
L_0x563b3ebf3230 .functor OR 1, v0x563b3ebf2a50_0, v0x563b3ebf2b10_0, C4<0>, C4<0>;
L_0x563b3ebf32f0 .functor NOT 1, v0x563b3ebf2a50_0, C4<0>, C4<0>, C4<0>;
L_0x563b3ebf3440 .functor AND 1, v0x563b3ebf2a50_0, v0x563b3ebf2b10_0, C4<1>, C4<1>;
L_0x563b3ebf3570 .functor NOT 1, L_0x563b3ebf3440, C4<0>, C4<0>, C4<0>;
L_0x563b3ebf35e0 .functor OR 1, v0x563b3ebf2a50_0, v0x563b3ebf2b10_0, C4<0>, C4<0>;
L_0x563b3ebf3690 .functor NOT 1, L_0x563b3ebf35e0, C4<0>, C4<0>, C4<0>;
L_0x563b3ebf37a0 .functor XOR 1, v0x563b3ebf2a50_0, v0x563b3ebf2b10_0, C4<0>, C4<0>;
L_0x563b3ebf38b0 .functor XOR 1, v0x563b3ebf2a50_0, v0x563b3ebf2b10_0, C4<0>, C4<0>;
L_0x563b3ebf3920 .functor NOT 1, L_0x563b3ebf38b0, C4<0>, C4<0>, C4<0>;
v0x563b3ebd2760_0 .net *"_s10", 0 0, L_0x563b3ebf35e0;  1 drivers
v0x563b3ebf2080_0 .net *"_s16", 0 0, L_0x563b3ebf38b0;  1 drivers
v0x563b3ebf2160_0 .net *"_s6", 0 0, L_0x563b3ebf3440;  1 drivers
v0x563b3ebf2220_0 .net "a", 0 0, v0x563b3ebf2a50_0;  1 drivers
v0x563b3ebf22e0_0 .net "b", 0 0, v0x563b3ebf2b10_0;  1 drivers
v0x563b3ebf23f0_0 .net "f_and", 0 0, L_0x563b3ebf3120;  alias, 1 drivers
v0x563b3ebf24b0_0 .net "f_nand", 0 0, L_0x563b3ebf3570;  alias, 1 drivers
v0x563b3ebf2570_0 .net "f_nor", 0 0, L_0x563b3ebf3690;  alias, 1 drivers
v0x563b3ebf2630_0 .net "f_not", 0 0, L_0x563b3ebf32f0;  alias, 1 drivers
v0x563b3ebf26f0_0 .net "f_or", 0 0, L_0x563b3ebf3230;  alias, 1 drivers
v0x563b3ebf27b0_0 .net "f_xnor", 0 0, L_0x563b3ebf3920;  alias, 1 drivers
v0x563b3ebf2870_0 .net "f_xor", 0 0, L_0x563b3ebf37a0;  alias, 1 drivers
    .scope S_0x563b3ebd2380;
T_0 ;
    %vpi_call 2 7 "$display", "time\011a\011b\011and\011or\011not\011nand\011nor\011xor\011xnor" {0 0 0};
    %pushi/vec4 0, 0, 1;
    %store/vec4 v0x563b3ebf2a50_0, 0, 1;
    %pushi/vec4 0, 0, 1;
    %store/vec4 v0x563b3ebf2b10_0, 0, 1;
    %delay 5, 0;
    %vpi_call 2 10 "$finish" {0 0 0};
    %end;
    .thread T_0;
    .scope S_0x563b3ebd2380;
T_1 ;
    %vpi_call 2 13 "$monitor", "%2d:\011%b\011%b\011%b\011%b\011%b\011%b\011%b\011%b\011%b", $time, v0x563b3ebf2a50_0, v0x563b3ebf2b10_0, v0x563b3ebf2bb0_0, v0x563b3ebf2eb0_0, v0x563b3ebf2de0_0, v0x563b3ebf2c50_0, v0x563b3ebf2cf0_0, v0x563b3ebf3050_0, v0x563b3ebf2f80_0 {0 0 0};
    %end;
    .thread T_1;
    .scope S_0x563b3ebd2380;
T_2 ;
    %delay 1, 0;
    %load/vec4 v0x563b3ebf2a50_0;
    %nor/r;
    %store/vec4 v0x563b3ebf2a50_0, 0, 1;
    %jmp T_2;
    .thread T_2;
    .scope S_0x563b3ebd2380;
T_3 ;
    %delay 2, 0;
    %load/vec4 v0x563b3ebf2b10_0;
    %nor/r;
    %store/vec4 v0x563b3ebf2b10_0, 0, 1;
    %jmp T_3;
    .thread T_3;
    .scope S_0x563b3ebd2380;
T_4 ;
    %vpi_call 2 19 "$dumpfile", "gates7_dataflow.vcd" {0 0 0};
    %vpi_call 2 20 "$dumpvars" {0 0 0};
    %end;
    .thread T_4;
# The file index is used to find the file name in the following table.
:file_names 4;
    "N/A";
    "<interactive>";
    "gates7_dataflow_tb.v";
    "gates7_dataflow.v";
