#! /usr/bin/vvp
:ivl_version "10.1 (stable)";
:ivl_delay_selection "TYPICAL";
:vpi_time_precision - 9;
:vpi_module "system";
:vpi_module "vhdl_sys";
:vpi_module "v2005_math";
:vpi_module "va_math";
S_0x55b6e4f7c140 .scope module, "mux2x1_cmos_tb" "mux2x1_cmos_tb" 2 2;
 .timescale -9 -9;
v0x55b6e4f9d780_0 .var "a0", 0 0;
v0x55b6e4f9d890_0 .var "a1", 0 0;
v0x55b6e4f9d9a0_0 .var "s", 0 0;
RS_0x7feb8b267018 .resolv tri, L_0x55b6e4f9dcf0, L_0x55b6e4f9de10, L_0x55b6e4f9df30, L_0x55b6e4f9dfe0;
v0x55b6e4f9da40_0 .net8 "y", 0 0, RS_0x7feb8b267018;  4 drivers, strength-aware
S_0x55b6e4f7c2c0 .scope module, "mux2x1" "mux2x1_cmos" 2 5, 3 1 0, S_0x55b6e4f7c140;
 .timescale -9 -9;
    .port_info 0 /INPUT 1 "a0"
    .port_info 1 /INPUT 1 "a1"
    .port_info 2 /INPUT 1 "s"
    .port_info 3 /OUTPUT 1 "y"
v0x55b6e4f9d340_0 .net "a0", 0 0, v0x55b6e4f9d780_0;  1 drivers
v0x55b6e4f9d3e0_0 .net "a1", 0 0, v0x55b6e4f9d890_0;  1 drivers
v0x55b6e4f9d4b0_0 .net "s", 0 0, v0x55b6e4f9d9a0_0;  1 drivers
RS_0x7feb8b267048 .resolv tri, L_0x55b6e4f9dbc0, L_0x55b6e4f9dc30;
v0x55b6e4f9d580_0 .net8 "sn", 0 0, RS_0x7feb8b267048;  2 drivers, strength-aware
v0x55b6e4f9d620_0 .net8 "y", 0 0, RS_0x7feb8b267018;  alias, 4 drivers, strength-aware
S_0x55b6e4f7c4b0 .scope module, "c0" "cmoscmos" 3 7, 4 1 0, S_0x55b6e4f7c2c0;
 .timescale -9 -9;
    .port_info 0 /OUTPUT 1 "drain"
    .port_info 1 /INPUT 1 "source"
    .port_info 2 /INPUT 1 "n_gate"
    .port_info 3 /INPUT 1 "p_gate"
L_0x55b6e4f9dcf0 .functor PMOS 1, v0x55b6e4f9d780_0, v0x55b6e4f9d9a0_0, C4<0>, C4<0>;
L_0x55b6e4f9de10 .functor NMOS 1, v0x55b6e4f9d780_0, RS_0x7feb8b267048, C4<0>, C4<0>;
v0x55b6e4f7c6f0_0 .net8 "drain", 0 0, RS_0x7feb8b267018;  alias, 4 drivers, strength-aware
v0x55b6e4f9c490_0 .net8 "n_gate", 0 0, RS_0x7feb8b267048;  alias, 2 drivers, strength-aware
v0x55b6e4f9c550_0 .net "p_gate", 0 0, v0x55b6e4f9d9a0_0;  alias, 1 drivers
v0x55b6e4f9c620_0 .net "source", 0 0, v0x55b6e4f9d780_0;  alias, 1 drivers
S_0x55b6e4f9c790 .scope module, "c1" "cmoscmos" 3 8, 4 1 0, S_0x55b6e4f7c2c0;
 .timescale -9 -9;
    .port_info 0 /OUTPUT 1 "drain"
    .port_info 1 /INPUT 1 "source"
    .port_info 2 /INPUT 1 "n_gate"
    .port_info 3 /INPUT 1 "p_gate"
L_0x55b6e4f9df30 .functor PMOS 1, v0x55b6e4f9d890_0, RS_0x7feb8b267048, C4<0>, C4<0>;
L_0x55b6e4f9dfe0 .functor NMOS 1, v0x55b6e4f9d890_0, v0x55b6e4f9d9a0_0, C4<0>, C4<0>;
v0x55b6e4f9ca20_0 .net8 "drain", 0 0, RS_0x7feb8b267018;  alias, 4 drivers, strength-aware
v0x55b6e4f9caf0_0 .net "n_gate", 0 0, v0x55b6e4f9d9a0_0;  alias, 1 drivers
v0x55b6e4f9cbc0_0 .net8 "p_gate", 0 0, RS_0x7feb8b267048;  alias, 2 drivers, strength-aware
v0x55b6e4f9ccc0_0 .net "source", 0 0, v0x55b6e4f9d890_0;  alias, 1 drivers
S_0x55b6e4f9cdb0 .scope module, "inv" "cmosnot" 3 5, 5 1 0, S_0x55b6e4f7c2c0;
 .timescale -9 -9;
    .port_info 0 /OUTPUT 1 "f"
    .port_info 1 /INPUT 1 "a"
L_0x55b6e4f9db50 .functor BUFT 1, C8<771>, C4<0>, C4<0>, C4<0>;
L_0x55b6e4f9dbc0 .functor PMOS 1, L_0x55b6e4f9db50, v0x55b6e4f9d9a0_0, C4<0>, C4<0>;
L_0x55b6e4f9dae0 .functor BUFT 1, C8<770>, C4<0>, C4<0>, C4<0>;
L_0x55b6e4f9dc30 .functor NMOS 1, L_0x55b6e4f9dae0, v0x55b6e4f9d9a0_0, C4<0>, C4<0>;
v0x55b6e4f9cf80_0 .net "a", 0 0, v0x55b6e4f9d9a0_0;  alias, 1 drivers
v0x55b6e4f9d090_0 .net8 "f", 0 0, RS_0x7feb8b267048;  alias, 2 drivers, strength-aware
v0x55b6e4f9d1a0_0 .net8 "gnd", 0 0, L_0x55b6e4f9dae0;  1 drivers, strength-aware
v0x55b6e4f9d240_0 .net8 "vdd", 0 0, L_0x55b6e4f9db50;  1 drivers, strength-aware
    .scope S_0x55b6e4f7c140;
T_0 ;
    %pushi/vec4 0, 0, 1;
    %store/vec4 v0x55b6e4f9d780_0, 0, 1;
    %pushi/vec4 0, 0, 1;
    %store/vec4 v0x55b6e4f9d890_0, 0, 1;
    %pushi/vec4 0, 0, 1;
    %store/vec4 v0x55b6e4f9d9a0_0, 0, 1;
    %vpi_call 2 10 "$display", "time\011s\011a1\011a0\011y" {0 0 0};
    %vpi_call 2 10 "$monitor", "%2d:\011%b\011%b\011%b\011%b", $time, v0x55b6e4f9d9a0_0, v0x55b6e4f9d890_0, v0x55b6e4f9d780_0, v0x55b6e4f9da40_0 {0 0 0};
    %delay 8, 0;
    %vpi_call 2 11 "$finish" {0 0 0};
    %end;
    .thread T_0;
    .scope S_0x55b6e4f7c140;
T_1 ;
    %delay 1, 0;
    %load/vec4 v0x55b6e4f9d780_0;
    %nor/r;
    %store/vec4 v0x55b6e4f9d780_0, 0, 1;
    %jmp T_1;
    .thread T_1;
    .scope S_0x55b6e4f7c140;
T_2 ;
    %delay 2, 0;
    %load/vec4 v0x55b6e4f9d890_0;
    %nor/r;
    %store/vec4 v0x55b6e4f9d890_0, 0, 1;
    %jmp T_2;
    .thread T_2;
    .scope S_0x55b6e4f7c140;
T_3 ;
    %delay 4, 0;
    %load/vec4 v0x55b6e4f9d9a0_0;
    %nor/r;
    %store/vec4 v0x55b6e4f9d9a0_0, 0, 1;
    %jmp T_3;
    .thread T_3;
    .scope S_0x55b6e4f7c140;
T_4 ;
    %vpi_call 2 17 "$dumpfile", "mux2x1.vcd" {0 0 0};
    %vpi_call 2 18 "$dumpvars" {0 0 0};
    %end;
    .thread T_4;
# The file index is used to find the file name in the following table.
:file_names 6;
    "N/A";
    "<interactive>";
    "mux2x1_cmos_tb.v";
    "mux2x1_cmos.v";
    "cmoscmos.v";
    "cmosnot.v";
