#! /usr/bin/vvp
:ivl_version "10.1 (stable)";
:ivl_delay_selection "TYPICAL";
:vpi_time_precision - 9;
:vpi_module "system";
:vpi_module "vhdl_sys";
:vpi_module "v2005_math";
:vpi_module "va_math";
S_0x560e39c50210 .scope module, "demux16_1x8_tb" "demux16_1x8_tb" 2 2;
 .timescale -9 -9;
v0x560e39c71b40_0 .var "D0", 15 0;
v0x560e39c71c20_0 .var "s", 2 0;
v0x560e39c71cc0_0 .net "y0", 15 0, L_0x560e39c82410;  1 drivers
v0x560e39c71d60_0 .net "y1", 15 0, L_0x560e39c826e0;  1 drivers
v0x560e39c71e00_0 .net "y2", 15 0, L_0x560e39c82a20;  1 drivers
v0x560e39c71ea0_0 .net "y3", 15 0, L_0x560e39c82d20;  1 drivers
v0x560e39c71f70_0 .net "y4", 15 0, L_0x560e39c83030;  1 drivers
v0x560e39c72040_0 .net "y5", 15 0, L_0x560e39c832c0;  1 drivers
v0x560e39c72110_0 .net "y6", 15 0, L_0x560e39c835b0;  1 drivers
v0x560e39c721e0_0 .net "y7", 15 0, L_0x560e39c838b0;  1 drivers
S_0x560e39c50390 .scope module, "g" "demux16_1x8" 2 6, 3 1 0, S_0x560e39c50210;
 .timescale -9 -9;
    .port_info 0 /INPUT 16 "D0"
    .port_info 1 /INPUT 3 "s"
    .port_info 2 /OUTPUT 16 "y0"
    .port_info 3 /OUTPUT 16 "y1"
    .port_info 4 /OUTPUT 16 "y2"
    .port_info 5 /OUTPUT 16 "y3"
    .port_info 6 /OUTPUT 16 "y4"
    .port_info 7 /OUTPUT 16 "y5"
    .port_info 8 /OUTPUT 16 "y6"
    .port_info 9 /OUTPUT 16 "y7"
v0x560e39c50510_0 .net "D0", 15 0, v0x560e39c71b40_0;  1 drivers
L_0x7fc8ff889018 .functor BUFT 1, C4<000>, C4<0>, C4<0>, C4<0>;
v0x560e39c6fd90_0 .net/2u *"_s0", 2 0, L_0x7fc8ff889018;  1 drivers
v0x560e39c6fe70_0 .net *"_s10", 0 0, L_0x560e39c825f0;  1 drivers
L_0x7fc8ff8890f0 .functor BUFT 1, C4<0000000000000000>, C4<0>, C4<0>, C4<0>;
v0x560e39c6ff10_0 .net/2u *"_s12", 15 0, L_0x7fc8ff8890f0;  1 drivers
L_0x7fc8ff889138 .functor BUFT 1, C4<010>, C4<0>, C4<0>, C4<0>;
v0x560e39c6fff0_0 .net/2u *"_s16", 2 0, L_0x7fc8ff889138;  1 drivers
v0x560e39c70120_0 .net *"_s18", 0 0, L_0x560e39c828f0;  1 drivers
v0x560e39c701e0_0 .net *"_s2", 0 0, L_0x560e39c722e0;  1 drivers
L_0x7fc8ff889180 .functor BUFT 1, C4<0000000000000000>, C4<0>, C4<0>, C4<0>;
v0x560e39c702a0_0 .net/2u *"_s20", 15 0, L_0x7fc8ff889180;  1 drivers
L_0x7fc8ff8891c8 .functor BUFT 1, C4<011>, C4<0>, C4<0>, C4<0>;
v0x560e39c70380_0 .net/2u *"_s24", 2 0, L_0x7fc8ff8891c8;  1 drivers
v0x560e39c70460_0 .net *"_s26", 0 0, L_0x560e39c82c80;  1 drivers
L_0x7fc8ff889210 .functor BUFT 1, C4<0000000000000000>, C4<0>, C4<0>, C4<0>;
v0x560e39c70520_0 .net/2u *"_s28", 15 0, L_0x7fc8ff889210;  1 drivers
L_0x7fc8ff889258 .functor BUFT 1, C4<100>, C4<0>, C4<0>, C4<0>;
v0x560e39c70600_0 .net/2u *"_s32", 2 0, L_0x7fc8ff889258;  1 drivers
v0x560e39c706e0_0 .net *"_s34", 0 0, L_0x560e39c82f90;  1 drivers
L_0x7fc8ff8892a0 .functor BUFT 1, C4<0000000000000000>, C4<0>, C4<0>, C4<0>;
v0x560e39c707a0_0 .net/2u *"_s36", 15 0, L_0x7fc8ff8892a0;  1 drivers
L_0x7fc8ff889060 .functor BUFT 1, C4<0000000000000000>, C4<0>, C4<0>, C4<0>;
v0x560e39c70880_0 .net/2u *"_s4", 15 0, L_0x7fc8ff889060;  1 drivers
L_0x7fc8ff8892e8 .functor BUFT 1, C4<101>, C4<0>, C4<0>, C4<0>;
v0x560e39c70960_0 .net/2u *"_s40", 2 0, L_0x7fc8ff8892e8;  1 drivers
v0x560e39c70a40_0 .net *"_s42", 0 0, L_0x560e39c831d0;  1 drivers
L_0x7fc8ff889330 .functor BUFT 1, C4<0000000000000000>, C4<0>, C4<0>, C4<0>;
v0x560e39c70b00_0 .net/2u *"_s44", 15 0, L_0x7fc8ff889330;  1 drivers
L_0x7fc8ff889378 .functor BUFT 1, C4<110>, C4<0>, C4<0>, C4<0>;
v0x560e39c70be0_0 .net/2u *"_s48", 2 0, L_0x7fc8ff889378;  1 drivers
v0x560e39c70cc0_0 .net *"_s50", 0 0, L_0x560e39c834c0;  1 drivers
L_0x7fc8ff8893c0 .functor BUFT 1, C4<0000000000000000>, C4<0>, C4<0>, C4<0>;
v0x560e39c70d80_0 .net/2u *"_s52", 15 0, L_0x7fc8ff8893c0;  1 drivers
L_0x7fc8ff889408 .functor BUFT 1, C4<111>, C4<0>, C4<0>, C4<0>;
v0x560e39c70e60_0 .net/2u *"_s56", 2 0, L_0x7fc8ff889408;  1 drivers
v0x560e39c70f40_0 .net *"_s58", 0 0, L_0x560e39c837c0;  1 drivers
L_0x7fc8ff889450 .functor BUFT 1, C4<0000000000000000>, C4<0>, C4<0>, C4<0>;
v0x560e39c71000_0 .net/2u *"_s60", 15 0, L_0x7fc8ff889450;  1 drivers
L_0x7fc8ff8890a8 .functor BUFT 1, C4<001>, C4<0>, C4<0>, C4<0>;
v0x560e39c710e0_0 .net/2u *"_s8", 2 0, L_0x7fc8ff8890a8;  1 drivers
v0x560e39c711c0_0 .net "s", 2 0, v0x560e39c71c20_0;  1 drivers
v0x560e39c712a0_0 .net "y0", 15 0, L_0x560e39c82410;  alias, 1 drivers
v0x560e39c71380_0 .net "y1", 15 0, L_0x560e39c826e0;  alias, 1 drivers
v0x560e39c71460_0 .net "y2", 15 0, L_0x560e39c82a20;  alias, 1 drivers
v0x560e39c71540_0 .net "y3", 15 0, L_0x560e39c82d20;  alias, 1 drivers
v0x560e39c71620_0 .net "y4", 15 0, L_0x560e39c83030;  alias, 1 drivers
v0x560e39c71700_0 .net "y5", 15 0, L_0x560e39c832c0;  alias, 1 drivers
v0x560e39c717e0_0 .net "y6", 15 0, L_0x560e39c835b0;  alias, 1 drivers
v0x560e39c718c0_0 .net "y7", 15 0, L_0x560e39c838b0;  alias, 1 drivers
L_0x560e39c722e0 .cmp/eq 3, v0x560e39c71c20_0, L_0x7fc8ff889018;
L_0x560e39c82410 .functor MUXZ 16, L_0x7fc8ff889060, v0x560e39c71b40_0, L_0x560e39c722e0, C4<>;
L_0x560e39c825f0 .cmp/eq 3, v0x560e39c71c20_0, L_0x7fc8ff8890a8;
L_0x560e39c826e0 .functor MUXZ 16, L_0x7fc8ff8890f0, v0x560e39c71b40_0, L_0x560e39c825f0, C4<>;
L_0x560e39c828f0 .cmp/eq 3, v0x560e39c71c20_0, L_0x7fc8ff889138;
L_0x560e39c82a20 .functor MUXZ 16, L_0x7fc8ff889180, v0x560e39c71b40_0, L_0x560e39c828f0, C4<>;
L_0x560e39c82c80 .cmp/eq 3, v0x560e39c71c20_0, L_0x7fc8ff8891c8;
L_0x560e39c82d20 .functor MUXZ 16, L_0x7fc8ff889210, v0x560e39c71b40_0, L_0x560e39c82c80, C4<>;
L_0x560e39c82f90 .cmp/eq 3, v0x560e39c71c20_0, L_0x7fc8ff889258;
L_0x560e39c83030 .functor MUXZ 16, L_0x7fc8ff8892a0, v0x560e39c71b40_0, L_0x560e39c82f90, C4<>;
L_0x560e39c831d0 .cmp/eq 3, v0x560e39c71c20_0, L_0x7fc8ff8892e8;
L_0x560e39c832c0 .functor MUXZ 16, L_0x7fc8ff889330, v0x560e39c71b40_0, L_0x560e39c831d0, C4<>;
L_0x560e39c834c0 .cmp/eq 3, v0x560e39c71c20_0, L_0x7fc8ff889378;
L_0x560e39c835b0 .functor MUXZ 16, L_0x7fc8ff8893c0, v0x560e39c71b40_0, L_0x560e39c834c0, C4<>;
L_0x560e39c837c0 .cmp/eq 3, v0x560e39c71c20_0, L_0x7fc8ff889408;
L_0x560e39c838b0 .functor MUXZ 16, L_0x7fc8ff889450, v0x560e39c71b40_0, L_0x560e39c837c0, C4<>;
    .scope S_0x560e39c50210;
T_0 ;
    %vpi_call 2 8 "$display", "time\011\011D0\011\011s\011\011y0\011\011\011y1\011\011\011y2\011\011\011y3\011\011\011y4\011\011\011y5\011\011\011y6\011\011\011y7" {0 0 0};
    %pushi/vec4 1, 0, 16;
    %store/vec4 v0x560e39c71b40_0, 0, 16;
    %pushi/vec4 0, 0, 3;
    %store/vec4 v0x560e39c71c20_0, 0, 3;
    %delay 8, 0;
    %vpi_call 2 11 "$finish" {0 0 0};
    %end;
    .thread T_0;
    .scope S_0x560e39c50210;
T_1 ;
    %vpi_call 2 14 "$monitor", "%2d:\011%b\011%b\011%b\011%b\011%b\011%b\011%b\011%b\011%b\011%b", $time, v0x560e39c71b40_0, v0x560e39c71c20_0, v0x560e39c71cc0_0, v0x560e39c71d60_0, v0x560e39c71e00_0, v0x560e39c71ea0_0, v0x560e39c71f70_0, v0x560e39c72040_0, v0x560e39c72110_0, v0x560e39c721e0_0 {0 0 0};
    %end;
    .thread T_1;
    .scope S_0x560e39c50210;
T_2 ;
    %delay 1, 0;
    %load/vec4 v0x560e39c71c20_0;
    %parti/s 1, 0, 2;
    %nor/r;
    %ix/load 4, 0, 0;
    %flag_set/imm 4, 0;
    %store/vec4 v0x560e39c71c20_0, 4, 1;
    %jmp T_2;
    .thread T_2;
    .scope S_0x560e39c50210;
T_3 ;
    %delay 2, 0;
    %load/vec4 v0x560e39c71c20_0;
    %parti/s 1, 1, 2;
    %nor/r;
    %ix/load 4, 1, 0;
    %flag_set/imm 4, 0;
    %store/vec4 v0x560e39c71c20_0, 4, 1;
    %jmp T_3;
    .thread T_3;
    .scope S_0x560e39c50210;
T_4 ;
    %delay 4, 0;
    %load/vec4 v0x560e39c71c20_0;
    %parti/s 1, 2, 3;
    %nor/r;
    %ix/load 4, 2, 0;
    %flag_set/imm 4, 0;
    %store/vec4 v0x560e39c71c20_0, 4, 1;
    %jmp T_4;
    .thread T_4;
    .scope S_0x560e39c50210;
T_5 ;
    %vpi_call 2 22 "$dumpfile", "demux16_1x8.vcd" {0 0 0};
    %vpi_call 2 23 "$dumpvars" {0 0 0};
    %end;
    .thread T_5;
# The file index is used to find the file name in the following table.
:file_names 4;
    "N/A";
    "<interactive>";
    "demux16_1x8_tb.v";
    "demux16_1x8.v";
